2021-02-20 12:17:01,578 [  1] INFO  AppManager [(null)] SimpleServings started.
2021-02-20 12:17:23,953 [ 10] INFO  AppManager [(null)] (Home.aspx) - Page Load 
SessionId: tavm2hsx5kj0mufzvkbzdvt3
2021-02-20 12:21:21,264 [  9] INFO  AppManager [(null)] (landingPage.aspx) - Clearing Session 
Request Type:  
SessionId: t0vtaxmowprqf4ejzstjjhbn
2021-02-20 12:21:21,279 [ 38] INFO  AppManager [(null)] (landingPage.aspx) - New Session 
Request Type:  
SessionId: c11p54gkl5p5p5pj5evbl5bi
2021-02-20 12:21:21,452 [ 11] INFO  AppManager [(null)] (login.aspx) - (Mli) - Login successful 
SessionId: ouo52pdpbkglg2vpeu4y11g1
2021-02-20 12:21:21,478 [ 37] INFO  AppManager [(null)] (Home.aspx) - Page Load 
SessionId: c11p54gkl5p5p5pj5evbl5bi
2021-02-20 12:59:35,487 [ 47] INFO  AppManager [(null)] (landingPage.aspx) - Clearing Session 
Request Type:  
SessionId: oh45cp3cbs0irmcio0r0grgb
2021-02-20 12:59:35,503 [ 12] INFO  AppManager [(null)] (landingPage.aspx) - New Session 
Request Type:  
SessionId: ep0yvjxx1y0gtuao3m2m1bjr
2021-02-20 12:59:36,136 [ 86] INFO  AppManager [(null)] (login.aspx) - (Mli) - Login successful 
SessionId: ym34d3qmzenufmpfijgidmc5
2021-02-20 12:59:36,142 [ 12] INFO  AppManager [(null)] (Home.aspx) - Page Load 
SessionId: ep0yvjxx1y0gtuao3m2m1bjr
2021-02-20 13:08:42,309 [  1] INFO  AppManager [(null)] SimpleServings started.
2021-02-20 13:08:56,540 [ 12] INFO  AppManager [(null)] (Home.aspx) - Page Load 
SessionId: tdnt3x10jqrpc4k4af3fgoyl
2021-02-20 13:21:28,162 [ 76] INFO  AppManager [(null)] (landingPage.aspx) - Clearing Session 
Request Type:  
SessionId: 21wrqdxpcrea0chffq1pc2qb
2021-02-20 13:21:28,177 [ 64] INFO  AppManager [(null)] (landingPage.aspx) - New Session 
Request Type:  
SessionId: 4ec5xaygrgtv3cn3nfv121wj
2021-02-20 13:21:28,453 [ 60] INFO  AppManager [(null)] (login.aspx) - (Mli) - Login successful 
SessionId: 4xpwecbjkf3ukdwpafk0d44r
2021-02-20 13:21:28,459 [ 76] INFO  AppManager [(null)] (Home.aspx) - Page Load 
SessionId: 4ec5xaygrgtv3cn3nfv121wj
2021-02-20 13:24:42,920 [ 21] ERROR AppManager [(null)] SimpleServings application error: Exception of type 'System.Web.HttpUnhandledException' was thrown.
location: http://localhost:1948/SimpleServings/UI/Page/SimpleServings/Menu/AddMenuItem.aspx?MenuID=161355

System.Web.HttpUnhandledException (0x80004005): Exception of type 'System.Web.HttpUnhandledException' was thrown. ---> System.Exception: Get Menu By MenuID did not return a record!
   at SimpleServingsLibrary.Menu.MenuDB.GetMenuByMenuID(Int32 menuID) in E:\DFTA coding\SimpleServings\SimpleServings_networkVersion\SimpleServing_Latest\NewSimple\SimpleServingsLibrary\SimpleServings.Menu\DAL\MenuDB.cs:line 244
   at SimpleServingsLibrary.Menu.Menu.GetMenuByMenuID(Int32 menuID) in E:\DFTA coding\SimpleServings\SimpleServings_networkVersion\SimpleServing_Latest\NewSimple\SimpleServingsLibrary\SimpleServings.Menu\BLL\Menu.cs:line 428
   at SimpleServings.UI.UDC.SimpleServings.Menu.MenuItemGrid.PopGrid(Int32 menuID) in E:\DFTA coding\SimpleServings\SimpleServings_networkVersion\SimpleServing_Latest\NewSimple\SimpleServings\SimpleServings\UI\UDC\SimpleServings\Menu\MenuItemGrid.ascx.cs:line 80
   at SimpleServings.UI.UDC.SimpleServings.Menu.MenuItemGrid.Page_Load(Object sender, EventArgs e) in E:\DFTA coding\SimpleServings\SimpleServings_networkVersion\SimpleServing_Latest\NewSimple\SimpleServings\SimpleServings\UI\UDC\SimpleServings\Menu\MenuItemGrid.ascx.cs:line 51
   at System.Web.Util.CalliEventHandlerDelegateProxy.Callback(Object sender, EventArgs e)
   at System.Web.UI.Control.OnLoad(EventArgs e)
   at System.Web.UI.Control.LoadRecursive()
   at System.Web.UI.Control.LoadRecursive()
   at System.Web.UI.Control.LoadRecursive()
   at System.Web.UI.Control.LoadRecursive()
   at System.Web.UI.Control.LoadRecursive()
   at System.Web.UI.Control.LoadRecursive()
   at System.Web.UI.Page.ProcessRequestMain(Boolean includeStagesBeforeAsyncPoint, Boolean includeStagesAfterAsyncPoint)
   at System.Web.UI.Page.HandleError(Exception e)
   at System.Web.UI.Page.ProcessRequestMain(Boolean includeStagesBeforeAsyncPoint, Boolean includeStagesAfterAsyncPoint)
   at System.Web.UI.Page.ProcessRequest(Boolean includeStagesBeforeAsyncPoint, Boolean includeStagesAfterAsyncPoint)
   at System.Web.UI.Page.ProcessRequest()
   at System.Web.UI.Page.ProcessRequestWithNoAssert(HttpContext context)
   at System.Web.UI.Page.ProcessRequest(HttpContext context)
   at ASP.ui_page_simpleservings_menu_addmenuitem_aspx.ProcessRequest(HttpContext context) in c:\Users\mali\AppData\Local\Temp\Temporary ASP.NET Files\simpleservings\4a1708cb\89115ec9\App_Web_2dwcabfi.6.cs:line 0
   at System.Web.HttpApplication.CallHandlerExecutionStep.System.Web.HttpApplication.IExecutionStep.Execute()
   at System.Web.HttpApplication.ExecuteStepImpl(IExecutionStep step)
   at System.Web.HttpApplication.ExecuteStep(IExecutionStep step, Boolean& completedSynchronously)
2021-02-20 13:25:13,514 [ 21] INFO  AppManager [(null)] (landingPage.aspx) - Clearing Session 
Request Type:  
SessionId: xfplxlr1lqhrqvimopfumsly
2021-02-20 13:25:13,529 [ 57] INFO  AppManager [(null)] (landingPage.aspx) - New Session 
Request Type:  
SessionId: g45pj4s5fdcjesong2lq431q
2021-02-20 13:25:13,696 [ 61] INFO  AppManager [(null)] (login.aspx) - (Mli) - Login successful 
SessionId: g1koh4h0q0hp222kgtat5cby
2021-02-20 13:25:13,702 [ 63] INFO  AppManager [(null)] (Home.aspx) - Page Load 
SessionId: g45pj4s5fdcjesong2lq431q
2021-02-20 13:30:43,452 [ 57] ERROR AppManager [(null)] SimpleServings application error: Exception of type 'System.Web.HttpUnhandledException' was thrown.
location: http://localhost:1948/SimpleServings/UI/Page/SimpleServings/Menu/AddMenuItem.aspx?MenuID=16135

System.Web.HttpUnhandledException (0x80004005): Exception of type 'System.Web.HttpUnhandledException' was thrown. ---> System.Data.SqlClient.SqlException (0x80131904): A network-related or instance-specific error occurred while establishing a connection to SQL Server. The server was not found or was not accessible. Verify that the instance name is correct and that SQL Server is configured to allow remote connections. (provider: Named Pipes Provider, error: 40 - Could not open a connection to SQL Server) ---> System.ComponentModel.Win32Exception (0x80004005): The system cannot find the file specified
   at System.Data.ProviderBase.DbConnectionPool.UserCreateRequest(DbConnection owningObject, DbConnectionOptions userOptions, DbConnectionInternal oldConnection)
   at System.Data.ProviderBase.DbConnectionPool.TryGetConnection(DbConnection owningObject, UInt32 waitForMultipleObjectsTimeout, Boolean allowCreate, Boolean onlyOneCheckConnection, DbConnectionOptions userOptions, DbConnectionInternal& connection)
   at System.Data.ProviderBase.DbConnectionPool.TryGetConnection(DbConnection owningObject, TaskCompletionSource`1 retry, DbConnectionOptions userOptions, DbConnectionInternal& connection)
   at System.Data.ProviderBase.DbConnectionFactory.TryGetConnection(DbConnection owningConnection, TaskCompletionSource`1 retry, DbConnectionOptions userOptions, DbConnectionInternal oldConnection, DbConnectionInternal& connection)
   at System.Data.ProviderBase.DbConnectionInternal.TryOpenConnectionInternal(DbConnection outerConnection, DbConnectionFactory connectionFactory, TaskCompletionSource`1 retry, DbConnectionOptions userOptions)
   at System.Data.ProviderBase.DbConnectionClosed.TryOpenConnection(DbConnection outerConnection, DbConnectionFactory connectionFactory, TaskCompletionSource`1 retry, DbConnectionOptions userOptions)
   at System.Data.SqlClient.SqlConnection.TryOpenInner(TaskCompletionSource`1 retry)
   at System.Data.SqlClient.SqlConnection.TryOpen(TaskCompletionSource`1 retry)
   at System.Data.SqlClient.SqlConnection.Open()
   at Microsoft.Practices.EnterpriseLibrary.Data.Database.OpenConnection()
   at Microsoft.Practices.EnterpriseLibrary.Data.Database.ExecuteReader(DbCommand command)
   at SimpleServingsLibrary.Menu.MenuDB.GetMenuByMenuID(Int32 menuID) in E:\DFTA coding\SimpleServings\SimpleServings_networkVersion\SimpleServing_Latest\NewSimple\SimpleServingsLibrary\SimpleServings.Menu\DAL\MenuDB.cs:line 237
   at SimpleServingsLibrary.Menu.Menu.GetMenuByMenuID(Int32 menuID) in E:\DFTA coding\SimpleServings\SimpleServings_networkVersion\SimpleServing_Latest\NewSimple\SimpleServingsLibrary\SimpleServings.Menu\BLL\Menu.cs:line 428
   at SimpleServings.UI.UDC.SimpleServings.Menu.MenuItemGrid.PopGrid(Int32 menuID) in E:\DFTA coding\SimpleServings\SimpleServings_networkVersion\SimpleServing_Latest\NewSimple\SimpleServings\SimpleServings\UI\UDC\SimpleServings\Menu\MenuItemGrid.ascx.cs:line 80
   at SimpleServings.UI.UDC.SimpleServings.Menu.MenuItemGrid.Page_Load(Object sender, EventArgs e) in E:\DFTA coding\SimpleServings\SimpleServings_networkVersion\SimpleServing_Latest\NewSimple\SimpleServings\SimpleServings\UI\UDC\SimpleServings\Menu\MenuItemGrid.ascx.cs:line 51
   at System.Web.Util.CalliEventHandlerDelegateProxy.Callback(Object sender, EventArgs e)
   at System.Web.UI.Control.OnLoad(EventArgs e)
   at System.Web.UI.Control.LoadRecursive()
   at System.Web.UI.Control.LoadRecursive()
   at System.Web.UI.Control.LoadRecursive()
   at System.Web.UI.Control.LoadRecursive()
   at System.Web.UI.Control.LoadRecursive()
   at System.Web.UI.Control.LoadRecursive()
   at System.Web.UI.Page.ProcessRequestMain(Boolean includeStagesBeforeAsyncPoint, Boolean includeStagesAfterAsyncPoint)
ClientConnectionId:00000000-0000-0000-0000-000000000000
Error Number:2,State:0,Class:20
   at System.Web.UI.Page.HandleError(Exception e)
   at System.Web.UI.Page.ProcessRequestMain(Boolean includeStagesBeforeAsyncPoint, Boolean includeStagesAfterAsyncPoint)
   at System.Web.UI.Page.ProcessRequest(Boolean includeStagesBeforeAsyncPoint, Boolean includeStagesAfterAsyncPoint)
   at System.Web.UI.Page.ProcessRequest()
   at System.Web.UI.Page.ProcessRequestWithNoAssert(HttpContext context)
   at System.Web.UI.Page.ProcessRequest(HttpContext context)
   at ASP.ui_page_simpleservings_menu_addmenuitem_aspx.ProcessRequest(HttpContext context) in c:\Users\mali\AppData\Local\Temp\Temporary ASP.NET Files\simpleservings\4a1708cb\89115ec9\App_Web_2dwcabfi.6.cs:line 0
   at System.Web.HttpApplication.CallHandlerExecutionStep.System.Web.HttpApplication.IExecutionStep.Execute()
   at System.Web.HttpApplication.ExecuteStepImpl(IExecutionStep step)
   at System.Web.HttpApplication.ExecuteStep(IExecutionStep step, Boolean& completedSynchronously)
2021-02-20 13:31:01,201 [ 23] INFO  AppManager [(null)] (landingPage.aspx) - Clearing Session 
Request Type:  
SessionId: ia5o12rgwbcphv5dl04y1chu
2021-02-20 13:31:01,213 [ 21] INFO  AppManager [(null)] (landingPage.aspx) - New Session 
Request Type:  
SessionId: bltlswki2vcdq2riacicexhi
2021-02-20 13:31:01,367 [ 72] INFO  AppManager [(null)] (login.aspx) - (Mli) - Login successful 
SessionId: e0uyk0ilcpp3flthquwdn4fu
2021-02-20 13:31:01,372 [ 18] INFO  AppManager [(null)] (Home.aspx) - Page Load 
SessionId: bltlswki2vcdq2riacicexhi
2021-02-20 13:32:26,491 [  1] INFO  AppManager [(null)] SimpleServings started.
2021-02-20 13:32:50,604 [ 54] INFO  AppManager [(null)] (Home.aspx) - Page Load 
SessionId: 5bxpdarmcnetrip1z4yiw3qy
2021-02-20 13:38:03,325 [ 22] INFO  AppManager [(null)] SimpleServings started.
2021-02-20 13:38:33,447 [ 33] INFO  AppManager [(null)] (Home.aspx) - Page Load 
SessionId: r2qp45d15yvmhlcr5y0cvjpi
2021-02-20 13:40:33,242 [  1] INFO  AppManager [(null)] SimpleServings started.
2021-02-20 13:40:51,876 [ 19] INFO  AppManager [(null)] (Home.aspx) - Page Load 
SessionId: zu4ktqnmkw41rb5oyr4ipb1m
2021-02-20 13:44:11,061 [  1] INFO  AppManager [(null)] SimpleServings started.
2021-02-20 13:48:54,954 [ 13] INFO  AppManager [(null)] (Home.aspx) - Page Load 
SessionId: 3raa51a435cwokwrtwq02jj5
2021-02-20 13:50:24,468 [ 29] INFO  AppManager [(null)] (landingPage.aspx) - Clearing Session 
Request Type:  
SessionId: 242ndw5nqqf0x21q2j2ez5xa
2021-02-20 13:50:24,486 [ 15] INFO  AppManager [(null)] (landingPage.aspx) - New Session 
Request Type:  
SessionId: zoypcbe1bxhmlnw43v11cpub
2021-02-20 13:50:24,660 [ 19] INFO  AppManager [(null)] (login.aspx) - (Mli) - Login successful 
SessionId: 202v0as4gvqymxl2upd2txb5
2021-02-20 13:50:24,665 [ 13] INFO  AppManager [(null)] (Home.aspx) - Page Load 
SessionId: zoypcbe1bxhmlnw43v11cpub
2021-02-20 13:51:29,693 [ 10] INFO  AppManager [(null)] (landingPage.aspx) - Clearing Session 
Request Type:  
SessionId: y3xjfpvvemvu3rnlp4zaw5kk
2021-02-20 13:51:29,706 [ 13] INFO  AppManager [(null)] (landingPage.aspx) - New Session 
Request Type:  
SessionId: bcnxhjjokmtymon4hv2d2h2d
2021-02-20 13:51:30,005 [ 12] INFO  AppManager [(null)] (login.aspx) - (Mli) - Login successful 
SessionId: ljtyp2ewtfsub0st02ndmr15
2021-02-20 13:51:30,011 [ 15] INFO  AppManager [(null)] (Home.aspx) - Page Load 
SessionId: bcnxhjjokmtymon4hv2d2h2d
2021-02-20 13:53:42,728 [ 10] INFO  AppManager [(null)] (landingPage.aspx) - Clearing Session 
Request Type:  
SessionId: 1apdtug1hwsqobrazpplijdk
2021-02-20 13:53:42,744 [ 15] INFO  AppManager [(null)] (landingPage.aspx) - New Session 
Request Type:  
SessionId: mkuwytzg3hftnwbto3pwqtnj
2021-02-20 13:53:42,940 [ 14] INFO  AppManager [(null)] (login.aspx) - (Mli) - Login successful 
SessionId: 3k2y5urzkf2b3hssotyvnkvs
2021-02-20 13:53:42,946 [ 27] INFO  AppManager [(null)] (Home.aspx) - Page Load 
SessionId: mkuwytzg3hftnwbto3pwqtnj
2021-02-20 14:18:01,139 [  1] INFO  AppManager [(null)] SimpleServings started.
2021-02-20 14:18:21,991 [ 10] INFO  AppManager [(null)] (Home.aspx) - Page Load 
SessionId: gyqjy5gmyohvenb3iscz0w2f
2021-02-20 14:20:31,943 [ 32] INFO  AppManager [(null)] (landingPage.aspx) - Clearing Session 
Request Type:  
SessionId: wxcype2ojvo5xxlcyzdfqur1
2021-02-20 14:20:31,955 [ 30] INFO  AppManager [(null)] (landingPage.aspx) - New Session 
Request Type:  
SessionId: px0ljflpmwdfjkxr3ywwyx2g
2021-02-20 14:20:32,125 [ 28] INFO  AppManager [(null)] (login.aspx) - (Mli) - Login successful 
SessionId: rll5fn2fbnvetu5keyhwmkrs
2021-02-20 14:20:32,130 [ 10] INFO  AppManager [(null)] (Home.aspx) - Page Load 
SessionId: px0ljflpmwdfjkxr3ywwyx2g
2021-02-20 14:31:20,168 [ 25] INFO  AppManager [(null)] (landingPage.aspx) - Clearing Session 
Request Type:  
SessionId: qagn5wla14i0obdufkzcjqh2
2021-02-20 14:31:20,183 [ 25] INFO  AppManager [(null)] (landingPage.aspx) - New Session 
Request Type:  
SessionId: cv1qqqj5t3j5pdknhisobfnf
2021-02-20 14:31:20,364 [ 19] INFO  AppManager [(null)] (login.aspx) - (Mli) - Login successful 
SessionId: cth4keh3pnz0g2j3lqq2s013
2021-02-20 14:31:20,370 [ 32] INFO  AppManager [(null)] (Home.aspx) - Page Load 
SessionId: cv1qqqj5t3j5pdknhisobfnf
2021-02-20 15:35:59,439 [  1] INFO  AppManager [(null)] SimpleServings started.
2021-02-20 15:36:26,137 [ 19] INFO  AppManager [(null)] (Home.aspx) - Page Load 
SessionId: uydfy2hedprfadnpmrmwtrdn
2021-02-20 16:48:54,024 [  1] INFO  AppManager [(null)] SimpleServings started.
2021-02-20 16:49:07,171 [ 14] INFO  AppManager [(null)] (Home.aspx) - Page Load 
SessionId: vnahzgyukfume5phhmo24vwj
2021-02-20 17:40:51,996 [ 45] INFO  AppManager [(null)] (landingPage.aspx) - Request from http://localhost:1948/SimpleServings/UI/Page/SimpleServings/Menu/AddMenuItem.aspx?MenuID=5002 
Request Type: LogInOut 
SessionId: uydfy2hedprfadnpmrmwtrdn
2021-02-20 17:40:51,997 [ 45] INFO  AppManager [(null)] (landingPage.aspx) - Redirecting to Login.aspx 
Request Type: LogInOut 
SessionId: uydfy2hedprfadnpmrmwtrdn
2021-02-20 17:40:52,025 [ 49] INFO  AppManager [(null)] (login.aspx) - Request from http://localhost:1948/SimpleServings/UI/Page/SimpleServings/Menu/AddMenuItem.aspx?MenuID=5002 
SessionId: uiu5lcaldmqchzjmj4zqb4bn
2021-02-20 17:41:03,378 [ 42] INFO  AppManager [(null)] (landingPage.aspx) - Clearing Session 
Request Type:  
SessionId: kwx0a1fmmoxjygurljerl3et
2021-02-20 17:41:03,389 [ 51] INFO  AppManager [(null)] (landingPage.aspx) - New Session 
Request Type:  
SessionId: y0zm51jhbq0bootpxwyxkeoz
2021-02-20 17:41:04,061 [ 46] INFO  AppManager [(null)] (login.aspx) - (Mli) - Login successful 
SessionId: aulegfa2jsqbw2p25vewpmhr
2021-02-20 17:41:04,245 [ 60] INFO  AppManager [(null)] (Home.aspx) - Page Load 
SessionId: y0zm51jhbq0bootpxwyxkeoz
2021-02-20 22:12:36,975 [ 41] INFO  AppManager [(null)] SimpleServings started.
2021-02-20 22:13:05,464 [101] INFO  AppManager [(null)] (Home.aspx) - Page Load 
SessionId: x0foppknkbds25dalvgjer5s
2021-02-20 22:22:00,391 [  1] INFO  AppManager [(null)] SimpleServings started.
2021-02-20 22:22:21,733 [105] INFO  AppManager [(null)] (Home.aspx) - Page Load 
SessionId: hbi1ilvnpmcxiipn4lkekm4z
2021-02-20 23:39:33,834 [  1] INFO  AppManager [(null)] SimpleServings started.
2021-02-20 23:39:54,735 [ 88] INFO  AppManager [(null)] (Home.aspx) - Page Load 
SessionId: tcm1wfcqv5ztjn4xwf0rrcz4
2021-02-20 23:44:07,553 [ 32] INFO  AppManager [(null)] (landingPage.aspx) - Clearing Session 
Request Type:  
SessionId: 4ttwums13ji2j22jkqxlrc1j
2021-02-20 23:44:07,570 [ 21] INFO  AppManager [(null)] (landingPage.aspx) - New Session 
Request Type:  
SessionId: mqnbmhwpvce1v24yohoihecr
2021-02-20 23:44:07,811 [131] INFO  AppManager [(null)] (login.aspx) - (Mli) - Login successful 
SessionId: rsx3lbqlrfrxkyyvicruex0x
2021-02-20 23:44:07,833 [  7] INFO  AppManager [(null)] (Home.aspx) - Page Load 
SessionId: mqnbmhwpvce1v24yohoihecr
2021-02-20 23:48:34,809 [ 32] INFO  AppManager [(null)] (landingPage.aspx) - Clearing Session 
Request Type:  
SessionId: 4inb43hnsu33szu5lhkhlqdd
2021-02-20 23:48:34,822 [ 21] INFO  AppManager [(null)] (landingPage.aspx) - New Session 
Request Type:  
SessionId: cxvsdmztmcxk0j2emv3qssl1
2021-02-20 23:48:35,052 [131] INFO  AppManager [(null)] (login.aspx) - (Mli) - Login successful 
SessionId: 0wx0vvggv3wvbuqf4dlk40oc
2021-02-20 23:48:35,057 [112] INFO  AppManager [(null)] (Home.aspx) - Page Load 
SessionId: cxvsdmztmcxk0j2emv3qssl1
2021-02-20 23:53:52,251 [ 41] INFO  AppManager [(null)] SimpleServings started.
2021-02-20 23:54:12,871 [ 47] INFO  AppManager [(null)] (Home.aspx) - Page Load 
SessionId: rjvuzqezssbqc02uh4orlfxc
