2017-04-28 17:18:15,382 [ 10] INFO  AppManager [(null)] (Home.aspx) - Page Load 
SessionId: 0j42ib45k23v0an1dngzpy45
2017-04-28 17:18:18,928 [ 10] INFO  AppManager [(null)] (landingPage.aspx) - Request from http://localhost:1949/SimpleServings/UI/Page/ 
Request Type: LogInOut 
SessionId: e0cbvu55jg4iwkatph33u4e4
2017-04-28 17:18:18,928 [ 10] INFO  AppManager [(null)] (landingPage.aspx) - Redirecting to Login.aspx 
Request Type: LogInOut 
SessionId: e0cbvu55jg4iwkatph33u4e4
2017-04-28 17:18:18,967 [  5] INFO  AppManager [(null)] (login.aspx) - Request from http://localhost:1949/SimpleServings/UI/Page/ 
SessionId: qqjo5sjkw1tlguynbe2g5wah
2017-04-28 17:18:22,200 [  5] INFO  AppManager [(null)] (login.aspx) - (cvais7773) - Login successful 
SessionId: 0wkm3145odon4s45hwheji45
2017-04-28 17:18:22,232 [  9] INFO  AppManager [(null)] (Home.aspx) - Page Load 
SessionId: rxqu4b55fkvcao553z3ohu35
2017-04-28 17:18:22,323 [  6] INFO  AppManager [(null)] (landingPage.aspx) - Clearing Session 
Request Type:  
SessionId: 350u0j55nn5etj22qvztozjz
2017-04-28 17:18:23,362 [  5] INFO  AppManager [(null)] (Recipe.aspx) - Request from http://localhost:1949/SimpleServings/UI/Page/Home.aspx 
SessionId: rxqu4b55fkvcao553z3ohu35
2017-04-28 17:32:40,115 [  1] INFO  AppManager [(null)] SimpleServings started.
2017-04-28 17:32:59,600 [  6] INFO  AppManager [(null)] (landingPage.aspx) - Redirecting to Login.aspx 
Request Type: LogInOut 
SessionId: 
2017-04-28 17:33:09,254 [  8] INFO  AppManager [(null)] (Home.aspx) - Page Load 
SessionId: itorsnbuskeyh13er1ni2pad
2017-04-28 17:33:13,505 [  6] ERROR AppManager [(null)] SimpleServings application error: c:\TFS\DFTA\SimpleServings\SimpleServings\SimpleServings\UI\UDC\SimpleServings\Resource\ResourceList.ascx(8): error CS1061: 'ASP.ui_udc_simpleservings_resource_resourcelist_ascx' does not contain a definition for 'gvRecipes_PageIndexChanging' and no extension method 'gvRecipes_PageIndexChanging' accepting a first argument of type 'ASP.ui_udc_simpleservings_resource_resourcelist_ascx' could be found (are you missing a using directive or an assembly reference?)
location: http://localhost:1949/SimpleServings/UI/Page/resources.aspx

System.Web.HttpParseException: c:\TFS\DFTA\SimpleServings\SimpleServings\SimpleServings\UI\UDC\SimpleServings\Resource\ResourceList.ascx(8): error CS1061: 'ASP.ui_udc_simpleservings_resource_resourcelist_ascx' does not contain a definition for 'gvRecipes_PageIndexChanging' and no extension method 'gvRecipes_PageIndexChanging' accepting a first argument of type 'ASP.ui_udc_simpleservings_resource_resourcelist_ascx' could be found (are you missing a using directive or an assembly reference?) ---> System.Web.HttpCompileException: c:\TFS\DFTA\SimpleServings\SimpleServings\SimpleServings\UI\UDC\SimpleServings\Resource\ResourceList.ascx(8): error CS1061: 'ASP.ui_udc_simpleservings_resource_resourcelist_ascx' does not contain a definition for 'gvRecipes_PageIndexChanging' and no extension method 'gvRecipes_PageIndexChanging' accepting a first argument of type 'ASP.ui_udc_simpleservings_resource_resourcelist_ascx' could be found (are you missing a using directive or an assembly reference?)
   at System.Web.Compilation.BuildManager.PostProcessFoundBuildResult(BuildResult result, Boolean keyFromVPP, VirtualPath virtualPath)
   at System.Web.Compilation.BuildManager.GetBuildResultFromCacheInternal(String cacheKey, Boolean keyFromVPP, VirtualPath virtualPath, Int64 hashCode)
   at System.Web.Compilation.BuildManager.GetVPathBuildResultFromCacheInternal(VirtualPath virtualPath)
   at System.Web.Compilation.BuildManager.GetVPathBuildResultInternal(VirtualPath virtualPath, Boolean noBuild, Boolean allowCrossApp, Boolean allowBuildInPrecompile)
   at System.Web.Compilation.BuildManager.GetVPathBuildResultWithNoAssert(HttpContext context, VirtualPath virtualPath, Boolean noBuild, Boolean allowCrossApp, Boolean allowBuildInPrecompile)
   at System.Web.Compilation.BuildManager.GetVPathBuildResult(HttpContext context, VirtualPath virtualPath, Boolean noBuild, Boolean allowCrossApp, Boolean allowBuildInPrecompile)
   at System.Web.UI.BaseTemplateParser.GetReferencedType(VirtualPath virtualPath, Boolean allowNoCompile)
   at System.Web.UI.BaseTemplateParser.GetUserControlType(VirtualPath virtualPath)
   at System.Web.UI.MainTagNameToTypeMapper.ProcessUserControlRegistration(UserControlRegisterEntry ucRegisterEntry)
   at System.Web.UI.BaseTemplateParser.ProcessDirective(String directiveName, IDictionary directive)
   at System.Web.UI.TemplateControlParser.ProcessDirective(String directiveName, IDictionary directive)
   at System.Web.UI.TemplateParser.ParseStringInternal(String text, Encoding fileEncoding)
   --- End of inner exception stack trace ---
   at System.Web.UI.TemplateParser.ProcessException(Exception ex)
   at System.Web.UI.TemplateParser.ParseStringInternal(String text, Encoding fileEncoding)
   at System.Web.UI.TemplateParser.ParseString(String text, VirtualPath virtualPath, Encoding fileEncoding)
   at System.Web.UI.TemplateParser.ParseReader(StreamReader reader, VirtualPath virtualPath)
   at System.Web.UI.TemplateParser.ParseFile(String physicalPath, VirtualPath virtualPath)
   at System.Web.UI.TemplateParser.ParseInternal()
   at System.Web.UI.TemplateParser.Parse()
   at System.Web.UI.TemplateParser.Parse(ICollection referencedAssemblies, VirtualPath virtualPath)
   at System.Web.Compilation.BaseTemplateBuildProvider.get_CodeCompilerType()
   at System.Web.Compilation.BuildProvider.GetCompilerTypeFromBuildProvider(BuildProvider buildProvider)
   at System.Web.Compilation.BuildProvidersCompiler.ProcessBuildProviders()
   at System.Web.Compilation.BuildProvidersCompiler.PerformBuild()
   at System.Web.Compilation.BuildManager.CompileWebFile(VirtualPath virtualPath)
   at System.Web.Compilation.BuildManager.GetVPathBuildResultInternal(VirtualPath virtualPath, Boolean noBuild, Boolean allowCrossApp, Boolean allowBuildInPrecompile)
   at System.Web.Compilation.BuildManager.GetVPathBuildResultWithNoAssert(HttpContext context, VirtualPath virtualPath, Boolean noBuild, Boolean allowCrossApp, Boolean allowBuildInPrecompile)
   at System.Web.Compilation.BuildManager.GetVirtualPathObjectFactory(VirtualPath virtualPath, HttpContext context, Boolean allowCrossApp, Boolean noAssert)
   at System.Web.Compilation.BuildManager.CreateInstanceFromVirtualPath(VirtualPath virtualPath, Type requiredBaseType, HttpContext context, Boolean allowCrossApp, Boolean noAssert)
   at System.Web.UI.PageHandlerFactory.GetHandlerHelper(HttpContext context, String requestType, VirtualPath virtualPath, String physicalPath)
   at System.Web.UI.PageHandlerFactory.GetHandler(HttpContext context, String requestType, String virtualPath, String path)
   at System.Web.HttpApplication.MaterializeHandlerExecutionStep.System.Web.HttpApplication.IExecutionStep.Execute()
   at System.Web.HttpApplication.ExecuteStep(IExecutionStep step, Boolean& completedSynchronously)
2017-04-28 17:45:20,092 [  1] INFO  AppManager [(null)] SimpleServings started.
2017-04-28 17:45:28,224 [  7] INFO  AppManager [(null)] (landingPage.aspx) - Request from http://localhost:1949/SimpleServings/UI/Page/resources.aspx 
Request Type: LogInOut 
SessionId: rxqu4b55fkvcao553z3ohu35
2017-04-28 17:45:28,225 [  7] INFO  AppManager [(null)] (landingPage.aspx) - Redirecting to Login.aspx 
Request Type: LogInOut 
SessionId: rxqu4b55fkvcao553z3ohu35
2017-04-28 17:45:31,895 [  5] INFO  AppManager [(null)] (Home.aspx) - Page Load 
SessionId: hjizfd55cstgd245xzjytzjb
2017-04-28 17:51:41,755 [ 12] INFO  AppManager [(null)] SimpleServings started.
2017-04-28 17:51:43,372 [  8] INFO  AppManager [(null)] (landingPage.aspx) - Request from http://localhost:1949/SimpleServings/UI/Page/Home.aspx 
Request Type: LogInOut 
SessionId: hjizfd55cstgd245xzjytzjb
2017-04-28 17:51:43,373 [  8] INFO  AppManager [(null)] (landingPage.aspx) - Redirecting to Login.aspx 
Request Type: LogInOut 
SessionId: hjizfd55cstgd245xzjytzjb
2017-04-28 17:51:46,149 [  7] INFO  AppManager [(null)] (Home.aspx) - Page Load 
SessionId: fq2mdi451ugyf3yhu1fiicrj
2017-04-28 17:52:42,960 [  6] INFO  AppManager [(null)] (landingPage.aspx) - Request from http://localhost:1949/SimpleServings/UI/Page/resources.aspx 
Request Type: LogInOut 
SessionId: fq2mdi451ugyf3yhu1fiicrj
2017-04-28 17:52:42,961 [  6] INFO  AppManager [(null)] (landingPage.aspx) - Redirecting to Login.aspx 
Request Type: LogInOut 
SessionId: fq2mdi451ugyf3yhu1fiicrj
2017-04-28 17:52:42,971 [  6] INFO  AppManager [(null)] (login.aspx) - Request from http://localhost:1949/SimpleServings/UI/Page/resources.aspx 
SessionId: q0anmp4512ei3a45iwkass45
