2017-01-12 10:22:07,231 [  5] INFO  AppManager [(null)] (landingPage.aspx) - Redirecting to Login.aspx 
Request Type: LogInOut 
SessionId: vhoaoirbwkwyp3fcs1pjzpu2
2017-01-12 10:22:18,921 [  5] INFO  AppManager [(null)] (landingPage.aspx) - Clearing Session 
Request Type:  
SessionId: ocpjdnmqymmjbr553e41hy45
2017-01-12 10:22:18,929 [  5] INFO  AppManager [(null)] (landingPage.aspx) - New Session 
Request Type:  
SessionId: 2rpflo45tyqpa0ver00mfu55
2017-01-12 10:22:19,002 [  6] INFO  AppManager [(null)] (login.aspx) - (cvais7773) - Login successful 
SessionId: omp3rw3nqq11xh3lhdsjdd45
2017-01-12 10:22:19,022 [  8] INFO  AppManager [(null)] (Home.aspx) - Page Load 
SessionId: 2rpflo45tyqpa0ver00mfu55
2017-01-12 11:30:02,555 [  1] INFO  AppManager [(null)] SimpleServings started.
2017-01-12 11:30:15,981 [  6] INFO  AppManager [(null)] (landingPage.aspx) - Request from http://localhost:1949/SimpleServings/UI/Page/SimpleServings/Menu/AddMenuUsingSampleMenu.aspx 
Request Type: LogInOut 
SessionId: 2rpflo45tyqpa0ver00mfu55
2017-01-12 11:30:15,982 [  6] INFO  AppManager [(null)] (landingPage.aspx) - Redirecting to Login.aspx 
Request Type: LogInOut 
SessionId: 2rpflo45tyqpa0ver00mfu55
2017-01-12 11:30:23,291 [  6] INFO  AppManager [(null)] (Home.aspx) - Page Load 
SessionId: uewrv3r3trklbdbjvoy1uf45
2017-01-12 12:39:11,088 [  1] INFO  AppManager [(null)] SimpleServings started.
2017-01-12 12:39:23,551 [  8] INFO  AppManager [(null)] (landingPage.aspx) - Redirecting to Login.aspx 
Request Type: LogInOut 
SessionId: 
2017-01-12 12:39:52,639 [  6] INFO  AppManager [(null)] (Home.aspx) - Page Load 
SessionId: 05bxqbilr4rdtkjqvr0gmke0
2017-01-12 12:52:11,604 [  1] INFO  AppManager [(null)] SimpleServings started.
2017-01-12 12:52:23,360 [  8] INFO  AppManager [(null)] (landingPage.aspx) - Redirecting to Login.aspx 
Request Type: LogInOut 
SessionId: 
2017-01-12 12:52:35,561 [  8] ERROR AppManager [(null)] btnLogin_Click failed: Incorrect username and/or password.
2017-01-12 12:52:39,833 [  6] INFO  AppManager [(null)] (landingPage.aspx) - Clearing Session 
Request Type:  
SessionId: tklxdf454dnkrvycwt53rnry
2017-01-12 12:52:39,843 [  6] INFO  AppManager [(null)] (landingPage.aspx) - New Session 
Request Type:  
SessionId: uib1fkrosmcifh55m4ptsumj
2017-01-12 12:52:40,424 [  8] INFO  AppManager [(null)] (login.aspx) - (cvais7773) - Login successful 
SessionId: tklxdf454dnkrvycwt53rnry
2017-01-12 12:52:40,468 [  5] INFO  AppManager [(null)] (Home.aspx) - Page Load 
SessionId: uib1fkrosmcifh55m4ptsumj
2017-01-12 12:58:01,657 [  7] ERROR AppManager [(null)] SimpleServings application error: Exception of type 'System.Web.HttpUnhandledException' was thrown.
location: http://localhost:1949/SimpleServings/UI/Page/SimpleServings/Menu/AddMenuUsingSampleMenu.aspx

System.Web.HttpUnhandledException: Exception of type 'System.Web.HttpUnhandledException' was thrown. ---> System.Exception: Cannot edit a Complete Menu! <br>
   at SimpleServingsLibrary.Menu.MenuItem.ValidateMenuItem() in c:\TFS\DFTA\SimpleServingsLibrary\SimpleServings.Menu\BLL\MenuItem.cs:line 152
   at SimpleServingsLibrary.Menu.MenuItem.AddMenuItem() in c:\TFS\DFTA\SimpleServingsLibrary\SimpleServings.Menu\BLL\MenuItem.cs:line 164
   at SimpleServings.UI.Page.SimpleServings.Menu.AddMenuUsingSampleMenu.btnAddMenu_Click(Object sender, EventArgs e) in c:\TFS\DFTA\SimpleServings\SimpleServings\SimpleServings\UI\Page\SimpleServings\Menu\AddMenuUsingSampleMenu.aspx.cs:line 258
   at System.Web.UI.WebControls.Button.OnClick(EventArgs e)
   at System.Web.UI.WebControls.Button.RaisePostBackEvent(String eventArgument)
   at System.Web.UI.WebControls.Button.System.Web.UI.IPostBackEventHandler.RaisePostBackEvent(String eventArgument)
   at System.Web.UI.Page.RaisePostBackEvent(IPostBackEventHandler sourceControl, String eventArgument)
   at System.Web.UI.Page.RaisePostBackEvent(NameValueCollection postData)
   at System.Web.UI.Page.ProcessRequestMain(Boolean includeStagesBeforeAsyncPoint, Boolean includeStagesAfterAsyncPoint)
   --- End of inner exception stack trace ---
   at System.Web.UI.Page.HandleError(Exception e)
   at System.Web.UI.Page.ProcessRequestMain(Boolean includeStagesBeforeAsyncPoint, Boolean includeStagesAfterAsyncPoint)
   at System.Web.UI.Page.ProcessRequest(Boolean includeStagesBeforeAsyncPoint, Boolean includeStagesAfterAsyncPoint)
   at System.Web.UI.Page.ProcessRequest()
   at System.Web.UI.Page.ProcessRequestWithNoAssert(HttpContext context)
   at System.Web.UI.Page.ProcessRequest(HttpContext context)
   at ASP.ui_page_simpleservings_menu_addmenuusingsamplemenu_aspx.ProcessRequest(HttpContext context) in c:\Windows\Microsoft.NET\Framework\v2.0.50727\Temporary ASP.NET Files\simpleservings\50605a42\75e306da\App_Web_45w3pnjk.2.cs:line 0
   at System.Web.HttpApplication.CallHandlerExecutionStep.System.Web.HttpApplication.IExecutionStep.Execute()
   at System.Web.HttpApplication.ExecuteStep(IExecutionStep step, Boolean& completedSynchronously)
2017-01-12 12:58:18,232 [  1] INFO  AppManager [(null)] SimpleServings started.
2017-01-12 12:58:30,206 [  6] INFO  AppManager [(null)] (landingPage.aspx) - Redirecting to Login.aspx 
Request Type: LogInOut 
SessionId: 
2017-01-12 12:58:37,588 [  6] INFO  AppManager [(null)] (Home.aspx) - Page Load 
SessionId: ou3nyy45gus3lh55twm1xd45
2017-01-12 13:00:02,342 [  8] ERROR AppManager [(null)] SimpleServings application error: Exception of type 'System.Web.HttpUnhandledException' was thrown.
location: http://localhost:1949/SimpleServings/UI/Page/SimpleServings/Menu/AddMenuUsingSampleMenu.aspx

System.Web.HttpUnhandledException: Exception of type 'System.Web.HttpUnhandledException' was thrown. ---> System.Exception: Input array is longer than the number of columns in this table.
   at SimpleServingsLibrary.Menu.MenuDB.AddMenuUsingSample(Int32 contractTypeID, Int32 mealServedTypeID, Int32 dietTypeID, Int32 cycleID, String startDate, String endDate, Int32 createdBy, String menuName, Int32 sampleMenuID, List`1 contractIDs) in c:\TFS\DFTA\SimpleServingsLibrary\SimpleServings.Menu\DAL\MenuDB.cs:line 73
   at SimpleServingsLibrary.Menu.Menu.AddMenuUsingSample() in c:\TFS\DFTA\SimpleServingsLibrary\SimpleServings.Menu\BLL\Menu.cs:line 259
   at SimpleServings.UI.Page.SimpleServings.Menu.AddMenuUsingSampleMenu.btnAddMenu_Click(Object sender, EventArgs e) in c:\TFS\DFTA\SimpleServings\SimpleServings\SimpleServings\UI\Page\SimpleServings\Menu\AddMenuUsingSampleMenu.aspx.cs:line 244
   at System.Web.UI.WebControls.Button.OnClick(EventArgs e)
   at System.Web.UI.WebControls.Button.RaisePostBackEvent(String eventArgument)
   at System.Web.UI.WebControls.Button.System.Web.UI.IPostBackEventHandler.RaisePostBackEvent(String eventArgument)
   at System.Web.UI.Page.RaisePostBackEvent(IPostBackEventHandler sourceControl, String eventArgument)
   at System.Web.UI.Page.RaisePostBackEvent(NameValueCollection postData)
   at System.Web.UI.Page.ProcessRequestMain(Boolean includeStagesBeforeAsyncPoint, Boolean includeStagesAfterAsyncPoint)
   --- End of inner exception stack trace ---
   at System.Web.UI.Page.HandleError(Exception e)
   at System.Web.UI.Page.ProcessRequestMain(Boolean includeStagesBeforeAsyncPoint, Boolean includeStagesAfterAsyncPoint)
   at System.Web.UI.Page.ProcessRequest(Boolean includeStagesBeforeAsyncPoint, Boolean includeStagesAfterAsyncPoint)
   at System.Web.UI.Page.ProcessRequest()
   at System.Web.UI.Page.ProcessRequestWithNoAssert(HttpContext context)
   at System.Web.UI.Page.ProcessRequest(HttpContext context)
   at ASP.ui_page_simpleservings_menu_addmenuusingsamplemenu_aspx.ProcessRequest(HttpContext context) in c:\Windows\Microsoft.NET\Framework\v2.0.50727\Temporary ASP.NET Files\simpleservings\50605a42\75e306da\App_Web_nbi3rlmm.2.cs:line 0
   at System.Web.HttpApplication.CallHandlerExecutionStep.System.Web.HttpApplication.IExecutionStep.Execute()
   at System.Web.HttpApplication.ExecuteStep(IExecutionStep step, Boolean& completedSynchronously)
2017-01-12 13:00:42,964 [  7] ERROR AppManager [(null)] SimpleServings application error: Exception of type 'System.Web.HttpUnhandledException' was thrown.
location: http://localhost:1949/SimpleServings/UI/Page/SimpleServings/Menu/AddMenuUsingSampleMenu.aspx

System.Web.HttpUnhandledException: Exception of type 'System.Web.HttpUnhandledException' was thrown. ---> System.Exception: Input array is longer than the number of columns in this table.
   at SimpleServingsLibrary.Menu.MenuDB.AddMenuUsingSample(Int32 contractTypeID, Int32 mealServedTypeID, Int32 dietTypeID, Int32 cycleID, String startDate, String endDate, Int32 createdBy, String menuName, Int32 sampleMenuID, List`1 contractIDs) in c:\TFS\DFTA\SimpleServingsLibrary\SimpleServings.Menu\DAL\MenuDB.cs:line 73
   at SimpleServingsLibrary.Menu.Menu.AddMenuUsingSample() in c:\TFS\DFTA\SimpleServingsLibrary\SimpleServings.Menu\BLL\Menu.cs:line 259
   at SimpleServings.UI.Page.SimpleServings.Menu.AddMenuUsingSampleMenu.btnAddMenu_Click(Object sender, EventArgs e) in c:\TFS\DFTA\SimpleServings\SimpleServings\SimpleServings\UI\Page\SimpleServings\Menu\AddMenuUsingSampleMenu.aspx.cs:line 244
   at System.Web.UI.WebControls.Button.OnClick(EventArgs e)
   at System.Web.UI.WebControls.Button.RaisePostBackEvent(String eventArgument)
   at System.Web.UI.WebControls.Button.System.Web.UI.IPostBackEventHandler.RaisePostBackEvent(String eventArgument)
   at System.Web.UI.Page.RaisePostBackEvent(IPostBackEventHandler sourceControl, String eventArgument)
   at System.Web.UI.Page.RaisePostBackEvent(NameValueCollection postData)
   at System.Web.UI.Page.ProcessRequestMain(Boolean includeStagesBeforeAsyncPoint, Boolean includeStagesAfterAsyncPoint)
   --- End of inner exception stack trace ---
   at System.Web.UI.Page.HandleError(Exception e)
   at System.Web.UI.Page.ProcessRequestMain(Boolean includeStagesBeforeAsyncPoint, Boolean includeStagesAfterAsyncPoint)
   at System.Web.UI.Page.ProcessRequest(Boolean includeStagesBeforeAsyncPoint, Boolean includeStagesAfterAsyncPoint)
   at System.Web.UI.Page.ProcessRequest()
   at System.Web.UI.Page.ProcessRequestWithNoAssert(HttpContext context)
   at System.Web.UI.Page.ProcessRequest(HttpContext context)
   at ASP.ui_page_simpleservings_menu_addmenuusingsamplemenu_aspx.ProcessRequest(HttpContext context) in c:\Windows\Microsoft.NET\Framework\v2.0.50727\Temporary ASP.NET Files\simpleservings\50605a42\75e306da\App_Web_nbi3rlmm.2.cs:line 0
   at System.Web.HttpApplication.CallHandlerExecutionStep.System.Web.HttpApplication.IExecutionStep.Execute()
   at System.Web.HttpApplication.ExecuteStep(IExecutionStep step, Boolean& completedSynchronously)
2017-01-12 13:09:42,968 [  1] INFO  AppManager [(null)] SimpleServings started.
2017-01-12 13:09:54,866 [  6] INFO  AppManager [(null)] (landingPage.aspx) - Redirecting to Login.aspx 
Request Type: LogInOut 
SessionId: 
2017-01-12 13:13:24,346 [  9] INFO  AppManager [(null)] (Home.aspx) - Page Load 
SessionId: fhvd103hsjhxogjvjt50hz55
2017-01-12 13:14:54,426 [  8] ERROR AppManager [(null)] SimpleServings application error: Exception of type 'System.Web.HttpUnhandledException' was thrown.
location: http://localhost:1949/SimpleServings/UI/Page/SimpleServings/Menu/AddMenuUsingSampleMenu.aspx

System.Web.HttpUnhandledException: Exception of type 'System.Web.HttpUnhandledException' was thrown. ---> System.Exception: Object reference not set to an instance of an object.
   at SimpleServingsLibrary.Menu.MenuDB.AddMenuUsingSample(Int32 contractTypeID, Int32 mealServedTypeID, Int32 dietTypeID, Int32 cycleID, String startDate, String endDate, Int32 createdBy, String menuName, Int32 sampleMenuID, List`1 contractIDs) in c:\TFS\DFTA\SimpleServingsLibrary\SimpleServings.Menu\DAL\MenuDB.cs:line 75
   at SimpleServingsLibrary.Menu.Menu.AddMenuUsingSample() in c:\TFS\DFTA\SimpleServingsLibrary\SimpleServings.Menu\BLL\Menu.cs:line 259
   at SimpleServings.UI.Page.SimpleServings.Menu.AddMenuUsingSampleMenu.btnAddMenu_Click(Object sender, EventArgs e) in c:\TFS\DFTA\SimpleServings\SimpleServings\SimpleServings\UI\Page\SimpleServings\Menu\AddMenuUsingSampleMenu.aspx.cs:line 244
   at System.Web.UI.WebControls.Button.OnClick(EventArgs e)
   at System.Web.UI.WebControls.Button.RaisePostBackEvent(String eventArgument)
   at System.Web.UI.WebControls.Button.System.Web.UI.IPostBackEventHandler.RaisePostBackEvent(String eventArgument)
   at System.Web.UI.Page.RaisePostBackEvent(IPostBackEventHandler sourceControl, String eventArgument)
   at System.Web.UI.Page.RaisePostBackEvent(NameValueCollection postData)
   at System.Web.UI.Page.ProcessRequestMain(Boolean includeStagesBeforeAsyncPoint, Boolean includeStagesAfterAsyncPoint)
   --- End of inner exception stack trace ---
   at System.Web.UI.Page.HandleError(Exception e)
   at System.Web.UI.Page.ProcessRequestMain(Boolean includeStagesBeforeAsyncPoint, Boolean includeStagesAfterAsyncPoint)
   at System.Web.UI.Page.ProcessRequest(Boolean includeStagesBeforeAsyncPoint, Boolean includeStagesAfterAsyncPoint)
   at System.Web.UI.Page.ProcessRequest()
   at System.Web.UI.Page.ProcessRequestWithNoAssert(HttpContext context)
   at System.Web.UI.Page.ProcessRequest(HttpContext context)
   at ASP.ui_page_simpleservings_menu_addmenuusingsamplemenu_aspx.ProcessRequest(HttpContext context) in c:\Windows\Microsoft.NET\Framework\v2.0.50727\Temporary ASP.NET Files\simpleservings\50605a42\75e306da\App_Web_mthldwjt.2.cs:line 0
   at System.Web.HttpApplication.CallHandlerExecutionStep.System.Web.HttpApplication.IExecutionStep.Execute()
   at System.Web.HttpApplication.ExecuteStep(IExecutionStep step, Boolean& completedSynchronously)
2017-01-12 13:22:14,322 [  1] INFO  AppManager [(null)] SimpleServings started.
2017-01-12 13:22:26,384 [  7] INFO  AppManager [(null)] (landingPage.aspx) - Redirecting to Login.aspx 
Request Type: LogInOut 
SessionId: 
2017-01-12 13:22:34,310 [  7] INFO  AppManager [(null)] (Home.aspx) - Page Load 
SessionId: gmbawyuot34kzo3xwnkrb445
2017-01-12 13:24:19,582 [  8] ERROR AppManager [(null)] SimpleServings application error: Exception of type 'System.Web.HttpUnhandledException' was thrown.
location: http://localhost:1949/SimpleServings/UI/Page/SimpleServings/Menu/AddMenuUsingSampleMenu.aspx

System.Web.HttpUnhandledException: Exception of type 'System.Web.HttpUnhandledException' was thrown. ---> System.Exception: The incoming tabular data stream (TDS) remote procedure call (RPC) protocol stream is incorrect. Parameter 9 ("@contractIDs"): Data type 0x62 (sql_variant) has an invalid type for type-specific metadata.
   at SimpleServingsLibrary.Menu.MenuDB.AddMenuUsingSample(Int32 contractTypeID, Int32 mealServedTypeID, Int32 dietTypeID, Int32 cycleID, String startDate, String endDate, Int32 createdBy, String menuName, Int32 sampleMenuID, List`1 contractIDs) in c:\TFS\DFTA\SimpleServingsLibrary\SimpleServings.Menu\DAL\MenuDB.cs:line 77
   at SimpleServingsLibrary.Menu.Menu.AddMenuUsingSample() in c:\TFS\DFTA\SimpleServingsLibrary\SimpleServings.Menu\BLL\Menu.cs:line 259
   at SimpleServings.UI.Page.SimpleServings.Menu.AddMenuUsingSampleMenu.btnAddMenu_Click(Object sender, EventArgs e) in c:\TFS\DFTA\SimpleServings\SimpleServings\SimpleServings\UI\Page\SimpleServings\Menu\AddMenuUsingSampleMenu.aspx.cs:line 244
   at System.Web.UI.WebControls.Button.OnClick(EventArgs e)
   at System.Web.UI.WebControls.Button.RaisePostBackEvent(String eventArgument)
   at System.Web.UI.WebControls.Button.System.Web.UI.IPostBackEventHandler.RaisePostBackEvent(String eventArgument)
   at System.Web.UI.Page.RaisePostBackEvent(IPostBackEventHandler sourceControl, String eventArgument)
   at System.Web.UI.Page.RaisePostBackEvent(NameValueCollection postData)
   at System.Web.UI.Page.ProcessRequestMain(Boolean includeStagesBeforeAsyncPoint, Boolean includeStagesAfterAsyncPoint)
   --- End of inner exception stack trace ---
   at System.Web.UI.Page.HandleError(Exception e)
   at System.Web.UI.Page.ProcessRequestMain(Boolean includeStagesBeforeAsyncPoint, Boolean includeStagesAfterAsyncPoint)
   at System.Web.UI.Page.ProcessRequest(Boolean includeStagesBeforeAsyncPoint, Boolean includeStagesAfterAsyncPoint)
   at System.Web.UI.Page.ProcessRequest()
   at System.Web.UI.Page.ProcessRequestWithNoAssert(HttpContext context)
   at System.Web.UI.Page.ProcessRequest(HttpContext context)
   at ASP.ui_page_simpleservings_menu_addmenuusingsamplemenu_aspx.ProcessRequest(HttpContext context) in c:\Windows\Microsoft.NET\Framework\v2.0.50727\Temporary ASP.NET Files\simpleservings\50605a42\75e306da\App_Web_toklkyvt.2.cs:line 0
   at System.Web.HttpApplication.CallHandlerExecutionStep.System.Web.HttpApplication.IExecutionStep.Execute()
   at System.Web.HttpApplication.ExecuteStep(IExecutionStep step, Boolean& completedSynchronously)
2017-01-12 13:28:24,685 [  1] INFO  AppManager [(null)] SimpleServings started.
2017-01-12 13:28:36,311 [  6] INFO  AppManager [(null)] (landingPage.aspx) - Redirecting to Login.aspx 
Request Type: LogInOut 
SessionId: 
2017-01-12 13:28:43,062 [  8] INFO  AppManager [(null)] (Home.aspx) - Page Load 
SessionId: gd24w3n52ydkyw45pi4kio55
2017-01-12 13:32:07,003 [  5] ERROR AppManager [(null)] SimpleServings application error: Exception of type 'System.Web.HttpUnhandledException' was thrown.
location: http://localhost:1949/SimpleServings/UI/Page/SimpleServings/Menu/AddMenuUsingSampleMenu.aspx

System.Web.HttpUnhandledException: Exception of type 'System.Web.HttpUnhandledException' was thrown. ---> System.Exception: Cannot edit a Complete Menu! <br>
   at SimpleServingsLibrary.Menu.MenuItem.ValidateMenuItem() in c:\TFS\DFTA\SimpleServingsLibrary\SimpleServings.Menu\BLL\MenuItem.cs:line 152
   at SimpleServingsLibrary.Menu.MenuItem.AddMenuItem() in c:\TFS\DFTA\SimpleServingsLibrary\SimpleServings.Menu\BLL\MenuItem.cs:line 164
   at SimpleServings.UI.Page.SimpleServings.Menu.AddMenuUsingSampleMenu.btnAddMenu_Click(Object sender, EventArgs e) in c:\TFS\DFTA\SimpleServings\SimpleServings\SimpleServings\UI\Page\SimpleServings\Menu\AddMenuUsingSampleMenu.aspx.cs:line 258
   at System.Web.UI.WebControls.Button.OnClick(EventArgs e)
   at System.Web.UI.WebControls.Button.RaisePostBackEvent(String eventArgument)
   at System.Web.UI.WebControls.Button.System.Web.UI.IPostBackEventHandler.RaisePostBackEvent(String eventArgument)
   at System.Web.UI.Page.RaisePostBackEvent(IPostBackEventHandler sourceControl, String eventArgument)
   at System.Web.UI.Page.RaisePostBackEvent(NameValueCollection postData)
   at System.Web.UI.Page.ProcessRequestMain(Boolean includeStagesBeforeAsyncPoint, Boolean includeStagesAfterAsyncPoint)
   --- End of inner exception stack trace ---
   at System.Web.UI.Page.HandleError(Exception e)
   at System.Web.UI.Page.ProcessRequestMain(Boolean includeStagesBeforeAsyncPoint, Boolean includeStagesAfterAsyncPoint)
   at System.Web.UI.Page.ProcessRequest(Boolean includeStagesBeforeAsyncPoint, Boolean includeStagesAfterAsyncPoint)
   at System.Web.UI.Page.ProcessRequest()
   at System.Web.UI.Page.ProcessRequestWithNoAssert(HttpContext context)
   at System.Web.UI.Page.ProcessRequest(HttpContext context)
   at ASP.ui_page_simpleservings_menu_addmenuusingsamplemenu_aspx.ProcessRequest(HttpContext context) in c:\Windows\Microsoft.NET\Framework\v2.0.50727\Temporary ASP.NET Files\simpleservings\50605a42\75e306da\App_Web_6l0bug8q.2.cs:line 0
   at System.Web.HttpApplication.CallHandlerExecutionStep.System.Web.HttpApplication.IExecutionStep.Execute()
   at System.Web.HttpApplication.ExecuteStep(IExecutionStep step, Boolean& completedSynchronously)
2017-01-12 13:35:54,597 [  1] INFO  AppManager [(null)] SimpleServings started.
2017-01-12 13:36:26,175 [  8] INFO  AppManager [(null)] (landingPage.aspx) - Redirecting to Login.aspx 
Request Type: LogInOut 
SessionId: 
2017-01-12 13:36:31,797 [  8] INFO  AppManager [(null)] (Home.aspx) - Page Load 
SessionId: f3cloinxdpamox45f12s4m45
2017-01-12 13:43:50,974 [  1] INFO  AppManager [(null)] SimpleServings started.
2017-01-12 13:44:02,314 [  8] INFO  AppManager [(null)] (landingPage.aspx) - Redirecting to Login.aspx 
Request Type: LogInOut 
SessionId: 
2017-01-12 13:44:09,758 [  5] INFO  AppManager [(null)] (Home.aspx) - Page Load 
SessionId: rnv5jxb3xwqufkmi43kpklma
2017-01-12 13:50:05,110 [  1] INFO  AppManager [(null)] SimpleServings started.
2017-01-12 13:50:16,499 [  6] INFO  AppManager [(null)] (landingPage.aspx) - Redirecting to Login.aspx 
Request Type: LogInOut 
SessionId: 
2017-01-12 13:50:22,449 [  6] INFO  AppManager [(null)] (Home.aspx) - Page Load 
SessionId: wek342yy4y4zl4550t0q5uec
2017-01-12 13:59:16,609 [  1] INFO  AppManager [(null)] SimpleServings started.
2017-01-12 13:59:28,142 [  6] INFO  AppManager [(null)] (landingPage.aspx) - Redirecting to Login.aspx 
Request Type: LogInOut 
SessionId: 
2017-01-12 13:59:50,588 [  8] INFO  AppManager [(null)] (Home.aspx) - Page Load 
SessionId: r5ys4145jivz1ijqcgfo3l55
2017-01-12 14:01:58,141 [  1] INFO  AppManager [(null)] SimpleServings started.
2017-01-12 14:02:09,566 [  7] INFO  AppManager [(null)] (landingPage.aspx) - Redirecting to Login.aspx 
Request Type: LogInOut 
SessionId: 
2017-01-12 14:02:15,689 [  6] INFO  AppManager [(null)] (Home.aspx) - Page Load 
SessionId: bin0s3itnsfhrd55ls14sbj1
2017-01-12 14:23:52,727 [  1] INFO  AppManager [(null)] SimpleServings started.
2017-01-12 14:24:04,099 [  8] INFO  AppManager [(null)] (landingPage.aspx) - Redirecting to Login.aspx 
Request Type: LogInOut 
SessionId: 
2017-01-12 14:24:18,799 [  7] INFO  AppManager [(null)] (Home.aspx) - Page Load 
SessionId: 344hsbq4tjz3zoi3qpg5xwje
2017-01-12 14:25:18,742 [  8] ERROR AppManager [(null)] SimpleServings application error: Exception of type 'System.Web.HttpUnhandledException' was thrown.
location: http://localhost:1949/SimpleServings/UI/Page/SimpleServings/Menu/AddMenuUsingSampleMenu.aspx

System.Web.HttpUnhandledException: Exception of type 'System.Web.HttpUnhandledException' was thrown. ---> System.Exception: The incoming tabular data stream (TDS) remote procedure call (RPC) protocol stream is incorrect. Parameter 10 ("@contractIDs"): Data type 0x62 (sql_variant) has an invalid type for type-specific metadata.
   at SimpleServingsLibrary.Menu.MenuDB.AddMenuUsingSample(Int32 contractTypeID, Int32 mealServedTypeID, Int32 dietTypeID, Int32 cycleID, String startDate, String endDate, Int32 createdBy, String menuName, Int32 sampleMenuID, List`1 contractIDs) in c:\TFS\DFTA\SimpleServingsLibrary\SimpleServings.Menu\DAL\MenuDB.cs:line 85
   at SimpleServingsLibrary.Menu.Menu.AddMenuUsingSample() in c:\TFS\DFTA\SimpleServingsLibrary\SimpleServings.Menu\BLL\Menu.cs:line 259
   at SimpleServings.UI.Page.SimpleServings.Menu.AddMenuUsingSampleMenu.btnAddMenu_Click(Object sender, EventArgs e) in c:\TFS\DFTA\SimpleServings\SimpleServings\SimpleServings\UI\Page\SimpleServings\Menu\AddMenuUsingSampleMenu.aspx.cs:line 244
   at System.Web.UI.WebControls.Button.OnClick(EventArgs e)
   at System.Web.UI.WebControls.Button.RaisePostBackEvent(String eventArgument)
   at System.Web.UI.WebControls.Button.System.Web.UI.IPostBackEventHandler.RaisePostBackEvent(String eventArgument)
   at System.Web.UI.Page.RaisePostBackEvent(IPostBackEventHandler sourceControl, String eventArgument)
   at System.Web.UI.Page.RaisePostBackEvent(NameValueCollection postData)
   at System.Web.UI.Page.ProcessRequestMain(Boolean includeStagesBeforeAsyncPoint, Boolean includeStagesAfterAsyncPoint)
   --- End of inner exception stack trace ---
   at System.Web.UI.Page.HandleError(Exception e)
   at System.Web.UI.Page.ProcessRequestMain(Boolean includeStagesBeforeAsyncPoint, Boolean includeStagesAfterAsyncPoint)
   at System.Web.UI.Page.ProcessRequest(Boolean includeStagesBeforeAsyncPoint, Boolean includeStagesAfterAsyncPoint)
   at System.Web.UI.Page.ProcessRequest()
   at System.Web.UI.Page.ProcessRequestWithNoAssert(HttpContext context)
   at System.Web.UI.Page.ProcessRequest(HttpContext context)
   at ASP.ui_page_simpleservings_menu_addmenuusingsamplemenu_aspx.ProcessRequest(HttpContext context) in c:\Windows\Microsoft.NET\Framework\v2.0.50727\Temporary ASP.NET Files\simpleservings\50605a42\75e306da\App_Web_cczfzpt6.2.cs:line 0
   at System.Web.HttpApplication.CallHandlerExecutionStep.System.Web.HttpApplication.IExecutionStep.Execute()
   at System.Web.HttpApplication.ExecuteStep(IExecutionStep step, Boolean& completedSynchronously)
2017-01-12 14:25:29,892 [  5] ERROR AppManager [(null)] SimpleServings application error: Exception of type 'System.Web.HttpUnhandledException' was thrown.
location: http://localhost:1949/SimpleServings/UI/Page/SimpleServings/Menu/AddMenuUsingSampleMenu.aspx

System.Web.HttpUnhandledException: Exception of type 'System.Web.HttpUnhandledException' was thrown. ---> System.Exception: The incoming tabular data stream (TDS) remote procedure call (RPC) protocol stream is incorrect. Parameter 10 ("@contractIDs"): Data type 0x62 (sql_variant) has an invalid type for type-specific metadata.
   at SimpleServingsLibrary.Menu.MenuDB.AddMenuUsingSample(Int32 contractTypeID, Int32 mealServedTypeID, Int32 dietTypeID, Int32 cycleID, String startDate, String endDate, Int32 createdBy, String menuName, Int32 sampleMenuID, List`1 contractIDs) in c:\TFS\DFTA\SimpleServingsLibrary\SimpleServings.Menu\DAL\MenuDB.cs:line 85
   at SimpleServingsLibrary.Menu.Menu.AddMenuUsingSample() in c:\TFS\DFTA\SimpleServingsLibrary\SimpleServings.Menu\BLL\Menu.cs:line 259
   at SimpleServings.UI.Page.SimpleServings.Menu.AddMenuUsingSampleMenu.btnAddMenu_Click(Object sender, EventArgs e) in c:\TFS\DFTA\SimpleServings\SimpleServings\SimpleServings\UI\Page\SimpleServings\Menu\AddMenuUsingSampleMenu.aspx.cs:line 244
   at System.Web.UI.WebControls.Button.OnClick(EventArgs e)
   at System.Web.UI.WebControls.Button.RaisePostBackEvent(String eventArgument)
   at System.Web.UI.WebControls.Button.System.Web.UI.IPostBackEventHandler.RaisePostBackEvent(String eventArgument)
   at System.Web.UI.Page.RaisePostBackEvent(IPostBackEventHandler sourceControl, String eventArgument)
   at System.Web.UI.Page.RaisePostBackEvent(NameValueCollection postData)
   at System.Web.UI.Page.ProcessRequestMain(Boolean includeStagesBeforeAsyncPoint, Boolean includeStagesAfterAsyncPoint)
   --- End of inner exception stack trace ---
   at System.Web.UI.Page.HandleError(Exception e)
   at System.Web.UI.Page.ProcessRequestMain(Boolean includeStagesBeforeAsyncPoint, Boolean includeStagesAfterAsyncPoint)
   at System.Web.UI.Page.ProcessRequest(Boolean includeStagesBeforeAsyncPoint, Boolean includeStagesAfterAsyncPoint)
   at System.Web.UI.Page.ProcessRequest()
   at System.Web.UI.Page.ProcessRequestWithNoAssert(HttpContext context)
   at System.Web.UI.Page.ProcessRequest(HttpContext context)
   at ASP.ui_page_simpleservings_menu_addmenuusingsamplemenu_aspx.ProcessRequest(HttpContext context) in c:\Windows\Microsoft.NET\Framework\v2.0.50727\Temporary ASP.NET Files\simpleservings\50605a42\75e306da\App_Web_cczfzpt6.2.cs:line 0
   at System.Web.HttpApplication.CallHandlerExecutionStep.System.Web.HttpApplication.IExecutionStep.Execute()
   at System.Web.HttpApplication.ExecuteStep(IExecutionStep step, Boolean& completedSynchronously)
2017-01-12 14:27:22,148 [  8] ERROR AppManager [(null)] SimpleServings application error: Exception of type 'System.Web.HttpUnhandledException' was thrown.
location: http://localhost:1949/SimpleServings/UI/Page/SimpleServings/Menu/AddMenuUsingSampleMenu.aspx

System.Web.HttpUnhandledException: Exception of type 'System.Web.HttpUnhandledException' was thrown. ---> System.Exception: The incoming tabular data stream (TDS) remote procedure call (RPC) protocol stream is incorrect. Parameter 10 ("@contractIDs"): Data type 0x62 (sql_variant) has an invalid type for type-specific metadata.
   at SimpleServingsLibrary.Menu.MenuDB.AddMenuUsingSample(Int32 contractTypeID, Int32 mealServedTypeID, Int32 dietTypeID, Int32 cycleID, String startDate, String endDate, Int32 createdBy, String menuName, Int32 sampleMenuID, List`1 contractIDs) in c:\TFS\DFTA\SimpleServingsLibrary\SimpleServings.Menu\DAL\MenuDB.cs:line 85
   at SimpleServingsLibrary.Menu.Menu.AddMenuUsingSample() in c:\TFS\DFTA\SimpleServingsLibrary\SimpleServings.Menu\BLL\Menu.cs:line 259
   at SimpleServings.UI.Page.SimpleServings.Menu.AddMenuUsingSampleMenu.btnAddMenu_Click(Object sender, EventArgs e) in c:\TFS\DFTA\SimpleServings\SimpleServings\SimpleServings\UI\Page\SimpleServings\Menu\AddMenuUsingSampleMenu.aspx.cs:line 244
   at System.Web.UI.WebControls.Button.OnClick(EventArgs e)
   at System.Web.UI.WebControls.Button.RaisePostBackEvent(String eventArgument)
   at System.Web.UI.WebControls.Button.System.Web.UI.IPostBackEventHandler.RaisePostBackEvent(String eventArgument)
   at System.Web.UI.Page.RaisePostBackEvent(IPostBackEventHandler sourceControl, String eventArgument)
   at System.Web.UI.Page.RaisePostBackEvent(NameValueCollection postData)
   at System.Web.UI.Page.ProcessRequestMain(Boolean includeStagesBeforeAsyncPoint, Boolean includeStagesAfterAsyncPoint)
   --- End of inner exception stack trace ---
   at System.Web.UI.Page.HandleError(Exception e)
   at System.Web.UI.Page.ProcessRequestMain(Boolean includeStagesBeforeAsyncPoint, Boolean includeStagesAfterAsyncPoint)
   at System.Web.UI.Page.ProcessRequest(Boolean includeStagesBeforeAsyncPoint, Boolean includeStagesAfterAsyncPoint)
   at System.Web.UI.Page.ProcessRequest()
   at System.Web.UI.Page.ProcessRequestWithNoAssert(HttpContext context)
   at System.Web.UI.Page.ProcessRequest(HttpContext context)
   at ASP.ui_page_simpleservings_menu_addmenuusingsamplemenu_aspx.ProcessRequest(HttpContext context) in c:\Windows\Microsoft.NET\Framework\v2.0.50727\Temporary ASP.NET Files\simpleservings\50605a42\75e306da\App_Web_cczfzpt6.2.cs:line 0
   at System.Web.HttpApplication.CallHandlerExecutionStep.System.Web.HttpApplication.IExecutionStep.Execute()
   at System.Web.HttpApplication.ExecuteStep(IExecutionStep step, Boolean& completedSynchronously)
2017-01-12 14:38:30,034 [  1] INFO  AppManager [(null)] SimpleServings started.
2017-01-12 14:38:41,001 [  6] INFO  AppManager [(null)] (landingPage.aspx) - Redirecting to Login.aspx 
Request Type: LogInOut 
SessionId: 
2017-01-12 14:38:48,350 [  5] INFO  AppManager [(null)] (Home.aspx) - Page Load 
SessionId: uerrc055hhjd0245v5ysgy45
2017-01-12 14:40:30,166 [  6] ERROR AppManager [(null)] SimpleServings application error: Exception of type 'System.Web.HttpUnhandledException' was thrown.
location: http://localhost:1949/SimpleServings/UI/Page/SimpleServings/Menu/AddMenuUsingSampleMenu.aspx

System.Web.HttpUnhandledException: Exception of type 'System.Web.HttpUnhandledException' was thrown. ---> System.Exception: Failed to convert parameter value from a List`1 to a IEnumerable`1.
   at SimpleServingsLibrary.Menu.MenuDB.AddMenuUsingSample(Int32 contractTypeID, Int32 mealServedTypeID, Int32 dietTypeID, Int32 cycleID, String startDate, String endDate, Int32 createdBy, String menuName, Int32 sampleMenuID, List`1 contractIDs) in c:\TFS\DFTA\SimpleServingsLibrary\SimpleServings.Menu\DAL\MenuDB.cs:line 91
   at SimpleServingsLibrary.Menu.Menu.AddMenuUsingSample() in c:\TFS\DFTA\SimpleServingsLibrary\SimpleServings.Menu\BLL\Menu.cs:line 259
   at SimpleServings.UI.Page.SimpleServings.Menu.AddMenuUsingSampleMenu.btnAddMenu_Click(Object sender, EventArgs e) in c:\TFS\DFTA\SimpleServings\SimpleServings\SimpleServings\UI\Page\SimpleServings\Menu\AddMenuUsingSampleMenu.aspx.cs:line 244
   at System.Web.UI.WebControls.Button.OnClick(EventArgs e)
   at System.Web.UI.WebControls.Button.RaisePostBackEvent(String eventArgument)
   at System.Web.UI.WebControls.Button.System.Web.UI.IPostBackEventHandler.RaisePostBackEvent(String eventArgument)
   at System.Web.UI.Page.RaisePostBackEvent(IPostBackEventHandler sourceControl, String eventArgument)
   at System.Web.UI.Page.RaisePostBackEvent(NameValueCollection postData)
   at System.Web.UI.Page.ProcessRequestMain(Boolean includeStagesBeforeAsyncPoint, Boolean includeStagesAfterAsyncPoint)
   --- End of inner exception stack trace ---
   at System.Web.UI.Page.HandleError(Exception e)
   at System.Web.UI.Page.ProcessRequestMain(Boolean includeStagesBeforeAsyncPoint, Boolean includeStagesAfterAsyncPoint)
   at System.Web.UI.Page.ProcessRequest(Boolean includeStagesBeforeAsyncPoint, Boolean includeStagesAfterAsyncPoint)
   at System.Web.UI.Page.ProcessRequest()
   at System.Web.UI.Page.ProcessRequestWithNoAssert(HttpContext context)
   at System.Web.UI.Page.ProcessRequest(HttpContext context)
   at ASP.ui_page_simpleservings_menu_addmenuusingsamplemenu_aspx.ProcessRequest(HttpContext context) in c:\Windows\Microsoft.NET\Framework\v2.0.50727\Temporary ASP.NET Files\simpleservings\50605a42\75e306da\App_Web_csb0pzft.2.cs:line 0
   at System.Web.HttpApplication.CallHandlerExecutionStep.System.Web.HttpApplication.IExecutionStep.Execute()
   at System.Web.HttpApplication.ExecuteStep(IExecutionStep step, Boolean& completedSynchronously)
2017-01-12 14:40:45,557 [  1] INFO  AppManager [(null)] SimpleServings started.
2017-01-12 14:40:46,351 [  5] INFO  AppManager [(null)] (landingPage.aspx) - Redirecting to Login.aspx 
Request Type: LogInOut 
SessionId: 
2017-01-12 14:40:52,409 [  6] INFO  AppManager [(null)] (Home.aspx) - Page Load 
SessionId: qc2it1qmsljabkmurotmzp55
2017-01-12 14:41:32,017 [ 10] ERROR AppManager [(null)] SimpleServings application error: Exception of type 'System.Web.HttpUnhandledException' was thrown.
location: http://localhost:1949/SimpleServings/UI/Page/SimpleServings/Menu/AddMenuUsingSampleMenu.aspx

System.Web.HttpUnhandledException: Exception of type 'System.Web.HttpUnhandledException' was thrown. ---> System.Exception: Failed to convert parameter value from a List`1 to a IEnumerable`1.
   at SimpleServingsLibrary.Menu.MenuDB.AddMenuUsingSample(Int32 contractTypeID, Int32 mealServedTypeID, Int32 dietTypeID, Int32 cycleID, String startDate, String endDate, Int32 createdBy, String menuName, Int32 sampleMenuID, List`1 contractIDs) in c:\TFS\DFTA\SimpleServingsLibrary\SimpleServings.Menu\DAL\MenuDB.cs:line 91
   at SimpleServingsLibrary.Menu.Menu.AddMenuUsingSample() in c:\TFS\DFTA\SimpleServingsLibrary\SimpleServings.Menu\BLL\Menu.cs:line 259
   at SimpleServings.UI.Page.SimpleServings.Menu.AddMenuUsingSampleMenu.btnAddMenu_Click(Object sender, EventArgs e) in c:\TFS\DFTA\SimpleServings\SimpleServings\SimpleServings\UI\Page\SimpleServings\Menu\AddMenuUsingSampleMenu.aspx.cs:line 244
   at System.Web.UI.WebControls.Button.OnClick(EventArgs e)
   at System.Web.UI.WebControls.Button.RaisePostBackEvent(String eventArgument)
   at System.Web.UI.WebControls.Button.System.Web.UI.IPostBackEventHandler.RaisePostBackEvent(String eventArgument)
   at System.Web.UI.Page.RaisePostBackEvent(IPostBackEventHandler sourceControl, String eventArgument)
   at System.Web.UI.Page.RaisePostBackEvent(NameValueCollection postData)
   at System.Web.UI.Page.ProcessRequestMain(Boolean includeStagesBeforeAsyncPoint, Boolean includeStagesAfterAsyncPoint)
   --- End of inner exception stack trace ---
   at System.Web.UI.Page.HandleError(Exception e)
   at System.Web.UI.Page.ProcessRequestMain(Boolean includeStagesBeforeAsyncPoint, Boolean includeStagesAfterAsyncPoint)
   at System.Web.UI.Page.ProcessRequest(Boolean includeStagesBeforeAsyncPoint, Boolean includeStagesAfterAsyncPoint)
   at System.Web.UI.Page.ProcessRequest()
   at System.Web.UI.Page.ProcessRequestWithNoAssert(HttpContext context)
   at System.Web.UI.Page.ProcessRequest(HttpContext context)
   at ASP.ui_page_simpleservings_menu_addmenuusingsamplemenu_aspx.ProcessRequest(HttpContext context) in c:\Windows\Microsoft.NET\Framework\v2.0.50727\Temporary ASP.NET Files\simpleservings\50605a42\75e306da\App_Web_csb0pzft.2.cs:line 0
   at System.Web.HttpApplication.CallHandlerExecutionStep.System.Web.HttpApplication.IExecutionStep.Execute()
   at System.Web.HttpApplication.ExecuteStep(IExecutionStep step, Boolean& completedSynchronously)
2017-01-12 14:42:02,639 [  1] INFO  AppManager [(null)] SimpleServings started.
2017-01-12 14:42:14,345 [  6] INFO  AppManager [(null)] (landingPage.aspx) - Redirecting to Login.aspx 
Request Type: LogInOut 
SessionId: 
2017-01-12 14:42:20,949 [  8] INFO  AppManager [(null)] (Home.aspx) - Page Load 
SessionId: yjrilq45bhnpfderkcbkwcuv
2017-01-12 14:43:06,108 [  6] ERROR AppManager [(null)] SimpleServings application error: Exception of type 'System.Web.HttpUnhandledException' was thrown.
location: http://localhost:1949/SimpleServings/UI/Page/SimpleServings/Menu/AddMenuUsingSampleMenu.aspx

System.Web.HttpUnhandledException: Exception of type 'System.Web.HttpUnhandledException' was thrown. ---> System.Exception: Failed to convert parameter value from a List`1 to a IEnumerable`1.
   at SimpleServingsLibrary.Menu.MenuDB.AddMenuUsingSample(Int32 contractTypeID, Int32 mealServedTypeID, Int32 dietTypeID, Int32 cycleID, String startDate, String endDate, Int32 createdBy, String menuName, Int32 sampleMenuID, List`1 contractIDs) in c:\TFS\DFTA\SimpleServingsLibrary\SimpleServings.Menu\DAL\MenuDB.cs:line 91
   at SimpleServingsLibrary.Menu.Menu.AddMenuUsingSample() in c:\TFS\DFTA\SimpleServingsLibrary\SimpleServings.Menu\BLL\Menu.cs:line 259
   at SimpleServings.UI.Page.SimpleServings.Menu.AddMenuUsingSampleMenu.btnAddMenu_Click(Object sender, EventArgs e) in c:\TFS\DFTA\SimpleServings\SimpleServings\SimpleServings\UI\Page\SimpleServings\Menu\AddMenuUsingSampleMenu.aspx.cs:line 244
   at System.Web.UI.WebControls.Button.OnClick(EventArgs e)
   at System.Web.UI.WebControls.Button.RaisePostBackEvent(String eventArgument)
   at System.Web.UI.WebControls.Button.System.Web.UI.IPostBackEventHandler.RaisePostBackEvent(String eventArgument)
   at System.Web.UI.Page.RaisePostBackEvent(IPostBackEventHandler sourceControl, String eventArgument)
   at System.Web.UI.Page.RaisePostBackEvent(NameValueCollection postData)
   at System.Web.UI.Page.ProcessRequestMain(Boolean includeStagesBeforeAsyncPoint, Boolean includeStagesAfterAsyncPoint)
   --- End of inner exception stack trace ---
   at System.Web.UI.Page.HandleError(Exception e)
   at System.Web.UI.Page.ProcessRequestMain(Boolean includeStagesBeforeAsyncPoint, Boolean includeStagesAfterAsyncPoint)
   at System.Web.UI.Page.ProcessRequest(Boolean includeStagesBeforeAsyncPoint, Boolean includeStagesAfterAsyncPoint)
   at System.Web.UI.Page.ProcessRequest()
   at System.Web.UI.Page.ProcessRequestWithNoAssert(HttpContext context)
   at System.Web.UI.Page.ProcessRequest(HttpContext context)
   at ASP.ui_page_simpleservings_menu_addmenuusingsamplemenu_aspx.ProcessRequest(HttpContext context) in c:\Windows\Microsoft.NET\Framework\v2.0.50727\Temporary ASP.NET Files\simpleservings\50605a42\75e306da\App_Web_vrln_fqf.2.cs:line 0
   at System.Web.HttpApplication.CallHandlerExecutionStep.System.Web.HttpApplication.IExecutionStep.Execute()
   at System.Web.HttpApplication.ExecuteStep(IExecutionStep step, Boolean& completedSynchronously)
2017-01-12 14:43:33,736 [  1] INFO  AppManager [(null)] SimpleServings started.
2017-01-12 14:43:45,133 [  7] INFO  AppManager [(null)] (landingPage.aspx) - Redirecting to Login.aspx 
Request Type: LogInOut 
SessionId: 
2017-01-12 14:43:51,912 [  6] INFO  AppManager [(null)] (Home.aspx) - Page Load 
SessionId: xbbcsy55gcyvh445w2lwvpi5
2017-01-12 15:15:47,774 [  7] INFO  AppManager [(null)] (Home.aspx) - Page Load 
SessionId: 4rbtht454b4nxnbnugjwm0nz
2017-01-12 15:15:49,420 [  7] INFO  AppManager [(null)] (landingPage.aspx) - Request from http://localhost:1949/SimpleServings/ui/page/ 
Request Type: LogInOut 
SessionId: ozp2we451v2zqd555squvx55
2017-01-12 15:15:49,421 [  7] INFO  AppManager [(null)] (landingPage.aspx) - Redirecting to Login.aspx 
Request Type: LogInOut 
SessionId: ozp2we451v2zqd555squvx55
2017-01-12 15:15:49,429 [  6] INFO  AppManager [(null)] (login.aspx) - Request from http://localhost:1949/SimpleServings/ui/page/ 
SessionId: erdrxir5h2yc0u55qupq5145
2017-01-12 15:15:53,778 [  8] INFO  AppManager [(null)] (landingPage.aspx) - Clearing Session 
Request Type:  
SessionId: 5b31vc45h2vtvh45ivvvphub
2017-01-12 15:15:53,791 [  8] INFO  AppManager [(null)] (landingPage.aspx) - New Session 
Request Type:  
SessionId: 4ajx1wjzdym1hjbcxfoxyx45
2017-01-12 15:15:53,801 [  7] INFO  AppManager [(null)] (login.aspx) - (cvais7773) - Login successful 
SessionId: dj0xj12cgtucplbwhfbhii55
2017-01-12 15:15:53,810 [  7] INFO  AppManager [(null)] (Home.aspx) - Page Load 
SessionId: 4ajx1wjzdym1hjbcxfoxyx45
2017-01-12 15:17:31,265 [  1] INFO  AppManager [(null)] SimpleServings started.
2017-01-12 15:17:32,053 [  5] INFO  AppManager [(null)] (landingPage.aspx) - Redirecting to Login.aspx 
Request Type: LogInOut 
SessionId: 
2017-01-12 15:17:39,069 [  5] INFO  AppManager [(null)] (Home.aspx) - Page Load 
SessionId: rn1tu5qrkaypo42pjopcmxet
2017-01-12 15:33:55,726 [  6] INFO  AppManager [(null)] (Home.aspx) - Page Load 
SessionId: 4ajx1wjzdym1hjbcxfoxyx45
2017-01-12 15:35:46,529 [  5] INFO  AppManager [(null)] (Home.aspx) - Page Load 
SessionId: 4ajx1wjzdym1hjbcxfoxyx45
2017-01-12 15:37:54,555 [  8] ERROR AppManager [(null)] SimpleServings application error: Exception of type 'System.Web.HttpUnhandledException' was thrown.
location: http://localhost:1949/SimpleServings/UI/Page/SimpleServings/Menu/ViewMenu.aspx?MenuID=7237

System.Web.HttpUnhandledException: Exception of type 'System.Web.HttpUnhandledException' was thrown. ---> System.InvalidOperationException: Timeout expired.  The timeout period elapsed prior to obtaining a connection from the pool.  This may have occurred because all pooled connections were in use and max pool size was reached.
   at System.Data.ProviderBase.DbConnectionFactory.GetConnection(DbConnection owningConnection)
   at System.Data.ProviderBase.DbConnectionClosed.OpenConnection(DbConnection outerConnection, DbConnectionFactory connectionFactory)
   at System.Data.SqlClient.SqlConnection.Open()
   at Microsoft.Practices.EnterpriseLibrary.Data.Database.OpenConnection()
   at Microsoft.Practices.EnterpriseLibrary.Data.Database.ExecuteReader(DbCommand command)
   at SimpleServingsLibrary.Menu.MenuDB.GetMenuByMenuID(Int32 menuID) in c:\TFS\DFTA\SimpleServingsLibrary\SimpleServings.Menu\DAL\MenuDB.cs:line 214
   at SimpleServingsLibrary.Menu.Menu.GetMenuByMenuID(Int32 menuID) in c:\TFS\DFTA\SimpleServingsLibrary\SimpleServings.Menu\BLL\Menu.cs:line 289
   at SimpleServings.UI.UDC.SimpleServings.Menu.MenuItemGrid.PopGrid(Int32 menuID) in c:\TFS\DFTA\SimpleServings\SimpleServings\SimpleServings\UI\UDC\SimpleServings\Menu\MenuItemGrid.ascx.cs:line 80
   at SimpleServings.UI.UDC.SimpleServings.Menu.MenuItemGrid.Page_Load(Object sender, EventArgs e) in c:\TFS\DFTA\SimpleServings\SimpleServings\SimpleServings\UI\UDC\SimpleServings\Menu\MenuItemGrid.ascx.cs:line 53
   at System.Web.Util.CalliHelper.EventArgFunctionCaller(IntPtr fp, Object o, Object t, EventArgs e)
   at System.Web.Util.CalliEventHandlerDelegateProxy.Callback(Object sender, EventArgs e)
   at System.Web.UI.Control.OnLoad(EventArgs e)
   at System.Web.UI.Control.LoadRecursive()
   at System.Web.UI.Control.LoadRecursive()
   at System.Web.UI.Control.LoadRecursive()
   at System.Web.UI.Control.LoadRecursive()
   at System.Web.UI.Control.LoadRecursive()
   at System.Web.UI.Control.LoadRecursive()
   at System.Web.UI.Control.LoadRecursive()
   at System.Web.UI.Page.ProcessRequestMain(Boolean includeStagesBeforeAsyncPoint, Boolean includeStagesAfterAsyncPoint)
   --- End of inner exception stack trace ---
   at System.Web.UI.Page.HandleError(Exception e)
   at System.Web.UI.Page.ProcessRequestMain(Boolean includeStagesBeforeAsyncPoint, Boolean includeStagesAfterAsyncPoint)
   at System.Web.UI.Page.ProcessRequest(Boolean includeStagesBeforeAsyncPoint, Boolean includeStagesAfterAsyncPoint)
   at System.Web.UI.Page.ProcessRequest()
   at System.Web.UI.Page.ProcessRequestWithNoAssert(HttpContext context)
   at System.Web.UI.Page.ProcessRequest(HttpContext context)
   at ASP.ui_page_simpleservings_menu_viewmenu_aspx.ProcessRequest(HttpContext context) in c:\Windows\Microsoft.NET\Framework\v2.0.50727\Temporary ASP.NET Files\simpleservings\50605a42\75e306da\App_Web_bib4h8hm.11.cs:line 0
   at System.Web.HttpApplication.CallHandlerExecutionStep.System.Web.HttpApplication.IExecutionStep.Execute()
   at System.Web.HttpApplication.ExecuteStep(IExecutionStep step, Boolean& completedSynchronously)
2017-01-12 15:38:55,741 [  6] ERROR AppManager [(null)] SimpleServings application error: Exception of type 'System.Web.HttpUnhandledException' was thrown.
location: http://localhost:1949/SimpleServings/ui/page/Home.aspx

System.Web.HttpUnhandledException: Exception of type 'System.Web.HttpUnhandledException' was thrown. ---> System.InvalidOperationException: Timeout expired.  The timeout period elapsed prior to obtaining a connection from the pool.  This may have occurred because all pooled connections were in use and max pool size was reached.
   at SimpleServingsLibrary.RecipeSupplement.RecipeIngredientDB.GetRecipeIngredientByRecipeID(Int32 recipeID) in c:\TFS\DFTA\SimpleServingsLibrary\SimpleServings.RecipeSupplement\DAL\RecipeIngredientDB.cs:line 51
   at SimpleServingsLibrary.RecipeSupplement.RecipeIngredient.GetRecipeIngredientByRecipeID(Int32 recipeID) in c:\TFS\DFTA\SimpleServingsLibrary\SimpleServings.RecipeSupplement\BLL\RecipeIngredient.cs:line 298
   at SimpleServings.UI.UDC.SimpleServings.Recipe.ViewRecipeIngredient.PopGrid(Int32 recipeID) in c:\TFS\DFTA\SimpleServings\SimpleServings\SimpleServings\UI\UDC\SimpleServings\Recipe\ViewRecipeIngredient.ascx.cs:line 43
   at SimpleServings.UI.Page.HomeTest.PopFeaturedRecipe() in c:\TFS\DFTA\SimpleServings\SimpleServings\SimpleServings\UI\Page\Home.aspx.cs:line 227
   at SimpleServings.UI.Page.HomeTest.Page_Load(Object sender, EventArgs e) in c:\TFS\DFTA\SimpleServings\SimpleServings\SimpleServings\UI\Page\Home.aspx.cs:line 116
   at System.Web.Util.CalliHelper.EventArgFunctionCaller(IntPtr fp, Object o, Object t, EventArgs e)
   at System.Web.Util.CalliEventHandlerDelegateProxy.Callback(Object sender, EventArgs e)
   at System.Web.UI.Control.OnLoad(EventArgs e)
   at System.Web.UI.Control.LoadRecursive()
   at System.Web.UI.Page.ProcessRequestMain(Boolean includeStagesBeforeAsyncPoint, Boolean includeStagesAfterAsyncPoint)
   --- End of inner exception stack trace ---
   at System.Web.UI.Page.HandleError(Exception e)
   at System.Web.UI.Page.ProcessRequestMain(Boolean includeStagesBeforeAsyncPoint, Boolean includeStagesAfterAsyncPoint)
   at System.Web.UI.Page.ProcessRequest(Boolean includeStagesBeforeAsyncPoint, Boolean includeStagesAfterAsyncPoint)
   at System.Web.UI.Page.ProcessRequest()
   at System.Web.UI.Page.ProcessRequestWithNoAssert(HttpContext context)
   at System.Web.UI.Page.ProcessRequest(HttpContext context)
   at ASP.ui_page_home_aspx.ProcessRequest(HttpContext context) in c:\Windows\Microsoft.NET\Framework\v2.0.50727\Temporary ASP.NET Files\simpleservings\50605a42\75e306da\App_Web_i2zoetfv.6.cs:line 0
   at System.Web.HttpApplication.CallHandlerExecutionStep.System.Web.HttpApplication.IExecutionStep.Execute()
   at System.Web.HttpApplication.ExecuteStep(IExecutionStep step, Boolean& completedSynchronously)
2017-01-12 15:40:46,546 [  5] ERROR AppManager [(null)] SimpleServings application error: Exception of type 'System.Web.HttpUnhandledException' was thrown.
location: http://localhost:1949/SimpleServings/ui/page/Home.aspx

System.Web.HttpUnhandledException: Exception of type 'System.Web.HttpUnhandledException' was thrown. ---> System.InvalidOperationException: Timeout expired.  The timeout period elapsed prior to obtaining a connection from the pool.  This may have occurred because all pooled connections were in use and max pool size was reached.
   at SimpleServingsLibrary.RecipeSupplement.RecipeIngredientDB.GetRecipeIngredientByRecipeID(Int32 recipeID) in c:\TFS\DFTA\SimpleServingsLibrary\SimpleServings.RecipeSupplement\DAL\RecipeIngredientDB.cs:line 51
   at SimpleServingsLibrary.RecipeSupplement.RecipeIngredient.GetRecipeIngredientByRecipeID(Int32 recipeID) in c:\TFS\DFTA\SimpleServingsLibrary\SimpleServings.RecipeSupplement\BLL\RecipeIngredient.cs:line 298
   at SimpleServings.UI.UDC.SimpleServings.Recipe.ViewRecipeIngredient.PopGrid(Int32 recipeID) in c:\TFS\DFTA\SimpleServings\SimpleServings\SimpleServings\UI\UDC\SimpleServings\Recipe\ViewRecipeIngredient.ascx.cs:line 43
   at SimpleServings.UI.Page.HomeTest.PopFeaturedRecipe() in c:\TFS\DFTA\SimpleServings\SimpleServings\SimpleServings\UI\Page\Home.aspx.cs:line 227
   at SimpleServings.UI.Page.HomeTest.Page_Load(Object sender, EventArgs e) in c:\TFS\DFTA\SimpleServings\SimpleServings\SimpleServings\UI\Page\Home.aspx.cs:line 116
   at System.Web.Util.CalliHelper.EventArgFunctionCaller(IntPtr fp, Object o, Object t, EventArgs e)
   at System.Web.Util.CalliEventHandlerDelegateProxy.Callback(Object sender, EventArgs e)
   at System.Web.UI.Control.OnLoad(EventArgs e)
   at System.Web.UI.Control.LoadRecursive()
   at System.Web.UI.Page.ProcessRequestMain(Boolean includeStagesBeforeAsyncPoint, Boolean includeStagesAfterAsyncPoint)
   --- End of inner exception stack trace ---
   at System.Web.UI.Page.HandleError(Exception e)
   at System.Web.UI.Page.ProcessRequestMain(Boolean includeStagesBeforeAsyncPoint, Boolean includeStagesAfterAsyncPoint)
   at System.Web.UI.Page.ProcessRequest(Boolean includeStagesBeforeAsyncPoint, Boolean includeStagesAfterAsyncPoint)
   at System.Web.UI.Page.ProcessRequest()
   at System.Web.UI.Page.ProcessRequestWithNoAssert(HttpContext context)
   at System.Web.UI.Page.ProcessRequest(HttpContext context)
   at ASP.ui_page_home_aspx.ProcessRequest(HttpContext context) in c:\Windows\Microsoft.NET\Framework\v2.0.50727\Temporary ASP.NET Files\simpleservings\50605a42\75e306da\App_Web_i2zoetfv.6.cs:line 0
   at System.Web.HttpApplication.CallHandlerExecutionStep.System.Web.HttpApplication.IExecutionStep.Execute()
   at System.Web.HttpApplication.ExecuteStep(IExecutionStep step, Boolean& completedSynchronously)
2017-01-12 15:48:03,427 [ 11] INFO  AppManager [(null)] (Home.aspx) - Page Load 
SessionId: 4ajx1wjzdym1hjbcxfoxyx45
2017-01-12 15:49:53,789 [  6] INFO  AppManager [(null)] (Home.aspx) - Page Load 
SessionId: 4ajx1wjzdym1hjbcxfoxyx45
2017-01-12 15:51:13,682 [  8] INFO  AppManager [(null)] (Home.aspx) - Page Load 
SessionId: kogx2o45glkszyatcoydv545
2017-01-12 15:51:44,540 [  5] INFO  AppManager [(null)] (Home.aspx) - Page Load 
SessionId: 4ajx1wjzdym1hjbcxfoxyx45
2017-01-12 15:52:40,119 [  1] INFO  AppManager [(null)] SimpleServings started.
2017-01-12 15:52:45,615 [  6] INFO  AppManager [(null)] (landingPage.aspx) - Redirecting to Login.aspx 
Request Type: LogInOut 
SessionId: 
2017-01-12 15:52:52,008 [  6] INFO  AppManager [(null)] (Home.aspx) - Page Load 
SessionId: svvx4c55fw4juq45l3zme545
2017-01-12 16:39:08,251 [  1] INFO  AppManager [(null)] SimpleServings started.
2017-01-12 16:39:25,029 [  6] INFO  AppManager [(null)] (landingPage.aspx) - Redirecting to Login.aspx 
Request Type: LogInOut 
SessionId: 
2017-01-12 16:39:33,221 [  5] INFO  AppManager [(null)] (Home.aspx) - Page Load 
SessionId: ksefh255jb10np550o25wqij
2017-01-12 16:53:31,024 [  1] INFO  AppManager [(null)] SimpleServings started.
2017-01-12 16:53:38,463 [  6] INFO  AppManager [(null)] (Home.aspx) - Page Load 
SessionId: 4ajx1wjzdym1hjbcxfoxyx45
2017-01-12 16:53:38,463 [  8] INFO  AppManager [(null)] (Home.aspx) - Page Load 
SessionId: 4ajx1wjzdym1hjbcxfoxyx45
2017-01-12 16:53:40,357 [  8] INFO  AppManager [(null)] (landingPage.aspx) - Request from http://localhost:1949/SimpleServings/ui/page/ 
Request Type: LogInOut 
SessionId: 4ajx1wjzdym1hjbcxfoxyx45
2017-01-12 16:53:40,358 [  8] INFO  AppManager [(null)] (landingPage.aspx) - Redirecting to Login.aspx 
Request Type: LogInOut 
SessionId: 4ajx1wjzdym1hjbcxfoxyx45
2017-01-12 16:53:43,624 [  5] INFO  AppManager [(null)] (Home.aspx) - Page Load 
SessionId: 2yvymx45zqjpv53xonqegxv5
2017-01-12 17:08:42,723 [  1] INFO  AppManager [(null)] SimpleServings started.
2017-01-12 17:08:52,453 [  5] INFO  AppManager [(null)] (landingPage.aspx) - Redirecting to Login.aspx 
Request Type: LogInOut 
SessionId: 
2017-01-12 17:08:58,921 [  9] INFO  AppManager [(null)] (Home.aspx) - Page Load 
SessionId: ny0yyhm5mahizf55g4y43l55
