2017-02-17 11:38:24,342 [  1] INFO  AppManager [(null)] SimpleServings started.
2017-02-17 11:41:47,911 [  8] INFO  AppManager [(null)] (landingPage.aspx) - Redirecting to Login.aspx 
Request Type: LogInOut 
SessionId: 
2017-02-17 11:41:51,077 [  5] INFO  AppManager [(null)] (Home.aspx) - Page Load 
SessionId: zmcb5hqcucr4jfujipexvyr5
2017-02-17 15:35:52,029 [ 14] INFO  AppManager [(null)] SimpleServings started.
2017-02-17 15:35:57,824 [  5] INFO  AppManager [(null)] (Home.aspx) - Page Load 
SessionId: zmcb5hqcucr4jfujipexvyr5
2017-02-17 15:36:05,798 [  5] INFO  AppManager [(null)] (landingPage.aspx) - Request from http://localhost:1949/SimpleServings/UI/Page/ 
Request Type: LogInOut 
SessionId: zmcb5hqcucr4jfujipexvyr5
2017-02-17 15:36:05,800 [  5] INFO  AppManager [(null)] (landingPage.aspx) - Redirecting to Login.aspx 
Request Type: LogInOut 
SessionId: zmcb5hqcucr4jfujipexvyr5
2017-02-17 15:37:03,517 [  5] INFO  AppManager [(null)] (landingPage.aspx) - Request from http://localhost:1949/SimpleServings/UI/Page/SimpleServings/Menu/EditMenu.aspx?MenuID=7404 
Request Type: LogInOut 
SessionId: meqygd450gz5vf550twvwwfs
2017-02-17 15:37:03,518 [  5] INFO  AppManager [(null)] (landingPage.aspx) - Redirecting to Login.aspx 
Request Type: LogInOut 
SessionId: meqygd450gz5vf550twvwwfs
2017-02-17 15:37:03,528 [  9] INFO  AppManager [(null)] (login.aspx) - Request from http://localhost:1949/SimpleServings/UI/Page/SimpleServings/Menu/EditMenu.aspx?MenuID=7404 
SessionId: xjugcym5e5r23055zdadqoaq
2017-02-17 15:37:34,662 [  1] INFO  AppManager [(null)] SimpleServings started.
2017-02-17 15:37:38,404 [  5] INFO  AppManager [(null)] (landingPage.aspx) - Redirecting to Login.aspx 
Request Type: LogInOut 
SessionId: 
2017-02-17 15:37:46,337 [  8] INFO  AppManager [(null)] (Home.aspx) - Page Load 
SessionId: ibwed5exsvjood45ntmy1caw
2017-02-17 16:31:47,292 [  1] INFO  AppManager [(null)] SimpleServings started.
2017-02-17 16:31:53,417 [  9] INFO  AppManager [(null)] (landingPage.aspx) - Request from http://localhost:1949/SimpleServings/UI/Page/SimpleServings/Menu/EditMenu.aspx?MenuID=7404 
Request Type: LogInOut 
SessionId: ibwed5exsvjood45ntmy1caw
2017-02-17 16:31:53,418 [  9] INFO  AppManager [(null)] (landingPage.aspx) - Redirecting to Login.aspx 
Request Type: LogInOut 
SessionId: ibwed5exsvjood45ntmy1caw
2017-02-17 16:31:55,566 [  9] INFO  AppManager [(null)] (landingPage.aspx) - Redirecting to Login.aspx 
Request Type: LogInOut 
SessionId: 
2017-02-17 16:31:58,467 [  7] INFO  AppManager [(null)] (Home.aspx) - Page Load 
SessionId: 0cpwcn45dvpzrrqkppkr1nz4
2017-02-17 16:32:21,173 [  9] INFO  AppManager [(null)] (landingPage.aspx) - Request from http://localhost:1949/SimpleServings/UI/Page/SimpleServings/Menu/EditMenu.aspx?MenuID=7404 
Request Type: LogInOut 
SessionId: 0cpwcn45dvpzrrqkppkr1nz4
2017-02-17 16:32:21,174 [  9] INFO  AppManager [(null)] (landingPage.aspx) - Redirecting to Login.aspx 
Request Type: LogInOut 
SessionId: 0cpwcn45dvpzrrqkppkr1nz4
2017-02-17 16:32:21,183 [  8] INFO  AppManager [(null)] (login.aspx) - Request from http://localhost:1949/SimpleServings/UI/Page/SimpleServings/Menu/EditMenu.aspx?MenuID=7404 
SessionId: mdyijuitfuhem045cpkcmr55
2017-02-17 16:32:32,734 [  1] INFO  AppManager [(null)] SimpleServings started.
2017-02-17 16:32:35,341 [  5] INFO  AppManager [(null)] (landingPage.aspx) - Redirecting to Login.aspx 
Request Type: LogInOut 
SessionId: 
2017-02-17 16:32:41,706 [  7] INFO  AppManager [(null)] (Home.aspx) - Page Load 
SessionId: hkbo2ryihsxpdkebub3c1z55
2017-02-17 16:33:55,267 [  9] INFO  AppManager [(null)] (landingPage.aspx) - Request from http://localhost:1949/SimpleServings/UI/Page/SimpleServings/Menu/EditMenu.aspx?MenuID=7404 
Request Type: LogInOut 
SessionId: hkbo2ryihsxpdkebub3c1z55
2017-02-17 16:33:55,268 [  9] INFO  AppManager [(null)] (landingPage.aspx) - Redirecting to Login.aspx 
Request Type: LogInOut 
SessionId: hkbo2ryihsxpdkebub3c1z55
2017-02-17 16:33:55,273 [  5] INFO  AppManager [(null)] (login.aspx) - Request from http://localhost:1949/SimpleServings/UI/Page/SimpleServings/Menu/EditMenu.aspx?MenuID=7404 
SessionId: ia1mrd55qnhtuy3ngouaje45
2017-02-17 16:34:17,621 [  1] INFO  AppManager [(null)] SimpleServings started.
2017-02-17 16:34:34,087 [  6] INFO  AppManager [(null)] (landingPage.aspx) - Redirecting to Login.aspx 
Request Type: LogInOut 
SessionId: 
2017-02-17 16:34:39,801 [  7] INFO  AppManager [(null)] (Home.aspx) - Page Load 
SessionId: zdwyvxniysr4nl45yzinrzjn
2017-02-17 16:35:19,240 [  8] ERROR AppManager [(null)] SimpleServings application error: Exception of type 'System.Web.HttpUnhandledException' was thrown.
location: http://localhost:1949/SimpleServings/UI/Page/SimpleServings/Menu/EditMenu.aspx?MenuID=7404

System.Web.HttpUnhandledException: Exception of type 'System.Web.HttpUnhandledException' was thrown. ---> System.ArgumentOutOfRangeException: 'ddlContract' has a SelectedValue which is invalid because it does not exist in the list of items.
Parameter name: value
   at System.Web.UI.WebControls.ListControl.set_SelectedValue(String value)
   at SimpleServings.UI.UDC.SimpleServings.Menu.EditMenu.ddlDietType_SelectedIndexChanged(Object sender, EventArgs e) in c:\TFS\DFTA\SimpleServings\SimpleServings\SimpleServings\UI\UDC\SimpleServings\Menu\EditMenu.ascx.cs:line 426
   at System.Web.UI.WebControls.ListControl.OnSelectedIndexChanged(EventArgs e)
   at System.Web.UI.WebControls.DropDownList.RaisePostDataChangedEvent()
   at System.Web.UI.WebControls.DropDownList.System.Web.UI.IPostBackDataHandler.RaisePostDataChangedEvent()
   at System.Web.UI.Page.RaiseChangedEvents()
   at System.Web.UI.Page.ProcessRequestMain(Boolean includeStagesBeforeAsyncPoint, Boolean includeStagesAfterAsyncPoint)
   --- End of inner exception stack trace ---
   at System.Web.UI.Page.HandleError(Exception e)
   at System.Web.UI.Page.ProcessRequestMain(Boolean includeStagesBeforeAsyncPoint, Boolean includeStagesAfterAsyncPoint)
   at System.Web.UI.Page.ProcessRequest(Boolean includeStagesBeforeAsyncPoint, Boolean includeStagesAfterAsyncPoint)
   at System.Web.UI.Page.ProcessRequest()
   at System.Web.UI.Page.ProcessRequestWithNoAssert(HttpContext context)
   at System.Web.UI.Page.ProcessRequest(HttpContext context)
   at ASP.ui_page_simpleservings_menu_editmenu_aspx.ProcessRequest(HttpContext context) in c:\Windows\Microsoft.NET\Framework\v2.0.50727\Temporary ASP.NET Files\simpleservings\50605a42\75e306da\App_Web_1ifwycde.8.cs:line 0
   at System.Web.HttpApplication.CallHandlerExecutionStep.System.Web.HttpApplication.IExecutionStep.Execute()
   at System.Web.HttpApplication.ExecuteStep(IExecutionStep step, Boolean& completedSynchronously)
2017-02-17 16:50:05,310 [  1] INFO  AppManager [(null)] SimpleServings started.
2017-02-17 16:50:25,439 [ 10] INFO  AppManager [(null)] (landingPage.aspx) - Redirecting to Login.aspx 
Request Type: LogInOut 
SessionId: 
2017-02-17 16:50:30,797 [ 10] INFO  AppManager [(null)] (Home.aspx) - Page Load 
SessionId: ie1p3055uhkozr55yyelcz45
2017-02-17 16:52:04,041 [  1] INFO  AppManager [(null)] SimpleServings started.
2017-02-17 16:52:12,374 [ 10] INFO  AppManager [(null)] (landingPage.aspx) - Request from http://localhost:1949/SimpleServings/UI/Page/SimpleServings/Menu/EditMenu.aspx?MenuID=7404 
Request Type: LogInOut 
SessionId: ie1p3055uhkozr55yyelcz45
2017-02-17 16:52:12,375 [ 10] INFO  AppManager [(null)] (landingPage.aspx) - Redirecting to Login.aspx 
Request Type: LogInOut 
SessionId: ie1p3055uhkozr55yyelcz45
2017-02-17 16:52:14,078 [ 10] INFO  AppManager [(null)] (landingPage.aspx) - Redirecting to Login.aspx 
Request Type: LogInOut 
SessionId: 
2017-02-17 16:52:16,540 [  8] INFO  AppManager [(null)] (Home.aspx) - Page Load 
SessionId: hmaxit55liwnsi45v5mbxy45
2017-02-17 16:53:05,686 [  5] INFO  AppManager [(null)] (Home.aspx) - Page Load 
SessionId: qvges4resub3nb555n3i4145
2017-02-17 16:53:06,791 [  5] INFO  AppManager [(null)] (landingPage.aspx) - Request from http://localhost:1949/SimpleServings/UI/Page/ 
Request Type: LogInOut 
SessionId: 5zu0oc555reqts45m3alzfeg
2017-02-17 16:53:06,791 [  5] INFO  AppManager [(null)] (landingPage.aspx) - Redirecting to Login.aspx 
Request Type: LogInOut 
SessionId: 5zu0oc555reqts45m3alzfeg
2017-02-17 16:53:06,797 [  8] INFO  AppManager [(null)] (login.aspx) - Request from http://localhost:1949/SimpleServings/UI/Page/ 
SessionId: bwjod5ise5ll5345s4qglyfg
2017-02-17 16:53:09,559 [  8] INFO  AppManager [(null)] (landingPage.aspx) - Clearing Session 
Request Type:  
SessionId: k0z2zo55ndaownjn3d42spjh
2017-02-17 16:53:09,569 [  5] INFO  AppManager [(null)] (landingPage.aspx) - New Session 
Request Type:  
SessionId: n3y4ao55rxxbub550wii4055
2017-02-17 16:53:09,585 [ 10] INFO  AppManager [(null)] (login.aspx) - (cvais7773) - Login successful 
SessionId: cvo1jp55rp1fym453rokx4b2
2017-02-17 16:53:09,591 [  5] INFO  AppManager [(null)] (Home.aspx) - Page Load 
SessionId: n3y4ao55rxxbub550wii4055
2017-02-17 16:56:14,370 [  5] ERROR AppManager [(null)] SimpleServings application error: Exception of type 'System.Web.HttpUnhandledException' was thrown.
location: http://localhost:1949/SimpleServings/UI/Page/SimpleServings/Menu/EditMenu.aspx?MenuID=7404

System.Web.HttpUnhandledException: Exception of type 'System.Web.HttpUnhandledException' was thrown. ---> System.ArgumentOutOfRangeException: 'ddlContract' has a SelectedValue which is invalid because it does not exist in the list of items.
Parameter name: value
   at System.Web.UI.WebControls.ListControl.set_SelectedValue(String value)
   at SimpleServings.UI.UDC.SimpleServings.Menu.EditMenu.ddlDietType_SelectedIndexChanged(Object sender, EventArgs e) in c:\TFS\DFTA\SimpleServings\SimpleServings\SimpleServings\UI\UDC\SimpleServings\Menu\EditMenu.ascx.cs:line 428
   at System.Web.UI.WebControls.ListControl.OnSelectedIndexChanged(EventArgs e)
   at System.Web.UI.WebControls.DropDownList.RaisePostDataChangedEvent()
   at System.Web.UI.WebControls.DropDownList.System.Web.UI.IPostBackDataHandler.RaisePostDataChangedEvent()
   at System.Web.UI.Page.RaiseChangedEvents()
   at System.Web.UI.Page.ProcessRequestMain(Boolean includeStagesBeforeAsyncPoint, Boolean includeStagesAfterAsyncPoint)
   --- End of inner exception stack trace ---
   at System.Web.UI.Page.HandleError(Exception e)
   at System.Web.UI.Page.ProcessRequestMain(Boolean includeStagesBeforeAsyncPoint, Boolean includeStagesAfterAsyncPoint)
   at System.Web.UI.Page.ProcessRequest(Boolean includeStagesBeforeAsyncPoint, Boolean includeStagesAfterAsyncPoint)
   at System.Web.UI.Page.ProcessRequest()
   at System.Web.UI.Page.ProcessRequestWithNoAssert(HttpContext context)
   at System.Web.UI.Page.ProcessRequest(HttpContext context)
   at ASP.ui_page_simpleservings_menu_editmenu_aspx.ProcessRequest(HttpContext context) in c:\Windows\Microsoft.NET\Framework\v2.0.50727\Temporary ASP.NET Files\simpleservings\50605a42\75e306da\App_Web_weyds5uj.13.cs:line 0
   at System.Web.HttpApplication.CallHandlerExecutionStep.System.Web.HttpApplication.IExecutionStep.Execute()
   at System.Web.HttpApplication.ExecuteStep(IExecutionStep step, Boolean& completedSynchronously)
2017-02-17 16:56:36,726 [ 10] ERROR AppManager [(null)] SimpleServings application error: Exception of type 'System.Web.HttpUnhandledException' was thrown.
location: http://localhost:1949/SimpleServings/UI/Page/SimpleServings/Menu/EditMenu.aspx?MenuID=7404

System.Web.HttpUnhandledException: Exception of type 'System.Web.HttpUnhandledException' was thrown. ---> System.ArgumentOutOfRangeException: 'ddlContract' has a SelectedValue which is invalid because it does not exist in the list of items.
Parameter name: value
   at System.Web.UI.WebControls.ListControl.set_SelectedValue(String value)
   at SimpleServings.UI.UDC.SimpleServings.Menu.EditMenu.ddlDietType_SelectedIndexChanged(Object sender, EventArgs e) in c:\TFS\DFTA\SimpleServings\SimpleServings\SimpleServings\UI\UDC\SimpleServings\Menu\EditMenu.ascx.cs:line 428
   at System.Web.UI.WebControls.ListControl.OnSelectedIndexChanged(EventArgs e)
   at System.Web.UI.WebControls.DropDownList.RaisePostDataChangedEvent()
   at System.Web.UI.WebControls.DropDownList.System.Web.UI.IPostBackDataHandler.RaisePostDataChangedEvent()
   at System.Web.UI.Page.RaiseChangedEvents()
   at System.Web.UI.Page.ProcessRequestMain(Boolean includeStagesBeforeAsyncPoint, Boolean includeStagesAfterAsyncPoint)
   --- End of inner exception stack trace ---
   at System.Web.UI.Page.HandleError(Exception e)
   at System.Web.UI.Page.ProcessRequestMain(Boolean includeStagesBeforeAsyncPoint, Boolean includeStagesAfterAsyncPoint)
   at System.Web.UI.Page.ProcessRequest(Boolean includeStagesBeforeAsyncPoint, Boolean includeStagesAfterAsyncPoint)
   at System.Web.UI.Page.ProcessRequest()
   at System.Web.UI.Page.ProcessRequestWithNoAssert(HttpContext context)
   at System.Web.UI.Page.ProcessRequest(HttpContext context)
   at ASP.ui_page_simpleservings_menu_editmenu_aspx.ProcessRequest(HttpContext context) in c:\Windows\Microsoft.NET\Framework\v2.0.50727\Temporary ASP.NET Files\simpleservings\50605a42\75e306da\App_Web_weyds5uj.13.cs:line 0
   at System.Web.HttpApplication.CallHandlerExecutionStep.System.Web.HttpApplication.IExecutionStep.Execute()
   at System.Web.HttpApplication.ExecuteStep(IExecutionStep step, Boolean& completedSynchronously)
2017-02-17 16:57:11,453 [ 10] INFO  AppManager [(null)] (Home.aspx) - Page Load 
SessionId: n3y4ao55rxxbub550wii4055
2017-02-17 16:57:12,703 [ 10] INFO  AppManager [(null)] (landingPage.aspx) - Request from http://localhost:1949/SimpleServings/UI/Page/ 
Request Type: LogInOut 
SessionId: n3y4ao55rxxbub550wii4055
2017-02-17 16:57:12,704 [ 10] INFO  AppManager [(null)] (landingPage.aspx) - Redirecting to Login.aspx 
Request Type: LogInOut 
SessionId: n3y4ao55rxxbub550wii4055
2017-02-17 16:57:12,710 [  5] INFO  AppManager [(null)] (login.aspx) - Request from http://localhost:1949/SimpleServings/UI/Page/ 
SessionId: yar3gc55l1fwqc55r24xfr45
2017-02-17 16:57:14,970 [  8] INFO  AppManager [(null)] (landingPage.aspx) - Clearing Session 
Request Type:  
SessionId: hw0ypxrpg5hrgzzcfs2wg455
2017-02-17 16:57:14,984 [  8] INFO  AppManager [(null)] (landingPage.aspx) - New Session 
Request Type:  
SessionId: fl1yeg45udzalnv4akz42j45
2017-02-17 16:57:15,011 [  5] INFO  AppManager [(null)] (login.aspx) - (cvais7773) - Login successful 
SessionId: 2eutiz45lexwty45yjxhul55
2017-02-17 16:57:15,019 [  8] INFO  AppManager [(null)] (Home.aspx) - Page Load 
SessionId: fl1yeg45udzalnv4akz42j45
2017-02-17 16:57:21,135 [  9] INFO  AppManager [(null)] (landingPage.aspx) - Request from http://localhost:1949/SimpleServings/UI/Page/Home.aspx 
Request Type: LogInOut 
SessionId: fl1yeg45udzalnv4akz42j45
2017-02-17 16:57:21,136 [  9] INFO  AppManager [(null)] (landingPage.aspx) - Redirecting to Login.aspx 
Request Type: LogInOut 
SessionId: fl1yeg45udzalnv4akz42j45
2017-02-17 16:57:21,142 [  5] INFO  AppManager [(null)] (login.aspx) - Request from http://localhost:1949/SimpleServings/UI/Page/Home.aspx 
SessionId: cyrsvp453jlnfk45qkpagrjc
2017-02-17 16:57:23,552 [ 10] INFO  AppManager [(null)] (landingPage.aspx) - Clearing Session 
Request Type:  
SessionId: bofm3rixmtqdi1raswj1r23s
2017-02-17 16:57:23,565 [  9] INFO  AppManager [(null)] (landingPage.aspx) - New Session 
Request Type:  
SessionId: xqbixizi35ksdk45gl5aleyn
2017-02-17 16:57:23,571 [  5] INFO  AppManager [(null)] (login.aspx) - (cvais7773) - Login successful 
SessionId: k22ooh55x1f11w4500iqpsej
2017-02-17 16:57:23,579 [  5] INFO  AppManager [(null)] (Home.aspx) - Page Load 
SessionId: xqbixizi35ksdk45gl5aleyn
2017-02-17 16:59:01,063 [  6] INFO  AppManager [(null)] SimpleServings started.
2017-02-17 16:59:07,072 [  5] INFO  AppManager [(null)] (landingPage.aspx) - Request from http://localhost:1949/SimpleServings/UI/Page/SimpleServings/Menu/EditMenu.aspx?MenuID=7404 
Request Type: LogInOut 
SessionId: xqbixizi35ksdk45gl5aleyn
2017-02-17 16:59:07,073 [  5] INFO  AppManager [(null)] (landingPage.aspx) - Redirecting to Login.aspx 
Request Type: LogInOut 
SessionId: xqbixizi35ksdk45gl5aleyn
2017-02-17 16:59:07,074 [  9] INFO  AppManager [(null)] (Home.aspx) - Page Load 
SessionId: xqbixizi35ksdk45gl5aleyn
2017-02-17 16:59:08,209 [  5] INFO  AppManager [(null)] (landingPage.aspx) - Request from http://localhost:1949/SimpleServings/UI/Page/ 
Request Type: LogInOut 
SessionId: xqbixizi35ksdk45gl5aleyn
2017-02-17 16:59:08,209 [  5] INFO  AppManager [(null)] (landingPage.aspx) - Redirecting to Login.aspx 
Request Type: LogInOut 
SessionId: xqbixizi35ksdk45gl5aleyn
2017-02-17 16:59:10,587 [ 10] INFO  AppManager [(null)] (Home.aspx) - Page Load 
SessionId: zpak4wbkz03asd55rjr3fwza
2017-02-17 17:00:19,514 [  8] INFO  AppManager [(null)] (landingPage.aspx) - Request from http://localhost:1949/SimpleServings/UI/Page/SimpleServings/Menu/EditMenu.aspx?MenuID=7404 
Request Type: LogInOut 
SessionId: zpak4wbkz03asd55rjr3fwza
2017-02-17 17:00:19,515 [  8] INFO  AppManager [(null)] (landingPage.aspx) - Redirecting to Login.aspx 
Request Type: LogInOut 
SessionId: zpak4wbkz03asd55rjr3fwza
2017-02-17 17:00:19,524 [  8] INFO  AppManager [(null)] (login.aspx) - Request from http://localhost:1949/SimpleServings/UI/Page/SimpleServings/Menu/EditMenu.aspx?MenuID=7404 
SessionId: zad1eo55nzxftx55wj5cec55
2017-02-17 17:00:54,585 [ 13] INFO  AppManager [(null)] SimpleServings started.
2017-02-17 17:01:01,434 [  9] INFO  AppManager [(null)] (landingPage.aspx) - Redirecting to Login.aspx 
Request Type: LogInOut 
SessionId: 
2017-02-17 17:01:03,745 [ 10] INFO  AppManager [(null)] (Home.aspx) - Page Load 
SessionId: o5nrqc55uswun3rvue4yfz45
2017-02-17 17:01:49,805 [  1] INFO  AppManager [(null)] SimpleServings started.
2017-02-17 17:01:52,568 [  5] INFO  AppManager [(null)] (landingPage.aspx) - Redirecting to Login.aspx 
Request Type: LogInOut 
SessionId: 
2017-02-17 17:01:59,034 [  7] INFO  AppManager [(null)] (Home.aspx) - Page Load 
SessionId: q20v4u45h42wm3a0kzdttojr
2017-02-17 17:05:13,666 [ 11] INFO  AppManager [(null)] SimpleServings started.
2017-02-17 17:05:19,563 [  7] INFO  AppManager [(null)] (landingPage.aspx) - Request from http://localhost:1949/SimpleServings/UI/Page/SimpleServings/Menu/EditMenu.aspx?MenuID=7404 
Request Type: LogInOut 
SessionId: q20v4u45h42wm3a0kzdttojr
2017-02-17 17:05:19,564 [  7] INFO  AppManager [(null)] (landingPage.aspx) - Redirecting to Login.aspx 
Request Type: LogInOut 
SessionId: q20v4u45h42wm3a0kzdttojr
2017-02-17 17:05:19,604 [  5] INFO  AppManager [(null)] (Home.aspx) - Page Load 
SessionId: o5nrqc55uswun3rvue4yfz45
2017-02-17 17:05:20,952 [  7] INFO  AppManager [(null)] (landingPage.aspx) - Request from http://localhost:1949/SimpleServings/UI/Page/ 
Request Type: LogInOut 
SessionId: o5nrqc55uswun3rvue4yfz45
2017-02-17 17:05:20,953 [  7] INFO  AppManager [(null)] (landingPage.aspx) - Redirecting to Login.aspx 
Request Type: LogInOut 
SessionId: o5nrqc55uswun3rvue4yfz45
2017-02-17 17:05:23,454 [  9] INFO  AppManager [(null)] (Home.aspx) - Page Load 
SessionId: qv04pzqqqd3charad2bq5y2r
2017-02-17 17:08:25,254 [ 12] INFO  AppManager [(null)] SimpleServings started.
2017-02-17 17:08:31,061 [  5] INFO  AppManager [(null)] (landingPage.aspx) - Request from http://localhost:1949/SimpleServings/UI/Page/SimpleServings/Menu/EditMenu.aspx?MenuID=7404 
Request Type: LogInOut 
SessionId: qv04pzqqqd3charad2bq5y2r
2017-02-17 17:08:31,062 [  5] INFO  AppManager [(null)] (landingPage.aspx) - Redirecting to Login.aspx 
Request Type: LogInOut 
SessionId: qv04pzqqqd3charad2bq5y2r
2017-02-17 17:08:59,583 [  7] INFO  AppManager [(null)] (Home.aspx) - Page Load 
SessionId: 2eqjxqnfkhbgvzqkdwcxnk55
2017-02-17 17:10:12,579 [  7] INFO  AppManager [(null)] (landingPage.aspx) - Request from http://localhost:1949/SimpleServings/UI/Page/SimpleServings/Menu/EditMenu.aspx?MenuID=7404 
Request Type: LogInOut 
SessionId: 2eqjxqnfkhbgvzqkdwcxnk55
2017-02-17 17:10:12,580 [  7] INFO  AppManager [(null)] (landingPage.aspx) - Redirecting to Login.aspx 
Request Type: LogInOut 
SessionId: 2eqjxqnfkhbgvzqkdwcxnk55
2017-02-17 17:10:12,588 [  7] INFO  AppManager [(null)] (login.aspx) - Request from http://localhost:1949/SimpleServings/UI/Page/SimpleServings/Menu/EditMenu.aspx?MenuID=7404 
SessionId: 5uqyqf55stz0e055ubtiw521
2017-02-17 17:10:19,356 [  1] INFO  AppManager [(null)] SimpleServings started.
2017-02-17 17:10:21,968 [  5] INFO  AppManager [(null)] (landingPage.aspx) - Redirecting to Login.aspx 
Request Type: LogInOut 
SessionId: 
2017-02-17 17:10:28,054 [  5] INFO  AppManager [(null)] (Home.aspx) - Page Load 
SessionId: ddi1xk55wbpjf2vfplwinfmt
2017-02-17 17:29:00,857 [  5] INFO  AppManager [(null)] (landingPage.aspx) - Request from http://localhost:1949/SimpleServings/UI/Page/SimpleServings/Menu/ViewMenu.aspx?MenuID=7404 
Request Type: LogInOut 
SessionId: ddi1xk55wbpjf2vfplwinfmt
2017-02-17 17:29:00,858 [  5] INFO  AppManager [(null)] (landingPage.aspx) - Redirecting to Login.aspx 
Request Type: LogInOut 
SessionId: ddi1xk55wbpjf2vfplwinfmt
2017-02-17 17:29:00,863 [  5] INFO  AppManager [(null)] (login.aspx) - Request from http://localhost:1949/SimpleServings/UI/Page/SimpleServings/Menu/ViewMenu.aspx?MenuID=7404 
SessionId: twb5e545rjpnatmra3twem45
