2022-07-21 13:09:48,233 [  1] INFO  AppManager [(null)] SimpleServings started.
2022-07-21 13:10:46,643 [ 17] INFO  AppManager [(null)] (Home.aspx) - Page Load 
SessionId: f3e1kgommbdnhhhri3a2zavk
2022-07-21 13:10:57,300 [ 16] INFO  AppManager [(null)] (Recipe.aspx) - Request from http://localhost:1946/SimpleServings/UI/Page/Home.aspx 
SessionId: f3e1kgommbdnhhhri3a2zavk
2022-07-21 13:12:47,333 [ 14] ERROR AppManager [(null)] SimpleServings application error: Exception of type 'System.Web.HttpUnhandledException' was thrown.
location: http://localhost:1946/SimpleServings/UI/Page/SimpleServings/Recipe/AddRecipe.aspx

System.Web.HttpUnhandledException (0x80004005): Exception of type 'System.Web.HttpUnhandledException' was thrown. ---> System.InvalidOperationException: The 'Microsoft.ACE.OLEDB.12.0' provider is not registered on the local machine.
   at System.Data.OleDb.OleDbServicesWrapper.GetDataSource(OleDbConnectionString constr, DataSourceWrapper& datasrcWrapper)
   at System.Data.OleDb.OleDbConnectionInternal..ctor(OleDbConnectionString constr, OleDbConnection connection)
   at System.Data.OleDb.OleDbConnectionFactory.CreateConnection(DbConnectionOptions options, DbConnectionPoolKey poolKey, Object poolGroupProviderInfo, DbConnectionPool pool, DbConnection owningObject)
   at System.Data.ProviderBase.DbConnectionFactory.CreateConnection(DbConnectionOptions options, DbConnectionPoolKey poolKey, Object poolGroupProviderInfo, DbConnectionPool pool, DbConnection owningConnection, DbConnectionOptions userOptions)
   at System.Data.ProviderBase.DbConnectionFactory.CreateNonPooledConnection(DbConnection owningConnection, DbConnectionPoolGroup poolGroup, DbConnectionOptions userOptions)
   at System.Data.ProviderBase.DbConnectionFactory.TryGetConnection(DbConnection owningConnection, TaskCompletionSource`1 retry, DbConnectionOptions userOptions, DbConnectionInternal oldConnection, DbConnectionInternal& connection)
   at System.Data.ProviderBase.DbConnectionInternal.TryOpenConnectionInternal(DbConnection outerConnection, DbConnectionFactory connectionFactory, TaskCompletionSource`1 retry, DbConnectionOptions userOptions)
   at System.Data.ProviderBase.DbConnectionClosed.TryOpenConnection(DbConnection outerConnection, DbConnectionFactory connectionFactory, TaskCompletionSource`1 retry, DbConnectionOptions userOptions)
   at System.Data.ProviderBase.DbConnectionInternal.OpenConnection(DbConnection outerConnection, DbConnectionFactory connectionFactory)
   at System.Data.OleDb.OleDbConnection.Open()
   at SimpleServings.UI.UDC.SimpleServings.Recipe.AddEditRecipeNutrition.Import_To_Grid(String FilePath, String Extension) in F:\DFTA coding\SimpleServings\SimpleServings_networkVersion_I_do\SimpleServing_Latest\NewSimple\SimpleServings\SimpleServings\UI\UDC\SimpleServings\Recipe\AddEditRecipeNutrition.ascx.cs:line 215
   at SimpleServings.UI.UDC.SimpleServings.Recipe.AddEditRecipeNutrition.btnUpload_Click(Object sender, EventArgs e) in F:\DFTA coding\SimpleServings\SimpleServings_networkVersion_I_do\SimpleServing_Latest\NewSimple\SimpleServings\SimpleServings\UI\UDC\SimpleServings\Recipe\AddEditRecipeNutrition.ascx.cs:line 171
   at System.Web.UI.WebControls.Button.OnClick(EventArgs e)
   at System.Web.UI.WebControls.Button.RaisePostBackEvent(String eventArgument)
   at System.Web.UI.WebControls.Button.System.Web.UI.IPostBackEventHandler.RaisePostBackEvent(String eventArgument)
   at System.Web.UI.Page.RaisePostBackEvent(IPostBackEventHandler sourceControl, String eventArgument)
   at System.Web.UI.Page.RaisePostBackEvent(NameValueCollection postData)
   at System.Web.UI.Page.ProcessRequestMain(Boolean includeStagesBeforeAsyncPoint, Boolean includeStagesAfterAsyncPoint)
   at System.Web.UI.Page.HandleError(Exception e)
   at System.Web.UI.Page.ProcessRequestMain(Boolean includeStagesBeforeAsyncPoint, Boolean includeStagesAfterAsyncPoint)
   at System.Web.UI.Page.ProcessRequest(Boolean includeStagesBeforeAsyncPoint, Boolean includeStagesAfterAsyncPoint)
   at System.Web.UI.Page.ProcessRequest()
   at System.Web.UI.Page.ProcessRequestWithNoAssert(HttpContext context)
   at System.Web.UI.Page.ProcessRequest(HttpContext context)
   at ASP.ui_page_simpleservings_recipe_addrecipe_aspx.ProcessRequest(HttpContext context) in c:\Users\mli\AppData\Local\Temp\Temporary ASP.NET Files\simpleservings\d8789953\4318f988\App_Web_a1rdggoj.3.cs:line 0
   at System.Web.HttpApplication.CallHandlerExecutionStep.System.Web.HttpApplication.IExecutionStep.Execute()
   at System.Web.HttpApplication.ExecuteStepImpl(IExecutionStep step)
   at System.Web.HttpApplication.ExecuteStep(IExecutionStep step, Boolean& completedSynchronously)
2022-07-21 13:27:56,933 [ 81] INFO  AppManager [(null)] (landingPage.aspx) - Clearing Session 
Request Type:  
SessionId: 1zikjdxqsa14zfra1v1012ev
2022-07-21 13:27:56,943 [ 80] INFO  AppManager [(null)] (landingPage.aspx) - New Session 
Request Type:  
SessionId: vpqjujoun4hcgakppfnjglja
2022-07-21 13:27:57,679 [ 74] INFO  AppManager [(null)] (login.aspx) - (Mli) - Login successful 
SessionId: q0mgwovotb2boomacmogrlxi
2022-07-21 13:27:57,691 [ 83] INFO  AppManager [(null)] (Home.aspx) - Page Load 
SessionId: vpqjujoun4hcgakppfnjglja
2022-07-21 13:28:10,489 [ 83] ERROR AppManager [(null)] SimpleServings application error: Exception of type 'System.Web.HttpUnhandledException' was thrown.
location: http://localhost:1946/SimpleServings/UI/Page/SimpleServings/Recipe/AddRecipe.aspx

System.Web.HttpUnhandledException (0x80004005): Exception of type 'System.Web.HttpUnhandledException' was thrown. ---> System.InvalidOperationException: The 'Microsoft.ACE.OLEDB.12.0' provider is not registered on the local machine.
   at System.Data.OleDb.OleDbServicesWrapper.GetDataSource(OleDbConnectionString constr, DataSourceWrapper& datasrcWrapper)
   at System.Data.OleDb.OleDbConnectionInternal..ctor(OleDbConnectionString constr, OleDbConnection connection)
   at System.Data.OleDb.OleDbConnectionFactory.CreateConnection(DbConnectionOptions options, DbConnectionPoolKey poolKey, Object poolGroupProviderInfo, DbConnectionPool pool, DbConnection owningObject)
   at System.Data.ProviderBase.DbConnectionFactory.CreateConnection(DbConnectionOptions options, DbConnectionPoolKey poolKey, Object poolGroupProviderInfo, DbConnectionPool pool, DbConnection owningConnection, DbConnectionOptions userOptions)
   at System.Data.ProviderBase.DbConnectionFactory.CreateNonPooledConnection(DbConnection owningConnection, DbConnectionPoolGroup poolGroup, DbConnectionOptions userOptions)
   at System.Data.ProviderBase.DbConnectionFactory.TryGetConnection(DbConnection owningConnection, TaskCompletionSource`1 retry, DbConnectionOptions userOptions, DbConnectionInternal oldConnection, DbConnectionInternal& connection)
   at System.Data.ProviderBase.DbConnectionInternal.TryOpenConnectionInternal(DbConnection outerConnection, DbConnectionFactory connectionFactory, TaskCompletionSource`1 retry, DbConnectionOptions userOptions)
   at System.Data.ProviderBase.DbConnectionClosed.TryOpenConnection(DbConnection outerConnection, DbConnectionFactory connectionFactory, TaskCompletionSource`1 retry, DbConnectionOptions userOptions)
   at System.Data.ProviderBase.DbConnectionInternal.OpenConnection(DbConnection outerConnection, DbConnectionFactory connectionFactory)
   at System.Data.OleDb.OleDbConnection.Open()
   at SimpleServings.UI.UDC.SimpleServings.Recipe.AddEditRecipeNutrition.Import_To_Grid(String FilePath, String Extension) in F:\DFTA coding\SimpleServings\SimpleServings_networkVersion_I_do\SimpleServing_Latest\NewSimple\SimpleServings\SimpleServings\UI\UDC\SimpleServings\Recipe\AddEditRecipeNutrition.ascx.cs:line 215
   at SimpleServings.UI.UDC.SimpleServings.Recipe.AddEditRecipeNutrition.btnUpload_Click(Object sender, EventArgs e) in F:\DFTA coding\SimpleServings\SimpleServings_networkVersion_I_do\SimpleServing_Latest\NewSimple\SimpleServings\SimpleServings\UI\UDC\SimpleServings\Recipe\AddEditRecipeNutrition.ascx.cs:line 171
   at System.Web.UI.WebControls.Button.OnClick(EventArgs e)
   at System.Web.UI.WebControls.Button.RaisePostBackEvent(String eventArgument)
   at System.Web.UI.WebControls.Button.System.Web.UI.IPostBackEventHandler.RaisePostBackEvent(String eventArgument)
   at System.Web.UI.Page.RaisePostBackEvent(IPostBackEventHandler sourceControl, String eventArgument)
   at System.Web.UI.Page.RaisePostBackEvent(NameValueCollection postData)
   at System.Web.UI.Page.ProcessRequestMain(Boolean includeStagesBeforeAsyncPoint, Boolean includeStagesAfterAsyncPoint)
   at System.Web.UI.Page.HandleError(Exception e)
   at System.Web.UI.Page.ProcessRequestMain(Boolean includeStagesBeforeAsyncPoint, Boolean includeStagesAfterAsyncPoint)
   at System.Web.UI.Page.ProcessRequest(Boolean includeStagesBeforeAsyncPoint, Boolean includeStagesAfterAsyncPoint)
   at System.Web.UI.Page.ProcessRequest()
   at System.Web.UI.Page.ProcessRequestWithNoAssert(HttpContext context)
   at System.Web.UI.Page.ProcessRequest(HttpContext context)
   at ASP.ui_page_simpleservings_recipe_addrecipe_aspx.ProcessRequest(HttpContext context) in c:\Users\mli\AppData\Local\Temp\Temporary ASP.NET Files\simpleservings\d8789953\4318f988\App_Web_a1rdggoj.3.cs:line 0
   at System.Web.HttpApplication.CallHandlerExecutionStep.System.Web.HttpApplication.IExecutionStep.Execute()
   at System.Web.HttpApplication.ExecuteStepImpl(IExecutionStep step)
   at System.Web.HttpApplication.ExecuteStep(IExecutionStep step, Boolean& completedSynchronously)
2022-07-21 13:51:48,176 [  1] INFO  AppManager [(null)] SimpleServings started.
2022-07-21 13:52:01,497 [  9] INFO  AppManager [(null)] (Home.aspx) - Page Load 
SessionId: ql2keiqtwuk2lgoqtbcypvm4
2022-07-21 13:54:38,794 [  8] ERROR AppManager [(null)] SimpleServings application error: Exception of type 'System.Web.HttpUnhandledException' was thrown.
location: http://localhost:1946/SimpleServings/UI/Page/SimpleServings/Recipe/AddRecipe.aspx

System.Web.HttpUnhandledException (0x80004005): Exception of type 'System.Web.HttpUnhandledException' was thrown. ---> System.InvalidOperationException: The 'Microsoft.ACE.OLEDB.12.0' provider is not registered on the local machine.
   at System.Data.OleDb.OleDbServicesWrapper.GetDataSource(OleDbConnectionString constr, DataSourceWrapper& datasrcWrapper)
   at System.Data.OleDb.OleDbConnectionInternal..ctor(OleDbConnectionString constr, OleDbConnection connection)
   at System.Data.OleDb.OleDbConnectionFactory.CreateConnection(DbConnectionOptions options, DbConnectionPoolKey poolKey, Object poolGroupProviderInfo, DbConnectionPool pool, DbConnection owningObject)
   at System.Data.ProviderBase.DbConnectionFactory.CreateConnection(DbConnectionOptions options, DbConnectionPoolKey poolKey, Object poolGroupProviderInfo, DbConnectionPool pool, DbConnection owningConnection, DbConnectionOptions userOptions)
   at System.Data.ProviderBase.DbConnectionFactory.CreateNonPooledConnection(DbConnection owningConnection, DbConnectionPoolGroup poolGroup, DbConnectionOptions userOptions)
   at System.Data.ProviderBase.DbConnectionFactory.TryGetConnection(DbConnection owningConnection, TaskCompletionSource`1 retry, DbConnectionOptions userOptions, DbConnectionInternal oldConnection, DbConnectionInternal& connection)
   at System.Data.ProviderBase.DbConnectionInternal.TryOpenConnectionInternal(DbConnection outerConnection, DbConnectionFactory connectionFactory, TaskCompletionSource`1 retry, DbConnectionOptions userOptions)
   at System.Data.ProviderBase.DbConnectionClosed.TryOpenConnection(DbConnection outerConnection, DbConnectionFactory connectionFactory, TaskCompletionSource`1 retry, DbConnectionOptions userOptions)
   at System.Data.ProviderBase.DbConnectionInternal.OpenConnection(DbConnection outerConnection, DbConnectionFactory connectionFactory)
   at System.Data.OleDb.OleDbConnection.Open()
   at SimpleServings.UI.UDC.SimpleServings.Recipe.AddEditRecipeNutrition.Import_To_Grid(String FilePath, String Extension) in F:\DFTA coding\SimpleServings\SimpleServings_networkVersion_I_do\SimpleServing_Latest\NewSimple\SimpleServings\SimpleServings\UI\UDC\SimpleServings\Recipe\AddEditRecipeNutrition.ascx.cs:line 215
   at SimpleServings.UI.UDC.SimpleServings.Recipe.AddEditRecipeNutrition.btnUpload_Click(Object sender, EventArgs e) in F:\DFTA coding\SimpleServings\SimpleServings_networkVersion_I_do\SimpleServing_Latest\NewSimple\SimpleServings\SimpleServings\UI\UDC\SimpleServings\Recipe\AddEditRecipeNutrition.ascx.cs:line 171
   at System.Web.UI.WebControls.Button.OnClick(EventArgs e)
   at System.Web.UI.WebControls.Button.RaisePostBackEvent(String eventArgument)
   at System.Web.UI.WebControls.Button.System.Web.UI.IPostBackEventHandler.RaisePostBackEvent(String eventArgument)
   at System.Web.UI.Page.RaisePostBackEvent(IPostBackEventHandler sourceControl, String eventArgument)
   at System.Web.UI.Page.RaisePostBackEvent(NameValueCollection postData)
   at System.Web.UI.Page.ProcessRequestMain(Boolean includeStagesBeforeAsyncPoint, Boolean includeStagesAfterAsyncPoint)
   at System.Web.UI.Page.HandleError(Exception e)
   at System.Web.UI.Page.ProcessRequestMain(Boolean includeStagesBeforeAsyncPoint, Boolean includeStagesAfterAsyncPoint)
   at System.Web.UI.Page.ProcessRequest(Boolean includeStagesBeforeAsyncPoint, Boolean includeStagesAfterAsyncPoint)
   at System.Web.UI.Page.ProcessRequest()
   at System.Web.UI.Page.ProcessRequestWithNoAssert(HttpContext context)
   at System.Web.UI.Page.ProcessRequest(HttpContext context)
   at ASP.ui_page_simpleservings_recipe_addrecipe_aspx.ProcessRequest(HttpContext context) in c:\Users\mli\AppData\Local\Temp\Temporary ASP.NET Files\simpleservings\d8789953\4318f988\App_Web_a1rdggoj.3.cs:line 0
   at System.Web.HttpApplication.CallHandlerExecutionStep.System.Web.HttpApplication.IExecutionStep.Execute()
   at System.Web.HttpApplication.ExecuteStepImpl(IExecutionStep step)
   at System.Web.HttpApplication.ExecuteStep(IExecutionStep step, Boolean& completedSynchronously)
2022-07-21 13:56:56,089 [ 41] INFO  AppManager [(null)] (landingPage.aspx) - Clearing Session 
Request Type:  
SessionId: 1x0twzj0m5dnosdzvtl1j14w
2022-07-21 13:56:56,099 [ 44] INFO  AppManager [(null)] (landingPage.aspx) - New Session 
Request Type:  
SessionId: xzmifysnpow2lg5yitifk352
2022-07-21 13:56:56,674 [ 45] INFO  AppManager [(null)] (login.aspx) - (Mli) - Login successful 
SessionId: y3j3yfffwdxklyrlzkkdfp3g
2022-07-21 13:56:56,698 [ 42] INFO  AppManager [(null)] (Home.aspx) - Page Load 
SessionId: xzmifysnpow2lg5yitifk352
2022-07-21 13:57:55,150 [ 45] ERROR AppManager [(null)] SimpleServings application error: Exception of type 'System.Web.HttpUnhandledException' was thrown.
location: http://localhost:1946/SimpleServings/UI/Page/SimpleServings/Recipe/AddRecipe.aspx

System.Web.HttpUnhandledException (0x80004005): Exception of type 'System.Web.HttpUnhandledException' was thrown. ---> System.InvalidOperationException: The 'Microsoft.ACE.OLEDB.12.0' provider is not registered on the local machine.
   at System.Data.OleDb.OleDbServicesWrapper.GetDataSource(OleDbConnectionString constr, DataSourceWrapper& datasrcWrapper)
   at System.Data.OleDb.OleDbConnectionInternal..ctor(OleDbConnectionString constr, OleDbConnection connection)
   at System.Data.OleDb.OleDbConnectionFactory.CreateConnection(DbConnectionOptions options, DbConnectionPoolKey poolKey, Object poolGroupProviderInfo, DbConnectionPool pool, DbConnection owningObject)
   at System.Data.ProviderBase.DbConnectionFactory.CreateConnection(DbConnectionOptions options, DbConnectionPoolKey poolKey, Object poolGroupProviderInfo, DbConnectionPool pool, DbConnection owningConnection, DbConnectionOptions userOptions)
   at System.Data.ProviderBase.DbConnectionFactory.CreateNonPooledConnection(DbConnection owningConnection, DbConnectionPoolGroup poolGroup, DbConnectionOptions userOptions)
   at System.Data.ProviderBase.DbConnectionFactory.TryGetConnection(DbConnection owningConnection, TaskCompletionSource`1 retry, DbConnectionOptions userOptions, DbConnectionInternal oldConnection, DbConnectionInternal& connection)
   at System.Data.ProviderBase.DbConnectionInternal.TryOpenConnectionInternal(DbConnection outerConnection, DbConnectionFactory connectionFactory, TaskCompletionSource`1 retry, DbConnectionOptions userOptions)
   at System.Data.ProviderBase.DbConnectionClosed.TryOpenConnection(DbConnection outerConnection, DbConnectionFactory connectionFactory, TaskCompletionSource`1 retry, DbConnectionOptions userOptions)
   at System.Data.ProviderBase.DbConnectionInternal.OpenConnection(DbConnection outerConnection, DbConnectionFactory connectionFactory)
   at System.Data.OleDb.OleDbConnection.Open()
   at SimpleServings.UI.UDC.SimpleServings.Recipe.AddEditRecipeNutrition.Import_To_Grid(String FilePath, String Extension) in F:\DFTA coding\SimpleServings\SimpleServings_networkVersion_I_do\SimpleServing_Latest\NewSimple\SimpleServings\SimpleServings\UI\UDC\SimpleServings\Recipe\AddEditRecipeNutrition.ascx.cs:line 215
   at SimpleServings.UI.UDC.SimpleServings.Recipe.AddEditRecipeNutrition.btnUpload_Click(Object sender, EventArgs e) in F:\DFTA coding\SimpleServings\SimpleServings_networkVersion_I_do\SimpleServing_Latest\NewSimple\SimpleServings\SimpleServings\UI\UDC\SimpleServings\Recipe\AddEditRecipeNutrition.ascx.cs:line 171
   at System.Web.UI.WebControls.Button.OnClick(EventArgs e)
   at System.Web.UI.WebControls.Button.RaisePostBackEvent(String eventArgument)
   at System.Web.UI.WebControls.Button.System.Web.UI.IPostBackEventHandler.RaisePostBackEvent(String eventArgument)
   at System.Web.UI.Page.RaisePostBackEvent(IPostBackEventHandler sourceControl, String eventArgument)
   at System.Web.UI.Page.RaisePostBackEvent(NameValueCollection postData)
   at System.Web.UI.Page.ProcessRequestMain(Boolean includeStagesBeforeAsyncPoint, Boolean includeStagesAfterAsyncPoint)
   at System.Web.UI.Page.HandleError(Exception e)
   at System.Web.UI.Page.ProcessRequestMain(Boolean includeStagesBeforeAsyncPoint, Boolean includeStagesAfterAsyncPoint)
   at System.Web.UI.Page.ProcessRequest(Boolean includeStagesBeforeAsyncPoint, Boolean includeStagesAfterAsyncPoint)
   at System.Web.UI.Page.ProcessRequest()
   at System.Web.UI.Page.ProcessRequestWithNoAssert(HttpContext context)
   at System.Web.UI.Page.ProcessRequest(HttpContext context)
   at ASP.ui_page_simpleservings_recipe_addrecipe_aspx.ProcessRequest(HttpContext context) in c:\Users\mli\AppData\Local\Temp\Temporary ASP.NET Files\simpleservings\d8789953\4318f988\App_Web_a1rdggoj.3.cs:line 0
   at System.Web.HttpApplication.CallHandlerExecutionStep.System.Web.HttpApplication.IExecutionStep.Execute()
   at System.Web.HttpApplication.ExecuteStepImpl(IExecutionStep step)
   at System.Web.HttpApplication.ExecuteStep(IExecutionStep step, Boolean& completedSynchronously)
2022-07-21 13:58:07,208 [ 41] INFO  AppManager [(null)] (landingPage.aspx) - Clearing Session 
Request Type:  
SessionId: zbr4tjyukd1tlbo4j4yr4nvj
2022-07-21 13:58:07,226 [ 58] INFO  AppManager [(null)] (landingPage.aspx) - New Session 
Request Type:  
SessionId: r4bi5k3zhtedbqg2obw4axfu
2022-07-21 13:58:07,607 [ 45] INFO  AppManager [(null)] (login.aspx) - (Mli) - Login successful 
SessionId: hmtyendjfzijwrxtvngzrvql
2022-07-21 13:58:07,631 [ 58] INFO  AppManager [(null)] (Home.aspx) - Page Load 
SessionId: r4bi5k3zhtedbqg2obw4axfu
2022-07-21 14:06:05,696 [ 41] ERROR AppManager [(null)] SimpleServings application error: Exception of type 'System.Web.HttpUnhandledException' was thrown.
location: http://localhost:1946/SimpleServings/UI/Page/SimpleServings/Recipe/AddRecipe.aspx

System.Web.HttpUnhandledException (0x80004005): Exception of type 'System.Web.HttpUnhandledException' was thrown. ---> System.InvalidOperationException: The 'Microsoft.ACE.OLEDB.12.0' provider is not registered on the local machine.
   at System.Data.OleDb.OleDbServicesWrapper.GetDataSource(OleDbConnectionString constr, DataSourceWrapper& datasrcWrapper)
   at System.Data.OleDb.OleDbConnectionInternal..ctor(OleDbConnectionString constr, OleDbConnection connection)
   at System.Data.OleDb.OleDbConnectionFactory.CreateConnection(DbConnectionOptions options, DbConnectionPoolKey poolKey, Object poolGroupProviderInfo, DbConnectionPool pool, DbConnection owningObject)
   at System.Data.ProviderBase.DbConnectionFactory.CreateConnection(DbConnectionOptions options, DbConnectionPoolKey poolKey, Object poolGroupProviderInfo, DbConnectionPool pool, DbConnection owningConnection, DbConnectionOptions userOptions)
   at System.Data.ProviderBase.DbConnectionFactory.CreateNonPooledConnection(DbConnection owningConnection, DbConnectionPoolGroup poolGroup, DbConnectionOptions userOptions)
   at System.Data.ProviderBase.DbConnectionFactory.TryGetConnection(DbConnection owningConnection, TaskCompletionSource`1 retry, DbConnectionOptions userOptions, DbConnectionInternal oldConnection, DbConnectionInternal& connection)
   at System.Data.ProviderBase.DbConnectionInternal.TryOpenConnectionInternal(DbConnection outerConnection, DbConnectionFactory connectionFactory, TaskCompletionSource`1 retry, DbConnectionOptions userOptions)
   at System.Data.ProviderBase.DbConnectionClosed.TryOpenConnection(DbConnection outerConnection, DbConnectionFactory connectionFactory, TaskCompletionSource`1 retry, DbConnectionOptions userOptions)
   at System.Data.ProviderBase.DbConnectionInternal.OpenConnection(DbConnection outerConnection, DbConnectionFactory connectionFactory)
   at System.Data.OleDb.OleDbConnection.Open()
   at SimpleServings.UI.UDC.SimpleServings.Recipe.AddEditRecipeNutrition.Import_To_Grid(String FilePath, String Extension) in F:\DFTA coding\SimpleServings\SimpleServings_networkVersion_I_do\SimpleServing_Latest\NewSimple\SimpleServings\SimpleServings\UI\UDC\SimpleServings\Recipe\AddEditRecipeNutrition.ascx.cs:line 215
   at SimpleServings.UI.UDC.SimpleServings.Recipe.AddEditRecipeNutrition.btnUpload_Click(Object sender, EventArgs e) in F:\DFTA coding\SimpleServings\SimpleServings_networkVersion_I_do\SimpleServing_Latest\NewSimple\SimpleServings\SimpleServings\UI\UDC\SimpleServings\Recipe\AddEditRecipeNutrition.ascx.cs:line 171
   at System.Web.UI.WebControls.Button.OnClick(EventArgs e)
   at System.Web.UI.WebControls.Button.RaisePostBackEvent(String eventArgument)
   at System.Web.UI.WebControls.Button.System.Web.UI.IPostBackEventHandler.RaisePostBackEvent(String eventArgument)
   at System.Web.UI.Page.RaisePostBackEvent(IPostBackEventHandler sourceControl, String eventArgument)
   at System.Web.UI.Page.RaisePostBackEvent(NameValueCollection postData)
   at System.Web.UI.Page.ProcessRequestMain(Boolean includeStagesBeforeAsyncPoint, Boolean includeStagesAfterAsyncPoint)
   at System.Web.UI.Page.HandleError(Exception e)
   at System.Web.UI.Page.ProcessRequestMain(Boolean includeStagesBeforeAsyncPoint, Boolean includeStagesAfterAsyncPoint)
   at System.Web.UI.Page.ProcessRequest(Boolean includeStagesBeforeAsyncPoint, Boolean includeStagesAfterAsyncPoint)
   at System.Web.UI.Page.ProcessRequest()
   at System.Web.UI.Page.ProcessRequestWithNoAssert(HttpContext context)
   at System.Web.UI.Page.ProcessRequest(HttpContext context)
   at ASP.ui_page_simpleservings_recipe_addrecipe_aspx.ProcessRequest(HttpContext context) in c:\Users\mli\AppData\Local\Temp\Temporary ASP.NET Files\simpleservings\d8789953\4318f988\App_Web_a1rdggoj.3.cs:line 0
   at System.Web.HttpApplication.CallHandlerExecutionStep.System.Web.HttpApplication.IExecutionStep.Execute()
   at System.Web.HttpApplication.ExecuteStepImpl(IExecutionStep step)
   at System.Web.HttpApplication.ExecuteStep(IExecutionStep step, Boolean& completedSynchronously)
2022-07-21 14:06:19,740 [ 87] INFO  AppManager [(null)] SimpleServings started.
2022-07-21 14:06:48,815 [ 78] INFO  AppManager [(null)] (Home.aspx) - Page Load 
SessionId: 2xgfxflpcqajbqymk4ll5urc
2022-07-21 14:10:47,338 [ 70] INFO  AppManager [(null)] (landingPage.aspx) - Clearing Session 
Request Type:  
SessionId: t1kbhi5nicyztyik0ixf0qvl
2022-07-21 14:10:47,344 [ 84] INFO  AppManager [(null)] (landingPage.aspx) - New Session 
Request Type:  
SessionId: cw4fsfhinq51gfi3fdqbhjt2
2022-07-21 14:10:47,564 [ 79] ERROR AppManager [(null)] btnLogin_Click failed: Incorrect username and/or password.
2022-07-21 14:11:08,617 [ 82] INFO  AppManager [(null)] (landingPage.aspx) - Clearing Session 
Request Type:  
SessionId: cw4fsfhinq51gfi3fdqbhjt2
2022-07-21 14:11:08,623 [ 58] INFO  AppManager [(null)] (landingPage.aspx) - New Session 
Request Type:  
SessionId: sbuegfro4nqvt11bqgtwatuu
2022-07-21 14:11:09,129 [ 74] INFO  AppManager [(null)] (login.aspx) - (Mli) - Login successful 
SessionId: ry3mfq3d4e0wxc2ftin4hg0q
2022-07-21 14:11:09,133 [ 41] INFO  AppManager [(null)] (Home.aspx) - Page Load 
SessionId: sbuegfro4nqvt11bqgtwatuu
2022-07-21 14:11:30,781 [ 56] ERROR AppManager [(null)] SimpleServings application error: Exception of type 'System.Web.HttpUnhandledException' was thrown.
location: http://localhost:1946/SimpleServings/UI/Page/SimpleServings/Recipe/AddRecipe.aspx

System.Web.HttpUnhandledException (0x80004005): Exception of type 'System.Web.HttpUnhandledException' was thrown. ---> System.InvalidOperationException: The 'Microsoft.ACE.OLEDB.12.0' provider is not registered on the local machine.
   at System.Data.OleDb.OleDbServicesWrapper.GetDataSource(OleDbConnectionString constr, DataSourceWrapper& datasrcWrapper)
   at System.Data.OleDb.OleDbConnectionInternal..ctor(OleDbConnectionString constr, OleDbConnection connection)
   at System.Data.OleDb.OleDbConnectionFactory.CreateConnection(DbConnectionOptions options, DbConnectionPoolKey poolKey, Object poolGroupProviderInfo, DbConnectionPool pool, DbConnection owningObject)
   at System.Data.ProviderBase.DbConnectionFactory.CreateConnection(DbConnectionOptions options, DbConnectionPoolKey poolKey, Object poolGroupProviderInfo, DbConnectionPool pool, DbConnection owningConnection, DbConnectionOptions userOptions)
   at System.Data.ProviderBase.DbConnectionFactory.CreateNonPooledConnection(DbConnection owningConnection, DbConnectionPoolGroup poolGroup, DbConnectionOptions userOptions)
   at System.Data.ProviderBase.DbConnectionFactory.TryGetConnection(DbConnection owningConnection, TaskCompletionSource`1 retry, DbConnectionOptions userOptions, DbConnectionInternal oldConnection, DbConnectionInternal& connection)
   at System.Data.ProviderBase.DbConnectionInternal.TryOpenConnectionInternal(DbConnection outerConnection, DbConnectionFactory connectionFactory, TaskCompletionSource`1 retry, DbConnectionOptions userOptions)
   at System.Data.ProviderBase.DbConnectionClosed.TryOpenConnection(DbConnection outerConnection, DbConnectionFactory connectionFactory, TaskCompletionSource`1 retry, DbConnectionOptions userOptions)
   at System.Data.ProviderBase.DbConnectionInternal.OpenConnection(DbConnection outerConnection, DbConnectionFactory connectionFactory)
   at System.Data.OleDb.OleDbConnection.Open()
   at SimpleServings.UI.UDC.SimpleServings.Recipe.AddEditRecipeNutrition.Import_To_Grid(String FilePath, String Extension) in F:\DFTA coding\SimpleServings\SimpleServings_networkVersion_I_do\SimpleServing_Latest\NewSimple\SimpleServings\SimpleServings\UI\UDC\SimpleServings\Recipe\AddEditRecipeNutrition.ascx.cs:line 215
   at SimpleServings.UI.UDC.SimpleServings.Recipe.AddEditRecipeNutrition.btnUpload_Click(Object sender, EventArgs e) in F:\DFTA coding\SimpleServings\SimpleServings_networkVersion_I_do\SimpleServing_Latest\NewSimple\SimpleServings\SimpleServings\UI\UDC\SimpleServings\Recipe\AddEditRecipeNutrition.ascx.cs:line 171
   at System.Web.UI.WebControls.Button.OnClick(EventArgs e)
   at System.Web.UI.WebControls.Button.RaisePostBackEvent(String eventArgument)
   at System.Web.UI.WebControls.Button.System.Web.UI.IPostBackEventHandler.RaisePostBackEvent(String eventArgument)
   at System.Web.UI.Page.RaisePostBackEvent(IPostBackEventHandler sourceControl, String eventArgument)
   at System.Web.UI.Page.RaisePostBackEvent(NameValueCollection postData)
   at System.Web.UI.Page.ProcessRequestMain(Boolean includeStagesBeforeAsyncPoint, Boolean includeStagesAfterAsyncPoint)
   at System.Web.UI.Page.HandleError(Exception e)
   at System.Web.UI.Page.ProcessRequestMain(Boolean includeStagesBeforeAsyncPoint, Boolean includeStagesAfterAsyncPoint)
   at System.Web.UI.Page.ProcessRequest(Boolean includeStagesBeforeAsyncPoint, Boolean includeStagesAfterAsyncPoint)
   at System.Web.UI.Page.ProcessRequest()
   at System.Web.UI.Page.ProcessRequestWithNoAssert(HttpContext context)
   at System.Web.UI.Page.ProcessRequest(HttpContext context)
   at ASP.ui_page_simpleservings_recipe_addrecipe_aspx.ProcessRequest(HttpContext context) in c:\Users\mli\AppData\Local\Temp\Temporary ASP.NET Files\simpleservings\d8789953\4318f988\App_Web_052qpuct.3.cs:line 0
   at System.Web.HttpApplication.CallHandlerExecutionStep.System.Web.HttpApplication.IExecutionStep.Execute()
   at System.Web.HttpApplication.ExecuteStepImpl(IExecutionStep step)
   at System.Web.HttpApplication.ExecuteStep(IExecutionStep step, Boolean& completedSynchronously)
2022-07-21 14:13:41,626 [ 84] INFO  AppManager [(null)] (landingPage.aspx) - Clearing Session 
Request Type:  
SessionId: qdqcrtlizxrwfuna04zpk14c
2022-07-21 14:13:41,632 [ 71] INFO  AppManager [(null)] (landingPage.aspx) - New Session 
Request Type:  
SessionId: qe0nn4erxtpsr0xsyrjbok0c
2022-07-21 14:13:41,880 [ 41] INFO  AppManager [(null)] (login.aspx) - (Mli) - Login successful 
SessionId: gr5dhk2vy5y4ie13mnhbk55w
2022-07-21 14:13:41,887 [ 61] INFO  AppManager [(null)] (Home.aspx) - Page Load 
SessionId: qe0nn4erxtpsr0xsyrjbok0c
2022-07-21 14:13:43,301 [ 81] INFO  AppManager [(null)] (Recipe.aspx) - Request from http://localhost:1946/SimpleServings/UI/Page/Home.aspx 
SessionId: qe0nn4erxtpsr0xsyrjbok0c
2022-07-21 14:15:08,477 [ 82] ERROR AppManager [(null)] SimpleServings application error: Exception of type 'System.Web.HttpUnhandledException' was thrown.
location: http://localhost:1946/SimpleServings/UI/Page/SimpleServings/Recipe/AddRecipe.aspx

System.Web.HttpUnhandledException (0x80004005): Exception of type 'System.Web.HttpUnhandledException' was thrown. ---> System.InvalidOperationException: The 'Microsoft.ACE.OLEDB.12.0' provider is not registered on the local machine.
   at System.Data.OleDb.OleDbServicesWrapper.GetDataSource(OleDbConnectionString constr, DataSourceWrapper& datasrcWrapper)
   at System.Data.OleDb.OleDbConnectionInternal..ctor(OleDbConnectionString constr, OleDbConnection connection)
   at System.Data.OleDb.OleDbConnectionFactory.CreateConnection(DbConnectionOptions options, DbConnectionPoolKey poolKey, Object poolGroupProviderInfo, DbConnectionPool pool, DbConnection owningObject)
   at System.Data.ProviderBase.DbConnectionFactory.CreateConnection(DbConnectionOptions options, DbConnectionPoolKey poolKey, Object poolGroupProviderInfo, DbConnectionPool pool, DbConnection owningConnection, DbConnectionOptions userOptions)
   at System.Data.ProviderBase.DbConnectionFactory.CreateNonPooledConnection(DbConnection owningConnection, DbConnectionPoolGroup poolGroup, DbConnectionOptions userOptions)
   at System.Data.ProviderBase.DbConnectionFactory.TryGetConnection(DbConnection owningConnection, TaskCompletionSource`1 retry, DbConnectionOptions userOptions, DbConnectionInternal oldConnection, DbConnectionInternal& connection)
   at System.Data.ProviderBase.DbConnectionInternal.TryOpenConnectionInternal(DbConnection outerConnection, DbConnectionFactory connectionFactory, TaskCompletionSource`1 retry, DbConnectionOptions userOptions)
   at System.Data.ProviderBase.DbConnectionClosed.TryOpenConnection(DbConnection outerConnection, DbConnectionFactory connectionFactory, TaskCompletionSource`1 retry, DbConnectionOptions userOptions)
   at System.Data.ProviderBase.DbConnectionInternal.OpenConnection(DbConnection outerConnection, DbConnectionFactory connectionFactory)
   at System.Data.OleDb.OleDbConnection.Open()
   at SimpleServings.UI.UDC.SimpleServings.Recipe.AddEditRecipeNutrition.Import_To_Grid(String FilePath, String Extension) in F:\DFTA coding\SimpleServings\SimpleServings_networkVersion_I_do\SimpleServing_Latest\NewSimple\SimpleServings\SimpleServings\UI\UDC\SimpleServings\Recipe\AddEditRecipeNutrition.ascx.cs:line 215
   at SimpleServings.UI.UDC.SimpleServings.Recipe.AddEditRecipeNutrition.btnUpload_Click(Object sender, EventArgs e) in F:\DFTA coding\SimpleServings\SimpleServings_networkVersion_I_do\SimpleServing_Latest\NewSimple\SimpleServings\SimpleServings\UI\UDC\SimpleServings\Recipe\AddEditRecipeNutrition.ascx.cs:line 171
   at System.Web.UI.WebControls.Button.OnClick(EventArgs e)
   at System.Web.UI.WebControls.Button.RaisePostBackEvent(String eventArgument)
   at System.Web.UI.WebControls.Button.System.Web.UI.IPostBackEventHandler.RaisePostBackEvent(String eventArgument)
   at System.Web.UI.Page.RaisePostBackEvent(IPostBackEventHandler sourceControl, String eventArgument)
   at System.Web.UI.Page.RaisePostBackEvent(NameValueCollection postData)
   at System.Web.UI.Page.ProcessRequestMain(Boolean includeStagesBeforeAsyncPoint, Boolean includeStagesAfterAsyncPoint)
   at System.Web.UI.Page.HandleError(Exception e)
   at System.Web.UI.Page.ProcessRequestMain(Boolean includeStagesBeforeAsyncPoint, Boolean includeStagesAfterAsyncPoint)
   at System.Web.UI.Page.ProcessRequest(Boolean includeStagesBeforeAsyncPoint, Boolean includeStagesAfterAsyncPoint)
   at System.Web.UI.Page.ProcessRequest()
   at System.Web.UI.Page.ProcessRequestWithNoAssert(HttpContext context)
   at System.Web.UI.Page.ProcessRequest(HttpContext context)
   at ASP.ui_page_simpleservings_recipe_addrecipe_aspx.ProcessRequest(HttpContext context) in c:\Users\mli\AppData\Local\Temp\Temporary ASP.NET Files\simpleservings\d8789953\4318f988\App_Web_052qpuct.3.cs:line 0
   at System.Web.HttpApplication.CallHandlerExecutionStep.System.Web.HttpApplication.IExecutionStep.Execute()
   at System.Web.HttpApplication.ExecuteStepImpl(IExecutionStep step)
   at System.Web.HttpApplication.ExecuteStep(IExecutionStep step, Boolean& completedSynchronously)
2022-07-21 14:20:54,170 [ 71] INFO  AppManager [(null)] (landingPage.aspx) - Clearing Session 
Request Type:  
SessionId: nylhmnpxl2jwe2k02jedhhf4
2022-07-21 14:20:54,176 [ 72] INFO  AppManager [(null)] (landingPage.aspx) - New Session 
Request Type:  
SessionId: jgg0bqanxm0bry0d5lylpmoq
2022-07-21 14:20:54,398 [ 80] INFO  AppManager [(null)] (login.aspx) - (Mli) - Login successful 
SessionId: jviebv1ebkocf1tor3iuudwh
2022-07-21 14:20:54,402 [ 76] INFO  AppManager [(null)] (Home.aspx) - Page Load 
SessionId: jgg0bqanxm0bry0d5lylpmoq
