2021-10-22 10:11:28,003 [  1] INFO  AppManager [(null)] SimpleServings started.
2021-10-22 10:12:32,392 [ 12] INFO  AppManager [(null)] (Home.aspx) - Page Load 
SessionId: 2jrpg2zd3att0ugzg5parldz
2021-10-22 10:25:59,550 [ 35] INFO  AppManager [(null)] (landingPage.aspx) - Clearing Session 
Request Type:  
SessionId: x3iezcb4bqruwo0af0dqmp2b
2021-10-22 10:25:59,560 [ 38] INFO  AppManager [(null)] (landingPage.aspx) - New Session 
Request Type:  
SessionId: xtvdabxvjshqrnnvuysw3fgr
2021-10-22 10:25:59,742 [ 33] INFO  AppManager [(null)] (login.aspx) - (Mli) - Login successful 
SessionId: t3wyu4c4volm12yxe2tov53p
2021-10-22 10:25:59,963 [ 11] INFO  AppManager [(null)] (Home.aspx) - Page Load 
SessionId: xtvdabxvjshqrnnvuysw3fgr
2021-10-22 10:28:27,902 [  7] INFO  AppManager [(null)] (landingPage.aspx) - Clearing Session 
Request Type:  
SessionId: lwtorf4yvzmmjzldiyex1v1a
2021-10-22 10:28:27,912 [ 38] INFO  AppManager [(null)] (landingPage.aspx) - New Session 
Request Type:  
SessionId: kluws3oh1fpl2iekgk5izs4u
2021-10-22 10:28:28,085 [ 14] INFO  AppManager [(null)] (login.aspx) - (Mli) - Login successful 
SessionId: btyaqbtdeadhq3lhwj343sjt
2021-10-22 10:28:28,306 [ 34] INFO  AppManager [(null)] (Home.aspx) - Page Load 
SessionId: kluws3oh1fpl2iekgk5izs4u
2021-10-22 10:31:56,992 [  8] INFO  AppManager [(null)] (landingPage.aspx) - Clearing Session 
Request Type:  
SessionId: 2plovqdcvsytvxwjlgpvcz4n
2021-10-22 10:31:57,011 [ 36] INFO  AppManager [(null)] (landingPage.aspx) - New Session 
Request Type:  
SessionId: msozcbvyriuk24lnhgbwqlwo
2021-10-22 10:31:57,221 [ 38] INFO  AppManager [(null)] (login.aspx) - (Mli) - Login successful 
SessionId: zrto3vdzxi3zryaxkeyxx1c4
2021-10-22 10:31:57,425 [ 14] INFO  AppManager [(null)] (Home.aspx) - Page Load 
SessionId: msozcbvyriuk24lnhgbwqlwo
2021-10-22 10:33:09,299 [  8] INFO  AppManager [(null)] (landingPage.aspx) - Clearing Session 
Request Type:  
SessionId: 12c2uf4ih4ke5j4433qgvtk5
2021-10-22 10:33:09,319 [ 30] INFO  AppManager [(null)] (landingPage.aspx) - New Session 
Request Type:  
SessionId: lgt33yl30dkfpw5jdhy5tpxh
2021-10-22 10:33:09,486 [  7] INFO  AppManager [(null)] (login.aspx) - (Mli) - Login successful 
SessionId: jmejrsr3dpfeptuwlhdnecdh
2021-10-22 10:33:09,856 [ 40] INFO  AppManager [(null)] (Home.aspx) - Page Load 
SessionId: lgt33yl30dkfpw5jdhy5tpxh
2021-10-22 10:52:37,811 [  6] ERROR AppManager [(null)] btnLogin_Click failed: GetStaffByEmail did not return any record!
System.Exception: GetStaffByEmail did not return any record!
   at SimpleServingsLibrary.Shared.StaffDB.GetStaffByEmail(String email) in E:\DFTA coding\SimpleServings\SimpleServings_networkVersion_I_do\SimpleServing_Latest\Ansu_4_20\SimpleServingsLibrary\SimpleServings.Shared\DAL\StaffDB.cs:line 93
   at SimpleServingsLibrary.Shared.Staff.GetUserNameByEmail(String email) in E:\DFTA coding\SimpleServings\SimpleServings_networkVersion_I_do\SimpleServing_Latest\Ansu_4_20\SimpleServingsLibrary\SimpleServings.Shared\BLL\Staff.cs:line 522
   at SimpleServings.UI.Page.login.btnLogin_Click(Object sender, EventArgs e) in E:\DFTA coding\SimpleServings\SimpleServings_networkVersion_I_do\SimpleServing_Latest\Ansu_4_20\SimpleServings\SimpleServings\UI\Page\login.aspx.cs:line 154
2021-10-22 10:52:37,865 [ 25] INFO  AppManager [(null)] (landingPage.aspx) - Clearing Session 
Request Type:  
SessionId: agbmymokb1ytgso1z1lqpgah
2021-10-22 10:52:38,017 [ 30] INFO  AppManager [(null)] (landingPage.aspx) - New Session 
Request Type:  
SessionId: qfg24tqv1rjbdk42ul1wcl4w
2021-10-22 10:52:47,434 [ 23] INFO  AppManager [(null)] (landingPage.aspx) - Clearing Session 
Request Type:  
SessionId: v1cs0zwswuuqvgjcyo4q0ucw
2021-10-22 10:52:47,447 [ 30] ERROR AppManager [(null)] btnLogin_Click failed: GetStaffByEmail did not return any record!
System.Exception: GetStaffByEmail did not return any record!
   at SimpleServingsLibrary.Shared.StaffDB.GetStaffByEmail(String email) in E:\DFTA coding\SimpleServings\SimpleServings_networkVersion_I_do\SimpleServing_Latest\Ansu_4_20\SimpleServingsLibrary\SimpleServings.Shared\DAL\StaffDB.cs:line 93
   at SimpleServingsLibrary.Shared.Staff.GetUserNameByEmail(String email) in E:\DFTA coding\SimpleServings\SimpleServings_networkVersion_I_do\SimpleServing_Latest\Ansu_4_20\SimpleServingsLibrary\SimpleServings.Shared\BLL\Staff.cs:line 522
   at SimpleServings.UI.Page.login.btnLogin_Click(Object sender, EventArgs e) in E:\DFTA coding\SimpleServings\SimpleServings_networkVersion_I_do\SimpleServing_Latest\Ansu_4_20\SimpleServings\SimpleServings\UI\Page\login.aspx.cs:line 154
2021-10-22 10:52:47,449 [ 22] INFO  AppManager [(null)] (landingPage.aspx) - New Session 
Request Type:  
SessionId: ynjgdcwccvc4o5m0rwhvwjal
2021-10-22 10:53:21,654 [  6] INFO  AppManager [(null)] (landingPage.aspx) - Clearing Session 
Request Type:  
SessionId: cisryggljhdd3cpwdguavspt
2021-10-22 10:53:21,679 [ 25] INFO  AppManager [(null)] (landingPage.aspx) - New Session 
Request Type:  
SessionId: 4sgp4ikzupxybrymnrwmna4q
2021-10-22 10:53:22,014 [ 23] INFO  AppManager [(null)] (login.aspx) - (Mli) - Login successful 
SessionId: 4rmhqs1keumqrt15rbdmnbkc
2021-10-22 10:53:22,266 [ 47] INFO  AppManager [(null)] (Home.aspx) - Page Load 
SessionId: 4sgp4ikzupxybrymnrwmna4q
2021-10-22 14:25:03,173 [  1] INFO  AppManager [(null)] SimpleServings started.
2021-10-22 14:25:18,044 [ 11] INFO  AppManager [(null)] (Home.aspx) - Page Load 
SessionId: 51otpxtl22taksm4jxozpct5
2021-10-22 14:27:48,215 [  1] INFO  AppManager [(null)] SimpleServings started.
2021-10-22 14:28:26,445 [ 14] INFO  AppManager [(null)] (Home.aspx) - Page Load 
SessionId: 0d2kzynyvm2yua1jwd22r4vo
2021-10-22 14:48:10,792 [  1] INFO  AppManager [(null)] SimpleServings started.
2021-10-22 14:48:35,435 [  7] INFO  AppManager [(null)] (Home.aspx) - Page Load 
SessionId: g25gs2qhnsaslfrxhlceddnk
2021-10-22 16:10:12,321 [  1] INFO  AppManager [(null)] SimpleServings started.
2021-10-22 16:10:35,275 [ 10] INFO  AppManager [(null)] (Home.aspx) - Page Load 
SessionId: xhdd23daaf2jkezqpkvsm20l
2021-10-22 16:14:06,935 [  1] INFO  AppManager [(null)] SimpleServings started.
2021-10-22 16:14:17,891 [ 13] ERROR AppManager [(null)] btnLogin_Click failed: Incorrect username and/or password.
2021-10-22 16:14:34,129 [ 12] INFO  AppManager [(null)] (landingPage.aspx) - Clearing Session 
Request Type:  
SessionId: wpbkdebhwlvno0szfxq2fmk3
2021-10-22 16:14:34,143 [ 17] INFO  AppManager [(null)] (landingPage.aspx) - New Session 
Request Type:  
SessionId: 0mbad5am3qvdxmj0ogorybdt
2021-10-22 16:14:34,381 [ 13] INFO  AppManager [(null)] (login.aspx) - (Mli) - Login successful 
SessionId: haoex2utgxwtabrqef344wjv
2021-10-22 16:14:34,410 [ 15] INFO  AppManager [(null)] (Home.aspx) - Page Load 
SessionId: 0mbad5am3qvdxmj0ogorybdt
2021-10-22 16:16:46,375 [  1] INFO  AppManager [(null)] SimpleServings started.
2021-10-22 16:17:18,591 [ 34] INFO  AppManager [(null)] (Home.aspx) - Page Load 
SessionId: klht5n1jgjy2ocwkvazd1ky2
2021-10-22 16:18:51,863 [ 19] INFO  AppManager [(null)] (landingPage.aspx) - Clearing Session 
Request Type:  
SessionId: xr0z203eff0cufulzoushedi
2021-10-22 16:18:51,883 [ 29] INFO  AppManager [(null)] (landingPage.aspx) - New Session 
Request Type:  
SessionId: bybv3byh4h1rww1pusqkot1e
2021-10-22 16:18:52,112 [ 34] INFO  AppManager [(null)] (login.aspx) - (Mli) - Login successful 
SessionId: wmly2qzvbq1bfwd5pmdbh14d
2021-10-22 16:18:52,118 [  7] INFO  AppManager [(null)] (Home.aspx) - Page Load 
SessionId: bybv3byh4h1rww1pusqkot1e
2021-10-22 16:20:38,039 [ 45] INFO  AppManager [(null)] SimpleServings started.
2021-10-22 16:20:57,601 [ 29] INFO  AppManager [(null)] (Home.aspx) - Page Load 
SessionId: pvb4ocv5b1uel3li3toawkep
2021-10-22 16:25:59,261 [ 21] INFO  AppManager [(null)] (landingPage.aspx) - Clearing Session 
Request Type:  
SessionId: ngpg13a25sig0jvt1tzxmjk5
2021-10-22 16:25:59,275 [ 32] INFO  AppManager [(null)] (landingPage.aspx) - New Session 
Request Type:  
SessionId: ufjgveoyuzi4idee5no0vy3q
2021-10-22 16:25:59,517 [ 73] INFO  AppManager [(null)] (login.aspx) - (Mli) - Login successful 
SessionId: rjo0ltmn0wfwpvwwpdy0hb24
2021-10-22 16:25:59,521 [ 19] INFO  AppManager [(null)] (Home.aspx) - Page Load 
SessionId: ufjgveoyuzi4idee5no0vy3q
2021-10-22 16:37:59,596 [ 88] INFO  AppManager [(null)] SimpleServings started.
2021-10-22 16:38:21,732 [ 81] INFO  AppManager [(null)] (Home.aspx) - Page Load 
SessionId: 4evgs211pycrw4uxrqw5kxeg
2021-10-22 16:44:08,299 [  1] INFO  AppManager [(null)] SimpleServings started.
2021-10-22 16:44:55,446 [ 92] INFO  AppManager [(null)] (Home.aspx) - Page Load 
SessionId: vnj5arxuev1raga54pjswwyr
2021-10-22 16:49:28,381 [ 27] INFO  AppManager [(null)] SimpleServings started.
2021-10-22 16:49:47,611 [ 89] INFO  AppManager [(null)] (Home.aspx) - Page Load 
SessionId: htyavl2ngr0jjhd5qfd2wnl1
2021-10-22 16:50:40,927 [  6] INFO  AppManager [(null)] (landingPage.aspx) - Clearing Session 
Request Type:  
SessionId: 5svbggzhjq2bvv5lmsd5qrwe
2021-10-22 16:50:40,940 [ 14] INFO  AppManager [(null)] (landingPage.aspx) - New Session 
Request Type:  
SessionId: zxam12d4fyhlaud33gf1gms0
2021-10-22 16:50:41,232 [ 89] INFO  AppManager [(null)] (login.aspx) - (Mli) - Login successful 
SessionId: ln34yahhrt3iesmrcftarnd0
2021-10-22 16:50:41,237 [ 69] INFO  AppManager [(null)] (Home.aspx) - Page Load 
SessionId: zxam12d4fyhlaud33gf1gms0
2021-10-22 16:52:31,909 [  1] INFO  AppManager [(null)] SimpleServings started.
2021-10-22 16:52:51,894 [ 43] INFO  AppManager [(null)] (Home.aspx) - Page Load 
SessionId: tccllf3y53l1ad2xtrc2enwr
2021-10-22 16:53:19,919 [ 92] INFO  AppManager [(null)] (landingPage.aspx) - Clearing Session 
Request Type:  
SessionId: qzwti4liq5uaipivdcpw0fjp
2021-10-22 16:53:19,939 [  6] INFO  AppManager [(null)] (landingPage.aspx) - New Session 
Request Type:  
SessionId: 5fafoinmzdqgk4tvayookef0
2021-10-22 16:53:20,165 [ 43] INFO  AppManager [(null)] (login.aspx) - (Mli) - Login successful 
SessionId: gpft1v11oo0yjy4eve3fjcsz
2021-10-22 16:53:20,171 [ 89] INFO  AppManager [(null)] (Home.aspx) - Page Load 
SessionId: 5fafoinmzdqgk4tvayookef0
2021-10-22 16:54:16,662 [  7] INFO  AppManager [(null)] (landingPage.aspx) - Clearing Session 
Request Type:  
SessionId: nbpdds5xiewxctbwjsjfzq5y
2021-10-22 16:54:16,680 [ 63] INFO  AppManager [(null)] (landingPage.aspx) - New Session 
Request Type:  
SessionId: 2p35k5tiyu1nvsepkakh2xqm
2021-10-22 16:54:16,893 [ 70] INFO  AppManager [(null)] (login.aspx) - (Mli) - Login successful 
SessionId: svxqkiuosuhprkudhq1wrrqg
2021-10-22 16:54:16,899 [ 10] INFO  AppManager [(null)] (Home.aspx) - Page Load 
SessionId: 2p35k5tiyu1nvsepkakh2xqm
2021-10-22 16:58:00,311 [ 40] INFO  AppManager [(null)] SimpleServings started.
2021-10-22 16:58:19,327 [  7] INFO  AppManager [(null)] (Home.aspx) - Page Load 
SessionId: vqtkty4jy1oiwxritjxango4
2021-10-22 17:01:47,430 [  7] INFO  AppManager [(null)] (landingPage.aspx) - Clearing Session 
Request Type:  
SessionId: 02gl2xf45xumpavdtxvzl1od
2021-10-22 17:01:47,447 [ 56] INFO  AppManager [(null)] (landingPage.aspx) - New Session 
Request Type:  
SessionId: og541mci3lpljb4vivjt5ubm
2021-10-22 17:01:47,644 [ 70] INFO  AppManager [(null)] (login.aspx) - (Mli) - Login successful 
SessionId: zis0x5kwgx2joqelqprssudw
2021-10-22 17:01:47,650 [ 77] INFO  AppManager [(null)] (Home.aspx) - Page Load 
SessionId: og541mci3lpljb4vivjt5ubm
2021-10-22 17:09:36,818 [ 24] INFO  AppManager [(null)] SimpleServings started.
2021-10-22 17:09:55,526 [ 56] INFO  AppManager [(null)] (Home.aspx) - Page Load 
SessionId: tq4f3r0lx4irxqpe1fykl4cj
2021-10-22 17:13:01,318 [ 28] INFO  AppManager [(null)] SimpleServings started.
2021-10-22 17:13:22,911 [ 56] INFO  AppManager [(null)] (Home.aspx) - Page Load 
SessionId: fp44jhawmokewms4tjddzesp
2021-10-22 17:19:08,029 [ 88] INFO  AppManager [(null)] SimpleServings started.
2021-10-22 17:19:28,209 [ 84] INFO  AppManager [(null)] (Home.aspx) - Page Load 
SessionId: i4vxnskvki45kkykgtof2bue
2021-10-22 17:20:44,529 [  1] INFO  AppManager [(null)] SimpleServings started.
2021-10-22 17:21:04,443 [ 12] INFO  AppManager [(null)] (Home.aspx) - Page Load 
SessionId: c04rruwaqp43soepthqvnq0y
2021-10-22 17:27:09,304 [ 18] INFO  AppManager [(null)] (landingPage.aspx) - Clearing Session 
Request Type:  
SessionId: 4ttjlxp21h4imgyvparammwv
2021-10-22 17:27:09,323 [ 40] INFO  AppManager [(null)] (landingPage.aspx) - New Session 
Request Type:  
SessionId: jyueanruxbdmv3bqc4cdhgns
2021-10-22 17:27:09,514 [ 34] INFO  AppManager [(null)] (login.aspx) - (Mli) - Login successful 
SessionId: iuadwttzesuh3rfw0kgfkqnm
2021-10-22 17:27:09,519 [ 36] INFO  AppManager [(null)] (Home.aspx) - Page Load 
SessionId: jyueanruxbdmv3bqc4cdhgns
2021-10-22 17:29:07,981 [ 51] INFO  AppManager [(null)] SimpleServings started.
2021-10-22 17:29:28,751 [ 34] INFO  AppManager [(null)] (Home.aspx) - Page Load 
SessionId: 1kfluoxyts21jrwffcueya3a
2021-10-22 17:38:40,629 [ 38] INFO  AppManager [(null)] SimpleServings started.
2021-10-22 17:38:59,197 [ 55] INFO  AppManager [(null)] (Home.aspx) - Page Load 
SessionId: jd0cqqdjlpe5zt32v4xavvut
2021-10-22 18:43:31,771 [  1] INFO  AppManager [(null)] SimpleServings started.
2021-10-22 18:43:53,538 [ 11] INFO  AppManager [(null)] (Home.aspx) - Page Load 
SessionId: flq3rkivejhlhwajscgnlfse
2021-10-22 18:46:26,631 [ 28] INFO  AppManager [(null)] SimpleServings started.
2021-10-22 18:46:47,813 [ 35] INFO  AppManager [(null)] (Home.aspx) - Page Load 
SessionId: 1bmvqckpwl0cjbb1rmayz5nt
2021-10-22 19:15:56,834 [273] INFO  AppManager [(null)] SimpleServings started.
2021-10-22 19:16:02,660 [281] INFO  AppManager [(null)] (landingPage.aspx) - Request from http://localhost:1945/SimpleServings/UI/Page/myzone.aspx?Control=Setting 
Request Type: LogInOut 
SessionId: 1bmvqckpwl0cjbb1rmayz5nt
2021-10-22 19:16:02,660 [281] INFO  AppManager [(null)] (landingPage.aspx) - Redirecting to Login.aspx 
Request Type: LogInOut 
SessionId: 1bmvqckpwl0cjbb1rmayz5nt
2021-10-22 19:16:16,617 [275] INFO  AppManager [(null)] (Home.aspx) - Page Load 
SessionId: wvyexsdrnq0ev4vidatxwo2z
2021-10-22 19:16:23,643 [271] ERROR AppManager [(null)] SimpleServings application error: Exception of type 'System.Web.HttpUnhandledException' was thrown.
location: http://localhost:1945/SimpleServings/UI/Page/SimpleServings/Menu/ViewMenu.aspx?MenuID=17787

System.Web.HttpUnhandledException (0x80004005): Exception of type 'System.Web.HttpUnhandledException' was thrown. ---> System.InvalidCastException: Object cannot be cast from DBNull to other types.
   at System.DBNull.System.IConvertible.ToInt32(IFormatProvider provider)
   at System.Convert.ToInt32(Object value)
   at SimpleServingsLibrary.Menu.Menu.PopMenu(SqlDataReader dr) in E:\DFTA coding\SimpleServings\SimpleServings_networkVersion_I_do\SimpleServing_Latest\Ansu_4_20\NewSimple\SimpleServingsLibrary\SimpleServings.Menu\BLL\Menu.cs:line 107
   at SimpleServingsLibrary.Menu.Menu.GetMenuByMenuID(Int32 menuID) in E:\DFTA coding\SimpleServings\SimpleServings_networkVersion_I_do\SimpleServing_Latest\Ansu_4_20\NewSimple\SimpleServingsLibrary\SimpleServings.Menu\BLL\Menu.cs:line 443
   at SimpleServings.UI.UDC.SimpleServings.Menu.MenuItemGrid.PopGrid(Int32 menuID) in E:\DFTA coding\SimpleServings\SimpleServings_networkVersion_I_do\SimpleServing_Latest\Ansu_4_20\NewSimple\SimpleServings\SimpleServings\UI\UDC\SimpleServings\Menu\MenuItemGrid.ascx.cs:line 98
   at SimpleServings.UI.UDC.SimpleServings.Menu.MenuItemGrid.Page_Load(Object sender, EventArgs e) in E:\DFTA coding\SimpleServings\SimpleServings_networkVersion_I_do\SimpleServing_Latest\Ansu_4_20\NewSimple\SimpleServings\SimpleServings\UI\UDC\SimpleServings\Menu\MenuItemGrid.ascx.cs:line 69
   at System.Web.Util.CalliEventHandlerDelegateProxy.Callback(Object sender, EventArgs e)
   at System.Web.UI.Control.OnLoad(EventArgs e)
   at System.Web.UI.Control.LoadRecursive()
   at System.Web.UI.Control.LoadRecursive()
   at System.Web.UI.Control.LoadRecursive()
   at System.Web.UI.Control.LoadRecursive()
   at System.Web.UI.Control.LoadRecursive()
   at System.Web.UI.Control.LoadRecursive()
   at System.Web.UI.Control.LoadRecursive()
   at System.Web.UI.Page.ProcessRequestMain(Boolean includeStagesBeforeAsyncPoint, Boolean includeStagesAfterAsyncPoint)
   at System.Web.UI.Page.HandleError(Exception e)
   at System.Web.UI.Page.ProcessRequestMain(Boolean includeStagesBeforeAsyncPoint, Boolean includeStagesAfterAsyncPoint)
   at System.Web.UI.Page.ProcessRequest(Boolean includeStagesBeforeAsyncPoint, Boolean includeStagesAfterAsyncPoint)
   at System.Web.UI.Page.ProcessRequest()
   at System.Web.UI.Page.ProcessRequestWithNoAssert(HttpContext context)
   at System.Web.UI.Page.ProcessRequest(HttpContext context)
   at ASP.ui_page_simpleservings_menu_viewmenu_aspx.ProcessRequest(HttpContext context) in c:\Users\mali\AppData\Local\Temp\Temporary ASP.NET Files\simpleservings\7dcfb244\fadae239\App_Web_cv0ip5pv.0.cs:line 0
   at System.Web.HttpApplication.CallHandlerExecutionStep.System.Web.HttpApplication.IExecutionStep.Execute()
   at System.Web.HttpApplication.ExecuteStepImpl(IExecutionStep step)
   at System.Web.HttpApplication.ExecuteStep(IExecutionStep step, Boolean& completedSynchronously)
2021-10-22 19:17:45,408 [ 28] INFO  AppManager [(null)] SimpleServings started.
2021-10-22 19:18:06,484 [275] INFO  AppManager [(null)] (Home.aspx) - Page Load 
SessionId: 4andjhdfu0eixfkobq5tcdm1
2021-10-22 19:22:31,334 [  1] INFO  AppManager [(null)] SimpleServings started.
2021-10-22 19:22:53,871 [ 12] INFO  AppManager [(null)] (Home.aspx) - Page Load 
SessionId: evs0tjwfs1ieqjczwpwuiprv
2021-10-22 19:24:00,412 [  1] INFO  AppManager [(null)] SimpleServings started.
2021-10-22 19:24:22,148 [ 30] INFO  AppManager [(null)] (Home.aspx) - Page Load 
SessionId: dntvr2ry1ixegnpwady2sgmz
2021-10-22 19:24:45,384 [ 41] ERROR AppManager [(null)] SimpleServings application error: Exception of type 'System.Web.HttpUnhandledException' was thrown.
location: http://localhost:1945/SimpleServings/UI/Page/SimpleServings/Menu/ViewMenu.aspx?MenuID=17787

System.Web.HttpUnhandledException (0x80004005): Exception of type 'System.Web.HttpUnhandledException' was thrown. ---> System.InvalidCastException: Object cannot be cast from DBNull to other types.
   at System.DBNull.System.IConvertible.ToInt32(IFormatProvider provider)
   at System.Convert.ToInt32(Object value)
   at SimpleServingsLibrary.Menu.Menu.PopMenu(SqlDataReader dr) in E:\DFTA coding\SimpleServings\SimpleServings_networkVersion_I_do\SimpleServing_Latest\Ansu_4_20\NewSimple\SimpleServingsLibrary\SimpleServings.Menu\BLL\Menu.cs:line 107
   at SimpleServingsLibrary.Menu.Menu.GetMenuByMenuID(Int32 menuID) in E:\DFTA coding\SimpleServings\SimpleServings_networkVersion_I_do\SimpleServing_Latest\Ansu_4_20\NewSimple\SimpleServingsLibrary\SimpleServings.Menu\BLL\Menu.cs:line 443
   at SimpleServings.UI.UDC.SimpleServings.Menu.MenuItemGrid.PopGrid(Int32 menuID) in E:\DFTA coding\SimpleServings\SimpleServings_networkVersion_I_do\SimpleServing_Latest\Ansu_4_20\NewSimple\SimpleServings\SimpleServings\UI\UDC\SimpleServings\Menu\MenuItemGrid.ascx.cs:line 98
   at SimpleServings.UI.UDC.SimpleServings.Menu.MenuItemGrid.Page_Load(Object sender, EventArgs e) in E:\DFTA coding\SimpleServings\SimpleServings_networkVersion_I_do\SimpleServing_Latest\Ansu_4_20\NewSimple\SimpleServings\SimpleServings\UI\UDC\SimpleServings\Menu\MenuItemGrid.ascx.cs:line 69
   at System.Web.Util.CalliEventHandlerDelegateProxy.Callback(Object sender, EventArgs e)
   at System.Web.UI.Control.OnLoad(EventArgs e)
   at System.Web.UI.Control.LoadRecursive()
   at System.Web.UI.Control.LoadRecursive()
   at System.Web.UI.Control.LoadRecursive()
   at System.Web.UI.Control.LoadRecursive()
   at System.Web.UI.Control.LoadRecursive()
   at System.Web.UI.Control.LoadRecursive()
   at System.Web.UI.Control.LoadRecursive()
   at System.Web.UI.Page.ProcessRequestMain(Boolean includeStagesBeforeAsyncPoint, Boolean includeStagesAfterAsyncPoint)
   at System.Web.UI.Page.HandleError(Exception e)
   at System.Web.UI.Page.ProcessRequestMain(Boolean includeStagesBeforeAsyncPoint, Boolean includeStagesAfterAsyncPoint)
   at System.Web.UI.Page.ProcessRequest(Boolean includeStagesBeforeAsyncPoint, Boolean includeStagesAfterAsyncPoint)
   at System.Web.UI.Page.ProcessRequest()
   at System.Web.UI.Page.ProcessRequestWithNoAssert(HttpContext context)
   at System.Web.UI.Page.ProcessRequest(HttpContext context)
   at ASP.ui_page_simpleservings_menu_viewmenu_aspx.ProcessRequest(HttpContext context) in c:\Users\mali\AppData\Local\Temp\Temporary ASP.NET Files\simpleservings\7dcfb244\fadae239\App_Web_1tzifh03.6.cs:line 0
   at System.Web.HttpApplication.CallHandlerExecutionStep.System.Web.HttpApplication.IExecutionStep.Execute()
   at System.Web.HttpApplication.ExecuteStepImpl(IExecutionStep step)
   at System.Web.HttpApplication.ExecuteStep(IExecutionStep step, Boolean& completedSynchronously)
2021-10-22 19:26:27,889 [ 28] INFO  AppManager [(null)] SimpleServings started.
2021-10-22 19:26:50,321 [274] INFO  AppManager [(null)] (Home.aspx) - Page Load 
SessionId: 5rjk04gklw0e44vtjy0grhjb
2021-10-22 21:37:26,485 [  1] INFO  AppManager [(null)] SimpleServings started.
2021-10-22 21:40:34,149 [169] INFO  AppManager [(null)] (Home.aspx) - Page Load 
SessionId: hznfaisq5lfdktni10owax04
2021-10-22 21:45:26,896 [163] ERROR AppManager [(null)] SimpleServings application error: Exception of type 'System.Web.HttpUnhandledException' was thrown.
location: http://localhost:1945/SimpleServings/UI/Page/SimpleServings/Menu/ViewMenu.aspx?MenuID=17787

System.Web.HttpUnhandledException (0x80004005): Exception of type 'System.Web.HttpUnhandledException' was thrown. ---> System.InvalidCastException: Object cannot be cast from DBNull to other types.
   at System.DBNull.System.IConvertible.ToInt32(IFormatProvider provider)
   at System.Convert.ToInt32(Object value)
   at SimpleServingsLibrary.Menu.Menu.PopMenu(SqlDataReader dr) in E:\DFTA coding\SimpleServings\SimpleServings_networkVersion_I_do\SimpleServing_Latest\Ansu_4_20\NewSimple\SimpleServingsLibrary\SimpleServings.Menu\BLL\Menu.cs:line 107
   at SimpleServingsLibrary.Menu.Menu.GetMenuByMenuID(Int32 menuID) in E:\DFTA coding\SimpleServings\SimpleServings_networkVersion_I_do\SimpleServing_Latest\Ansu_4_20\NewSimple\SimpleServingsLibrary\SimpleServings.Menu\BLL\Menu.cs:line 443
   at SimpleServings.UI.UDC.SimpleServings.Menu.MenuItemGrid.PopGrid(Int32 menuID) in E:\DFTA coding\SimpleServings\SimpleServings_networkVersion_I_do\SimpleServing_Latest\Ansu_4_20\NewSimple\SimpleServings\SimpleServings\UI\UDC\SimpleServings\Menu\MenuItemGrid.ascx.cs:line 98
   at SimpleServings.UI.UDC.SimpleServings.Menu.MenuItemGrid.Page_Load(Object sender, EventArgs e) in E:\DFTA coding\SimpleServings\SimpleServings_networkVersion_I_do\SimpleServing_Latest\Ansu_4_20\NewSimple\SimpleServings\SimpleServings\UI\UDC\SimpleServings\Menu\MenuItemGrid.ascx.cs:line 69
   at System.Web.Util.CalliEventHandlerDelegateProxy.Callback(Object sender, EventArgs e)
   at System.Web.UI.Control.OnLoad(EventArgs e)
   at System.Web.UI.Control.LoadRecursive()
   at System.Web.UI.Control.LoadRecursive()
   at System.Web.UI.Control.LoadRecursive()
   at System.Web.UI.Control.LoadRecursive()
   at System.Web.UI.Control.LoadRecursive()
   at System.Web.UI.Control.LoadRecursive()
   at System.Web.UI.Control.LoadRecursive()
   at System.Web.UI.Page.ProcessRequestMain(Boolean includeStagesBeforeAsyncPoint, Boolean includeStagesAfterAsyncPoint)
   at System.Web.UI.Page.HandleError(Exception e)
   at System.Web.UI.Page.ProcessRequestMain(Boolean includeStagesBeforeAsyncPoint, Boolean includeStagesAfterAsyncPoint)
   at System.Web.UI.Page.ProcessRequest(Boolean includeStagesBeforeAsyncPoint, Boolean includeStagesAfterAsyncPoint)
   at System.Web.UI.Page.ProcessRequest()
   at System.Web.UI.Page.ProcessRequestWithNoAssert(HttpContext context)
   at System.Web.UI.Page.ProcessRequest(HttpContext context)
   at ASP.ui_page_simpleservings_menu_viewmenu_aspx.ProcessRequest(HttpContext context) in c:\Users\mali\AppData\Local\Temp\Temporary ASP.NET Files\simpleservings\7dcfb244\fadae239\App_Web_0m15uyod.4.cs:line 0
   at System.Web.HttpApplication.CallHandlerExecutionStep.System.Web.HttpApplication.IExecutionStep.Execute()
   at System.Web.HttpApplication.ExecuteStepImpl(IExecutionStep step)
   at System.Web.HttpApplication.ExecuteStep(IExecutionStep step, Boolean& completedSynchronously)
2021-10-22 21:45:40,580 [208] INFO  AppManager [(null)] (landingPage.aspx) - Clearing Session 
Request Type:  
SessionId: s0fkrmywf2etgfny2s1z5tnp
2021-10-22 21:45:40,601 [163] INFO  AppManager [(null)] (landingPage.aspx) - New Session 
Request Type:  
SessionId: 11iofsjzsnpuz5kr04vreedv
2021-10-22 21:45:41,013 [169] INFO  AppManager [(null)] (login.aspx) - (Mli) - Login successful 
SessionId: hocvf3tofca15uyfx0tofmnm
2021-10-22 21:45:41,019 [163] INFO  AppManager [(null)] (Home.aspx) - Page Load 
SessionId: 11iofsjzsnpuz5kr04vreedv
2021-10-22 21:47:16,263 [208] ERROR AppManager [(null)] SimpleServings application error: Exception of type 'System.Web.HttpUnhandledException' was thrown.
location: http://localhost:1945/SimpleServings/UI/Page/SimpleServings/Menu/ViewMenu.aspx?MenuID=17787

System.Web.HttpUnhandledException (0x80004005): Exception of type 'System.Web.HttpUnhandledException' was thrown. ---> System.InvalidCastException: Object cannot be cast from DBNull to other types.
   at System.DBNull.System.IConvertible.ToInt32(IFormatProvider provider)
   at System.Convert.ToInt32(Object value)
   at SimpleServingsLibrary.Menu.Menu.PopMenu(SqlDataReader dr) in E:\DFTA coding\SimpleServings\SimpleServings_networkVersion_I_do\SimpleServing_Latest\Ansu_4_20\NewSimple\SimpleServingsLibrary\SimpleServings.Menu\BLL\Menu.cs:line 107
   at SimpleServingsLibrary.Menu.Menu.GetMenuByMenuID(Int32 menuID) in E:\DFTA coding\SimpleServings\SimpleServings_networkVersion_I_do\SimpleServing_Latest\Ansu_4_20\NewSimple\SimpleServingsLibrary\SimpleServings.Menu\BLL\Menu.cs:line 443
   at SimpleServings.UI.UDC.SimpleServings.Menu.MenuItemGrid.PopGrid(Int32 menuID) in E:\DFTA coding\SimpleServings\SimpleServings_networkVersion_I_do\SimpleServing_Latest\Ansu_4_20\NewSimple\SimpleServings\SimpleServings\UI\UDC\SimpleServings\Menu\MenuItemGrid.ascx.cs:line 98
   at SimpleServings.UI.UDC.SimpleServings.Menu.MenuItemGrid.Page_Load(Object sender, EventArgs e) in E:\DFTA coding\SimpleServings\SimpleServings_networkVersion_I_do\SimpleServing_Latest\Ansu_4_20\NewSimple\SimpleServings\SimpleServings\UI\UDC\SimpleServings\Menu\MenuItemGrid.ascx.cs:line 69
   at System.Web.Util.CalliEventHandlerDelegateProxy.Callback(Object sender, EventArgs e)
   at System.Web.UI.Control.OnLoad(EventArgs e)
   at System.Web.UI.Control.LoadRecursive()
   at System.Web.UI.Control.LoadRecursive()
   at System.Web.UI.Control.LoadRecursive()
   at System.Web.UI.Control.LoadRecursive()
   at System.Web.UI.Control.LoadRecursive()
   at System.Web.UI.Control.LoadRecursive()
   at System.Web.UI.Control.LoadRecursive()
   at System.Web.UI.Page.ProcessRequestMain(Boolean includeStagesBeforeAsyncPoint, Boolean includeStagesAfterAsyncPoint)
   at System.Web.UI.Page.HandleError(Exception e)
   at System.Web.UI.Page.ProcessRequestMain(Boolean includeStagesBeforeAsyncPoint, Boolean includeStagesAfterAsyncPoint)
   at System.Web.UI.Page.ProcessRequest(Boolean includeStagesBeforeAsyncPoint, Boolean includeStagesAfterAsyncPoint)
   at System.Web.UI.Page.ProcessRequest()
   at System.Web.UI.Page.ProcessRequestWithNoAssert(HttpContext context)
   at System.Web.UI.Page.ProcessRequest(HttpContext context)
   at ASP.ui_page_simpleservings_menu_viewmenu_aspx.ProcessRequest(HttpContext context) in c:\Users\mali\AppData\Local\Temp\Temporary ASP.NET Files\simpleservings\7dcfb244\fadae239\App_Web_0m15uyod.4.cs:line 0
   at System.Web.HttpApplication.CallHandlerExecutionStep.System.Web.HttpApplication.IExecutionStep.Execute()
   at System.Web.HttpApplication.ExecuteStepImpl(IExecutionStep step)
   at System.Web.HttpApplication.ExecuteStep(IExecutionStep step, Boolean& completedSynchronously)
2021-10-22 21:47:51,784 [169] INFO  AppManager [(null)] (landingPage.aspx) - Clearing Session 
Request Type:  
SessionId: grvyxxfd0h1o3ahwptolgdl0
2021-10-22 21:47:51,801 [260] INFO  AppManager [(null)] (landingPage.aspx) - New Session 
Request Type:  
SessionId: yxaftlfxlasxugey0ky1lcus
2021-10-22 21:47:52,002 [163] INFO  AppManager [(null)] (login.aspx) - (Mli) - Login successful 
SessionId: 2moumaxfhl4re3wz522cgt32
2021-10-22 21:47:52,009 [179] INFO  AppManager [(null)] (Home.aspx) - Page Load 
SessionId: yxaftlfxlasxugey0ky1lcus
2021-10-22 21:49:09,123 [208] ERROR AppManager [(null)] SimpleServings application error: Exception of type 'System.Web.HttpUnhandledException' was thrown.
location: http://localhost:1945/SimpleServings/UI/Page/SimpleServings/Menu/ViewMenu.aspx?MenuID=17787

System.Web.HttpUnhandledException (0x80004005): Exception of type 'System.Web.HttpUnhandledException' was thrown. ---> System.InvalidCastException: Object cannot be cast from DBNull to other types.
   at System.DBNull.System.IConvertible.ToInt32(IFormatProvider provider)
   at System.Convert.ToInt32(Object value)
   at SimpleServingsLibrary.Menu.Menu.PopMenu(SqlDataReader dr) in E:\DFTA coding\SimpleServings\SimpleServings_networkVersion_I_do\SimpleServing_Latest\Ansu_4_20\NewSimple\SimpleServingsLibrary\SimpleServings.Menu\BLL\Menu.cs:line 107
   at SimpleServingsLibrary.Menu.Menu.GetMenuByMenuID(Int32 menuID) in E:\DFTA coding\SimpleServings\SimpleServings_networkVersion_I_do\SimpleServing_Latest\Ansu_4_20\NewSimple\SimpleServingsLibrary\SimpleServings.Menu\BLL\Menu.cs:line 443
   at SimpleServings.UI.UDC.SimpleServings.Menu.MenuItemGrid.PopGrid(Int32 menuID) in E:\DFTA coding\SimpleServings\SimpleServings_networkVersion_I_do\SimpleServing_Latest\Ansu_4_20\NewSimple\SimpleServings\SimpleServings\UI\UDC\SimpleServings\Menu\MenuItemGrid.ascx.cs:line 98
   at SimpleServings.UI.UDC.SimpleServings.Menu.MenuItemGrid.Page_Load(Object sender, EventArgs e) in E:\DFTA coding\SimpleServings\SimpleServings_networkVersion_I_do\SimpleServing_Latest\Ansu_4_20\NewSimple\SimpleServings\SimpleServings\UI\UDC\SimpleServings\Menu\MenuItemGrid.ascx.cs:line 69
   at System.Web.Util.CalliEventHandlerDelegateProxy.Callback(Object sender, EventArgs e)
   at System.Web.UI.Control.OnLoad(EventArgs e)
   at System.Web.UI.Control.LoadRecursive()
   at System.Web.UI.Control.LoadRecursive()
   at System.Web.UI.Control.LoadRecursive()
   at System.Web.UI.Control.LoadRecursive()
   at System.Web.UI.Control.LoadRecursive()
   at System.Web.UI.Control.LoadRecursive()
   at System.Web.UI.Control.LoadRecursive()
   at System.Web.UI.Page.ProcessRequestMain(Boolean includeStagesBeforeAsyncPoint, Boolean includeStagesAfterAsyncPoint)
   at System.Web.UI.Page.HandleError(Exception e)
   at System.Web.UI.Page.ProcessRequestMain(Boolean includeStagesBeforeAsyncPoint, Boolean includeStagesAfterAsyncPoint)
   at System.Web.UI.Page.ProcessRequest(Boolean includeStagesBeforeAsyncPoint, Boolean includeStagesAfterAsyncPoint)
   at System.Web.UI.Page.ProcessRequest()
   at System.Web.UI.Page.ProcessRequestWithNoAssert(HttpContext context)
   at System.Web.UI.Page.ProcessRequest(HttpContext context)
   at ASP.ui_page_simpleservings_menu_viewmenu_aspx.ProcessRequest(HttpContext context) in c:\Users\mali\AppData\Local\Temp\Temporary ASP.NET Files\simpleservings\7dcfb244\fadae239\App_Web_0m15uyod.4.cs:line 0
   at System.Web.HttpApplication.CallHandlerExecutionStep.System.Web.HttpApplication.IExecutionStep.Execute()
   at System.Web.HttpApplication.ExecuteStepImpl(IExecutionStep step)
   at System.Web.HttpApplication.ExecuteStep(IExecutionStep step, Boolean& completedSynchronously)
2021-10-22 21:49:24,573 [208] INFO  AppManager [(null)] (landingPage.aspx) - Clearing Session 
Request Type:  
SessionId: jnbeyuurpa12muiyxjnkkk2a
2021-10-22 21:49:24,588 [ 12] INFO  AppManager [(null)] (landingPage.aspx) - New Session 
Request Type:  
SessionId: ftqr5hcsb1xfom0azri2hlnb
2021-10-22 21:49:24,843 [271] INFO  AppManager [(null)] (login.aspx) - (Mli) - Login successful 
SessionId: w1py2lbl2mkv5gj2ww501uit
2021-10-22 21:49:24,849 [226] INFO  AppManager [(null)] (Home.aspx) - Page Load 
SessionId: ftqr5hcsb1xfom0azri2hlnb
2021-10-22 21:50:38,629 [208] ERROR AppManager [(null)] SimpleServings application error: Exception of type 'System.Web.HttpUnhandledException' was thrown.
location: http://localhost:1945/SimpleServings/UI/Page/SimpleServings/Menu/ViewMenu.aspx?MenuID=17787

System.Web.HttpUnhandledException (0x80004005): Exception of type 'System.Web.HttpUnhandledException' was thrown. ---> System.InvalidCastException: Object cannot be cast from DBNull to other types.
   at System.DBNull.System.IConvertible.ToInt32(IFormatProvider provider)
   at System.Convert.ToInt32(Object value)
   at SimpleServingsLibrary.Menu.Menu.PopMenu(SqlDataReader dr) in E:\DFTA coding\SimpleServings\SimpleServings_networkVersion_I_do\SimpleServing_Latest\Ansu_4_20\NewSimple\SimpleServingsLibrary\SimpleServings.Menu\BLL\Menu.cs:line 107
   at SimpleServingsLibrary.Menu.Menu.GetMenuByMenuID(Int32 menuID) in E:\DFTA coding\SimpleServings\SimpleServings_networkVersion_I_do\SimpleServing_Latest\Ansu_4_20\NewSimple\SimpleServingsLibrary\SimpleServings.Menu\BLL\Menu.cs:line 443
   at SimpleServings.UI.UDC.SimpleServings.Menu.MenuItemGrid.PopGrid(Int32 menuID) in E:\DFTA coding\SimpleServings\SimpleServings_networkVersion_I_do\SimpleServing_Latest\Ansu_4_20\NewSimple\SimpleServings\SimpleServings\UI\UDC\SimpleServings\Menu\MenuItemGrid.ascx.cs:line 98
   at SimpleServings.UI.UDC.SimpleServings.Menu.MenuItemGrid.Page_Load(Object sender, EventArgs e) in E:\DFTA coding\SimpleServings\SimpleServings_networkVersion_I_do\SimpleServing_Latest\Ansu_4_20\NewSimple\SimpleServings\SimpleServings\UI\UDC\SimpleServings\Menu\MenuItemGrid.ascx.cs:line 69
   at System.Web.Util.CalliEventHandlerDelegateProxy.Callback(Object sender, EventArgs e)
   at System.Web.UI.Control.OnLoad(EventArgs e)
   at System.Web.UI.Control.LoadRecursive()
   at System.Web.UI.Control.LoadRecursive()
   at System.Web.UI.Control.LoadRecursive()
   at System.Web.UI.Control.LoadRecursive()
   at System.Web.UI.Control.LoadRecursive()
   at System.Web.UI.Control.LoadRecursive()
   at System.Web.UI.Control.LoadRecursive()
   at System.Web.UI.Page.ProcessRequestMain(Boolean includeStagesBeforeAsyncPoint, Boolean includeStagesAfterAsyncPoint)
   at System.Web.UI.Page.HandleError(Exception e)
   at System.Web.UI.Page.ProcessRequestMain(Boolean includeStagesBeforeAsyncPoint, Boolean includeStagesAfterAsyncPoint)
   at System.Web.UI.Page.ProcessRequest(Boolean includeStagesBeforeAsyncPoint, Boolean includeStagesAfterAsyncPoint)
   at System.Web.UI.Page.ProcessRequest()
   at System.Web.UI.Page.ProcessRequestWithNoAssert(HttpContext context)
   at System.Web.UI.Page.ProcessRequest(HttpContext context)
   at ASP.ui_page_simpleservings_menu_viewmenu_aspx.ProcessRequest(HttpContext context) in c:\Users\mali\AppData\Local\Temp\Temporary ASP.NET Files\simpleservings\7dcfb244\fadae239\App_Web_0m15uyod.4.cs:line 0
   at System.Web.HttpApplication.CallHandlerExecutionStep.System.Web.HttpApplication.IExecutionStep.Execute()
   at System.Web.HttpApplication.ExecuteStepImpl(IExecutionStep step)
   at System.Web.HttpApplication.ExecuteStep(IExecutionStep step, Boolean& completedSynchronously)
2021-10-22 21:50:54,181 [208] INFO  AppManager [(null)] (landingPage.aspx) - Clearing Session 
Request Type:  
SessionId: e50g3odumofx40fd2w1mizog
2021-10-22 21:50:54,195 [ 12] INFO  AppManager [(null)] (landingPage.aspx) - New Session 
Request Type:  
SessionId: gyhe5qha03o3vjyiudrm3bfd
2021-10-22 21:50:54,449 [271] INFO  AppManager [(null)] (login.aspx) - (Mli) - Login successful 
SessionId: qr5sqpeyklijmv2ujw3chu4p
2021-10-22 21:50:54,455 [226] INFO  AppManager [(null)] (Home.aspx) - Page Load 
SessionId: gyhe5qha03o3vjyiudrm3bfd
2021-10-22 21:59:41,146 [208] ERROR AppManager [(null)] SimpleServings application error: Exception of type 'System.Web.HttpUnhandledException' was thrown.
location: http://localhost:1945/SimpleServings/UI/Page/SimpleServings/Menu/ViewMenu.aspx?MenuID=17787

System.Web.HttpUnhandledException (0x80004005): Exception of type 'System.Web.HttpUnhandledException' was thrown. ---> System.InvalidCastException: Object cannot be cast from DBNull to other types.
   at System.DBNull.System.IConvertible.ToInt32(IFormatProvider provider)
   at System.Convert.ToInt32(Object value)
   at SimpleServingsLibrary.Menu.Menu.PopMenu(SqlDataReader dr) in E:\DFTA coding\SimpleServings\SimpleServings_networkVersion_I_do\SimpleServing_Latest\Ansu_4_20\NewSimple\SimpleServingsLibrary\SimpleServings.Menu\BLL\Menu.cs:line 107
   at SimpleServingsLibrary.Menu.Menu.GetMenuByMenuID(Int32 menuID) in E:\DFTA coding\SimpleServings\SimpleServings_networkVersion_I_do\SimpleServing_Latest\Ansu_4_20\NewSimple\SimpleServingsLibrary\SimpleServings.Menu\BLL\Menu.cs:line 443
   at SimpleServings.UI.UDC.SimpleServings.Menu.MenuItemGrid.PopGrid(Int32 menuID) in E:\DFTA coding\SimpleServings\SimpleServings_networkVersion_I_do\SimpleServing_Latest\Ansu_4_20\NewSimple\SimpleServings\SimpleServings\UI\UDC\SimpleServings\Menu\MenuItemGrid.ascx.cs:line 98
   at SimpleServings.UI.UDC.SimpleServings.Menu.MenuItemGrid.Page_Load(Object sender, EventArgs e) in E:\DFTA coding\SimpleServings\SimpleServings_networkVersion_I_do\SimpleServing_Latest\Ansu_4_20\NewSimple\SimpleServings\SimpleServings\UI\UDC\SimpleServings\Menu\MenuItemGrid.ascx.cs:line 69
   at System.Web.Util.CalliEventHandlerDelegateProxy.Callback(Object sender, EventArgs e)
   at System.Web.UI.Control.OnLoad(EventArgs e)
   at System.Web.UI.Control.LoadRecursive()
   at System.Web.UI.Control.LoadRecursive()
   at System.Web.UI.Control.LoadRecursive()
   at System.Web.UI.Control.LoadRecursive()
   at System.Web.UI.Control.LoadRecursive()
   at System.Web.UI.Control.LoadRecursive()
   at System.Web.UI.Control.LoadRecursive()
   at System.Web.UI.Page.ProcessRequestMain(Boolean includeStagesBeforeAsyncPoint, Boolean includeStagesAfterAsyncPoint)
   at System.Web.UI.Page.HandleError(Exception e)
   at System.Web.UI.Page.ProcessRequestMain(Boolean includeStagesBeforeAsyncPoint, Boolean includeStagesAfterAsyncPoint)
   at System.Web.UI.Page.ProcessRequest(Boolean includeStagesBeforeAsyncPoint, Boolean includeStagesAfterAsyncPoint)
   at System.Web.UI.Page.ProcessRequest()
   at System.Web.UI.Page.ProcessRequestWithNoAssert(HttpContext context)
   at System.Web.UI.Page.ProcessRequest(HttpContext context)
   at ASP.ui_page_simpleservings_menu_viewmenu_aspx.ProcessRequest(HttpContext context) in c:\Users\mali\AppData\Local\Temp\Temporary ASP.NET Files\simpleservings\7dcfb244\fadae239\App_Web_0m15uyod.4.cs:line 0
   at System.Web.HttpApplication.CallHandlerExecutionStep.System.Web.HttpApplication.IExecutionStep.Execute()
   at System.Web.HttpApplication.ExecuteStepImpl(IExecutionStep step)
   at System.Web.HttpApplication.ExecuteStep(IExecutionStep step, Boolean& completedSynchronously)
2021-10-22 21:59:55,966 [208] INFO  AppManager [(null)] (landingPage.aspx) - Clearing Session 
Request Type:  
SessionId: vxuw02ggaixwrmxypg0aaaxt
2021-10-22 21:59:55,982 [ 41] INFO  AppManager [(null)] (landingPage.aspx) - New Session 
Request Type:  
SessionId: yxtmxqdjxtsg4zymockaqkg1
2021-10-22 21:59:56,245 [211] INFO  AppManager [(null)] (login.aspx) - (Mli) - Login successful 
SessionId: u4hij30nu1yvidxzqsyqq1qm
2021-10-22 21:59:56,250 [ 41] INFO  AppManager [(null)] (Home.aspx) - Page Load 
SessionId: yxtmxqdjxtsg4zymockaqkg1
2021-10-22 22:02:11,882 [208] ERROR AppManager [(null)] SimpleServings application error: Exception of type 'System.Web.HttpUnhandledException' was thrown.
location: http://localhost:1945/SimpleServings/UI/Page/SimpleServings/Menu/ViewMenu.aspx?MenuID=17787

System.Web.HttpUnhandledException (0x80004005): Exception of type 'System.Web.HttpUnhandledException' was thrown. ---> System.InvalidCastException: Object cannot be cast from DBNull to other types.
   at System.DBNull.System.IConvertible.ToInt32(IFormatProvider provider)
   at System.Convert.ToInt32(Object value)
   at SimpleServingsLibrary.Menu.Menu.PopMenu(SqlDataReader dr) in E:\DFTA coding\SimpleServings\SimpleServings_networkVersion_I_do\SimpleServing_Latest\Ansu_4_20\NewSimple\SimpleServingsLibrary\SimpleServings.Menu\BLL\Menu.cs:line 107
   at SimpleServingsLibrary.Menu.Menu.GetMenuByMenuID(Int32 menuID) in E:\DFTA coding\SimpleServings\SimpleServings_networkVersion_I_do\SimpleServing_Latest\Ansu_4_20\NewSimple\SimpleServingsLibrary\SimpleServings.Menu\BLL\Menu.cs:line 443
   at SimpleServings.UI.UDC.SimpleServings.Menu.MenuItemGrid.PopGrid(Int32 menuID) in E:\DFTA coding\SimpleServings\SimpleServings_networkVersion_I_do\SimpleServing_Latest\Ansu_4_20\NewSimple\SimpleServings\SimpleServings\UI\UDC\SimpleServings\Menu\MenuItemGrid.ascx.cs:line 98
   at SimpleServings.UI.UDC.SimpleServings.Menu.MenuItemGrid.Page_Load(Object sender, EventArgs e) in E:\DFTA coding\SimpleServings\SimpleServings_networkVersion_I_do\SimpleServing_Latest\Ansu_4_20\NewSimple\SimpleServings\SimpleServings\UI\UDC\SimpleServings\Menu\MenuItemGrid.ascx.cs:line 69
   at System.Web.Util.CalliEventHandlerDelegateProxy.Callback(Object sender, EventArgs e)
   at System.Web.UI.Control.OnLoad(EventArgs e)
   at System.Web.UI.Control.LoadRecursive()
   at System.Web.UI.Control.LoadRecursive()
   at System.Web.UI.Control.LoadRecursive()
   at System.Web.UI.Control.LoadRecursive()
   at System.Web.UI.Control.LoadRecursive()
   at System.Web.UI.Control.LoadRecursive()
   at System.Web.UI.Control.LoadRecursive()
   at System.Web.UI.Page.ProcessRequestMain(Boolean includeStagesBeforeAsyncPoint, Boolean includeStagesAfterAsyncPoint)
   at System.Web.UI.Page.HandleError(Exception e)
   at System.Web.UI.Page.ProcessRequestMain(Boolean includeStagesBeforeAsyncPoint, Boolean includeStagesAfterAsyncPoint)
   at System.Web.UI.Page.ProcessRequest(Boolean includeStagesBeforeAsyncPoint, Boolean includeStagesAfterAsyncPoint)
   at System.Web.UI.Page.ProcessRequest()
   at System.Web.UI.Page.ProcessRequestWithNoAssert(HttpContext context)
   at System.Web.UI.Page.ProcessRequest(HttpContext context)
   at ASP.ui_page_simpleservings_menu_viewmenu_aspx.ProcessRequest(HttpContext context) in c:\Users\mali\AppData\Local\Temp\Temporary ASP.NET Files\simpleservings\7dcfb244\fadae239\App_Web_0m15uyod.4.cs:line 0
   at System.Web.HttpApplication.CallHandlerExecutionStep.System.Web.HttpApplication.IExecutionStep.Execute()
   at System.Web.HttpApplication.ExecuteStepImpl(IExecutionStep step)
   at System.Web.HttpApplication.ExecuteStep(IExecutionStep step, Boolean& completedSynchronously)
2021-10-22 22:13:56,900 [278] INFO  AppManager [(null)] (landingPage.aspx) - Clearing Session 
Request Type:  
SessionId: m10wojth31j2veqij2vquybv
2021-10-22 22:13:56,912 [238] INFO  AppManager [(null)] (landingPage.aspx) - New Session 
Request Type:  
SessionId: 4o0xmqqzqzvxk3kvrduahqpc
2021-10-22 22:13:57,490 [245] ERROR AppManager [(null)] btnLogin_Click failed: Incorrect username and/or password.
2021-10-22 22:14:13,860 [249] INFO  AppManager [(null)] (landingPage.aspx) - Clearing Session 
Request Type:  
SessionId: 4o0xmqqzqzvxk3kvrduahqpc
2021-10-22 22:14:13,870 [ 33] INFO  AppManager [(null)] (landingPage.aspx) - New Session 
Request Type:  
SessionId: lhz22i01t3wx10ufsvipd4q3
2021-10-22 22:14:14,115 [245] INFO  AppManager [(null)] (login.aspx) - (Mli) - Login successful 
SessionId: h1vwn1w4vduauaxppudslq5i
2021-10-22 22:14:14,120 [278] INFO  AppManager [(null)] (Home.aspx) - Page Load 
SessionId: lhz22i01t3wx10ufsvipd4q3
2021-10-22 22:16:36,902 [ 28] INFO  AppManager [(null)] SimpleServings started.
2021-10-22 22:17:01,189 [185] INFO  AppManager [(null)] (Home.aspx) - Page Load 
SessionId: n3jpsefp1qi1z1xdfvn5mqta
2021-10-22 22:18:08,773 [161] ERROR AppManager [(null)] SimpleServings application error: Exception of type 'System.Web.HttpUnhandledException' was thrown.
location: http://localhost:1945/SimpleServings/UI/Page/SimpleServings/Recipe/RecipeList.aspx

System.Web.HttpUnhandledException (0x80004005): Exception of type 'System.Web.HttpUnhandledException' was thrown. ---> System.InvalidOperationException: Failed to compare two elements in the array. ---> System.ArgumentException: At least one object must implement IComparable.
   at System.Collections.Comparer.Compare(Object a, Object b)
   at System.Collections.Generic.ObjectComparer`1.Compare(T x, T y)
   at System.Collections.Generic.ArraySortHelper`1.SwapIfGreater(T[] keys, IComparer`1 comparer, Int32 a, Int32 b)
   at System.Collections.Generic.ArraySortHelper`1.DepthLimitedQuickSort(T[] keys, Int32 left, Int32 right, IComparer`1 comparer, Int32 depthLimit)
   at System.Collections.Generic.ArraySortHelper`1.Sort(T[] keys, Int32 index, Int32 length, IComparer`1 comparer)
   --- End of inner exception stack trace ---
   at System.Collections.Generic.ArraySortHelper`1.Sort(T[] keys, Int32 index, Int32 length, IComparer`1 comparer)
   at System.Array.Sort[T](T[] array, Int32 index, Int32 length, IComparer`1 comparer)
   at System.Collections.Generic.List`1.Sort(Int32 index, Int32 count, IComparer`1 comparer)
   at System.Collections.Generic.List`1.Sort(IComparer`1 comparer)
   at SimpleServings.UI.UDC.SimpleServings.Recipe.RecipeGrid.SortGridView(String sortExpression, SortDirection direction) in E:\DFTA coding\SimpleServings\SimpleServings_networkVersion_I_do\SimpleServing_Latest\Ansu_4_20\NewSimple\SimpleServings\SimpleServings\UI\UDC\SimpleServings\Recipe\RecipeGrid.ascx.cs:line 190
   at SimpleServings.UI.UDC.SimpleServings.Recipe.RecipeGrid.gvRecipes_Sorting(Object sender, GridViewSortEventArgs e) in E:\DFTA coding\SimpleServings\SimpleServings_networkVersion_I_do\SimpleServing_Latest\Ansu_4_20\NewSimple\SimpleServings\SimpleServings\UI\UDC\SimpleServings\Recipe\RecipeGrid.ascx.cs:line 225
   at System.Web.UI.WebControls.GridView.OnSorting(GridViewSortEventArgs e)
   at System.Web.UI.WebControls.GridView.HandleSort(String sortExpression, SortDirection sortDirection)
   at System.Web.UI.WebControls.GridView.HandleSort(String sortExpression)
   at System.Web.UI.WebControls.GridView.HandleEvent(EventArgs e, Boolean causesValidation, String validationGroup)
   at System.Web.UI.WebControls.GridView.RaisePostBackEvent(String eventArgument)
   at System.Web.UI.WebControls.GridView.System.Web.UI.IPostBackEventHandler.RaisePostBackEvent(String eventArgument)
   at System.Web.UI.Page.RaisePostBackEvent(IPostBackEventHandler sourceControl, String eventArgument)
   at System.Web.UI.Page.RaisePostBackEvent(NameValueCollection postData)
   at System.Web.UI.Page.ProcessRequestMain(Boolean includeStagesBeforeAsyncPoint, Boolean includeStagesAfterAsyncPoint)
   at System.Web.UI.Page.HandleError(Exception e)
   at System.Web.UI.Page.ProcessRequestMain(Boolean includeStagesBeforeAsyncPoint, Boolean includeStagesAfterAsyncPoint)
   at System.Web.UI.Page.ProcessRequest(Boolean includeStagesBeforeAsyncPoint, Boolean includeStagesAfterAsyncPoint)
   at System.Web.UI.Page.ProcessRequest()
   at System.Web.UI.Page.ProcessRequestWithNoAssert(HttpContext context)
   at System.Web.UI.Page.ProcessRequest(HttpContext context)
   at ASP.ui_page_simpleservings_recipe_recipelist_aspx.ProcessRequest(HttpContext context) in c:\Users\mali\AppData\Local\Temp\Temporary ASP.NET Files\simpleservings\7dcfb244\fadae239\App_Web_3dacnrha.0.cs:line 0
   at System.Web.HttpApplication.CallHandlerExecutionStep.System.Web.HttpApplication.IExecutionStep.Execute()
   at System.Web.HttpApplication.ExecuteStepImpl(IExecutionStep step)
   at System.Web.HttpApplication.ExecuteStep(IExecutionStep step, Boolean& completedSynchronously)
2021-10-22 22:20:21,771 [249] ERROR AppManager [(null)] SimpleServings application error: Exception of type 'System.Web.HttpUnhandledException' was thrown.
location: http://localhost:1945/SimpleServings/UI/Page/SimpleServings/Recipe/RecipeList.aspx

System.Web.HttpUnhandledException (0x80004005): Exception of type 'System.Web.HttpUnhandledException' was thrown. ---> System.InvalidOperationException: Failed to compare two elements in the array. ---> System.ArgumentException: At least one object must implement IComparable.
   at System.Collections.Comparer.Compare(Object a, Object b)
   at System.Collections.Generic.ObjectComparer`1.Compare(T x, T y)
   at System.Collections.Generic.ArraySortHelper`1.SwapIfGreater(T[] keys, IComparer`1 comparer, Int32 a, Int32 b)
   at System.Collections.Generic.ArraySortHelper`1.DepthLimitedQuickSort(T[] keys, Int32 left, Int32 right, IComparer`1 comparer, Int32 depthLimit)
   at System.Collections.Generic.ArraySortHelper`1.Sort(T[] keys, Int32 index, Int32 length, IComparer`1 comparer)
   --- End of inner exception stack trace ---
   at System.Collections.Generic.ArraySortHelper`1.Sort(T[] keys, Int32 index, Int32 length, IComparer`1 comparer)
   at System.Array.Sort[T](T[] array, Int32 index, Int32 length, IComparer`1 comparer)
   at System.Collections.Generic.List`1.Sort(Int32 index, Int32 count, IComparer`1 comparer)
   at System.Collections.Generic.List`1.Sort(IComparer`1 comparer)
   at SimpleServings.UI.UDC.SimpleServings.Recipe.RecipeGrid.SortGridView(String sortExpression, SortDirection direction) in E:\DFTA coding\SimpleServings\SimpleServings_networkVersion_I_do\SimpleServing_Latest\Ansu_4_20\NewSimple\SimpleServings\SimpleServings\UI\UDC\SimpleServings\Recipe\RecipeGrid.ascx.cs:line 190
   at SimpleServings.UI.UDC.SimpleServings.Recipe.RecipeGrid.gvRecipes_Sorting(Object sender, GridViewSortEventArgs e) in E:\DFTA coding\SimpleServings\SimpleServings_networkVersion_I_do\SimpleServing_Latest\Ansu_4_20\NewSimple\SimpleServings\SimpleServings\UI\UDC\SimpleServings\Recipe\RecipeGrid.ascx.cs:line 225
   at System.Web.UI.WebControls.GridView.OnSorting(GridViewSortEventArgs e)
   at System.Web.UI.WebControls.GridView.HandleSort(String sortExpression, SortDirection sortDirection)
   at System.Web.UI.WebControls.GridView.HandleSort(String sortExpression)
   at System.Web.UI.WebControls.GridView.HandleEvent(EventArgs e, Boolean causesValidation, String validationGroup)
   at System.Web.UI.WebControls.GridView.RaisePostBackEvent(String eventArgument)
   at System.Web.UI.WebControls.GridView.System.Web.UI.IPostBackEventHandler.RaisePostBackEvent(String eventArgument)
   at System.Web.UI.Page.RaisePostBackEvent(IPostBackEventHandler sourceControl, String eventArgument)
   at System.Web.UI.Page.RaisePostBackEvent(NameValueCollection postData)
   at System.Web.UI.Page.ProcessRequestMain(Boolean includeStagesBeforeAsyncPoint, Boolean includeStagesAfterAsyncPoint)
   at System.Web.UI.Page.HandleError(Exception e)
   at System.Web.UI.Page.ProcessRequestMain(Boolean includeStagesBeforeAsyncPoint, Boolean includeStagesAfterAsyncPoint)
   at System.Web.UI.Page.ProcessRequest(Boolean includeStagesBeforeAsyncPoint, Boolean includeStagesAfterAsyncPoint)
   at System.Web.UI.Page.ProcessRequest()
   at System.Web.UI.Page.ProcessRequestWithNoAssert(HttpContext context)
   at System.Web.UI.Page.ProcessRequest(HttpContext context)
   at ASP.ui_page_simpleservings_recipe_recipelist_aspx.ProcessRequest(HttpContext context) in c:\Users\mali\AppData\Local\Temp\Temporary ASP.NET Files\simpleservings\7dcfb244\fadae239\App_Web_3dacnrha.0.cs:line 0
   at System.Web.HttpApplication.CallHandlerExecutionStep.System.Web.HttpApplication.IExecutionStep.Execute()
   at System.Web.HttpApplication.ExecuteStepImpl(IExecutionStep step)
   at System.Web.HttpApplication.ExecuteStep(IExecutionStep step, Boolean& completedSynchronously)
2021-10-22 22:21:46,877 [245] INFO  AppManager [(null)] (landingPage.aspx) - Clearing Session 
Request Type:  
SessionId: i0luwc0mz3yirawv1rxnfbbf
2021-10-22 22:21:46,894 [161] INFO  AppManager [(null)] (landingPage.aspx) - New Session 
Request Type:  
SessionId: gycgw0bxxbszugniqypbel5w
2021-10-22 22:21:47,141 [278] INFO  AppManager [(null)] (login.aspx) - (Mli) - Login successful 
SessionId: pqsnuwqjhpuytjfo4ftxyye1
2021-10-22 22:21:47,146 [181] INFO  AppManager [(null)] (Home.aspx) - Page Load 
SessionId: gycgw0bxxbszugniqypbel5w
2021-10-22 22:24:26,888 [ 28] INFO  AppManager [(null)] SimpleServings started.
2021-10-22 22:24:46,973 [278] INFO  AppManager [(null)] (Home.aspx) - Page Load 
SessionId: ajkccy4gnnysidbwppmgc2p1
2021-10-22 22:28:37,859 [185] INFO  AppManager [(null)] (Recipe.aspx) - Request from http://localhost:1945/SimpleServings/UI/Page/SimpleServings/Recipe/ViewRecipe.aspx?RecipeID=4301 
SessionId: ajkccy4gnnysidbwppmgc2p1
2021-10-22 22:40:51,546 [185] INFO  AppManager [(null)] (landingPage.aspx) - Clearing Session 
Request Type:  
SessionId: fsgmvnvglwipzcjmyltynvdv
2021-10-22 22:40:51,564 [173] INFO  AppManager [(null)] (landingPage.aspx) - New Session 
Request Type:  
SessionId: cvqc1wyqu0p33z1b2enqgzoc
2021-10-22 22:40:51,829 [190] INFO  AppManager [(null)] (login.aspx) - (Mli) - Login successful 
SessionId: pl5avsgagn2zmvbmvo1mteic
2021-10-22 22:40:51,837 [173] INFO  AppManager [(null)] (Home.aspx) - Page Load 
SessionId: cvqc1wyqu0p33z1b2enqgzoc
2021-10-22 23:15:55,270 [222] INFO  AppManager [(null)] (landingPage.aspx) - Clearing Session 
Request Type:  
SessionId: xym3so4nvikywu2oy0rnlnvf
2021-10-22 23:15:55,285 [247] INFO  AppManager [(null)] (landingPage.aspx) - New Session 
Request Type:  
SessionId: 35rg2gz1xvkj3zexxjj4jumv
2021-10-22 23:15:57,959 [173] INFO  AppManager [(null)] (login.aspx) - (Mli) - Login successful 
SessionId: u311r0uwi5frjd3doyo1ikgi
2021-10-22 23:15:57,965 [265] INFO  AppManager [(null)] (Home.aspx) - Page Load 
SessionId: 35rg2gz1xvkj3zexxjj4jumv
2021-10-22 23:19:07,063 [172] INFO  AppManager [(null)] (landingPage.aspx) - Clearing Session 
Request Type:  
SessionId: qugsajmlzke0ko2cl0lzgk5c
2021-10-22 23:19:07,075 [237] INFO  AppManager [(null)] (landingPage.aspx) - New Session 
Request Type:  
SessionId: 5p10ac5yozvspcyujebzgnie
2021-10-22 23:19:07,438 [172] INFO  AppManager [(null)] (login.aspx) - (Mli) - Login successful 
SessionId: rak5env141ff5bpinxd3aeva
2021-10-22 23:19:07,443 [166] INFO  AppManager [(null)] (Home.aspx) - Page Load 
SessionId: 5p10ac5yozvspcyujebzgnie
2021-10-22 23:19:09,192 [220] INFO  AppManager [(null)] (Recipe.aspx) - Request from http://localhost:1945/SimpleServings/UI/Page/Home.aspx 
SessionId: 5p10ac5yozvspcyujebzgnie
2021-10-22 23:50:09,808 [ 26] INFO  AppManager [(null)] SimpleServings started.
2021-10-22 23:50:32,714 [ 23] INFO  AppManager [(null)] (Home.aspx) - Page Load 
SessionId: vbcvqfqk31ccfeqtetf1wkcc
2021-10-22 23:50:35,897 [212] INFO  AppManager [(null)] (Recipe.aspx) - Request from http://localhost:1945/SimpleServings/UI/Page/Home.aspx 
SessionId: vbcvqfqk31ccfeqtetf1wkcc
2021-10-22 23:56:52,877 [ 26] INFO  AppManager [(null)] SimpleServings started.
2021-10-22 23:57:20,982 [246] ERROR AppManager [(null)] btnLogin_Click failed: Incorrect username and/or password.
2021-10-22 23:57:32,254 [241] INFO  AppManager [(null)] (landingPage.aspx) - Clearing Session 
Request Type:  
SessionId: 3prdbpg0wfboq3gaqfggrp4q
2021-10-22 23:57:32,266 [220] INFO  AppManager [(null)] (landingPage.aspx) - New Session 
Request Type:  
SessionId: 1liubwy5ameevomlm1o0ulnr
2021-10-22 23:57:32,511 [264] INFO  AppManager [(null)] (login.aspx) - (Mli) - Login successful 
SessionId: eqboq0mxgpxqpmw2tflku241
2021-10-22 23:57:32,535 [183] INFO  AppManager [(null)] (Home.aspx) - Page Load 
SessionId: 1liubwy5ameevomlm1o0ulnr
2021-10-22 23:57:38,151 [183] INFO  AppManager [(null)] (Recipe.aspx) - Request from http://localhost:1945/SimpleServings/UI/Page/Home.aspx 
SessionId: 1liubwy5ameevomlm1o0ulnr
