2017-02-22 13:04:02,888 [ 12] INFO  AppManager [(null)] SimpleServings started.
2017-02-22 13:04:08,654 [  5] INFO  AppManager [(null)] (landingPage.aspx) - Redirecting to Login.aspx 
Request Type: LogInOut 
SessionId: 
2017-02-22 13:04:14,183 [  5] INFO  AppManager [(null)] (Home.aspx) - Page Load 
SessionId: giklbv55dh0asjihkidqgsij
2017-02-22 14:02:32,648 [  6] INFO  AppManager [(null)] (landingPage.aspx) - Request from http://localhost:1949/SimpleServings/UI/Page/SimpleServings/Recipe/ViewRecipe.aspx?RecipeID=62 
Request Type: LogInOut 
SessionId: giklbv55dh0asjihkidqgsij
2017-02-22 14:02:32,649 [  6] INFO  AppManager [(null)] (landingPage.aspx) - Redirecting to Login.aspx 
Request Type: LogInOut 
SessionId: giklbv55dh0asjihkidqgsij
2017-02-22 14:02:32,699 [  7] INFO  AppManager [(null)] (login.aspx) - Request from http://localhost:1949/SimpleServings/UI/Page/SimpleServings/Recipe/ViewRecipe.aspx?RecipeID=62 
SessionId: puibip45kdxvuqm51ecyngep
2017-02-22 14:02:36,589 [  6] INFO  AppManager [(null)] (landingPage.aspx) - Clearing Session 
Request Type:  
SessionId: qkzpdu55oevu5f45u1n1mf45
2017-02-22 14:02:36,602 [  6] INFO  AppManager [(null)] (landingPage.aspx) - New Session 
Request Type:  
SessionId: 5sw1sg45v3rwj3453mcy10av
2017-02-22 14:02:36,634 [  6] INFO  AppManager [(null)] (login.aspx) - (CatererOne) - Login successful 
SessionId: tjkci4zpsz1psc55n2wfu445
2017-02-22 14:02:36,642 [  6] INFO  AppManager [(null)] (Home.aspx) - Page Load 
SessionId: 5sw1sg45v3rwj3453mcy10av
2017-02-22 14:17:23,967 [  5] INFO  AppManager [(null)] (landingPage.aspx) - Request from http://localhost:1949/SimpleServings/UI/Page/Home.aspx 
Request Type: LogInOut 
SessionId: 5sw1sg45v3rwj3453mcy10av
2017-02-22 14:17:23,968 [  5] INFO  AppManager [(null)] (landingPage.aspx) - Redirecting to Login.aspx 
Request Type: LogInOut 
SessionId: 5sw1sg45v3rwj3453mcy10av
2017-02-22 14:17:23,977 [  6] INFO  AppManager [(null)] (login.aspx) - Request from http://localhost:1949/SimpleServings/UI/Page/Home.aspx 
SessionId: bbby4hzcjynlzvfbspuv5o45
2017-02-22 14:17:26,847 [  6] INFO  AppManager [(null)] (landingPage.aspx) - Clearing Session 
Request Type:  
SessionId: ma0fqhboyyh4s4qgwbyvsnia
2017-02-22 14:17:26,865 [  7] INFO  AppManager [(null)] (landingPage.aspx) - New Session 
Request Type:  
SessionId: gxpdwiu0ga0tyw45g0cczwj1
2017-02-22 14:17:26,877 [  6] INFO  AppManager [(null)] (login.aspx) - (CatererOne) - Login successful 
SessionId: 3ur3ra45lsx5aqup4y2srezp
2017-02-22 14:17:26,885 [  5] INFO  AppManager [(null)] (Home.aspx) - Page Load 
SessionId: gxpdwiu0ga0tyw45g0cczwj1
2017-02-22 14:35:30,511 [ 14] INFO  AppManager [(null)] SimpleServings started.
2017-02-22 14:35:30,636 [  6] INFO  AppManager [(null)] (RecipeList.aspx) - Redirecting to Login.aspx 
SessionId: gxpdwiu0ga0tyw45g0cczwj1
2017-02-22 14:35:30,676 [  5] INFO  AppManager [(null)] (landingPage.aspx) - Request from http://localhost:1949/SimpleServings/UI/Page/Home.aspx 
Request Type: LogInOut 
SessionId: gxpdwiu0ga0tyw45g0cczwj1
2017-02-22 14:35:30,677 [  5] INFO  AppManager [(null)] (landingPage.aspx) - Redirecting to Login.aspx 
Request Type: LogInOut 
SessionId: gxpdwiu0ga0tyw45g0cczwj1
2017-02-22 14:35:35,681 [  6] INFO  AppManager [(null)] (login.aspx) - (CatererOne) - Login successful 
SessionId: 3q1ww0yjxwzxk431luo2nfyu
2017-02-22 14:35:35,712 [  5] INFO  AppManager [(null)] (Home.aspx) - Page Load 
SessionId: zd1nq545a3h5imzee0diwe45
2017-02-22 14:38:56,604 [  8] INFO  AppManager [(null)] (landingPage.aspx) - Request from http://localhost:1949/SimpleServings/UI/Page/myzone.aspx?Control=Setting 
Request Type: LogInOut 
SessionId: zd1nq545a3h5imzee0diwe45
2017-02-22 14:38:56,605 [  8] INFO  AppManager [(null)] (landingPage.aspx) - Redirecting to Login.aspx 
Request Type: LogInOut 
SessionId: zd1nq545a3h5imzee0diwe45
2017-02-22 14:38:56,615 [  6] INFO  AppManager [(null)] (login.aspx) - Request from http://localhost:1949/SimpleServings/UI/Page/myzone.aspx?Control=Setting 
SessionId: bnxsmjihyaivl5udncgvhvel
2017-02-22 14:39:00,568 [  7] INFO  AppManager [(null)] (landingPage.aspx) - Clearing Session 
Request Type:  
SessionId: pg5yl3qgradcxrn3b5j00v55
2017-02-22 14:39:00,586 [  6] INFO  AppManager [(null)] (landingPage.aspx) - New Session 
Request Type:  
SessionId: 13pzt42qwiwpew452okcuify
2017-02-22 14:39:00,598 [  8] INFO  AppManager [(null)] (login.aspx) - (cvais7773) - Login successful 
SessionId: xfywng45wyys40a2dkb0ow2o
2017-02-22 14:39:00,605 [  5] INFO  AppManager [(null)] (Home.aspx) - Page Load 
SessionId: 13pzt42qwiwpew452okcuify
2017-02-22 14:39:08,052 [  6] INFO  AppManager [(null)] (Recipe.aspx) - Request from http://localhost:1949/SimpleServings/UI/Page/myzone.aspx?Control=Setting 
SessionId: 13pzt42qwiwpew452okcuify
2017-02-22 17:30:09,096 [  8] INFO  AppManager [(null)] (Home.aspx) - Page Load 
SessionId: 13pzt42qwiwpew452okcuify
2017-02-22 17:30:11,211 [  7] INFO  AppManager [(null)] (landingPage.aspx) - Request from http://localhost:1949/SimpleServings/UI/Page/ 
Request Type: LogInOut 
SessionId: 13pzt42qwiwpew452okcuify
2017-02-22 17:30:11,212 [  7] INFO  AppManager [(null)] (landingPage.aspx) - Redirecting to Login.aspx 
Request Type: LogInOut 
SessionId: 13pzt42qwiwpew452okcuify
2017-02-22 17:30:11,222 [  8] INFO  AppManager [(null)] (login.aspx) - Request from http://localhost:1949/SimpleServings/UI/Page/ 
SessionId: nheuyomsnshoyc452yptii55
2017-02-22 17:30:13,979 [  6] INFO  AppManager [(null)] (landingPage.aspx) - Clearing Session 
Request Type:  
SessionId: ukloes55sa0b1d55q3kxmx55
2017-02-22 17:30:13,999 [  8] INFO  AppManager [(null)] (landingPage.aspx) - New Session 
Request Type:  
SessionId: utrtta55md0ktmbjam23vdf0
2017-02-22 17:30:14,539 [  7] INFO  AppManager [(null)] (login.aspx) - (cvais7773) - Login successful 
SessionId: oi3dnt45edzsrk45wbm1bqj4
2017-02-22 17:30:14,550 [  6] INFO  AppManager [(null)] (Home.aspx) - Page Load 
SessionId: utrtta55md0ktmbjam23vdf0
2017-02-22 17:31:38,077 [  5] INFO  AppManager [(null)] (landingPage.aspx) - Request from http://localhost:1949/SimpleServings/UI/Page/SimpleServings/Menu/MenuList.aspx?MenuType=ViewSamples 
Request Type: LogInOut 
SessionId: utrtta55md0ktmbjam23vdf0
2017-02-22 17:31:38,078 [  5] INFO  AppManager [(null)] (landingPage.aspx) - Redirecting to Login.aspx 
Request Type: LogInOut 
SessionId: utrtta55md0ktmbjam23vdf0
2017-02-22 17:31:38,088 [  7] INFO  AppManager [(null)] (login.aspx) - Request from http://localhost:1949/SimpleServings/UI/Page/SimpleServings/Menu/MenuList.aspx?MenuType=ViewSamples 
SessionId: jik4cs3hwyd3tx55kvhzwbzl
