2022-06-23 09:56:21,278 [  1] INFO  AppManager [(null)] SimpleServings started.
2022-06-23 09:56:54,530 [  8] INFO  AppManager [(null)] (Home.aspx) - Page Load 
SessionId: hkxhqidudyja3panvlmdjy1y
2022-06-23 09:57:56,568 [ 25] INFO  AppManager [(null)] (landingPage.aspx) - Clearing Session 
Request Type:  
SessionId: 0gscfyht3mjoqi5j5cmvqc2j
2022-06-23 09:57:56,573 [  9] INFO  AppManager [(null)] (landingPage.aspx) - New Session 
Request Type:  
SessionId: np3r1py1f04lval5kz0wortd
2022-06-23 09:57:56,874 [ 26] ERROR AppManager [(null)] btnLogin_Click failed: Incorrect username and/or password.
2022-06-23 09:58:06,295 [ 22] INFO  AppManager [(null)] (landingPage.aspx) - Clearing Session 
Request Type:  
SessionId: np3r1py1f04lval5kz0wortd
2022-06-23 09:58:06,299 [ 23] INFO  AppManager [(null)] (landingPage.aspx) - New Session 
Request Type:  
SessionId: iltz1wordchuixiszoswjzfc
2022-06-23 09:58:06,547 [ 25] ERROR AppManager [(null)] btnLogin_Click failed: Incorrect username and/or password.
2022-06-23 09:58:17,352 [ 27] INFO  AppManager [(null)] (landingPage.aspx) - Clearing Session 
Request Type:  
SessionId: iltz1wordchuixiszoswjzfc
2022-06-23 09:58:17,356 [ 29] INFO  AppManager [(null)] (landingPage.aspx) - New Session 
Request Type:  
SessionId: ccyhb545b4scdsqkujlx4ycy
2022-06-23 09:58:17,590 [ 29] INFO  AppManager [(null)] (login.aspx) - (Mli) - Login successful 
SessionId: egozjxhmg3vwchtoyiie0uzq
2022-06-23 09:58:17,595 [  6] INFO  AppManager [(null)] (Home.aspx) - Page Load 
SessionId: ccyhb545b4scdsqkujlx4ycy
2022-06-23 10:01:35,989 [ 35] INFO  AppManager [(null)] (landingPage.aspx) - Clearing Session 
Request Type:  
SessionId: pi2mzrqvc05upnggqqnrm4jz
2022-06-23 10:01:35,998 [ 37] INFO  AppManager [(null)] (landingPage.aspx) - New Session 
Request Type:  
SessionId: kptuh3p4fhqrayvhxo0ys3vl
2022-06-23 10:01:36,640 [ 34] INFO  AppManager [(null)] (login.aspx) - (Mli) - Login successful 
SessionId: z1x0frstimkfxcds2b3qsco0
2022-06-23 10:01:36,664 [ 37] INFO  AppManager [(null)] (Home.aspx) - Page Load 
SessionId: kptuh3p4fhqrayvhxo0ys3vl
2022-06-23 10:02:28,285 [ 34] INFO  AppManager [(null)] (landingPage.aspx) - Clearing Session 
Request Type:  
SessionId: 4m3lp4zqaw1n3molgto1o0am
2022-06-23 10:02:28,295 [ 35] INFO  AppManager [(null)] (landingPage.aspx) - New Session 
Request Type:  
SessionId: r4wlflist3gcs5hby3o5bp14
2022-06-23 10:02:28,945 [ 34] INFO  AppManager [(null)] (login.aspx) - (Mli) - Login successful 
SessionId: twtircyyvjs4pjwbs01feuzh
2022-06-23 10:02:28,969 [ 37] INFO  AppManager [(null)] (Home.aspx) - Page Load 
SessionId: r4wlflist3gcs5hby3o5bp14
2022-06-23 10:03:55,373 [ 34] INFO  AppManager [(null)] (landingPage.aspx) - Clearing Session 
Request Type:  
SessionId: eb0m3dmsoohtgf3tthdh5hqc
2022-06-23 10:03:55,414 [ 39] INFO  AppManager [(null)] (landingPage.aspx) - New Session 
Request Type:  
SessionId: uf5j3dn3qf3kdm3cgoo2s10h
2022-06-23 10:03:55,649 [ 35] INFO  AppManager [(null)] (login.aspx) - (Mli) - Login successful 
SessionId: 3egjwomiit2syknsy5wja2au
2022-06-23 10:03:55,673 [ 31] INFO  AppManager [(null)] (Home.aspx) - Page Load 
SessionId: uf5j3dn3qf3kdm3cgoo2s10h
2022-06-23 10:41:01,708 [ 48] INFO  AppManager [(null)] (landingPage.aspx) - Clearing Session 
Request Type:  
SessionId: 0cnjztkmzfz5upln0bj1nsc4
2022-06-23 10:41:01,713 [ 49] INFO  AppManager [(null)] (landingPage.aspx) - New Session 
Request Type:  
SessionId: mlbpjw2fzghzif4lmtihlbao
2022-06-23 10:41:02,297 [ 50] INFO  AppManager [(null)] (login.aspx) - (Mli) - Login successful 
SessionId: pvdkg44xcmt2ejuorzrlm1xs
2022-06-23 10:41:02,303 [  6] INFO  AppManager [(null)] (Home.aspx) - Page Load 
SessionId: mlbpjw2fzghzif4lmtihlbao
2022-06-23 14:43:13,105 [  1] INFO  AppManager [(null)] SimpleServings started.
2022-06-23 14:43:31,484 [ 16] INFO  AppManager [(null)] (Home.aspx) - Page Load 
SessionId: bsrlo4y1ngl4qxaeapqmjibk
2022-06-23 15:00:43,393 [  1] INFO  AppManager [(null)] SimpleServings started.
2022-06-23 16:17:17,641 [  1] INFO  AppManager [(null)] SimpleServings started.
