2017-06-13 10:28:26,765 [  1] INFO  AppManager [(null)] SimpleServings started.
2017-06-13 10:29:01,870 [  5] INFO  AppManager [(null)] (Home.aspx) - Page Load 
SessionId: iywvp0yhqyoqoq55umkhgo55
2017-06-13 10:41:21,670 [  5] INFO  AppManager [(null)] (landingPage.aspx) - Request from http://localhost:1949/SimpleServings/UI/Page/ 
Request Type: LogInOut 
SessionId: iywvp0yhqyoqoq55umkhgo55
2017-06-13 10:41:21,672 [  5] INFO  AppManager [(null)] (landingPage.aspx) - Redirecting to Login.aspx 
Request Type: LogInOut 
SessionId: iywvp0yhqyoqoq55umkhgo55
2017-06-13 10:41:26,886 [  7] INFO  AppManager [(null)] (Home.aspx) - Page Load 
SessionId: ack3uc45fwm1pebo1zupql2q
2017-06-13 10:46:46,772 [  1] INFO  AppManager [(null)] SimpleServings started.
2017-06-13 10:47:14,007 [  6] INFO  AppManager [(null)] (Home.aspx) - Page Load 
SessionId: ack3uc45fwm1pebo1zupql2q
2017-06-13 10:47:20,479 [  6] INFO  AppManager [(null)] (landingPage.aspx) - Request from http://localhost:1949/SimpleServings/UI/Page/ 
Request Type: LogInOut 
SessionId: ack3uc45fwm1pebo1zupql2q
2017-06-13 10:47:20,480 [  6] INFO  AppManager [(null)] (landingPage.aspx) - Redirecting to Login.aspx 
Request Type: LogInOut 
SessionId: ack3uc45fwm1pebo1zupql2q
2017-06-13 10:47:23,364 [  9] INFO  AppManager [(null)] (login.aspx) - (cvais7773) - Login successful 
SessionId: 55v4ewy4p2cuyfvr1rriuj55
2017-06-13 10:47:23,389 [  6] INFO  AppManager [(null)] (Home.aspx) - Page Load 
SessionId: 5yooin45a1orwz45m2ysjl55
2017-06-13 11:13:18,324 [  1] INFO  AppManager [(null)] SimpleServings started.
2017-06-13 11:13:34,174 [  8] INFO  AppManager [(null)] (landingPage.aspx) - Request from http://localhost:1949/SimpleServings/UI/Page/SimpleServings/Menu/AddMenuItem.aspx?MenuID=7523&WeekSelected=1 
Request Type: LogInOut 
SessionId: 5yooin45a1orwz45m2ysjl55
2017-06-13 11:13:34,175 [  8] INFO  AppManager [(null)] (landingPage.aspx) - Redirecting to Login.aspx 
Request Type: LogInOut 
SessionId: 5yooin45a1orwz45m2ysjl55
2017-06-13 11:14:09,546 [  8] INFO  AppManager [(null)] (login.aspx) - (cvais7773) - Login successful 
SessionId: dymxnk45vclh1uiqgd03cprb
2017-06-13 11:14:09,575 [  8] INFO  AppManager [(null)] (Home.aspx) - Page Load 
SessionId: vzt0wrfrkl5uljmwtbrzddji
2017-06-13 14:04:14,679 [ 11] INFO  AppManager [(null)] SimpleServings started.
2017-06-13 14:04:25,458 [  8] INFO  AppManager [(null)] (Home.aspx) - Page Load 
SessionId: vzt0wrfrkl5uljmwtbrzddji
2017-06-13 14:04:28,587 [  8] INFO  AppManager [(null)] (landingPage.aspx) - Request from http://localhost:1949/SimpleServings/ui/page/ 
Request Type: LogInOut 
SessionId: vzt0wrfrkl5uljmwtbrzddji
2017-06-13 14:04:28,588 [  8] INFO  AppManager [(null)] (landingPage.aspx) - Redirecting to Login.aspx 
Request Type: LogInOut 
SessionId: vzt0wrfrkl5uljmwtbrzddji
2017-06-13 14:04:33,406 [  5] INFO  AppManager [(null)] (Home.aspx) - Page Load 
SessionId: hn1oy2454bw3w3rom5a5l055
2017-06-13 14:06:01,712 [  6] INFO  AppManager [(null)] (Home.aspx) - Page Load 
SessionId: hn1oy2454bw3w3rom5a5l055
2017-06-13 14:09:24,850 [  5] INFO  AppManager [(null)] (Recipe.aspx) - Request from http://localhost:1949/SimpleServings/UI/Page/SimpleServings/Menu/ViewMenu.aspx?MenuID=7524&WeekSelected=4 
SessionId: hn1oy2454bw3w3rom5a5l055
2017-06-13 15:51:34,881 [  5] INFO  AppManager [(null)] (landingPage.aspx) - Request from http://localhost:1949/SimpleServings/UI/Page/SimpleServings/Menu/MenuList.aspx?MenuType=MyMenus 
Request Type: LogInOut 
SessionId: hn1oy2454bw3w3rom5a5l055
2017-06-13 15:51:34,882 [  5] INFO  AppManager [(null)] (landingPage.aspx) - Redirecting to Login.aspx 
Request Type: LogInOut 
SessionId: hn1oy2454bw3w3rom5a5l055
2017-06-13 15:51:34,891 [  8] INFO  AppManager [(null)] (login.aspx) - Request from http://localhost:1949/SimpleServings/UI/Page/SimpleServings/Menu/MenuList.aspx?MenuType=MyMenus 
SessionId: oqvi2bzjmjh1dgitzqpxm045
2017-06-13 15:51:37,972 [  9] INFO  AppManager [(null)] (landingPage.aspx) - Clearing Session 
Request Type:  
SessionId: fs24lr45gvra1u45vh4glnzf
2017-06-13 15:51:37,988 [  9] INFO  AppManager [(null)] (landingPage.aspx) - New Session 
Request Type:  
SessionId: n4ihy445bakexi33gzeokg55
2017-06-13 15:51:38,030 [  6] INFO  AppManager [(null)] (login.aspx) - (cvais7773) - Login successful 
SessionId: g1gpntmax3cp1hfarsy3mc45
2017-06-13 15:51:38,038 [  9] INFO  AppManager [(null)] (Home.aspx) - Page Load 
SessionId: n4ihy445bakexi33gzeokg55
2017-06-13 17:19:43,532 [  9] INFO  AppManager [(null)] (landingPage.aspx) - Request from http://localhost:1949/SimpleServings/UI/Page/SimpleServings/Menu/AddMenuItem.aspx?MenuID=7526&WeekSelected=1 
Request Type: LogInOut 
SessionId: n4ihy445bakexi33gzeokg55
2017-06-13 17:19:43,532 [  9] INFO  AppManager [(null)] (landingPage.aspx) - Redirecting to Login.aspx 
Request Type: LogInOut 
SessionId: n4ihy445bakexi33gzeokg55
2017-06-13 17:19:43,538 [  9] INFO  AppManager [(null)] (login.aspx) - Request from http://localhost:1949/SimpleServings/UI/Page/SimpleServings/Menu/AddMenuItem.aspx?MenuID=7526&WeekSelected=1 
SessionId: uxnjtsrte5rdyf3oj4j5t345
