2017-06-21 10:29:38,240 [  7] INFO  AppManager [(null)] (Home.aspx) - Page Load 
SessionId: 0fwpc0jvvon4jy55l2dsvqvb
2017-06-21 10:49:56,458 [  7] INFO  AppManager [(null)] (Home.aspx) - Page Load 
SessionId: q3s1gg45s4fniy55ctl1pw2k
2017-06-21 10:50:14,245 [  5] INFO  AppManager [(null)] (Home.aspx) - Page Load 
SessionId: yd30h045ercnfc45bqwmx045
2017-06-21 10:50:35,259 [  8] INFO  AppManager [(null)] (landingPage.aspx) - Request from http://localhost:1949/SimpleServings/ui/page/ 
Request Type: LogInOut 
SessionId: fcz2h545i24lmzfmqv3v2w55
2017-06-21 10:50:35,259 [  8] INFO  AppManager [(null)] (landingPage.aspx) - Redirecting to Login.aspx 
Request Type: LogInOut 
SessionId: fcz2h545i24lmzfmqv3v2w55
2017-06-21 10:50:35,263 [  8] INFO  AppManager [(null)] (login.aspx) - Request from http://localhost:1949/SimpleServings/ui/page/ 
SessionId: ook1lf55ny34myvxhrdd5m45
2017-06-21 10:50:44,643 [  7] INFO  AppManager [(null)] (Home.aspx) - Page Load 
SessionId: rxgrvr45gi1fqt55zqgvuumj
2017-06-21 10:50:48,721 [  5] INFO  AppManager [(null)] (landingPage.aspx) - Request from http://localhost:1949/SimpleServings/ui/page/ 
Request Type: LogInOut 
SessionId: aletu255iyk3o4uc1pskcb55
2017-06-21 10:50:48,722 [  5] INFO  AppManager [(null)] (landingPage.aspx) - Redirecting to Login.aspx 
Request Type: LogInOut 
SessionId: aletu255iyk3o4uc1pskcb55
2017-06-21 10:50:48,730 [  5] INFO  AppManager [(null)] (login.aspx) - Request from http://localhost:1949/SimpleServings/ui/page/ 
SessionId: qsfumuu1gqmsleqrk0ujpbn1
2017-06-21 10:50:55,878 [  7] INFO  AppManager [(null)] (landingPage.aspx) - Clearing Session 
Request Type:  
SessionId: nwdwyzv3y0sa0xjpkeo51bmb
2017-06-21 10:50:55,893 [  7] INFO  AppManager [(null)] (landingPage.aspx) - New Session 
Request Type:  
SessionId: gig5jn55kjlkjg55rahyixu0
2017-06-21 10:51:03,513 [  5] INFO  AppManager [(null)] (login.aspx) - (cvais7773) - Login successful 
SessionId: pgb5mye5wpejzwek2bxxuc55
2017-06-21 10:51:03,524 [  5] INFO  AppManager [(null)] (Home.aspx) - Page Load 
SessionId: gig5jn55kjlkjg55rahyixu0
2017-06-21 10:54:12,257 [  9] INFO  AppManager [(null)] (landingPage.aspx) - Request from http://localhost:1949/SimpleServings/UI/Page/SimpleServings/Reports/reports.aspx 
Request Type: LogInOut 
SessionId: gig5jn55kjlkjg55rahyixu0
2017-06-21 10:54:12,258 [  9] INFO  AppManager [(null)] (landingPage.aspx) - Redirecting to Login.aspx 
Request Type: LogInOut 
SessionId: gig5jn55kjlkjg55rahyixu0
2017-06-21 10:54:16,892 [ 14] INFO  AppManager [(null)] SimpleServings started.
2017-06-21 10:55:22,230 [  9] INFO  AppManager [(null)] (Home.aspx) - Page Load 
SessionId: b0i3wm55pujfchjxoaaajq55
2017-06-21 11:10:25,942 [ 14] INFO  AppManager [(null)] SimpleServings started.
2017-06-21 11:11:17,386 [  8] INFO  AppManager [(null)] (landingPage.aspx) - Redirecting to Login.aspx 
Request Type: LogInOut 
SessionId: 
2017-06-21 11:11:23,524 [  7] INFO  AppManager [(null)] (Home.aspx) - Page Load 
SessionId: 1e5a5ez1brnajrr1xzviqz3y
2017-06-21 11:51:36,572 [  5] INFO  AppManager [(null)] (landingPage.aspx) - Request from http://localhost:1949/SimpleServings/UI/Page/SimpleServings/Reports/reports.aspx 
Request Type: LogInOut 
SessionId: 1e5a5ez1brnajrr1xzviqz3y
2017-06-21 11:51:36,573 [  5] INFO  AppManager [(null)] (landingPage.aspx) - Redirecting to Login.aspx 
Request Type: LogInOut 
SessionId: 1e5a5ez1brnajrr1xzviqz3y
2017-06-21 11:51:36,579 [  8] INFO  AppManager [(null)] (login.aspx) - Request from http://localhost:1949/SimpleServings/UI/Page/SimpleServings/Reports/reports.aspx 
SessionId: pfpgmtfl0ftfyqv0krauk345
2017-06-21 11:51:38,933 [  8] INFO  AppManager [(null)] (landingPage.aspx) - Clearing Session 
Request Type:  
SessionId: jzl0uiujquopzqnfssfagz45
2017-06-21 11:51:38,948 [  5] INFO  AppManager [(null)] (landingPage.aspx) - New Session 
Request Type:  
SessionId: rbijoc45goq5c1vqgiiuymrb
2017-06-21 11:51:56,932 [  8] ERROR AppManager [(null)] btnLogin_Click failed: Cannot open database "SimpleServings_TEST" requested by the login. The login failed.
Login failed for user 'SimpleServingsLogin'.
System.Data.SqlClient.SqlException: Cannot open database "SimpleServings_TEST" requested by the login. The login failed.
Login failed for user 'SimpleServingsLogin'.
   at System.Data.SqlClient.SqlInternalConnection.OnError(SqlException exception, Boolean breakConnection)
   at System.Data.SqlClient.TdsParser.ThrowExceptionAndWarning(TdsParserStateObject stateObj)
   at System.Data.SqlClient.TdsParser.Run(RunBehavior runBehavior, SqlCommand cmdHandler, SqlDataReader dataStream, BulkCopySimpleResultSet bulkCopyHandler, TdsParserStateObject stateObj)
   at System.Data.SqlClient.SqlInternalConnectionTds.CompleteLogin(Boolean enlistOK)
   at System.Data.SqlClient.SqlInternalConnectionTds.AttemptOneLogin(ServerInfo serverInfo, String newPassword, Boolean ignoreSniOpenTimeout, Int64 timerExpire, SqlConnection owningObject, Boolean withFailover)
   at System.Data.SqlClient.SqlInternalConnectionTds.LoginNoFailover(String host, String newPassword, Boolean redirectedUserInstance, SqlConnection owningObject, SqlConnectionString connectionOptions, Int64 timerStart)
   at System.Data.SqlClient.SqlInternalConnectionTds.OpenLoginEnlist(SqlConnection owningObject, SqlConnectionString connectionOptions, String newPassword, Boolean redirectedUserInstance)
   at System.Data.SqlClient.SqlInternalConnectionTds..ctor(DbConnectionPoolIdentity identity, SqlConnectionString connectionOptions, Object providerInfo, String newPassword, SqlConnection owningObject, Boolean redirectedUserInstance)
   at System.Data.SqlClient.SqlConnectionFactory.CreateConnection(DbConnectionOptions options, Object poolGroupProviderInfo, DbConnectionPool pool, DbConnection owningConnection)
   at System.Data.ProviderBase.DbConnectionFactory.CreatePooledConnection(DbConnection owningConnection, DbConnectionPool pool, DbConnectionOptions options)
   at System.Data.ProviderBase.DbConnectionPool.CreateObject(DbConnection owningObject)
   at System.Data.ProviderBase.DbConnectionPool.UserCreateRequest(DbConnection owningObject)
   at System.Data.ProviderBase.DbConnectionPool.GetConnection(DbConnection owningObject)
   at System.Data.ProviderBase.DbConnectionFactory.GetConnection(DbConnection owningConnection)
   at System.Data.ProviderBase.DbConnectionClosed.OpenConnection(DbConnection outerConnection, DbConnectionFactory connectionFactory)
   at System.Data.SqlClient.SqlConnection.Open()
   at Microsoft.Practices.EnterpriseLibrary.Data.Database.OpenConnection()
   at Microsoft.Practices.EnterpriseLibrary.Data.Database.ExecuteReader(DbCommand command)
   at SimpleServingsLibrary.Shared.StaffDB.Authenticate(String userName, String password) in c:\TFS\DFTA\SimpleServingsLibrary\SimpleServings.Shared\DAL\StaffDB.cs:line 384
   at SimpleServingsLibrary.Shared.Staff.Authenticate(String userName, String password) in c:\TFS\DFTA\SimpleServingsLibrary\SimpleServings.Shared\BLL\Staff.cs:line 598
   at SimpleServings.UI.Page.login.btnLogin_Click(Object sender, EventArgs e) in c:\TFS\DFTA\SimpleServings\SimpleServings\SimpleServings\UI\Page\login.aspx.cs:line 154
2017-06-21 11:52:03,713 [  8] INFO  AppManager [(null)] (landingPage.aspx) - Clearing Session 
Request Type:  
SessionId: rbijoc45goq5c1vqgiiuymrb
2017-06-21 11:52:03,727 [  8] ERROR AppManager [(null)] btnLogin_Click failed: Cannot open database "SimpleServings_TEST" requested by the login. The login failed.
Login failed for user 'SimpleServingsLogin'.
System.Data.SqlClient.SqlException: Cannot open database "SimpleServings_TEST" requested by the login. The login failed.
Login failed for user 'SimpleServingsLogin'.
   at System.Data.ProviderBase.DbConnectionPool.GetConnection(DbConnection owningObject)
   at System.Data.ProviderBase.DbConnectionFactory.GetConnection(DbConnection owningConnection)
   at System.Data.ProviderBase.DbConnectionClosed.OpenConnection(DbConnection outerConnection, DbConnectionFactory connectionFactory)
   at System.Data.SqlClient.SqlConnection.Open()
   at Microsoft.Practices.EnterpriseLibrary.Data.Database.OpenConnection()
   at Microsoft.Practices.EnterpriseLibrary.Data.Database.ExecuteReader(DbCommand command)
   at SimpleServingsLibrary.Shared.StaffDB.Authenticate(String userName, String password) in c:\TFS\DFTA\SimpleServingsLibrary\SimpleServings.Shared\DAL\StaffDB.cs:line 384
   at SimpleServingsLibrary.Shared.Staff.Authenticate(String userName, String password) in c:\TFS\DFTA\SimpleServingsLibrary\SimpleServings.Shared\BLL\Staff.cs:line 598
   at SimpleServings.UI.Page.login.btnLogin_Click(Object sender, EventArgs e) in c:\TFS\DFTA\SimpleServings\SimpleServings\SimpleServings\UI\Page\login.aspx.cs:line 154
2017-06-21 11:52:03,730 [  9] INFO  AppManager [(null)] (landingPage.aspx) - New Session 
Request Type:  
SessionId: 2aom4v45kjhryt45gzi2ui55
2017-06-21 11:52:04,653 [  8] INFO  AppManager [(null)] (landingPage.aspx) - Clearing Session 
Request Type:  
SessionId: 2aom4v45kjhryt45gzi2ui55
2017-06-21 11:52:04,667 [  9] INFO  AppManager [(null)] (landingPage.aspx) - New Session 
Request Type:  
SessionId: 0qfdxaqzf2hxj4q01d2gbsip
2017-06-21 11:52:04,668 [  8] ERROR AppManager [(null)] btnLogin_Click failed: Cannot open database "SimpleServings_TEST" requested by the login. The login failed.
Login failed for user 'SimpleServingsLogin'.
System.Data.SqlClient.SqlException: Cannot open database "SimpleServings_TEST" requested by the login. The login failed.
Login failed for user 'SimpleServingsLogin'.
   at System.Data.ProviderBase.DbConnectionPool.GetConnection(DbConnection owningObject)
   at System.Data.ProviderBase.DbConnectionFactory.GetConnection(DbConnection owningConnection)
   at System.Data.ProviderBase.DbConnectionClosed.OpenConnection(DbConnection outerConnection, DbConnectionFactory connectionFactory)
   at System.Data.SqlClient.SqlConnection.Open()
   at Microsoft.Practices.EnterpriseLibrary.Data.Database.OpenConnection()
   at Microsoft.Practices.EnterpriseLibrary.Data.Database.ExecuteReader(DbCommand command)
   at SimpleServingsLibrary.Shared.StaffDB.Authenticate(String userName, String password) in c:\TFS\DFTA\SimpleServingsLibrary\SimpleServings.Shared\DAL\StaffDB.cs:line 384
   at SimpleServingsLibrary.Shared.Staff.Authenticate(String userName, String password) in c:\TFS\DFTA\SimpleServingsLibrary\SimpleServings.Shared\BLL\Staff.cs:line 598
   at SimpleServings.UI.Page.login.btnLogin_Click(Object sender, EventArgs e) in c:\TFS\DFTA\SimpleServings\SimpleServings\SimpleServings\UI\Page\login.aspx.cs:line 154
2017-06-21 11:52:12,780 [  9] INFO  AppManager [(null)] (Home.aspx) - Page Load 
SessionId: bod1oe55qoef1mbsiob0we55
2017-06-21 11:52:19,856 [  9] ERROR AppManager [(null)] SimpleServings application error: Exception of type 'System.Web.HttpUnhandledException' was thrown.
location: http://localhost:1949/SimpleServings/UI/Page/Home.aspx

System.Web.HttpUnhandledException: Exception of type 'System.Web.HttpUnhandledException' was thrown. ---> System.Data.SqlClient.SqlException: Cannot open database "SimpleServings_TEST" requested by the login. The login failed.
Login failed for user 'SimpleServingsLogin'.
   at SimpleServingsLibrary.RecipeSupplement.RecipeIngredientDB.GetRecipeIngredientByRecipeID(Int32 recipeID) in c:\TFS\DFTA\SimpleServingsLibrary\SimpleServings.RecipeSupplement\DAL\RecipeIngredientDB.cs:line 51
   at SimpleServingsLibrary.RecipeSupplement.RecipeIngredient.GetRecipeIngredientByRecipeID(Int32 recipeID) in c:\TFS\DFTA\SimpleServingsLibrary\SimpleServings.RecipeSupplement\BLL\RecipeIngredient.cs:line 298
   at SimpleServings.UI.UDC.SimpleServings.Recipe.ViewRecipeIngredient.PopGrid(Int32 recipeID) in c:\TFS\DFTA\SimpleServings\SimpleServings\SimpleServings\UI\UDC\SimpleServings\Recipe\ViewRecipeIngredient.ascx.cs:line 43
   at SimpleServings.UI.Page.HomeTest.PopFeaturedRecipe() in c:\TFS\DFTA\SimpleServings\SimpleServings\SimpleServings\UI\Page\Home.aspx.cs:line 227
   at SimpleServings.UI.Page.HomeTest.Page_Load(Object sender, EventArgs e) in c:\TFS\DFTA\SimpleServings\SimpleServings\SimpleServings\UI\Page\Home.aspx.cs:line 116
   at System.Web.Util.CalliHelper.EventArgFunctionCaller(IntPtr fp, Object o, Object t, EventArgs e)
   at System.Web.Util.CalliEventHandlerDelegateProxy.Callback(Object sender, EventArgs e)
   at System.Web.UI.Control.OnLoad(EventArgs e)
   at System.Web.UI.Control.LoadRecursive()
   at System.Web.UI.Page.ProcessRequestMain(Boolean includeStagesBeforeAsyncPoint, Boolean includeStagesAfterAsyncPoint)
   --- End of inner exception stack trace ---
   at System.Web.UI.Page.HandleError(Exception e)
   at System.Web.UI.Page.ProcessRequestMain(Boolean includeStagesBeforeAsyncPoint, Boolean includeStagesAfterAsyncPoint)
   at System.Web.UI.Page.ProcessRequest(Boolean includeStagesBeforeAsyncPoint, Boolean includeStagesAfterAsyncPoint)
   at System.Web.UI.Page.ProcessRequest()
   at System.Web.UI.Page.ProcessRequestWithNoAssert(HttpContext context)
   at System.Web.UI.Page.ProcessRequest(HttpContext context)
   at ASP.ui_page_home_aspx.ProcessRequest(HttpContext context) in c:\Windows\Microsoft.NET\Framework\v2.0.50727\Temporary ASP.NET Files\simpleservings\50605a42\75e306da\App_Web_woa2sazf.3.cs:line 0
   at System.Web.HttpApplication.CallHandlerExecutionStep.System.Web.HttpApplication.IExecutionStep.Execute()
   at System.Web.HttpApplication.ExecuteStep(IExecutionStep step, Boolean& completedSynchronously)
2017-06-21 13:29:57,764 [  8] INFO  AppManager [(null)] (Home.aspx) - Page Load 
SessionId: bwnigyukcztvu5e2u2dkz52v
2017-06-21 13:31:59,852 [  8] INFO  AppManager [(null)] (landingPage.aspx) - Request from http://localhost:1949/SimpleServings/UI/Page/ 
Request Type: LogInOut 
SessionId: 224uz455lnhehyr4jajcz0i2
2017-06-21 13:31:59,853 [  8] INFO  AppManager [(null)] (landingPage.aspx) - Redirecting to Login.aspx 
Request Type: LogInOut 
SessionId: 224uz455lnhehyr4jajcz0i2
2017-06-21 13:31:59,862 [  9] INFO  AppManager [(null)] (login.aspx) - Request from http://localhost:1949/SimpleServings/UI/Page/ 
SessionId: tgd51445mzaunuue0ppwpw45
2017-06-21 13:32:04,494 [  9] INFO  AppManager [(null)] (landingPage.aspx) - Clearing Session 
Request Type:  
SessionId: jbkk2x45kfpjqebejsbxdu55
2017-06-21 13:32:04,512 [  9] INFO  AppManager [(null)] (landingPage.aspx) - New Session 
Request Type:  
SessionId: uwivjsr11o0akl550nysdq45
2017-06-21 13:32:20,079 [  7] INFO  AppManager [(null)] (login.aspx) - (cvais7773) - Login successful 
SessionId: odxek5jahlx0ty45tkyrzi55
2017-06-21 13:32:20,091 [  7] INFO  AppManager [(null)] (Home.aspx) - Page Load 
SessionId: uwivjsr11o0akl550nysdq45
2017-06-21 13:46:22,251 [  1] INFO  AppManager [(null)] SimpleServings started.
2017-06-21 13:46:32,378 [  9] INFO  AppManager [(null)] (Home.aspx) - Page Load 
SessionId: uwivjsr11o0akl550nysdq45
2017-06-21 13:46:32,380 [  8] INFO  AppManager [(null)] (landingPage.aspx) - Request from http://localhost:1949/SimpleServings/UI/Page/SimpleServings/Reports/ViewReport.aspx?reportID=6 
Request Type: LogInOut 
SessionId: uwivjsr11o0akl550nysdq45
2017-06-21 13:46:32,381 [  8] INFO  AppManager [(null)] (landingPage.aspx) - Redirecting to Login.aspx 
Request Type: LogInOut 
SessionId: uwivjsr11o0akl550nysdq45
2017-06-21 13:46:37,478 [  5] INFO  AppManager [(null)] (landingPage.aspx) - Request from http://localhost:1949/SimpleServings/UI/Page/Home.aspx 
Request Type: LogInOut 
SessionId: uwivjsr11o0akl550nysdq45
2017-06-21 13:46:37,479 [  5] INFO  AppManager [(null)] (landingPage.aspx) - Redirecting to Login.aspx 
Request Type: LogInOut 
SessionId: uwivjsr11o0akl550nysdq45
2017-06-21 13:46:46,206 [  7] INFO  AppManager [(null)] (Home.aspx) - Page Load 
SessionId: yiizn03soruww255s3gqer45
2017-06-21 16:08:43,983 [  7] INFO  AppManager [(null)] (Home.aspx) - Page Load 
SessionId: yiizn03soruww255s3gqer45
2017-06-21 16:55:06,582 [  5] INFO  AppManager [(null)] (Home.aspx) - Page Load 
SessionId: 4uoalv45uq5tli55ihw1dj55
2017-06-21 16:55:20,792 [  5] INFO  AppManager [(null)] (landingPage.aspx) - Request from http://localhost:1949/SimpleServings/UI/Page/ 
Request Type: LogInOut 
SessionId: i1j1ir55ed5rof55nwmixm45
2017-06-21 16:55:20,792 [  5] INFO  AppManager [(null)] (landingPage.aspx) - Redirecting to Login.aspx 
Request Type: LogInOut 
SessionId: i1j1ir55ed5rof55nwmixm45
2017-06-21 16:55:20,863 [  5] INFO  AppManager [(null)] (login.aspx) - Request from http://localhost:1949/SimpleServings/UI/Page/ 
SessionId: osb1n255ho1bwujomyiaxhj4
2017-06-21 16:55:27,003 [  5] INFO  AppManager [(null)] (landingPage.aspx) - Clearing Session 
Request Type:  
SessionId: b320qq45ngypjj45myjpdwfd
2017-06-21 16:55:27,014 [  7] INFO  AppManager [(null)] (landingPage.aspx) - New Session 
Request Type:  
SessionId: jdg45e454k40qbyzk35pno45
2017-06-21 16:55:42,958 [  8] INFO  AppManager [(null)] (login.aspx) - (cvais7773) - Login successful 
SessionId: zxku3nqfmz2rti55p2uen345
2017-06-21 16:55:42,964 [  8] INFO  AppManager [(null)] (Home.aspx) - Page Load 
SessionId: jdg45e454k40qbyzk35pno45
2017-06-21 17:00:16,728 [  5] INFO  AppManager [(null)] (Home.aspx) - Page Load 
SessionId: jdg45e454k40qbyzk35pno45
2017-06-21 17:00:38,918 [  5] INFO  AppManager [(null)] (Recipe.aspx) - Request from http://localhost:1949/SimpleServings/UI/Page/Home.aspx 
SessionId: jdg45e454k40qbyzk35pno45
