2021-03-11 11:54:40,879 [  1] INFO  AppManager [(null)] SimpleServings started.
2021-03-11 11:55:06,615 [ 16] INFO  AppManager [(null)] (Home.aspx) - Page Load 
SessionId: ryxpbiw5selujjvkzrsgroke
2021-03-11 11:55:09,994 [ 12] INFO  AppManager [(null)] (Recipe.aspx) - Request from http://localhost:1949/SimpleServings/UI/Page/Home.aspx 
SessionId: ryxpbiw5selujjvkzrsgroke
2021-03-11 11:55:49,701 [  9] INFO  AppManager [(null)] (Recipe.aspx) - Request from http://localhost:1949/SimpleServings/UI/Page/SimpleServings/Recipe/ViewRecipe.aspx?RecipeID=222 
SessionId: ryxpbiw5selujjvkzrsgroke
2021-03-11 12:15:30,306 [  1] INFO  AppManager [(null)] SimpleServings started.
2021-03-11 12:16:03,166 [ 16] INFO  AppManager [(null)] (Home.aspx) - Page Load 
SessionId: atxpo4mh23r314thrzxxz1ad
2021-03-11 12:16:07,646 [  6] INFO  AppManager [(null)] (Recipe.aspx) - Request from http://localhost:1949/SimpleServings/UI/Page/Home.aspx 
SessionId: atxpo4mh23r314thrzxxz1ad
2021-03-11 12:16:15,789 [ 13] ERROR AppManager [(null)] SimpleServings application error: Exception of type 'System.Web.HttpUnhandledException' was thrown.
location: http://localhost:1949/SimpleServings/ASPNetSpellInclude/core/Default.aspx?note=&command=CTXSPELL&args=banana&lan=English (International)&sender=0&settingsfile=default-settings

System.Web.HttpUnhandledException (0x80004005): Exception of type 'System.Web.HttpUnhandledException' was thrown. ---> System.Web.HttpException (0x80070057): The remote host closed the connection. The error code is 0x80070057.
   at System.Web.Hosting.IIS7WorkerRequest.RaiseCommunicationError(Int32 result, Boolean throwOnDisconnect)
   at System.Web.Hosting.IIS7WorkerRequest.ExplicitFlush()
   at System.Web.HttpResponse.Flush(Boolean finalFlush, Boolean async)
   at System.Web.HttpResponse.Flush()
   at ASP.aspnetspellinclude_core_default_aspx.Page_Init(Object sndr, EventArgs e) in w:\MIS\Ansu\03022021-Simple\NewSimple\SimpleServings\SimpleServings\ASPNetSpellInclude\core\Default.aspx:line 5
   at System.Web.Util.CalliEventHandlerDelegateProxy.Callback(Object sender, EventArgs e)
   at System.Web.UI.Control.OnInit(EventArgs e)
   at System.Web.UI.Page.OnInit(EventArgs e)
   at System.Web.UI.Control.InitRecursive(Control namingContainer)
   at System.Web.UI.Page.ProcessRequestMain(Boolean includeStagesBeforeAsyncPoint, Boolean includeStagesAfterAsyncPoint)
   at System.Web.UI.Page.HandleError(Exception e)
   at System.Web.UI.Page.ProcessRequestMain(Boolean includeStagesBeforeAsyncPoint, Boolean includeStagesAfterAsyncPoint)
   at System.Web.UI.Page.ProcessRequest(Boolean includeStagesBeforeAsyncPoint, Boolean includeStagesAfterAsyncPoint)
   at System.Web.UI.Page.ProcessRequest()
   at System.Web.UI.Page.ProcessRequestWithNoAssert(HttpContext context)
   at System.Web.UI.Page.ProcessRequest(HttpContext context)
   at ASP.aspnetspellinclude_core_default_aspx.ProcessRequest(HttpContext context) in c:\Users\mali\AppData\Local\Temp\Temporary ASP.NET Files\simpleservings\d7c0ebce\ff0ef446\App_Web_zbsrisha.1.cs:line 0
   at System.Web.HttpApplication.CallHandlerExecutionStep.System.Web.HttpApplication.IExecutionStep.Execute()
   at System.Web.HttpApplication.ExecuteStepImpl(IExecutionStep step)
   at System.Web.HttpApplication.ExecuteStep(IExecutionStep step, Boolean& completedSynchronously)
2021-03-11 12:25:57,842 [  1] INFO  AppManager [(null)] SimpleServings started.
2021-03-11 12:26:09,803 [ 17] INFO  AppManager [(null)] (Home.aspx) - Page Load 
SessionId: 5vec4o0sm5ts4cujivlqvjdg
2021-03-11 12:26:12,586 [ 14] INFO  AppManager [(null)] (Recipe.aspx) - Request from http://localhost:1949/SimpleServings/UI/Page/Home.aspx 
SessionId: 5vec4o0sm5ts4cujivlqvjdg
