2017-05-18 10:18:45,097 [  6] INFO  AppManager [(null)] SimpleServings started.
2017-05-18 10:19:09,904 [  5] INFO  AppManager [(null)] (landingPage.aspx) - Redirecting to Login.aspx 
Request Type: LogInOut 
SessionId: 
2017-05-18 10:19:20,659 [  5] INFO  AppManager [(null)] (landingPage.aspx) - Redirecting to Login.aspx 
Request Type: LogInOut 
SessionId: 
2017-05-18 10:19:24,002 [  5] INFO  AppManager [(null)] (Home.aspx) - Page Load 
SessionId: tpjwfl45n5icfd55bpk3s5jw
2017-05-18 10:19:25,337 [  7] INFO  AppManager [(null)] (Recipe.aspx) - Request from http://localhost:1949/SimpleServings/UI/Page/Home.aspx 
SessionId: tpjwfl45n5icfd55bpk3s5jw
2017-05-18 10:25:38,548 [  9] INFO  AppManager [(null)] (Recipe.aspx) - Request from http://localhost:1949/SimpleServings/UI/Page/SimpleServings/Recipe/Recipe.aspx 
SessionId: tpjwfl45n5icfd55bpk3s5jw
2017-05-18 10:48:07,062 [  8] INFO  AppManager [(null)] (Home.aspx) - Page Load 
SessionId: tpjwfl45n5icfd55bpk3s5jw
2017-05-18 10:48:18,780 [  9] INFO  AppManager [(null)] (Recipe.aspx) - Request from http://localhost:1949/SimpleServings/UI/Page/resources.aspx 
SessionId: tpjwfl45n5icfd55bpk3s5jw
2017-05-18 10:48:42,159 [  7] INFO  AppManager [(null)] (Recipe.aspx) - Request from http://localhost:1949/SimpleServings/UI/Page/resources.aspx 
SessionId: tpjwfl45n5icfd55bpk3s5jw
2017-05-18 10:49:18,957 [  9] INFO  AppManager [(null)] (Recipe.aspx) - Request from http://localhost:1949/SimpleServings/UI/Page/resources.aspx 
SessionId: tpjwfl45n5icfd55bpk3s5jw
2017-05-18 10:50:00,497 [  8] INFO  AppManager [(null)] (Recipe.aspx) - Request from http://localhost:1949/SimpleServings/UI/Page/resources.aspx 
SessionId: tpjwfl45n5icfd55bpk3s5jw
2017-05-18 10:50:46,697 [  8] INFO  AppManager [(null)] (Recipe.aspx) - Request from http://localhost:1949/SimpleServings/UI/Page/resources.aspx 
SessionId: tpjwfl45n5icfd55bpk3s5jw
2017-05-18 10:56:08,304 [  8] INFO  AppManager [(null)] (Recipe.aspx) - Request from http://localhost:1949/SimpleServings/UI/Page/resources.aspx 
SessionId: tpjwfl45n5icfd55bpk3s5jw
2017-05-18 10:56:22,930 [  9] INFO  AppManager [(null)] (Recipe.aspx) - Request from http://localhost:1949/SimpleServings/UI/Page/resources.aspx 
SessionId: tpjwfl45n5icfd55bpk3s5jw
2017-05-18 10:56:39,644 [  5] INFO  AppManager [(null)] (Recipe.aspx) - Request from http://localhost:1949/SimpleServings/UI/Page/resources.aspx 
SessionId: tpjwfl45n5icfd55bpk3s5jw
2017-05-18 10:56:58,913 [  8] INFO  AppManager [(null)] (Recipe.aspx) - Request from http://localhost:1949/SimpleServings/UI/Page/resources.aspx 
SessionId: tpjwfl45n5icfd55bpk3s5jw
2017-05-18 10:57:22,113 [  5] INFO  AppManager [(null)] (Recipe.aspx) - Request from http://localhost:1949/SimpleServings/UI/Page/resources.aspx 
SessionId: tpjwfl45n5icfd55bpk3s5jw
2017-05-18 11:11:36,319 [  8] INFO  AppManager [(null)] (Recipe.aspx) - Request from http://localhost:1949/SimpleServings/UI/Page/SimpleServings/Recipe/ViewRecipe.aspx?RecipeID=2865 
SessionId: tpjwfl45n5icfd55bpk3s5jw
2017-05-18 11:14:33,379 [  8] INFO  AppManager [(null)] (Recipe.aspx) - Request from http://localhost:1949/SimpleServings/UI/Page/SimpleServings/Recipe/Recipe.aspx 
SessionId: oj1lxbr2kfwxtvi2yaejeub0
2017-05-18 11:14:33,552 [  8] INFO  AppManager [(null)] (Recipe.aspx) - Request from http://localhost:1949/SimpleServings/UI/Page/SimpleServings/Recipe/Recipe.aspx 
SessionId: wprp1f450y4yfzydoy2o4ge0
2017-05-18 11:14:33,664 [  5] INFO  AppManager [(null)] (Recipe.aspx) - Request from http://localhost:1949/SimpleServings/UI/Page/SimpleServings/Recipe/Recipe.aspx 
SessionId: 1dnzflncx2gqyb45ued1ii55
2017-05-18 11:18:01,945 [  5] INFO  AppManager [(null)] (Recipe.aspx) - Request from http://localhost:1949/SimpleServings/UI/Page/SimpleServings/Recipe/Recipe.aspx 
SessionId: 2oss3urket1jqf55atjwa255
2017-05-18 11:18:01,958 [  5] INFO  AppManager [(null)] (Recipe.aspx) - Request from http://localhost:1949/SimpleServings/UI/Page/SimpleServings/Recipe/Recipe.aspx 
SessionId: bcgk24unktedk055ejlj0r45
2017-05-18 11:18:01,969 [  5] INFO  AppManager [(null)] (Recipe.aspx) - Request from http://localhost:1949/SimpleServings/UI/Page/SimpleServings/Recipe/Recipe.aspx 
SessionId: i5vf3qz1hbdh2y45l52l4uex
2017-05-18 11:19:36,329 [  5] INFO  AppManager [(null)] (Recipe.aspx) - Request from http://localhost:1949/SimpleServings/UI/Page/SimpleServings/Recipe/Recipe.aspx 
SessionId: 1t0mrq45oc1tjhvkf2dvvli2
2017-05-18 11:19:36,357 [  9] INFO  AppManager [(null)] (Recipe.aspx) - Request from http://localhost:1949/SimpleServings/UI/Page/SimpleServings/Recipe/Recipe.aspx 
SessionId: zfz0lgiq4ywrc2u2e2iqv255
2017-05-18 11:19:36,371 [  9] INFO  AppManager [(null)] (Recipe.aspx) - Request from http://localhost:1949/SimpleServings/UI/Page/SimpleServings/Recipe/Recipe.aspx 
SessionId: b5nyxwu5e1egnm550z4kv455
2017-05-18 11:20:24,531 [  5] INFO  AppManager [(null)] (Recipe.aspx) - Request from http://localhost:1949/SimpleServings/UI/Page/SimpleServings/Recipe/Recipe.aspx 
SessionId: xajduiqo3vsbg0yqscswfq55
2017-05-18 11:20:24,554 [  5] INFO  AppManager [(null)] (Recipe.aspx) - Request from http://localhost:1949/SimpleServings/UI/Page/SimpleServings/Recipe/Recipe.aspx 
SessionId: 3juwfc55vfrcfm455t4ji545
2017-05-18 11:20:24,578 [  9] INFO  AppManager [(null)] (Recipe.aspx) - Request from http://localhost:1949/SimpleServings/UI/Page/SimpleServings/Recipe/Recipe.aspx 
SessionId: wwihvc55lzflmf45txbudpro
2017-05-18 11:21:22,596 [ 11] INFO  AppManager [(null)] SimpleServings started.
2017-05-18 11:23:51,685 [  5] INFO  AppManager [(null)] (landingPage.aspx) - Redirecting to Login.aspx 
Request Type: LogInOut 
SessionId: 
2017-05-18 11:35:57,143 [  9] INFO  AppManager [(null)] (landingPage.aspx) - Redirecting to Login.aspx 
Request Type: LogInOut 
SessionId: 
2017-05-18 11:36:04,433 [  8] INFO  AppManager [(null)] (Recipe.aspx) - Request from http://localhost:1949/SimpleServings/UI/Page/Home.aspx 
SessionId: tj35q4zujzxmlzqkzlxdx2v3
2017-05-18 11:36:04,527 [  9] INFO  AppManager [(null)] (Recipe.aspx) - Request from http://localhost:1949/SimpleServings/UI/Page/SimpleServings/Recipe/Recipe.aspx 
SessionId: tj35q4zujzxmlzqkzlxdx2v3
2017-05-18 11:36:04,539 [  8] INFO  AppManager [(null)] (Recipe.aspx) - Request from http://localhost:1949/SimpleServings/UI/Page/SimpleServings/Recipe/Recipe.aspx 
SessionId: tj35q4zujzxmlzqkzlxdx2v3
2017-05-18 11:36:04,551 [  7] INFO  AppManager [(null)] (Recipe.aspx) - Request from http://localhost:1949/SimpleServings/UI/Page/SimpleServings/Recipe/Recipe.aspx 
SessionId: tj35q4zujzxmlzqkzlxdx2v3
2017-05-18 11:36:09,185 [  5] INFO  AppManager [(null)] (Recipe.aspx) - Request from http://localhost:1949/SimpleServings/UI/Page/SimpleServings/Recipe/Recipe.aspx 
SessionId: tj35q4zujzxmlzqkzlxdx2v3
2017-05-18 11:36:09,209 [  5] INFO  AppManager [(null)] (Recipe.aspx) - Request from http://localhost:1949/SimpleServings/UI/Page/SimpleServings/Recipe/Recipe.aspx 
SessionId: tj35q4zujzxmlzqkzlxdx2v3
2017-05-18 11:36:09,235 [  5] INFO  AppManager [(null)] (Recipe.aspx) - Request from http://localhost:1949/SimpleServings/UI/Page/SimpleServings/Recipe/Recipe.aspx 
SessionId: tj35q4zujzxmlzqkzlxdx2v3
2017-05-18 11:49:54,838 [  5] INFO  AppManager [(null)] (Recipe.aspx) - Request from http://localhost:1949/SimpleServings/UI/Page/SimpleServings/Recipe/Recipe.aspx 
SessionId: 0vpikx550jhnhy55jvrhxd55
2017-05-18 11:49:54,854 [  8] INFO  AppManager [(null)] (Recipe.aspx) - Request from http://localhost:1949/SimpleServings/UI/Page/SimpleServings/Recipe/Recipe.aspx 
SessionId: tldmwdzze5hm0w551d4aihy2
2017-05-18 11:49:54,865 [  7] INFO  AppManager [(null)] (Recipe.aspx) - Request from http://localhost:1949/SimpleServings/UI/Page/SimpleServings/Recipe/Recipe.aspx 
SessionId: 5zi1t4ncuzgf4yid51tnezja
2017-05-18 11:50:40,749 [  5] INFO  AppManager [(null)] (Recipe.aspx) - Request from http://localhost:1949/SimpleServings/UI/Page/SimpleServings/Recipe/Recipe.aspx 
SessionId: usaciynchasfe1a455o4dqrr
2017-05-18 11:50:40,764 [  5] INFO  AppManager [(null)] (Recipe.aspx) - Request from http://localhost:1949/SimpleServings/UI/Page/SimpleServings/Recipe/Recipe.aspx 
SessionId: zopcz3ig3viotlur4tvkiy55
2017-05-18 11:50:40,778 [  5] INFO  AppManager [(null)] (Recipe.aspx) - Request from http://localhost:1949/SimpleServings/UI/Page/SimpleServings/Recipe/Recipe.aspx 
SessionId: qvkiicu5txilwiyxf3kac2ub
2017-05-18 11:50:46,472 [  7] INFO  AppManager [(null)] (Recipe.aspx) - Request from http://localhost:1949/SimpleServings/UI/Page/Home.aspx 
SessionId: h4hyadu4b4pwzo45yy0qky45
2017-05-18 11:51:23,637 [  9] INFO  AppManager [(null)] (Recipe.aspx) - Request from http://localhost:1949/SimpleServings/UI/Page/SimpleServings/Recipe/Recipe.aspx 
SessionId: xpybcbzbdjhpyfyprv4begn0
2017-05-18 11:51:23,655 [  7] INFO  AppManager [(null)] (Recipe.aspx) - Request from http://localhost:1949/SimpleServings/UI/Page/SimpleServings/Recipe/Recipe.aspx 
SessionId: uhvsvd45ykbslvzipl0qf5mz
2017-05-18 11:51:23,668 [  7] INFO  AppManager [(null)] (Recipe.aspx) - Request from http://localhost:1949/SimpleServings/UI/Page/SimpleServings/Recipe/Recipe.aspx 
SessionId: lbzdlbeq4mnoao45egngwz45
2017-05-18 11:53:03,174 [  9] INFO  AppManager [(null)] (Recipe.aspx) - Request from http://localhost:1949/SimpleServings/UI/Page/SimpleServings/Recipe/Recipe.aspx 
SessionId: krnqkzfm3hdtdn45vhejp055
2017-05-18 11:53:03,190 [  9] INFO  AppManager [(null)] (Recipe.aspx) - Request from http://localhost:1949/SimpleServings/UI/Page/SimpleServings/Recipe/Recipe.aspx 
SessionId: mip4ls45eu3h5aropohzlhnt
2017-05-18 11:53:03,204 [  9] INFO  AppManager [(null)] (Recipe.aspx) - Request from http://localhost:1949/SimpleServings/UI/Page/SimpleServings/Recipe/Recipe.aspx 
SessionId: ru5nbjnhpz4wf0r3fnzkkfmt
2017-05-18 11:58:46,363 [  8] INFO  AppManager [(null)] (landingPage.aspx) - Request from http://localhost:1949/SimpleServings/UI/Page/SimpleServings/Recipe/Recipe.aspx 
Request Type: LogInOut 
SessionId: x4dqlb55sam4au45qayxsmqv
2017-05-18 11:58:46,364 [  8] INFO  AppManager [(null)] (landingPage.aspx) - Redirecting to Login.aspx 
Request Type: LogInOut 
SessionId: x4dqlb55sam4au45qayxsmqv
2017-05-18 11:58:46,382 [  8] INFO  AppManager [(null)] (login.aspx) - Request from http://localhost:1949/SimpleServings/UI/Page/SimpleServings/Recipe/Recipe.aspx 
SessionId: b2vfmiasv4htp155prpv1wmv
2017-05-18 11:58:49,439 [  8] INFO  AppManager [(null)] (login.aspx) - (cvais7773) - Login successful 
SessionId: hqaqsn55ijdplt45rqbly3r4
2017-05-18 11:58:49,445 [  9] INFO  AppManager [(null)] (Home.aspx) - Page Load 
SessionId: bmgdh4uqhjqohu55eecymf45
2017-05-18 11:58:50,791 [  8] INFO  AppManager [(null)] (Recipe.aspx) - Request from http://localhost:1949/SimpleServings/UI/Page/Home.aspx 
SessionId: bmgdh4uqhjqohu55eecymf45
2017-05-18 11:58:50,938 [  7] INFO  AppManager [(null)] (Recipe.aspx) - Request from http://localhost:1949/SimpleServings/UI/Page/SimpleServings/Recipe/Recipe.aspx 
SessionId: bmgdh4uqhjqohu55eecymf45
2017-05-18 11:58:50,949 [  7] INFO  AppManager [(null)] (Recipe.aspx) - Request from http://localhost:1949/SimpleServings/UI/Page/SimpleServings/Recipe/Recipe.aspx 
SessionId: bmgdh4uqhjqohu55eecymf45
2017-05-18 11:58:50,993 [  7] INFO  AppManager [(null)] (Recipe.aspx) - Request from http://localhost:1949/SimpleServings/UI/Page/SimpleServings/Recipe/Recipe.aspx 
SessionId: bmgdh4uqhjqohu55eecymf45
2017-05-18 11:59:01,655 [  8] INFO  AppManager [(null)] (landingPage.aspx) - Request from http://localhost:1949/SimpleServings/UI/Page/SimpleServings/Recipe/Recipe.aspx 
Request Type: LogInOut 
SessionId: y1m55szitdmpwy45tx0hepja
2017-05-18 11:59:01,656 [  8] INFO  AppManager [(null)] (landingPage.aspx) - Redirecting to Login.aspx 
Request Type: LogInOut 
SessionId: y1m55szitdmpwy45tx0hepja
2017-05-18 11:59:01,665 [  5] INFO  AppManager [(null)] (login.aspx) - Request from http://localhost:1949/SimpleServings/UI/Page/SimpleServings/Recipe/Recipe.aspx 
SessionId: p10rhn55gt3rkg55z0qpvh45
2017-05-18 11:59:03,586 [  9] INFO  AppManager [(null)] (landingPage.aspx) - Clearing Session 
Request Type:  
SessionId: wa2i3xvsti4mor55atse3155
2017-05-18 11:59:03,598 [  9] INFO  AppManager [(null)] (landingPage.aspx) - New Session 
Request Type:  
SessionId: xpw5ey55bm4qsr55vfah45ro
2017-05-18 11:59:03,612 [  5] INFO  AppManager [(null)] (login.aspx) - (cvais7773) - Login successful 
SessionId: jpkbjcre1frnch55xy0le3if
2017-05-18 11:59:03,618 [  5] INFO  AppManager [(null)] (Home.aspx) - Page Load 
SessionId: xpw5ey55bm4qsr55vfah45ro
2017-05-18 13:50:55,946 [  9] INFO  AppManager [(null)] (Home.aspx) - Page Load 
SessionId: n30qik55vmxqfp55vig13z35
2017-05-18 13:50:58,087 [  5] INFO  AppManager [(null)] (landingPage.aspx) - Request from http://localhost:1949/SimpleServings/ui/page/ 
Request Type: LogInOut 
SessionId: muyx0l45w1lvalmnfiszzu45
2017-05-18 13:50:58,088 [  5] INFO  AppManager [(null)] (landingPage.aspx) - Redirecting to Login.aspx 
Request Type: LogInOut 
SessionId: muyx0l45w1lvalmnfiszzu45
2017-05-18 13:50:58,096 [  9] INFO  AppManager [(null)] (login.aspx) - Request from http://localhost:1949/SimpleServings/ui/page/ 
SessionId: e4jkwp3ihk0jhp45lw4tvr55
2017-05-18 13:51:00,615 [  5] INFO  AppManager [(null)] (landingPage.aspx) - Clearing Session 
Request Type:  
SessionId: xbzwl055lwz25w45l0trd455
2017-05-18 13:51:00,630 [  8] INFO  AppManager [(null)] (landingPage.aspx) - New Session 
Request Type:  
SessionId: 00xchi55q2fd0obu10cnrd55
2017-05-18 13:51:00,650 [  9] INFO  AppManager [(null)] (login.aspx) - (cvais7773) - Login successful 
SessionId: urnzpg4535dbf1bfkjktkdu4
2017-05-18 13:51:00,658 [  8] INFO  AppManager [(null)] (Home.aspx) - Page Load 
SessionId: 00xchi55q2fd0obu10cnrd55
2017-05-18 13:51:02,392 [  8] INFO  AppManager [(null)] (Recipe.aspx) - Request from http://localhost:1949/SimpleServings/UI/Page/Home.aspx 
SessionId: 00xchi55q2fd0obu10cnrd55
2017-05-18 14:22:36,181 [ 12] INFO  AppManager [(null)] SimpleServings started.
2017-05-18 14:22:55,145 [  9] INFO  AppManager [(null)] (landingPage.aspx) - Request from http://localhost:1949/SimpleServings/UI/Page/SimpleServings/Recipe/Recipe.aspx 
Request Type: LogInOut 
SessionId: 00xchi55q2fd0obu10cnrd55
2017-05-18 14:22:55,146 [  9] INFO  AppManager [(null)] (landingPage.aspx) - Redirecting to Login.aspx 
Request Type: LogInOut 
SessionId: 00xchi55q2fd0obu10cnrd55
2017-05-18 14:22:57,500 [  5] INFO  AppManager [(null)] (Home.aspx) - Page Load 
SessionId: 4kfn4545vstd2h55auihqefd
2017-05-18 14:22:59,317 [  8] INFO  AppManager [(null)] (Recipe.aspx) - Request from http://localhost:1949/SimpleServings/UI/Page/Home.aspx 
SessionId: 4kfn4545vstd2h55auihqefd
2017-05-18 14:25:56,831 [  8] INFO  AppManager [(null)] (Recipe.aspx) - Request from http://localhost:1949/SimpleServings/UI/Page/Home.aspx 
SessionId: 4kfn4545vstd2h55auihqefd
2017-05-18 14:28:15,033 [  9] INFO  AppManager [(null)] (landingPage.aspx) - Redirecting to Login.aspx 
Request Type: LogInOut 
SessionId: h3wshtq10bja5pzx3zot2k55
2017-05-18 14:28:18,850 [  5] INFO  AppManager [(null)] (login.aspx) - (cvais7773) - Login successful 
SessionId: ovijwg2bukum4lni41bnxa55
2017-05-18 14:28:18,866 [  5] INFO  AppManager [(null)] (Home.aspx) - Page Load 
SessionId: 4m2y1mnffzxmlb45dgpnupnb
2017-05-18 14:28:51,183 [  5] INFO  AppManager [(null)] (landingPage.aspx) - Redirecting to Login.aspx 
Request Type: LogInOut 
SessionId: 10mvgq551qpavf550t4iigrx
2017-05-18 14:28:57,509 [  9] INFO  AppManager [(null)] (landingPage.aspx) - Clearing Session 
Request Type:  
SessionId: k545inmbeuuhjd45qhyh0e3g
2017-05-18 14:28:57,519 [  9] INFO  AppManager [(null)] (landingPage.aspx) - New Session 
Request Type:  
SessionId: qytfbx2atnaqvf55hyy3sf55
2017-05-18 14:28:57,523 [  7] INFO  AppManager [(null)] (login.aspx) - (cvais7773) - Login successful 
SessionId: armxc545oo4cwqrkf540gvnz
2017-05-18 14:28:57,528 [  8] INFO  AppManager [(null)] (Home.aspx) - Page Load 
SessionId: qytfbx2atnaqvf55hyy3sf55
2017-05-18 14:31:16,579 [  9] INFO  AppManager [(null)] (Home.aspx) - Page Load 
SessionId: iynopbmhdzvuhi55bko1cf45
2017-05-18 14:31:18,212 [  7] INFO  AppManager [(null)] (landingPage.aspx) - Request from http://localhost:1949/SimpleServings/UI/Page/ 
Request Type: LogInOut 
SessionId: ybgx5vfgov2r5qfjelkwc2ax
2017-05-18 14:31:18,212 [  7] INFO  AppManager [(null)] (landingPage.aspx) - Redirecting to Login.aspx 
Request Type: LogInOut 
SessionId: ybgx5vfgov2r5qfjelkwc2ax
2017-05-18 14:31:18,224 [  8] INFO  AppManager [(null)] (login.aspx) - Request from http://localhost:1949/SimpleServings/UI/Page/ 
SessionId: 2vblwq55x30qhsuq0we5zmqo
2017-05-18 14:31:22,439 [  8] INFO  AppManager [(null)] (login.aspx) - (cvais7773) - Login successful 
SessionId: kfc0lxveeqdiz555rs54ebqs
2017-05-18 14:31:22,467 [  5] INFO  AppManager [(null)] (Home.aspx) - Page Load 
SessionId: t3xqn055m0aad545r4vua155
2017-05-18 14:34:07,658 [  8] INFO  AppManager [(null)] (Home.aspx) - Page Load 
SessionId: 4mpitba3a10bo045a51dpyyr
2017-05-18 14:34:43,785 [  9] INFO  AppManager [(null)] (landingPage.aspx) - Request from http://localhost:1949/SimpleServings/UI/Page/ 
Request Type: LogInOut 
SessionId: 3j0s3zuyo2v3mi55bv0nsv55
2017-05-18 14:34:43,786 [  9] INFO  AppManager [(null)] (landingPage.aspx) - Redirecting to Login.aspx 
Request Type: LogInOut 
SessionId: 3j0s3zuyo2v3mi55bv0nsv55
2017-05-18 14:34:43,794 [  8] INFO  AppManager [(null)] (login.aspx) - Request from http://localhost:1949/SimpleServings/UI/Page/ 
SessionId: 12z5f155cslp5eatksja4s55
2017-05-18 14:34:48,432 [  7] INFO  AppManager [(null)] (login.aspx) - (cvais7773) - Login successful 
SessionId: biwnizvecgohee45xobok52b
2017-05-18 14:34:48,438 [  7] INFO  AppManager [(null)] (Home.aspx) - Page Load 
SessionId: dci5mbmqa3wkmpughpvvdu45
2017-05-18 14:36:44,864 [  7] INFO  AppManager [(null)] (Recipe.aspx) - Request from http://localhost:1949/SimpleServings/UI/Page/SimpleServings/Menu/ReplicateMenu.aspx?MenuID=7511 
SessionId: 4kfn4545vstd2h55auihqefd
2017-05-18 15:12:01,483 [  1] INFO  AppManager [(null)] SimpleServings started.
2017-05-18 15:12:03,240 [  5] INFO  AppManager [(null)] (landingPage.aspx) - Redirecting to Login.aspx 
Request Type: LogInOut 
SessionId: 
2017-05-18 15:12:41,363 [  5] INFO  AppManager [(null)] (login.aspx) - (cvais7773) - Login successful 
SessionId: f4whis45jvxaki552oam0j55
2017-05-18 15:12:41,413 [  5] INFO  AppManager [(null)] (Home.aspx) - Page Load 
SessionId: f4whis45jvxaki552oam0j55
2017-05-18 15:56:39,780 [  1] INFO  AppManager [(null)] SimpleServings started.
2017-05-18 15:56:49,200 [  5] INFO  AppManager [(null)] (landingPage.aspx) - Request from http://localhost:1949/SimpleServings/UI/Page/resources.aspx 
Request Type: LogInOut 
SessionId: 4kfn4545vstd2h55auihqefd
2017-05-18 15:56:49,201 [  5] INFO  AppManager [(null)] (landingPage.aspx) - Redirecting to Login.aspx 
Request Type: LogInOut 
SessionId: 4kfn4545vstd2h55auihqefd
2017-05-18 15:57:23,650 [  8] INFO  AppManager [(null)] (Home.aspx) - Page Load 
SessionId: rtgjvejkb3hrgz45pmqpwj55
2017-05-18 15:58:54,574 [  1] INFO  AppManager [(null)] SimpleServings started.
2017-05-18 15:59:04,517 [  7] INFO  AppManager [(null)] (landingPage.aspx) - Redirecting to Login.aspx 
Request Type: LogInOut 
SessionId: 
2017-05-18 15:59:15,799 [  8] INFO  AppManager [(null)] (Home.aspx) - Page Load 
SessionId: zx3afl45l5r2ovzbkryl2rzz
2017-05-18 16:01:58,023 [  6] INFO  AppManager [(null)] (Home.aspx) - Page Load 
SessionId: rtgjvejkb3hrgz45pmqpwj55
2017-05-18 16:02:04,980 [  6] INFO  AppManager [(null)] (landingPage.aspx) - Request from http://localhost:1949/SimpleServings/ui/page/ 
Request Type: LogInOut 
SessionId: rtgjvejkb3hrgz45pmqpwj55
2017-05-18 16:02:04,981 [  6] INFO  AppManager [(null)] (landingPage.aspx) - Redirecting to Login.aspx 
Request Type: LogInOut 
SessionId: rtgjvejkb3hrgz45pmqpwj55
2017-05-18 16:02:04,991 [  7] INFO  AppManager [(null)] (login.aspx) - Request from http://localhost:1949/SimpleServings/ui/page/ 
SessionId: qn4ixej1ammffa3dcehygc55
2017-05-18 16:02:07,222 [  7] INFO  AppManager [(null)] (landingPage.aspx) - Clearing Session 
Request Type:  
SessionId: 0zjr4cf21s3etfas2b41v3mh
2017-05-18 16:02:07,239 [  6] INFO  AppManager [(null)] (landingPage.aspx) - New Session 
Request Type:  
SessionId: anal4d45dyy5vgafozxhya55
2017-05-18 16:02:07,254 [  7] INFO  AppManager [(null)] (login.aspx) - (cvais7773) - Login successful 
SessionId: ws3tfsjmnmcgedjnd5h2sg55
2017-05-18 16:02:07,262 [  8] INFO  AppManager [(null)] (Home.aspx) - Page Load 
SessionId: anal4d45dyy5vgafozxhya55
2017-05-18 16:02:13,621 [  7] INFO  AppManager [(null)] (landingPage.aspx) - Request from http://localhost:1949/SimpleServings/UI/Page/resources.aspx 
Request Type: LogInOut 
SessionId: anal4d45dyy5vgafozxhya55
2017-05-18 16:02:13,622 [  7] INFO  AppManager [(null)] (landingPage.aspx) - Redirecting to Login.aspx 
Request Type: LogInOut 
SessionId: anal4d45dyy5vgafozxhya55
2017-05-18 16:02:13,631 [  8] INFO  AppManager [(null)] (login.aspx) - Request from http://localhost:1949/SimpleServings/UI/Page/resources.aspx 
SessionId: vsedlmr2ndyoofjmtibuex45
2017-05-18 16:04:43,309 [  1] INFO  AppManager [(null)] SimpleServings started.
2017-05-18 16:04:58,475 [  5] INFO  AppManager [(null)] (landingPage.aspx) - Redirecting to Login.aspx 
Request Type: LogInOut 
SessionId: 
2017-05-18 16:05:06,253 [  7] INFO  AppManager [(null)] (Home.aspx) - Page Load 
SessionId: ddfo2yaxjx5djeqirrjg2r45
2017-05-18 16:09:55,373 [  1] INFO  AppManager [(null)] SimpleServings started.
2017-05-18 16:10:07,209 [  8] INFO  AppManager [(null)] (landingPage.aspx) - Redirecting to Login.aspx 
Request Type: LogInOut 
SessionId: 
2017-05-18 16:10:09,948 [  5] INFO  AppManager [(null)] (Home.aspx) - Page Load 
SessionId: saio4a45toaudrz3qlrsl355
2017-05-18 16:18:36,850 [  1] INFO  AppManager [(null)] SimpleServings started.
2017-05-18 16:18:50,748 [  7] INFO  AppManager [(null)] (landingPage.aspx) - Request from http://localhost:1949/SimpleServings/UI/Page/resources.aspx 
Request Type: LogInOut 
SessionId: saio4a45toaudrz3qlrsl355
2017-05-18 16:18:50,760 [  7] INFO  AppManager [(null)] (landingPage.aspx) - Redirecting to Login.aspx 
Request Type: LogInOut 
SessionId: saio4a45toaudrz3qlrsl355
2017-05-18 16:19:17,255 [  8] INFO  AppManager [(null)] (landingPage.aspx) - Redirecting to Login.aspx 
Request Type: LogInOut 
SessionId: 
2017-05-18 16:19:20,633 [  6] INFO  AppManager [(null)] (Home.aspx) - Page Load 
SessionId: f4kby25502u43e45a4w01aem
2017-05-18 16:20:27,001 [  8] INFO  AppManager [(null)] (Home.aspx) - Page Load 
SessionId: zxup3hb0vlomsmemw0lix4v5
2017-05-18 16:20:28,417 [  7] INFO  AppManager [(null)] (landingPage.aspx) - Request from http://localhost:1949/SimpleServings/UI/Page/ 
Request Type: LogInOut 
SessionId: uq4etxyjpi20pfr3yxoj0tm1
2017-05-18 16:20:28,417 [  7] INFO  AppManager [(null)] (landingPage.aspx) - Redirecting to Login.aspx 
Request Type: LogInOut 
SessionId: uq4etxyjpi20pfr3yxoj0tm1
2017-05-18 16:20:28,424 [  7] INFO  AppManager [(null)] (login.aspx) - Request from http://localhost:1949/SimpleServings/UI/Page/ 
SessionId: co0y3rbomqysvui01rrvtiur
2017-05-18 16:20:30,919 [  8] INFO  AppManager [(null)] (landingPage.aspx) - Clearing Session 
Request Type:  
SessionId: a4pcya21weqck43tmfvxsg45
2017-05-18 16:20:30,937 [  7] INFO  AppManager [(null)] (landingPage.aspx) - New Session 
Request Type:  
SessionId: wdlf0zutef0pll55bncayd45
2017-05-18 16:20:30,957 [  8] INFO  AppManager [(null)] (login.aspx) - (cvais7773) - Login successful 
SessionId: vval2yesqtx2th55at5qrx45
2017-05-18 16:20:30,964 [  8] INFO  AppManager [(null)] (Home.aspx) - Page Load 
SessionId: wdlf0zutef0pll55bncayd45
2017-05-18 16:22:35,791 [  8] INFO  AppManager [(null)] (Home.aspx) - Page Load 
SessionId: rok0kw45q4a25s55xewzma3t
2017-05-18 16:22:36,989 [  8] INFO  AppManager [(null)] (landingPage.aspx) - Request from http://localhost:1949/SimpleServings/UI/Page/ 
Request Type: LogInOut 
SessionId: pmrpqz55fjksv045movepd55
2017-05-18 16:22:36,990 [  8] INFO  AppManager [(null)] (landingPage.aspx) - Redirecting to Login.aspx 
Request Type: LogInOut 
SessionId: pmrpqz55fjksv045movepd55
2017-05-18 16:22:37,002 [  5] INFO  AppManager [(null)] (login.aspx) - Request from http://localhost:1949/SimpleServings/UI/Page/ 
SessionId: 4xkvyhic51dc3a450lwteyqm
2017-05-18 16:22:39,890 [  8] INFO  AppManager [(null)] (landingPage.aspx) - Clearing Session 
Request Type:  
SessionId: omyt1445bcaxxnigc2hunx45
2017-05-18 16:22:39,912 [  5] INFO  AppManager [(null)] (landingPage.aspx) - New Session 
Request Type:  
SessionId: juonpg45bveq0o552eshao55
2017-05-18 16:22:39,921 [  6] INFO  AppManager [(null)] (login.aspx) - (cvais7773) - Login successful 
SessionId: lp5fau55rqt1s0elcm0exwz0
2017-05-18 16:22:39,928 [  8] INFO  AppManager [(null)] (Home.aspx) - Page Load 
SessionId: juonpg45bveq0o552eshao55
2017-05-18 16:33:38,857 [ 13] INFO  AppManager [(null)] SimpleServings started.
2017-05-18 16:49:49,939 [  8] INFO  AppManager [(null)] (landingPage.aspx) - Redirecting to Login.aspx 
Request Type: LogInOut 
SessionId: 
2017-05-18 16:56:38,072 [  6] INFO  AppManager [(null)] (Home.aspx) - Page Load 
SessionId: ohxey555zoq4yb55nacuoc55
