2022-05-31 10:48:59,555 [  1] INFO  AppManager [(null)] SimpleServings started.
2022-05-31 11:34:27,049 [ 45] INFO  AppManager [(null)] (Home.aspx) - Page Load 
SessionId: hm0mbddd15q0opsvrljvjv2e
2022-05-31 11:35:30,598 [ 60] INFO  AppManager [(null)] SimpleServings started.
2022-05-31 11:35:49,033 [ 45] INFO  AppManager [(null)] (Home.aspx) - Page Load 
SessionId: ekuuo4lseg3pzvqvzz1jfc0u
2022-05-31 11:35:56,225 [ 62] ERROR AppManager [(null)] SimpleServings application error: Exception of type 'System.Web.HttpUnhandledException' was thrown.
location: http://localhost:1946/SimpleServings/UI/Page/resources.aspx

System.Web.HttpUnhandledException (0x80004005): Exception of type 'System.Web.HttpUnhandledException' was thrown. ---> System.Web.HttpException (0x80004005): The GridView 'gvResources' fired event PageIndexChanging which wasn't handled.
   at System.Web.UI.WebControls.GridView.OnPageIndexChanging(GridViewPageEventArgs e)
   at System.Web.UI.WebControls.GridView.HandlePage(Int32 newPage)
   at System.Web.UI.WebControls.GridView.HandleEvent(EventArgs e, Boolean causesValidation, String validationGroup)
   at System.Web.UI.WebControls.GridView.RaisePostBackEvent(String eventArgument)
   at System.Web.UI.WebControls.GridView.System.Web.UI.IPostBackEventHandler.RaisePostBackEvent(String eventArgument)
   at System.Web.UI.Page.RaisePostBackEvent(IPostBackEventHandler sourceControl, String eventArgument)
   at System.Web.UI.Page.RaisePostBackEvent(NameValueCollection postData)
   at System.Web.UI.Page.ProcessRequestMain(Boolean includeStagesBeforeAsyncPoint, Boolean includeStagesAfterAsyncPoint)
   at System.Web.UI.Page.HandleError(Exception e)
   at System.Web.UI.Page.ProcessRequestMain(Boolean includeStagesBeforeAsyncPoint, Boolean includeStagesAfterAsyncPoint)
   at System.Web.UI.Page.ProcessRequest(Boolean includeStagesBeforeAsyncPoint, Boolean includeStagesAfterAsyncPoint)
   at System.Web.UI.Page.ProcessRequest()
   at System.Web.UI.Page.ProcessRequestWithNoAssert(HttpContext context)
   at System.Web.UI.Page.ProcessRequest(HttpContext context)
   at ASP.ui_page_resources_aspx.ProcessRequest(HttpContext context) in c:\Users\mli\AppData\Local\Temp\Temporary ASP.NET Files\simpleservings\798f4a9c\dfc8f9c6\App_Web_uhheevlb.6.cs:line 0
   at System.Web.HttpApplication.CallHandlerExecutionStep.System.Web.HttpApplication.IExecutionStep.Execute()
   at System.Web.HttpApplication.ExecuteStepImpl(IExecutionStep step)
   at System.Web.HttpApplication.ExecuteStep(IExecutionStep step, Boolean& completedSynchronously)
2022-05-31 11:42:26,539 [ 74] INFO  AppManager [(null)] (login.aspx) - (Mli) - Login successful 
SessionId: 3jacqo0ifdoz22mq11mslqjz
2022-05-31 11:42:26,544 [ 61] INFO  AppManager [(null)] (Home.aspx) - Page Load 
SessionId: kqnokfe40zxim5w5dpjc2w1j
2022-05-31 11:42:28,156 [ 66] INFO  AppManager [(null)] (landingPage.aspx) - Clearing Session 
Request Type:  
SessionId: yvv3llryqukqdtuq1uh3hceq
2022-05-31 11:46:27,706 [ 45] INFO  AppManager [(null)] (landingPage.aspx) - Clearing Session 
Request Type:  
SessionId: svsdgxfdrnn0yi1ny5scovns
2022-05-31 11:46:27,712 [ 45] INFO  AppManager [(null)] (landingPage.aspx) - New Session 
Request Type:  
SessionId: kmztdzzt3tm3ln5u5j355lse
2022-05-31 11:46:27,913 [ 64] INFO  AppManager [(null)] (login.aspx) - (Mli) - Login successful 
SessionId: prc1q4pe3xt5lu05uxuqbp4h
2022-05-31 11:46:27,929 [ 62] INFO  AppManager [(null)] (Home.aspx) - Page Load 
SessionId: kmztdzzt3tm3ln5u5j355lse
2022-05-31 11:49:39,894 [ 63] INFO  AppManager [(null)] (landingPage.aspx) - Clearing Session 
Request Type:  
SessionId: jhaeaqq35jihk11bpnhqlqeg
2022-05-31 11:49:39,922 [ 61] INFO  AppManager [(null)] (landingPage.aspx) - New Session 
Request Type:  
SessionId: wnjo1pkdjgyjdxz35jz13tpt
2022-05-31 11:49:40,315 [ 45] INFO  AppManager [(null)] (login.aspx) - (Mli) - Login successful 
SessionId: zfctjtm5vq5olx1jxecgoce5
2022-05-31 11:49:40,345 [ 63] INFO  AppManager [(null)] (Home.aspx) - Page Load 
SessionId: wnjo1pkdjgyjdxz35jz13tpt
2022-05-31 11:51:01,897 [ 46] INFO  AppManager [(null)] (landingPage.aspx) - Clearing Session 
Request Type:  
SessionId: kfpvbdyzbm2nt1k5eujhwtbu
2022-05-31 11:51:01,902 [ 46] INFO  AppManager [(null)] (landingPage.aspx) - New Session 
Request Type:  
SessionId: umr1u2ahfvictwkh4telfijr
2022-05-31 11:51:02,380 [ 47] INFO  AppManager [(null)] (login.aspx) - (Mli) - Login successful 
SessionId: zq2w1knmw0qtkgkgoslbkckq
2022-05-31 11:51:02,385 [ 44] INFO  AppManager [(null)] (Home.aspx) - Page Load 
SessionId: umr1u2ahfvictwkh4telfijr
2022-05-31 15:09:41,138 [  1] INFO  AppManager [(null)] SimpleServings started.
