2017-01-11 10:35:21,972 [  1] INFO  AppManager [(null)] SimpleServings started.
2017-01-11 10:35:34,298 [  5] INFO  AppManager [(null)] (landingPage.aspx) - Redirecting to Login.aspx 
Request Type: LogInOut 
SessionId: 
2017-01-11 10:35:44,954 [  5] INFO  AppManager [(null)] (Home.aspx) - Page Load 
SessionId: lcvkakvcmferdjbnhg0p0h45
2017-01-11 10:38:02,089 [  1] INFO  AppManager [(null)] SimpleServings started.
2017-01-11 10:42:17,876 [  1] INFO  AppManager [(null)] SimpleServings started.
2017-01-11 10:42:20,233 [  6] INFO  AppManager [(null)] (landingPage.aspx) - Redirecting to Login.aspx 
Request Type: LogInOut 
SessionId: 
2017-01-11 10:42:28,385 [  8] INFO  AppManager [(null)] (Home.aspx) - Page Load 
SessionId: 3b5m0t55xtdrzf550pkmnt55
2017-01-11 10:46:43,975 [  6] INFO  AppManager [(null)] (Home.aspx) - Page Load 
SessionId: c0ijstzn54twzp451aibxnjh
2017-01-11 10:46:45,751 [  5] INFO  AppManager [(null)] (landingPage.aspx) - Request from http://localhost:1949/SimpleServings/ui/page/ 
Request Type: LogInOut 
SessionId: pxw2hh55n0y3pdf4n5hebu45
2017-01-11 10:46:45,752 [  5] INFO  AppManager [(null)] (landingPage.aspx) - Redirecting to Login.aspx 
Request Type: LogInOut 
SessionId: pxw2hh55n0y3pdf4n5hebu45
2017-01-11 10:46:45,759 [  5] INFO  AppManager [(null)] (login.aspx) - Request from http://localhost:1949/SimpleServings/ui/page/ 
SessionId: ouy3el3uwo4ivsvqxfb2shzm
2017-01-11 10:46:48,645 [  6] INFO  AppManager [(null)] (landingPage.aspx) - Clearing Session 
Request Type:  
SessionId: exosgebum1mkabysqzfrjfil
2017-01-11 10:46:48,663 [  6] INFO  AppManager [(null)] (landingPage.aspx) - New Session 
Request Type:  
SessionId: a0knqm45enjlgi45dow4utyp
2017-01-11 10:46:48,668 [  5] INFO  AppManager [(null)] (login.aspx) - (cvais7773) - Login successful 
SessionId: wjbbch45ipb2dk45hkncfx45
2017-01-11 10:46:48,677 [  5] INFO  AppManager [(null)] (Home.aspx) - Page Load 
SessionId: a0knqm45enjlgi45dow4utyp
2017-01-11 10:51:49,485 [ 11] INFO  AppManager [(null)] SimpleServings started.
2017-01-11 10:51:56,906 [  5] INFO  AppManager [(null)] (landingPage.aspx) - Request from http://localhost:1949/SimpleServings/UI/Page/SimpleServings/Menu/ViewMenu.aspx?MenuID=7240 
Request Type: LogInOut 
SessionId: a0knqm45enjlgi45dow4utyp
2017-01-11 10:51:56,907 [  5] INFO  AppManager [(null)] (landingPage.aspx) - Redirecting to Login.aspx 
Request Type: LogInOut 
SessionId: a0knqm45enjlgi45dow4utyp
2017-01-11 10:52:44,499 [  1] INFO  AppManager [(null)] SimpleServings started.
2017-01-11 10:52:50,667 [  5] INFO  AppManager [(null)] (landingPage.aspx) - Redirecting to Login.aspx 
Request Type: LogInOut 
SessionId: 
2017-01-11 10:53:00,314 [  8] INFO  AppManager [(null)] (Home.aspx) - Page Load 
SessionId: yfbsbj45uosm5d45ptqv00yo
2017-01-11 10:55:15,529 [  8] INFO  AppManager [(null)] (Home.aspx) - Page Load 
SessionId: t0tldqueie2cdcvkugdvq3a1
2017-01-11 10:55:17,254 [  9] INFO  AppManager [(null)] (landingPage.aspx) - Request from http://localhost:1949/SimpleServings/ui/page/ 
Request Type: LogInOut 
SessionId: uvwxuialohtkan451okmognm
2017-01-11 10:55:17,254 [  9] INFO  AppManager [(null)] (landingPage.aspx) - Redirecting to Login.aspx 
Request Type: LogInOut 
SessionId: uvwxuialohtkan451okmognm
2017-01-11 10:55:17,260 [  5] INFO  AppManager [(null)] (login.aspx) - Request from http://localhost:1949/SimpleServings/ui/page/ 
SessionId: gacgjvfkdpqytoux5qca1ibk
2017-01-11 10:55:20,585 [  7] INFO  AppManager [(null)] (landingPage.aspx) - Clearing Session 
Request Type:  
SessionId: fx0zomfsc4ihlqzscoru1545
2017-01-11 10:55:20,603 [  9] INFO  AppManager [(null)] (landingPage.aspx) - New Session 
Request Type:  
SessionId: 5c2tofq0nd5hto2colr5cw45
2017-01-11 10:55:20,617 [  8] INFO  AppManager [(null)] (login.aspx) - (cvais7773) - Login successful 
SessionId: ngphijyqmwocad450vqqhv3c
2017-01-11 10:55:20,624 [  7] INFO  AppManager [(null)] (Home.aspx) - Page Load 
SessionId: 5c2tofq0nd5hto2colr5cw45
2017-01-11 11:29:46,882 [  1] INFO  AppManager [(null)] SimpleServings started.
2017-01-11 11:29:58,101 [  6] INFO  AppManager [(null)] (landingPage.aspx) - Redirecting to Login.aspx 
Request Type: LogInOut 
SessionId: 
2017-01-11 11:30:03,985 [  6] INFO  AppManager [(null)] (Home.aspx) - Page Load 
SessionId: 34igc455dt4yvavn2sqp0i45
2017-01-11 11:53:32,143 [  1] INFO  AppManager [(null)] SimpleServings started.
2017-01-11 11:53:43,624 [  6] INFO  AppManager [(null)] (landingPage.aspx) - Redirecting to Login.aspx 
Request Type: LogInOut 
SessionId: 
2017-01-11 11:53:50,944 [  6] INFO  AppManager [(null)] (Home.aspx) - Page Load 
SessionId: rm2aseyp1swh0xyn5twxpc55
2017-01-11 11:54:35,637 [  6] INFO  AppManager [(null)] (Home.aspx) - Page Load 
SessionId: 5c2tofq0nd5hto2colr5cw45
2017-01-11 11:54:39,984 [  6] INFO  AppManager [(null)] (landingPage.aspx) - Request from http://localhost:1949/SimpleServings/ui/page/ 
Request Type: LogInOut 
SessionId: 5c2tofq0nd5hto2colr5cw45
2017-01-11 11:54:39,984 [  6] INFO  AppManager [(null)] (landingPage.aspx) - Redirecting to Login.aspx 
Request Type: LogInOut 
SessionId: 5c2tofq0nd5hto2colr5cw45
2017-01-11 11:54:39,992 [  9] INFO  AppManager [(null)] (login.aspx) - Request from http://localhost:1949/SimpleServings/ui/page/ 
SessionId: vujqbo55wihocunuxh4zsdqz
2017-01-11 11:54:42,610 [  5] INFO  AppManager [(null)] (landingPage.aspx) - Clearing Session 
Request Type:  
SessionId: ctjuqbqqhkvzlj55ehe0yx45
2017-01-11 11:54:42,627 [  9] INFO  AppManager [(null)] (landingPage.aspx) - New Session 
Request Type:  
SessionId: h3bnnim40ah3xvqn13ijvufp
2017-01-11 11:54:42,643 [  6] INFO  AppManager [(null)] (login.aspx) - (cvais7773) - Login successful 
SessionId: bu1vuv3fp1qayl55ss4ds455
2017-01-11 11:54:42,649 [  6] INFO  AppManager [(null)] (Home.aspx) - Page Load 
SessionId: h3bnnim40ah3xvqn13ijvufp
2017-01-11 11:55:06,249 [  1] INFO  AppManager [(null)] SimpleServings started.
2017-01-11 11:55:18,948 [  6] INFO  AppManager [(null)] (landingPage.aspx) - Redirecting to Login.aspx 
Request Type: LogInOut 
SessionId: 
2017-01-11 11:55:55,033 [  9] INFO  AppManager [(null)] (Home.aspx) - Page Load 
SessionId: ttv453i2bqxo4y55zcslcnit
2017-01-11 11:58:20,437 [  1] INFO  AppManager [(null)] SimpleServings started.
2017-01-11 11:58:35,283 [  5] INFO  AppManager [(null)] (landingPage.aspx) - Redirecting to Login.aspx 
Request Type: LogInOut 
SessionId: 
2017-01-11 11:58:44,287 [  5] INFO  AppManager [(null)] (Home.aspx) - Page Load 
SessionId: rpso5a32h01br23h05yatcfh
2017-01-11 12:06:04,032 [  1] INFO  AppManager [(null)] SimpleServings started.
2017-01-11 12:06:18,014 [  6] INFO  AppManager [(null)] (landingPage.aspx) - Redirecting to Login.aspx 
Request Type: LogInOut 
SessionId: 
2017-01-11 12:06:25,696 [  9] INFO  AppManager [(null)] (Home.aspx) - Page Load 
SessionId: sqxvugngcldp31i1lebzjm55
2017-01-11 12:10:47,734 [  8] ERROR AppManager [(null)] SimpleServings application error: c:\TFS\DFTA\SimpleServings\SimpleServings\SimpleServings\UI\Page\SimpleServings\Menu\AddMenuUsingSampleMenu.aspx(154): error CS1061: 'ASP.ui_page_simpleservings_menu_addmenuusingsamplemenu_aspx' does not contain a definition for 'btnAddMenu_Click' and no extension method 'btnAddMenu_Click' accepting a first argument of type 'ASP.ui_page_simpleservings_menu_addmenuusingsamplemenu_aspx' could be found (are you missing a using directive or an assembly reference?)
location: http://localhost:1949/SimpleServings/UI/Page/SimpleServings/Menu/AddMenuUsingSampleMenu.aspx

System.Web.HttpCompileException: c:\TFS\DFTA\SimpleServings\SimpleServings\SimpleServings\UI\Page\SimpleServings\Menu\AddMenuUsingSampleMenu.aspx(154): error CS1061: 'ASP.ui_page_simpleservings_menu_addmenuusingsamplemenu_aspx' does not contain a definition for 'btnAddMenu_Click' and no extension method 'btnAddMenu_Click' accepting a first argument of type 'ASP.ui_page_simpleservings_menu_addmenuusingsamplemenu_aspx' could be found (are you missing a using directive or an assembly reference?)
   at System.Web.Compilation.BuildManager.CompileWebFile(VirtualPath virtualPath)
   at System.Web.Compilation.BuildManager.GetVPathBuildResultInternal(VirtualPath virtualPath, Boolean noBuild, Boolean allowCrossApp, Boolean allowBuildInPrecompile)
   at System.Web.Compilation.BuildManager.GetVPathBuildResultWithNoAssert(HttpContext context, VirtualPath virtualPath, Boolean noBuild, Boolean allowCrossApp, Boolean allowBuildInPrecompile)
   at System.Web.Compilation.BuildManager.GetVirtualPathObjectFactory(VirtualPath virtualPath, HttpContext context, Boolean allowCrossApp, Boolean noAssert)
   at System.Web.Compilation.BuildManager.CreateInstanceFromVirtualPath(VirtualPath virtualPath, Type requiredBaseType, HttpContext context, Boolean allowCrossApp, Boolean noAssert)
   at System.Web.UI.PageHandlerFactory.GetHandlerHelper(HttpContext context, String requestType, VirtualPath virtualPath, String physicalPath)
   at System.Web.UI.PageHandlerFactory.GetHandler(HttpContext context, String requestType, String virtualPath, String path)
   at System.Web.HttpApplication.MaterializeHandlerExecutionStep.System.Web.HttpApplication.IExecutionStep.Execute()
   at System.Web.HttpApplication.ExecuteStep(IExecutionStep step, Boolean& completedSynchronously)
2017-01-11 12:33:04,282 [  1] INFO  AppManager [(null)] SimpleServings started.
2017-01-11 12:44:29,906 [  6] INFO  AppManager [(null)] (landingPage.aspx) - Redirecting to Login.aspx 
Request Type: LogInOut 
SessionId: 
2017-01-11 12:44:32,913 [  5] INFO  AppManager [(null)] (Home.aspx) - Page Load 
SessionId: p4w05aaf0jjvsqn10feiab3m
2017-01-11 12:47:49,280 [  8] INFO  AppManager [(null)] (Home.aspx) - Page Load 
SessionId: tcgcz345rd4ubunbhoxs3zjg
2017-01-11 12:47:50,729 [  6] INFO  AppManager [(null)] (landingPage.aspx) - Request from http://localhost:1949/SimpleServings/ui/page/ 
Request Type: LogInOut 
SessionId: ebqkqy55vnqj5saarnmjzebk
2017-01-11 12:47:50,729 [  6] INFO  AppManager [(null)] (landingPage.aspx) - Redirecting to Login.aspx 
Request Type: LogInOut 
SessionId: ebqkqy55vnqj5saarnmjzebk
2017-01-11 12:47:50,744 [  6] INFO  AppManager [(null)] (login.aspx) - Request from http://localhost:1949/SimpleServings/ui/page/ 
SessionId: l0bvph2pnq0mqv55q0k1tu2e
2017-01-11 12:47:53,281 [  6] INFO  AppManager [(null)] (landingPage.aspx) - Clearing Session 
Request Type:  
SessionId: 5dh5lkyfkhzretqwwrka31n5
2017-01-11 12:47:53,296 [  5] INFO  AppManager [(null)] (landingPage.aspx) - New Session 
Request Type:  
SessionId: 3us4m4qh5vnmzljmc4yn4l55
2017-01-11 12:47:53,316 [  6] INFO  AppManager [(null)] (login.aspx) - (cvais7773) - Login successful 
SessionId: 2petlm45by3y3oam3f1lecbw
2017-01-11 12:47:53,323 [  6] INFO  AppManager [(null)] (Home.aspx) - Page Load 
SessionId: 3us4m4qh5vnmzljmc4yn4l55
2017-01-11 12:49:09,912 [  1] INFO  AppManager [(null)] SimpleServings started.
2017-01-11 12:49:24,441 [  6] INFO  AppManager [(null)] (landingPage.aspx) - Redirecting to Login.aspx 
Request Type: LogInOut 
SessionId: 
2017-01-11 12:49:36,508 [  6] INFO  AppManager [(null)] (Home.aspx) - Page Load 
SessionId: hv4flzaipoivr0qfsw10fh45
2017-01-11 12:50:25,425 [  1] INFO  AppManager [(null)] SimpleServings started.
2017-01-11 12:50:34,992 [  5] INFO  AppManager [(null)] (Home.aspx) - Page Load 
SessionId: 3us4m4qh5vnmzljmc4yn4l55
2017-01-11 12:50:38,365 [  7] INFO  AppManager [(null)] (landingPage.aspx) - Request from http://localhost:1949/SimpleServings/UI/Page/ 
Request Type: LogInOut 
SessionId: 3us4m4qh5vnmzljmc4yn4l55
2017-01-11 12:50:38,366 [  7] INFO  AppManager [(null)] (landingPage.aspx) - Redirecting to Login.aspx 
Request Type: LogInOut 
SessionId: 3us4m4qh5vnmzljmc4yn4l55
2017-01-11 12:50:41,567 [  6] INFO  AppManager [(null)] (Home.aspx) - Page Load 
SessionId: wbqwli555zaazan4u4p5e2nc
2017-01-11 12:52:38,879 [  1] INFO  AppManager [(null)] SimpleServings started.
2017-01-11 12:52:46,365 [  7] INFO  AppManager [(null)] (Home.aspx) - Page Load 
SessionId: wbqwli555zaazan4u4p5e2nc
2017-01-11 12:52:47,949 [  7] INFO  AppManager [(null)] (landingPage.aspx) - Redirecting to Login.aspx 
Request Type: LogInOut 
SessionId: 
2017-01-11 12:52:51,148 [  7] INFO  AppManager [(null)] (Home.aspx) - Page Load 
SessionId: wiv4qq3k333sjoqo4fgr1pqj
2017-01-11 12:54:45,285 [  1] INFO  AppManager [(null)] SimpleServings started.
2017-01-11 12:54:56,840 [  6] INFO  AppManager [(null)] (Home.aspx) - Page Load 
SessionId: wiv4qq3k333sjoqo4fgr1pqj
2017-01-11 12:55:01,137 [  5] INFO  AppManager [(null)] (landingPage.aspx) - Request from http://localhost:1949/SimpleServings/UI/Page/ 
Request Type: LogInOut 
SessionId: wiv4qq3k333sjoqo4fgr1pqj
2017-01-11 12:55:01,138 [  5] INFO  AppManager [(null)] (landingPage.aspx) - Redirecting to Login.aspx 
Request Type: LogInOut 
SessionId: wiv4qq3k333sjoqo4fgr1pqj
2017-01-11 12:55:03,547 [  5] INFO  AppManager [(null)] (Home.aspx) - Page Load 
SessionId: bvz0bm45aysxaevlrz30tv55
2017-01-11 12:59:44,458 [  1] INFO  AppManager [(null)] SimpleServings started.
2017-01-11 12:59:54,359 [  9] INFO  AppManager [(null)] (landingPage.aspx) - Request from http://localhost:1949/SimpleServings/UI/Page/SimpleServings/Menu/AddMenuUsingSampleMenu.aspx 
Request Type: LogInOut 
SessionId: bvz0bm45aysxaevlrz30tv55
2017-01-11 12:59:54,360 [  9] INFO  AppManager [(null)] (landingPage.aspx) - Redirecting to Login.aspx 
Request Type: LogInOut 
SessionId: bvz0bm45aysxaevlrz30tv55
2017-01-11 12:59:57,243 [  9] INFO  AppManager [(null)] (Home.aspx) - Page Load 
SessionId: mmlv0jawp3bbws454f0csi3a
2017-01-11 13:01:46,077 [  6] INFO  AppManager [(null)] (landingPage.aspx) - Request from http://localhost:1949/SimpleServings/UI/Page/SimpleServings/Menu/AddMenuUsingSampleMenu.aspx 
Request Type: LogInOut 
SessionId: mmlv0jawp3bbws454f0csi3a
2017-01-11 13:01:46,078 [  6] INFO  AppManager [(null)] (landingPage.aspx) - Redirecting to Login.aspx 
Request Type: LogInOut 
SessionId: mmlv0jawp3bbws454f0csi3a
2017-01-11 13:01:46,088 [  6] INFO  AppManager [(null)] (login.aspx) - Request from http://localhost:1949/SimpleServings/UI/Page/SimpleServings/Menu/AddMenuUsingSampleMenu.aspx 
SessionId: aqag53nkq0qsnt55fenmjm45
2017-01-11 13:02:15,140 [  1] INFO  AppManager [(null)] SimpleServings started.
2017-01-11 13:02:35,663 [  6] INFO  AppManager [(null)] (landingPage.aspx) - Redirecting to Login.aspx 
Request Type: LogInOut 
SessionId: 
2017-01-11 13:02:38,079 [  6] INFO  AppManager [(null)] (Home.aspx) - Page Load 
SessionId: xrz4vgus1wzff555ja4v4miv
2017-01-11 16:22:45,791 [  5] INFO  AppManager [(null)] (Home.aspx) - Page Load 
SessionId: xrz4vgus1wzff555ja4v4miv
2017-01-11 16:22:47,238 [  9] INFO  AppManager [(null)] (landingPage.aspx) - Request from http://localhost:1949/SimpleServings/ui/page/ 
Request Type: LogInOut 
SessionId: xrz4vgus1wzff555ja4v4miv
2017-01-11 16:22:47,238 [  9] INFO  AppManager [(null)] (landingPage.aspx) - Redirecting to Login.aspx 
Request Type: LogInOut 
SessionId: xrz4vgus1wzff555ja4v4miv
2017-01-11 16:22:47,247 [  9] INFO  AppManager [(null)] (login.aspx) - Request from http://localhost:1949/SimpleServings/ui/page/ 
SessionId: dzngli55qv53g4ezkagv1i55
2017-01-11 16:22:49,891 [  5] INFO  AppManager [(null)] (landingPage.aspx) - Clearing Session 
Request Type:  
SessionId: wu5zwmflba5oo3rt4dsouf45
2017-01-11 16:22:49,908 [  9] INFO  AppManager [(null)] (landingPage.aspx) - New Session 
Request Type:  
SessionId: bmry4zvznxzrsyayfki5hl45
2017-01-11 16:22:50,009 [  5] INFO  AppManager [(null)] (login.aspx) - (cvais7773) - Login successful 
SessionId: nva3bm55nvaag445aj24w5bn
2017-01-11 16:22:50,021 [  5] INFO  AppManager [(null)] (Home.aspx) - Page Load 
SessionId: bmry4zvznxzrsyayfki5hl45
2017-01-11 16:38:42,693 [  5] INFO  AppManager [(null)] (Home.aspx) - Page Load 
SessionId: pttmx255mlry0c55n0zlan55
2017-01-11 16:38:44,534 [  9] INFO  AppManager [(null)] (landingPage.aspx) - Request from http://localhost:1949/SimpleServings/UI/Page/ 
Request Type: LogInOut 
SessionId: jcjacvf0rcrhsi45orwd5i45
2017-01-11 16:38:44,534 [  9] INFO  AppManager [(null)] (landingPage.aspx) - Redirecting to Login.aspx 
Request Type: LogInOut 
SessionId: jcjacvf0rcrhsi45orwd5i45
2017-01-11 16:38:44,548 [  9] INFO  AppManager [(null)] (login.aspx) - Request from http://localhost:1949/SimpleServings/UI/Page/ 
SessionId: bueomnjmqwondpvzimrhbkbi
2017-01-11 16:38:55,635 [ 10] INFO  AppManager [(null)] (login.aspx) - (bnorton) - Login successful 
SessionId: nmnkxuypjwiagoee1zzpea45
2017-01-11 16:38:55,661 [  6] INFO  AppManager [(null)] (Home.aspx) - Page Load 
SessionId: hicuqw55wgpcdb2bhpjqe355
2017-01-11 16:54:20,941 [  1] INFO  AppManager [(null)] SimpleServings started.
2017-01-11 16:54:33,705 [  7] INFO  AppManager [(null)] (landingPage.aspx) - Redirecting to Login.aspx 
Request Type: LogInOut 
SessionId: 
2017-01-11 16:54:46,805 [  7] INFO  AppManager [(null)] (Home.aspx) - Page Load 
SessionId: bl5jbu55mtqlc2yc1pqrxz2u
2017-01-11 17:05:58,520 [  1] INFO  AppManager [(null)] SimpleServings started.
2017-01-11 17:06:09,181 [  7] INFO  AppManager [(null)] (landingPage.aspx) - Redirecting to Login.aspx 
Request Type: LogInOut 
SessionId: 
2017-01-11 17:06:20,097 [  6] INFO  AppManager [(null)] (Home.aspx) - Page Load 
SessionId: yfo5fbfa430nk545iu3oqume
2017-01-11 17:07:25,992 [  1] INFO  AppManager [(null)] SimpleServings started.
2017-01-11 17:07:36,580 [  6] INFO  AppManager [(null)] (landingPage.aspx) - Redirecting to Login.aspx 
Request Type: LogInOut 
SessionId: 
2017-01-11 17:07:44,534 [  6] INFO  AppManager [(null)] (Home.aspx) - Page Load 
SessionId: 1mttbk45b5phiwzui03vboui
2017-01-11 17:09:00,427 [  1] INFO  AppManager [(null)] SimpleServings started.
2017-01-11 17:09:11,195 [  7] INFO  AppManager [(null)] (landingPage.aspx) - Redirecting to Login.aspx 
Request Type: LogInOut 
SessionId: 
2017-01-11 17:09:17,711 [  6] INFO  AppManager [(null)] (Home.aspx) - Page Load 
SessionId: tu1ege452f5ufb55uaqkc455
2017-01-11 17:14:19,161 [  1] INFO  AppManager [(null)] SimpleServings started.
2017-01-11 17:14:30,075 [  7] INFO  AppManager [(null)] (landingPage.aspx) - Redirecting to Login.aspx 
Request Type: LogInOut 
SessionId: 
2017-01-11 17:14:40,447 [  5] INFO  AppManager [(null)] (Home.aspx) - Page Load 
SessionId: tmwnyki4fmp1vq45ljz3nq55
2017-01-11 17:15:54,919 [  5] INFO  AppManager [(null)] (landingPage.aspx) - Request from http://localhost:1949/SimpleServings/UI/Page/SimpleServings/Menu/MenuList.aspx?MenuType=MyMenus 
Request Type: LogInOut 
SessionId: hicuqw55wgpcdb2bhpjqe355
2017-01-11 17:15:54,920 [  5] INFO  AppManager [(null)] (landingPage.aspx) - Redirecting to Login.aspx 
Request Type: LogInOut 
SessionId: hicuqw55wgpcdb2bhpjqe355
2017-01-11 17:15:54,924 [  7] INFO  AppManager [(null)] (login.aspx) - Request from http://localhost:1949/SimpleServings/UI/Page/SimpleServings/Menu/MenuList.aspx?MenuType=MyMenus 
SessionId: msyztvmmpjymffj3qpq1ejz3
2017-01-11 17:18:00,566 [  5] ERROR AppManager [(null)] btnLogin_Click failed: Incorrect username and/or password.
2017-01-11 17:18:05,438 [  5] INFO  AppManager [(null)] (login.aspx) - (cvais7773) - Login successful 
SessionId: 3fhoc3enlrjaeo453csdu1i3
2017-01-11 17:18:05,443 [  5] INFO  AppManager [(null)] (Home.aspx) - Page Load 
SessionId: thsgqtqi3pff2uv4rmx3pp45
2017-01-11 17:24:05,736 [  1] INFO  AppManager [(null)] SimpleServings started.
2017-01-11 17:24:16,533 [  6] INFO  AppManager [(null)] (landingPage.aspx) - Redirecting to Login.aspx 
Request Type: LogInOut 
SessionId: 
2017-01-11 17:24:33,837 [  9] INFO  AppManager [(null)] (Home.aspx) - Page Load 
SessionId: 3vg1j0uhvqs4tgyamnhour45
2017-01-11 17:31:57,364 [  6] INFO  AppManager [(null)] (Home.aspx) - Page Load 
SessionId: bmry4zvznxzrsyayfki5hl45
2017-01-11 17:31:58,812 [  5] INFO  AppManager [(null)] (landingPage.aspx) - Request from http://localhost:1949/SimpleServings/ui/page/ 
Request Type: LogInOut 
SessionId: bmry4zvznxzrsyayfki5hl45
2017-01-11 17:31:58,813 [  5] INFO  AppManager [(null)] (landingPage.aspx) - Redirecting to Login.aspx 
Request Type: LogInOut 
SessionId: bmry4zvznxzrsyayfki5hl45
2017-01-11 17:31:58,822 [  6] INFO  AppManager [(null)] (login.aspx) - Request from http://localhost:1949/SimpleServings/ui/page/ 
SessionId: 4rdwhs45lbtquqnxc1cbaye4
2017-01-11 17:32:01,289 [  6] INFO  AppManager [(null)] (landingPage.aspx) - Clearing Session 
Request Type:  
SessionId: jdrai2353jo14o45s1ffab45
2017-01-11 17:32:01,312 [  9] INFO  AppManager [(null)] (landingPage.aspx) - New Session 
Request Type:  
SessionId: 0hnglv45symze33u0ku5pczb
2017-01-11 17:32:01,318 [  6] INFO  AppManager [(null)] (login.aspx) - (cvais7773) - Login successful 
SessionId: ae20zq45ggr0tl55rbq1ih45
2017-01-11 17:32:01,325 [  9] INFO  AppManager [(null)] (Home.aspx) - Page Load 
SessionId: 0hnglv45symze33u0ku5pczb
2017-01-11 17:33:40,257 [  1] INFO  AppManager [(null)] SimpleServings started.
2017-01-11 17:33:44,007 [  8] INFO  AppManager [(null)] (landingPage.aspx) - Redirecting to Login.aspx 
Request Type: LogInOut 
SessionId: 
2017-01-11 17:33:51,806 [  5] INFO  AppManager [(null)] (Home.aspx) - Page Load 
SessionId: 22h11qqsf1qawljmwhul0d55
2017-01-11 17:38:05,281 [  1] INFO  AppManager [(null)] SimpleServings started.
2017-01-11 17:38:06,888 [  5] INFO  AppManager [(null)] (Home.aspx) - Page Load 
SessionId: 0hnglv45symze33u0ku5pczb
2017-01-11 17:38:06,888 [  6] INFO  AppManager [(null)] (Home.aspx) - Page Load 
SessionId: 0hnglv45symze33u0ku5pczb
2017-01-11 17:38:10,860 [  6] INFO  AppManager [(null)] (landingPage.aspx) - Request from http://localhost:1949/SimpleServings/ui/page/ 
Request Type: LogInOut 
SessionId: 0hnglv45symze33u0ku5pczb
2017-01-11 17:38:10,861 [  6] INFO  AppManager [(null)] (landingPage.aspx) - Redirecting to Login.aspx 
Request Type: LogInOut 
SessionId: 0hnglv45symze33u0ku5pczb
2017-01-11 17:38:13,907 [  5] INFO  AppManager [(null)] (Home.aspx) - Page Load 
SessionId: jbbqwq454hsatg55ta5ylg45
