2017-04-07 10:45:54,151 [  8] INFO  AppManager [(null)] (Home.aspx) - Page Load 
SessionId: ajwg4ruazixtgf2x05ychpzc
2017-04-07 10:46:12,073 [  8] INFO  AppManager [(null)] (Recipe.aspx) - Request from http://localhost:1949/SimpleServings/UI/Page/ 
SessionId: ajwg4ruazixtgf2x05ychpzc
2017-04-07 10:46:12,482 [  8] ERROR AppManager [(null)] SimpleServings application error: Exception of type 'System.Web.HttpUnhandledException' was thrown.
location: http://localhost:1949/SimpleServings/UI/Page/SimpleServings/Recipe/Recipe.aspx

System.Web.HttpUnhandledException: Exception of type 'System.Web.HttpUnhandledException' was thrown. ---> System.ArgumentException: An item with the same key has already been added.
   at System.ThrowHelper.ThrowArgumentException(ExceptionResource resource)
   at System.Collections.Generic.Dictionary`2.Insert(TKey key, TValue value, Boolean add)
   at System.Collections.Generic.Dictionary`2.Add(TKey key, TValue value)
   at SimpleServings.UI.Page.Recipe.PopCategoryandTags() in c:\TFS\DFTA\SimpleServings\SimpleServings\SimpleServings\UI\Page\SimpleServings\Recipe\Recipe.aspx.cs:line 46
   at SimpleServings.UI.Page.Recipe.Page_Load(Object sender, EventArgs e) in c:\TFS\DFTA\SimpleServings\SimpleServings\SimpleServings\UI\Page\SimpleServings\Recipe\Recipe.aspx.cs:line 29
   at System.Web.Util.CalliHelper.EventArgFunctionCaller(IntPtr fp, Object o, Object t, EventArgs e)
   at System.Web.Util.CalliEventHandlerDelegateProxy.Callback(Object sender, EventArgs e)
   at System.Web.UI.Control.OnLoad(EventArgs e)
   at System.Web.UI.Control.LoadRecursive()
   at System.Web.UI.Page.ProcessRequestMain(Boolean includeStagesBeforeAsyncPoint, Boolean includeStagesAfterAsyncPoint)
   --- End of inner exception stack trace ---
   at System.Web.UI.Page.HandleError(Exception e)
   at System.Web.UI.Page.ProcessRequestMain(Boolean includeStagesBeforeAsyncPoint, Boolean includeStagesAfterAsyncPoint)
   at System.Web.UI.Page.ProcessRequest(Boolean includeStagesBeforeAsyncPoint, Boolean includeStagesAfterAsyncPoint)
   at System.Web.UI.Page.ProcessRequest()
   at System.Web.UI.Page.ProcessRequestWithNoAssert(HttpContext context)
   at System.Web.UI.Page.ProcessRequest(HttpContext context)
   at ASP.ui_page_simpleservings_recipe_recipe_aspx.ProcessRequest(HttpContext context) in c:\Windows\Microsoft.NET\Framework\v2.0.50727\Temporary ASP.NET Files\simpleservings\50605a42\75e306da\App_Web_lv8ozvbz.4.cs:line 0
   at System.Web.HttpApplication.CallHandlerExecutionStep.System.Web.HttpApplication.IExecutionStep.Execute()
   at System.Web.HttpApplication.ExecuteStep(IExecutionStep step, Boolean& completedSynchronously)
2017-04-07 11:14:16,521 [ 11] INFO  AppManager [(null)] SimpleServings started.
2017-04-07 11:14:28,624 [  8] INFO  AppManager [(null)] (Home.aspx) - Page Load 
SessionId: ajwg4ruazixtgf2x05ychpzc
2017-04-07 11:14:31,420 [  8] INFO  AppManager [(null)] (Recipe.aspx) - Request from http://localhost:1949/SimpleServings/UI/Page/ 
SessionId: ajwg4ruazixtgf2x05ychpzc
2017-04-07 11:41:43,291 [  1] INFO  AppManager [(null)] SimpleServings started.
2017-04-07 11:42:05,172 [  7] ERROR AppManager [(null)] SimpleServings application error: Exception of type 'System.Web.HttpUnhandledException' was thrown.
location: http://localhost:1949/SimpleServings/UI/Page/SimpleServings/Recipe/Recipe.aspx

System.Web.HttpUnhandledException: Exception of type 'System.Web.HttpUnhandledException' was thrown. ---> System.NullReferenceException: Object reference not set to an instance of an object.
   at SimpleServings.UI.Page.Recipe.PopCategoryandTags() in c:\TFS\DFTA\SimpleServings\SimpleServings\SimpleServings\UI\Page\SimpleServings\Recipe\Recipe.aspx.cs:line 55
   at SimpleServings.UI.Page.Recipe.Page_Load(Object sender, EventArgs e) in c:\TFS\DFTA\SimpleServings\SimpleServings\SimpleServings\UI\Page\SimpleServings\Recipe\Recipe.aspx.cs:line 29
   at System.Web.Util.CalliHelper.EventArgFunctionCaller(IntPtr fp, Object o, Object t, EventArgs e)
   at System.Web.Util.CalliEventHandlerDelegateProxy.Callback(Object sender, EventArgs e)
   at System.Web.UI.Control.OnLoad(EventArgs e)
   at System.Web.UI.Control.LoadRecursive()
   at System.Web.UI.Page.ProcessRequestMain(Boolean includeStagesBeforeAsyncPoint, Boolean includeStagesAfterAsyncPoint)
   --- End of inner exception stack trace ---
   at System.Web.UI.Page.HandleError(Exception e)
   at System.Web.UI.Page.ProcessRequestMain(Boolean includeStagesBeforeAsyncPoint, Boolean includeStagesAfterAsyncPoint)
   at System.Web.UI.Page.ProcessRequest(Boolean includeStagesBeforeAsyncPoint, Boolean includeStagesAfterAsyncPoint)
   at System.Web.UI.Page.ProcessRequest()
   at System.Web.UI.Page.ProcessRequestWithNoAssert(HttpContext context)
   at System.Web.UI.Page.ProcessRequest(HttpContext context)
   at ASP.ui_page_simpleservings_recipe_recipe_aspx.ProcessRequest(HttpContext context) in c:\Windows\Microsoft.NET\Framework\v2.0.50727\Temporary ASP.NET Files\simpleservings\50605a42\75e306da\App_Web_rrssw6lq.4.cs:line 0
   at System.Web.HttpApplication.CallHandlerExecutionStep.System.Web.HttpApplication.IExecutionStep.Execute()
   at System.Web.HttpApplication.ExecuteStep(IExecutionStep step, Boolean& completedSynchronously)
2017-04-07 11:42:37,851 [  7] ERROR AppManager [(null)] SimpleServings application error: Exception of type 'System.Web.HttpUnhandledException' was thrown.
location: http://localhost:1949/SimpleServings/UI/Page/SimpleServings/Recipe/Recipe.aspx

System.Web.HttpUnhandledException: Exception of type 'System.Web.HttpUnhandledException' was thrown. ---> System.NullReferenceException: Object reference not set to an instance of an object.
   at SimpleServings.UI.Page.Recipe.PopCategoryandTags() in c:\TFS\DFTA\SimpleServings\SimpleServings\SimpleServings\UI\Page\SimpleServings\Recipe\Recipe.aspx.cs:line 55
   at SimpleServings.UI.Page.Recipe.Page_Load(Object sender, EventArgs e) in c:\TFS\DFTA\SimpleServings\SimpleServings\SimpleServings\UI\Page\SimpleServings\Recipe\Recipe.aspx.cs:line 29
   at System.Web.Util.CalliHelper.EventArgFunctionCaller(IntPtr fp, Object o, Object t, EventArgs e)
   at System.Web.Util.CalliEventHandlerDelegateProxy.Callback(Object sender, EventArgs e)
   at System.Web.UI.Control.OnLoad(EventArgs e)
   at System.Web.UI.Control.LoadRecursive()
   at System.Web.UI.Page.ProcessRequestMain(Boolean includeStagesBeforeAsyncPoint, Boolean includeStagesAfterAsyncPoint)
   --- End of inner exception stack trace ---
   at System.Web.UI.Page.HandleError(Exception e)
   at System.Web.UI.Page.ProcessRequestMain(Boolean includeStagesBeforeAsyncPoint, Boolean includeStagesAfterAsyncPoint)
   at System.Web.UI.Page.ProcessRequest(Boolean includeStagesBeforeAsyncPoint, Boolean includeStagesAfterAsyncPoint)
   at System.Web.UI.Page.ProcessRequest()
   at System.Web.UI.Page.ProcessRequestWithNoAssert(HttpContext context)
   at System.Web.UI.Page.ProcessRequest(HttpContext context)
   at ASP.ui_page_simpleservings_recipe_recipe_aspx.ProcessRequest(HttpContext context) in c:\Windows\Microsoft.NET\Framework\v2.0.50727\Temporary ASP.NET Files\simpleservings\50605a42\75e306da\App_Web_rrssw6lq.4.cs:line 0
   at System.Web.HttpApplication.CallHandlerExecutionStep.System.Web.HttpApplication.IExecutionStep.Execute()
   at System.Web.HttpApplication.ExecuteStep(IExecutionStep step, Boolean& completedSynchronously)
2017-04-07 11:45:26,592 [  1] INFO  AppManager [(null)] SimpleServings started.
2017-04-07 13:27:00,594 [  6] INFO  AppManager [(null)] (Recipe.aspx) - Request from http://localhost:1949/SimpleServings/UI/Page/SimpleServings/Recipe/Recipe.aspx 
SessionId: ajwg4ruazixtgf2x05ychpzc
2017-04-07 13:27:35,243 [  1] INFO  AppManager [(null)] SimpleServings started.
2017-04-07 13:28:30,139 [  5] ERROR AppManager [(null)] SimpleServings application error: Exception of type 'System.Web.HttpUnhandledException' was thrown.
location: http://localhost:1949/SimpleServings/UI/Page/SimpleServings/Recipe/Recipe.aspx

System.Web.HttpUnhandledException: Exception of type 'System.Web.HttpUnhandledException' was thrown. ---> System.ArgumentException: An item with the same key has already been added.
   at System.ThrowHelper.ThrowArgumentException(ExceptionResource resource)
   at System.Collections.Generic.Dictionary`2.Insert(TKey key, TValue value, Boolean add)
   at System.Collections.Generic.Dictionary`2.Add(TKey key, TValue value)
   at SimpleServings.UI.Page.Recipe.PopCategoryandTags() in c:\TFS\DFTA\SimpleServings\SimpleServings\SimpleServings\UI\Page\SimpleServings\Recipe\Recipe.aspx.cs:line 68
   at SimpleServings.UI.Page.Recipe.Page_Load(Object sender, EventArgs e) in c:\TFS\DFTA\SimpleServings\SimpleServings\SimpleServings\UI\Page\SimpleServings\Recipe\Recipe.aspx.cs:line 29
   at System.Web.Util.CalliHelper.EventArgFunctionCaller(IntPtr fp, Object o, Object t, EventArgs e)
   at System.Web.Util.CalliEventHandlerDelegateProxy.Callback(Object sender, EventArgs e)
   at System.Web.UI.Control.OnLoad(EventArgs e)
   at System.Web.UI.Control.LoadRecursive()
   at System.Web.UI.Page.ProcessRequestMain(Boolean includeStagesBeforeAsyncPoint, Boolean includeStagesAfterAsyncPoint)
   --- End of inner exception stack trace ---
   at System.Web.UI.Page.HandleError(Exception e)
   at System.Web.UI.Page.ProcessRequestMain(Boolean includeStagesBeforeAsyncPoint, Boolean includeStagesAfterAsyncPoint)
   at System.Web.UI.Page.ProcessRequest(Boolean includeStagesBeforeAsyncPoint, Boolean includeStagesAfterAsyncPoint)
   at System.Web.UI.Page.ProcessRequest()
   at System.Web.UI.Page.ProcessRequestWithNoAssert(HttpContext context)
   at System.Web.UI.Page.ProcessRequest(HttpContext context)
   at ASP.ui_page_simpleservings_recipe_recipe_aspx.ProcessRequest(HttpContext context) in c:\Windows\Microsoft.NET\Framework\v2.0.50727\Temporary ASP.NET Files\simpleservings\50605a42\75e306da\App_Web_pn0hj3vw.1.cs:line 0
   at System.Web.HttpApplication.CallHandlerExecutionStep.System.Web.HttpApplication.IExecutionStep.Execute()
   at System.Web.HttpApplication.ExecuteStep(IExecutionStep step, Boolean& completedSynchronously)
2017-04-07 13:28:55,013 [  1] INFO  AppManager [(null)] SimpleServings started.
2017-04-07 13:32:19,771 [  1] INFO  AppManager [(null)] SimpleServings started.
2017-04-07 13:34:35,123 [  1] INFO  AppManager [(null)] SimpleServings started.
2017-04-07 13:37:37,668 [  5] INFO  AppManager [(null)] (Home.aspx) - Page Load 
SessionId: ajwg4ruazixtgf2x05ychpzc
2017-04-07 13:37:39,965 [  6] INFO  AppManager [(null)] (Recipe.aspx) - Request from http://localhost:1949/SimpleServings/UI/Page/ 
SessionId: ajwg4ruazixtgf2x05ychpzc
2017-04-07 13:37:40,001 [  6] ERROR AppManager [(null)] SimpleServings application error: Exception of type 'System.Web.HttpUnhandledException' was thrown.
location: http://localhost:1949/SimpleServings/UI/Page/SimpleServings/Recipe/Recipe.aspx

System.Web.HttpUnhandledException: Exception of type 'System.Web.HttpUnhandledException' was thrown. ---> System.NullReferenceException: Object reference not set to an instance of an object.
   at ASP.ui_page_simpleservings_recipe_recipe_aspx.__DataBind__control3(Object sender, EventArgs e) in c:\TFS\DFTA\SimpleServings\SimpleServings\SimpleServings\UI\Page\SimpleServings\Recipe\Recipe.aspx:line 112
   at System.Web.UI.Control.OnDataBinding(EventArgs e)
   at System.Web.UI.Control.DataBind(Boolean raiseOnDataBinding)
   at System.Web.UI.Control.DataBind()
   at System.Web.UI.Control.DataBindChildren()
   at System.Web.UI.Control.DataBind(Boolean raiseOnDataBinding)
   at System.Web.UI.Control.DataBind()
   at System.Web.UI.WebControls.Repeater.CreateItem(Int32 itemIndex, ListItemType itemType, Boolean dataBind, Object dataItem)
   at System.Web.UI.WebControls.Repeater.CreateControlHierarchy(Boolean useDataSource)
   at System.Web.UI.WebControls.Repeater.OnDataBinding(EventArgs e)
   at System.Web.UI.WebControls.Repeater.DataBind()
   at SimpleServings.UI.Page.Recipe.PopCategoryandTags() in c:\TFS\DFTA\SimpleServings\SimpleServings\SimpleServings\UI\Page\SimpleServings\Recipe\Recipe.aspx.cs:line 77
   at SimpleServings.UI.Page.Recipe.Page_Load(Object sender, EventArgs e) in c:\TFS\DFTA\SimpleServings\SimpleServings\SimpleServings\UI\Page\SimpleServings\Recipe\Recipe.aspx.cs:line 29
   at System.Web.Util.CalliHelper.EventArgFunctionCaller(IntPtr fp, Object o, Object t, EventArgs e)
   at System.Web.Util.CalliEventHandlerDelegateProxy.Callback(Object sender, EventArgs e)
   at System.Web.UI.Control.OnLoad(EventArgs e)
   at System.Web.UI.Control.LoadRecursive()
   at System.Web.UI.Page.ProcessRequestMain(Boolean includeStagesBeforeAsyncPoint, Boolean includeStagesAfterAsyncPoint)
   --- End of inner exception stack trace ---
   at System.Web.UI.Page.HandleError(Exception e)
   at System.Web.UI.Page.ProcessRequestMain(Boolean includeStagesBeforeAsyncPoint, Boolean includeStagesAfterAsyncPoint)
   at System.Web.UI.Page.ProcessRequest(Boolean includeStagesBeforeAsyncPoint, Boolean includeStagesAfterAsyncPoint)
   at System.Web.UI.Page.ProcessRequest()
   at System.Web.UI.Page.ProcessRequestWithNoAssert(HttpContext context)
   at System.Web.UI.Page.ProcessRequest(HttpContext context)
   at ASP.ui_page_simpleservings_recipe_recipe_aspx.ProcessRequest(HttpContext context) in c:\Windows\Microsoft.NET\Framework\v2.0.50727\Temporary ASP.NET Files\simpleservings\50605a42\75e306da\App_Web_yd1pf-o-.10.cs:line 0
   at System.Web.HttpApplication.CallHandlerExecutionStep.System.Web.HttpApplication.IExecutionStep.Execute()
   at System.Web.HttpApplication.ExecuteStep(IExecutionStep step, Boolean& completedSynchronously)
2017-04-07 13:39:58,348 [  6] INFO  AppManager [(null)] (Home.aspx) - Page Load 
SessionId: ajwg4ruazixtgf2x05ychpzc
2017-04-07 13:40:00,073 [  5] INFO  AppManager [(null)] (Recipe.aspx) - Request from http://localhost:1949/SimpleServings/UI/Page/Home.aspx 
SessionId: ajwg4ruazixtgf2x05ychpzc
2017-04-07 13:40:10,303 [  6] INFO  AppManager [(null)] (Recipe.aspx) - Request from http://localhost:1949/SimpleServings/UI/Page/Home.aspx 
SessionId: ajwg4ruazixtgf2x05ychpzc
2017-04-07 13:43:58,828 [ 11] INFO  AppManager [(null)] SimpleServings started.
2017-04-07 13:44:07,636 [  7] INFO  AppManager [(null)] (Recipe.aspx) - Request from http://localhost:1949/SimpleServings/UI/Page/Home.aspx 
SessionId: ajwg4ruazixtgf2x05ychpzc
2017-04-07 13:45:03,908 [  5] INFO  AppManager [(null)] (Recipe.aspx) - Request from http://localhost:1949/SimpleServings/UI/Page/Home.aspx 
SessionId: ajwg4ruazixtgf2x05ychpzc
2017-04-07 13:45:36,612 [  6] INFO  AppManager [(null)] (Recipe.aspx) - Request from http://localhost:1949/SimpleServings/UI/Page/Home.aspx 
SessionId: ajwg4ruazixtgf2x05ychpzc
2017-04-07 13:46:08,599 [  8] INFO  AppManager [(null)] (Recipe.aspx) - Request from http://localhost:1949/SimpleServings/UI/Page/Home.aspx 
SessionId: ajwg4ruazixtgf2x05ychpzc
2017-04-07 13:46:27,476 [  5] INFO  AppManager [(null)] (Home.aspx) - Page Load 
SessionId: ajwg4ruazixtgf2x05ychpzc
2017-04-07 13:46:29,163 [  7] INFO  AppManager [(null)] (Recipe.aspx) - Request from http://localhost:1949/SimpleServings/UI/Page/ 
SessionId: ajwg4ruazixtgf2x05ychpzc
2017-04-07 13:48:40,640 [ 13] INFO  AppManager [(null)] SimpleServings started.
2017-04-07 13:48:49,101 [  8] INFO  AppManager [(null)] (Recipe.aspx) - Request from http://localhost:1949/SimpleServings/UI/Page/ 
SessionId: ajwg4ruazixtgf2x05ychpzc
2017-04-07 13:48:49,178 [  8] ERROR AppManager [(null)] SimpleServings application error: Exception of type 'System.Web.HttpUnhandledException' was thrown.
location: http://localhost:1949/SimpleServings/UI/Page/SimpleServings/Recipe/Recipe.aspx

System.Web.HttpUnhandledException: Exception of type 'System.Web.HttpUnhandledException' was thrown. ---> System.Web.HttpException: DataBinding: 'System.String' does not contain a property with the name 'CategoryName'.
   at System.Web.UI.DataBinder.GetPropertyValue(Object container, String propName)
   at System.Web.UI.DataBinder.Eval(Object container, String[] expressionParts)
   at System.Web.UI.DataBinder.Eval(Object container, String expression)
   at ASP.ui_page_simpleservings_recipe_recipe_aspx.__DataBind__control5(Object sender, EventArgs e) in c:\TFS\DFTA\SimpleServings\SimpleServings\SimpleServings\UI\Page\SimpleServings\Recipe\Recipe.aspx:line 119
   at System.Web.UI.Control.OnDataBinding(EventArgs e)
   at System.Web.UI.Control.DataBind(Boolean raiseOnDataBinding)
   at System.Web.UI.Control.DataBind()
   at System.Web.UI.Control.DataBindChildren()
   at System.Web.UI.Control.DataBind(Boolean raiseOnDataBinding)
   at System.Web.UI.Control.DataBind()
   at System.Web.UI.WebControls.Repeater.CreateItem(Int32 itemIndex, ListItemType itemType, Boolean dataBind, Object dataItem)
   at System.Web.UI.WebControls.Repeater.CreateControlHierarchy(Boolean useDataSource)
   at System.Web.UI.WebControls.Repeater.OnDataBinding(EventArgs e)
   at System.Web.UI.WebControls.Repeater.DataBind()
   at SimpleServings.UI.Page.Recipe.PopCategoryandTags() in c:\TFS\DFTA\SimpleServings\SimpleServings\SimpleServings\UI\Page\SimpleServings\Recipe\Recipe.aspx.cs:line 77
   at SimpleServings.UI.Page.Recipe.Page_Load(Object sender, EventArgs e) in c:\TFS\DFTA\SimpleServings\SimpleServings\SimpleServings\UI\Page\SimpleServings\Recipe\Recipe.aspx.cs:line 29
   at System.Web.Util.CalliHelper.EventArgFunctionCaller(IntPtr fp, Object o, Object t, EventArgs e)
   at System.Web.Util.CalliEventHandlerDelegateProxy.Callback(Object sender, EventArgs e)
   at System.Web.UI.Control.OnLoad(EventArgs e)
   at System.Web.UI.Control.LoadRecursive()
   at System.Web.UI.Page.ProcessRequestMain(Boolean includeStagesBeforeAsyncPoint, Boolean includeStagesAfterAsyncPoint)
   --- End of inner exception stack trace ---
   at System.Web.UI.Page.HandleError(Exception e)
   at System.Web.UI.Page.ProcessRequestMain(Boolean includeStagesBeforeAsyncPoint, Boolean includeStagesAfterAsyncPoint)
   at System.Web.UI.Page.ProcessRequest(Boolean includeStagesBeforeAsyncPoint, Boolean includeStagesAfterAsyncPoint)
   at System.Web.UI.Page.ProcessRequest()
   at System.Web.UI.Page.ProcessRequestWithNoAssert(HttpContext context)
   at System.Web.UI.Page.ProcessRequest(HttpContext context)
   at ASP.ui_page_simpleservings_recipe_recipe_aspx.ProcessRequest(HttpContext context) in c:\Windows\Microsoft.NET\Framework\v2.0.50727\Temporary ASP.NET Files\simpleservings\50605a42\75e306da\App_Web_y8_hgvpm.4.cs:line 0
   at System.Web.HttpApplication.CallHandlerExecutionStep.System.Web.HttpApplication.IExecutionStep.Execute()
   at System.Web.HttpApplication.ExecuteStep(IExecutionStep step, Boolean& completedSynchronously)
2017-04-07 13:54:30,038 [  7] INFO  AppManager [(null)] (Recipe.aspx) - Request from http://localhost:1949/SimpleServings/UI/Page/ 
SessionId: ajwg4ruazixtgf2x05ychpzc
2017-04-07 13:54:30,046 [  7] ERROR AppManager [(null)] SimpleServings application error: Exception of type 'System.Web.HttpUnhandledException' was thrown.
location: http://localhost:1949/SimpleServings/UI/Page/SimpleServings/Recipe/Recipe.aspx

System.Web.HttpUnhandledException: Exception of type 'System.Web.HttpUnhandledException' was thrown. ---> System.Web.HttpException: DataBinding: 'System.String' does not contain a property with the name 'CategoryName'.
   at System.Web.UI.DataBinder.GetPropertyValue(Object container, String propName)
   at System.Web.UI.DataBinder.Eval(Object container, String[] expressionParts)
   at System.Web.UI.DataBinder.Eval(Object container, String expression)
   at ASP.ui_page_simpleservings_recipe_recipe_aspx.__DataBind__control5(Object sender, EventArgs e) in c:\TFS\DFTA\SimpleServings\SimpleServings\SimpleServings\UI\Page\SimpleServings\Recipe\Recipe.aspx:line 118
   at System.Web.UI.Control.OnDataBinding(EventArgs e)
   at System.Web.UI.Control.DataBind(Boolean raiseOnDataBinding)
   at System.Web.UI.Control.DataBind()
   at System.Web.UI.Control.DataBindChildren()
   at System.Web.UI.Control.DataBind(Boolean raiseOnDataBinding)
   at System.Web.UI.Control.DataBind()
   at System.Web.UI.WebControls.Repeater.CreateItem(Int32 itemIndex, ListItemType itemType, Boolean dataBind, Object dataItem)
   at System.Web.UI.WebControls.Repeater.CreateControlHierarchy(Boolean useDataSource)
   at System.Web.UI.WebControls.Repeater.OnDataBinding(EventArgs e)
   at System.Web.UI.WebControls.Repeater.DataBind()
   at SimpleServings.UI.Page.Recipe.PopCategoryandTags() in c:\TFS\DFTA\SimpleServings\SimpleServings\SimpleServings\UI\Page\SimpleServings\Recipe\Recipe.aspx.cs:line 77
   at SimpleServings.UI.Page.Recipe.Page_Load(Object sender, EventArgs e) in c:\TFS\DFTA\SimpleServings\SimpleServings\SimpleServings\UI\Page\SimpleServings\Recipe\Recipe.aspx.cs:line 29
   at System.Web.Util.CalliHelper.EventArgFunctionCaller(IntPtr fp, Object o, Object t, EventArgs e)
   at System.Web.Util.CalliEventHandlerDelegateProxy.Callback(Object sender, EventArgs e)
   at System.Web.UI.Control.OnLoad(EventArgs e)
   at System.Web.UI.Control.LoadRecursive()
   at System.Web.UI.Page.ProcessRequestMain(Boolean includeStagesBeforeAsyncPoint, Boolean includeStagesAfterAsyncPoint)
   --- End of inner exception stack trace ---
   at System.Web.UI.Page.HandleError(Exception e)
   at System.Web.UI.Page.ProcessRequestMain(Boolean includeStagesBeforeAsyncPoint, Boolean includeStagesAfterAsyncPoint)
   at System.Web.UI.Page.ProcessRequest(Boolean includeStagesBeforeAsyncPoint, Boolean includeStagesAfterAsyncPoint)
   at System.Web.UI.Page.ProcessRequest()
   at System.Web.UI.Page.ProcessRequestWithNoAssert(HttpContext context)
   at System.Web.UI.Page.ProcessRequest(HttpContext context)
   at ASP.ui_page_simpleservings_recipe_recipe_aspx.ProcessRequest(HttpContext context) in c:\Windows\Microsoft.NET\Framework\v2.0.50727\Temporary ASP.NET Files\simpleservings\50605a42\75e306da\App_Web_v6bcfdg6.1.cs:line 0
   at System.Web.HttpApplication.CallHandlerExecutionStep.System.Web.HttpApplication.IExecutionStep.Execute()
   at System.Web.HttpApplication.ExecuteStep(IExecutionStep step, Boolean& completedSynchronously)
2017-04-07 13:54:38,559 [  6] INFO  AppManager [(null)] (Recipe.aspx) - Request from http://localhost:1949/SimpleServings/UI/Page/ 
SessionId: ajwg4ruazixtgf2x05ychpzc
2017-04-07 13:54:38,571 [  6] ERROR AppManager [(null)] SimpleServings application error: Exception of type 'System.Web.HttpUnhandledException' was thrown.
location: http://localhost:1949/SimpleServings/UI/Page/SimpleServings/Recipe/Recipe.aspx

System.Web.HttpUnhandledException: Exception of type 'System.Web.HttpUnhandledException' was thrown. ---> System.Web.HttpException: DataBinding: 'System.String' does not contain a property with the name 'CategoryName'.
   at System.Web.UI.DataBinder.GetPropertyValue(Object container, String propName)
   at System.Web.UI.DataBinder.Eval(Object container, String[] expressionParts)
   at System.Web.UI.DataBinder.Eval(Object container, String expression)
   at ASP.ui_page_simpleservings_recipe_recipe_aspx.__DataBind__control5(Object sender, EventArgs e) in c:\TFS\DFTA\SimpleServings\SimpleServings\SimpleServings\UI\Page\SimpleServings\Recipe\Recipe.aspx:line 118
   at System.Web.UI.Control.OnDataBinding(EventArgs e)
   at System.Web.UI.Control.DataBind(Boolean raiseOnDataBinding)
   at System.Web.UI.Control.DataBind()
   at System.Web.UI.Control.DataBindChildren()
   at System.Web.UI.Control.DataBind(Boolean raiseOnDataBinding)
   at System.Web.UI.Control.DataBind()
   at System.Web.UI.WebControls.Repeater.CreateItem(Int32 itemIndex, ListItemType itemType, Boolean dataBind, Object dataItem)
   at System.Web.UI.WebControls.Repeater.CreateControlHierarchy(Boolean useDataSource)
   at System.Web.UI.WebControls.Repeater.OnDataBinding(EventArgs e)
   at System.Web.UI.WebControls.Repeater.DataBind()
   at SimpleServings.UI.Page.Recipe.PopCategoryandTags() in c:\TFS\DFTA\SimpleServings\SimpleServings\SimpleServings\UI\Page\SimpleServings\Recipe\Recipe.aspx.cs:line 77
   at SimpleServings.UI.Page.Recipe.Page_Load(Object sender, EventArgs e) in c:\TFS\DFTA\SimpleServings\SimpleServings\SimpleServings\UI\Page\SimpleServings\Recipe\Recipe.aspx.cs:line 29
   at System.Web.Util.CalliHelper.EventArgFunctionCaller(IntPtr fp, Object o, Object t, EventArgs e)
   at System.Web.Util.CalliEventHandlerDelegateProxy.Callback(Object sender, EventArgs e)
   at System.Web.UI.Control.OnLoad(EventArgs e)
   at System.Web.UI.Control.LoadRecursive()
   at System.Web.UI.Page.ProcessRequestMain(Boolean includeStagesBeforeAsyncPoint, Boolean includeStagesAfterAsyncPoint)
   --- End of inner exception stack trace ---
   at System.Web.UI.Page.HandleError(Exception e)
   at System.Web.UI.Page.ProcessRequestMain(Boolean includeStagesBeforeAsyncPoint, Boolean includeStagesAfterAsyncPoint)
   at System.Web.UI.Page.ProcessRequest(Boolean includeStagesBeforeAsyncPoint, Boolean includeStagesAfterAsyncPoint)
   at System.Web.UI.Page.ProcessRequest()
   at System.Web.UI.Page.ProcessRequestWithNoAssert(HttpContext context)
   at System.Web.UI.Page.ProcessRequest(HttpContext context)
   at ASP.ui_page_simpleservings_recipe_recipe_aspx.ProcessRequest(HttpContext context) in c:\Windows\Microsoft.NET\Framework\v2.0.50727\Temporary ASP.NET Files\simpleservings\50605a42\75e306da\App_Web_v6bcfdg6.1.cs:line 0
   at System.Web.HttpApplication.CallHandlerExecutionStep.System.Web.HttpApplication.IExecutionStep.Execute()
   at System.Web.HttpApplication.ExecuteStep(IExecutionStep step, Boolean& completedSynchronously)
2017-04-07 13:54:53,713 [  6] INFO  AppManager [(null)] (Recipe.aspx) - Request from http://localhost:1949/SimpleServings/UI/Page/ 
SessionId: ajwg4ruazixtgf2x05ychpzc
2017-04-07 13:57:08,544 [  7] INFO  AppManager [(null)] (Recipe.aspx) - Request from http://localhost:1949/SimpleServings/UI/Page/ 
SessionId: ajwg4ruazixtgf2x05ychpzc
2017-04-07 13:57:26,720 [  5] INFO  AppManager [(null)] (Recipe.aspx) - Request from http://localhost:1949/SimpleServings/UI/Page/ 
SessionId: ajwg4ruazixtgf2x05ychpzc
2017-04-07 13:58:56,645 [  5] INFO  AppManager [(null)] (Recipe.aspx) - Request from http://localhost:1949/SimpleServings/UI/Page/ 
SessionId: ajwg4ruazixtgf2x05ychpzc
2017-04-07 13:59:13,099 [  7] INFO  AppManager [(null)] (Home.aspx) - Page Load 
SessionId: ajwg4ruazixtgf2x05ychpzc
2017-04-07 13:59:14,713 [  7] INFO  AppManager [(null)] (landingPage.aspx) - Request from http://localhost:1949/SimpleServings/UI/Page/ 
Request Type: LogInOut 
SessionId: ajwg4ruazixtgf2x05ychpzc
2017-04-07 13:59:14,749 [  7] INFO  AppManager [(null)] (landingPage.aspx) - Redirecting to Login.aspx 
Request Type: LogInOut 
SessionId: ajwg4ruazixtgf2x05ychpzc
2017-04-07 13:59:19,053 [  5] INFO  AppManager [(null)] (Recipe.aspx) - Request from http://localhost:1949/SimpleServings/UI/Page/Home.aspx 
SessionId: vafuz445ukblwjvp221ynzz0
2017-04-07 14:00:40,570 [  6] INFO  AppManager [(null)] (Home.aspx) - Page Load 
SessionId: vafuz445ukblwjvp221ynzz0
2017-04-07 14:00:42,286 [  5] INFO  AppManager [(null)] (Recipe.aspx) - Request from http://localhost:1949/SimpleServings/UI/Page/ 
SessionId: vafuz445ukblwjvp221ynzz0
2017-04-07 14:09:16,470 [  8] INFO  AppManager [(null)] (Recipe.aspx) - Request from http://localhost:1949/SimpleServings/UI/Page/ 
SessionId: vafuz445ukblwjvp221ynzz0
2017-04-07 14:10:11,850 [  5] INFO  AppManager [(null)] (Recipe.aspx) - Request from http://localhost:1949/SimpleServings/UI/Page/ 
SessionId: vafuz445ukblwjvp221ynzz0
2017-04-07 14:10:27,393 [  7] INFO  AppManager [(null)] (Home.aspx) - Page Load 
SessionId: n12xso55krsn4b45vvm5xjno
2017-04-07 14:10:29,756 [  7] INFO  AppManager [(null)] (Recipe.aspx) - Request from http://localhost:1949/SimpleServings/UI/Page/ 
SessionId: 1hw5pheedbnvwzqrn0ynd255
2017-04-07 14:14:17,697 [  6] INFO  AppManager [(null)] (Home.aspx) - Page Load 
SessionId: e2cdo335w2zssn55z0brqm45
2017-04-07 14:14:19,351 [  7] INFO  AppManager [(null)] (landingPage.aspx) - Request from http://localhost:1949/SimpleServings/UI/Page/ 
Request Type: LogInOut 
SessionId: 2uk3maffvzurq3voptizam45
2017-04-07 14:14:19,351 [  7] INFO  AppManager [(null)] (landingPage.aspx) - Redirecting to Login.aspx 
Request Type: LogInOut 
SessionId: 2uk3maffvzurq3voptizam45
2017-04-07 14:14:19,360 [  6] INFO  AppManager [(null)] (login.aspx) - Request from http://localhost:1949/SimpleServings/UI/Page/ 
SessionId: 55lqsa55jkllehyly2hvmlf3
2017-04-07 14:14:23,158 [  6] INFO  AppManager [(null)] (landingPage.aspx) - Clearing Session 
Request Type:  
SessionId: wu5yqz450frf04jqmpegpv45
2017-04-07 14:14:23,175 [  5] INFO  AppManager [(null)] (landingPage.aspx) - New Session 
Request Type:  
SessionId: b3empe55f0xqupuw1gd5ez3c
2017-04-07 14:14:23,210 [  7] INFO  AppManager [(null)] (login.aspx) - (cvais7773) - Login successful 
SessionId: 05umibqjc0weic453nxp1q55
2017-04-07 14:14:23,218 [  5] INFO  AppManager [(null)] (Home.aspx) - Page Load 
SessionId: b3empe55f0xqupuw1gd5ez3c
2017-04-07 14:22:42,671 [  7] INFO  AppManager [(null)] (landingPage.aspx) - Request from http://localhost:1949/SimpleServings/UI/Page/SimpleServings/Recipe/RecipeList.aspx?rcpSearch=soup 
Request Type: LogInOut 
SessionId: ox3slo2p2ybvg455axkc5oj3
2017-04-07 14:22:42,672 [  7] INFO  AppManager [(null)] (landingPage.aspx) - Redirecting to Login.aspx 
Request Type: LogInOut 
SessionId: ox3slo2p2ybvg455axkc5oj3
2017-04-07 14:22:42,764 [  7] INFO  AppManager [(null)] (login.aspx) - Request from http://localhost:1949/SimpleServings/UI/Page/SimpleServings/Recipe/RecipeList.aspx?rcpSearch=soup 
SessionId: 35h2icmebh1oceqyqr2gwwfh
2017-04-07 14:22:53,607 [  5] INFO  AppManager [(null)] (login.aspx) - (DFTANUT) - Login successful 
SessionId: 3fj3rb45tkie0d45os01oyuu
2017-04-07 14:22:53,807 [  8] INFO  AppManager [(null)] (Home.aspx) - Page Load 
SessionId: na5ced45wqi5hamllmynocyt
2017-04-07 14:36:38,202 [  7] INFO  AppManager [(null)] (Home.aspx) - Page Load 
SessionId: b3empe55f0xqupuw1gd5ez3c
2017-04-07 16:20:07,864 [  5] INFO  AppManager [(null)] (landingPage.aspx) - Request from http://localhost:1949/SimpleServings/UI/Page/SimpleServings/Menu/MenuList.aspx?MenuType=ViewSamples 
Request Type: LogInOut 
SessionId: b3empe55f0xqupuw1gd5ez3c
2017-04-07 16:20:07,865 [  5] INFO  AppManager [(null)] (landingPage.aspx) - Redirecting to Login.aspx 
Request Type: LogInOut 
SessionId: b3empe55f0xqupuw1gd5ez3c
2017-04-07 16:20:07,872 [  5] INFO  AppManager [(null)] (login.aspx) - Request from http://localhost:1949/SimpleServings/UI/Page/SimpleServings/Menu/MenuList.aspx?MenuType=ViewSamples 
SessionId: iakhv045t4yqk1a0fittjjrk
2017-04-07 16:20:10,584 [  6] INFO  AppManager [(null)] (landingPage.aspx) - Clearing Session 
Request Type:  
SessionId: ln4kjo55ipxcnle00q2mjuvp
2017-04-07 16:20:10,599 [  8] INFO  AppManager [(null)] (landingPage.aspx) - New Session 
Request Type:  
SessionId: j124qa450xpr0pqirk12yfrp
2017-04-07 16:20:10,633 [  7] INFO  AppManager [(null)] (login.aspx) - (cvais7773) - Login successful 
SessionId: sl0oo5m3hmabah55vrirdrea
2017-04-07 16:20:10,640 [  7] INFO  AppManager [(null)] (Home.aspx) - Page Load 
SessionId: j124qa450xpr0pqirk12yfrp
2017-04-07 16:54:02,939 [  1] INFO  AppManager [(null)] SimpleServings started.
2017-04-07 16:55:29,748 [  9] INFO  AppManager [(null)] (landingPage.aspx) - Redirecting to Login.aspx 
Request Type: LogInOut 
SessionId: 
2017-04-07 16:55:37,495 [  8] INFO  AppManager [(null)] (Home.aspx) - Page Load 
SessionId: u3x5uc4541hjig55oyu5p555
2017-04-07 17:23:16,336 [ 10] INFO  AppManager [(null)] (Home.aspx) - Page Load 
SessionId: j124qa450xpr0pqirk12yfrp
2017-04-07 17:23:18,255 [ 10] INFO  AppManager [(null)] (landingPage.aspx) - Request from http://localhost:1949/SimpleServings/UI/Page/ 
Request Type: LogInOut 
SessionId: j124qa450xpr0pqirk12yfrp
2017-04-07 17:23:18,255 [ 10] INFO  AppManager [(null)] (landingPage.aspx) - Redirecting to Login.aspx 
Request Type: LogInOut 
SessionId: j124qa450xpr0pqirk12yfrp
2017-04-07 17:23:18,261 [  8] INFO  AppManager [(null)] (login.aspx) - Request from http://localhost:1949/SimpleServings/UI/Page/ 
SessionId: 4gz5equ3lbgel0mdf5kqpebp
2017-04-07 17:23:20,512 [  9] INFO  AppManager [(null)] (landingPage.aspx) - Clearing Session 
Request Type:  
SessionId: ek1vtl55reqih1550a44xm45
2017-04-07 17:23:20,534 [  8] INFO  AppManager [(null)] (landingPage.aspx) - New Session 
Request Type:  
SessionId: wd3p1iiriwaoa1e2vp1jefvd
2017-04-07 17:23:20,548 [  9] INFO  AppManager [(null)] (login.aspx) - (cvais7773) - Login successful 
SessionId: 15nkizn3xupyswb0ol1g14yw
2017-04-07 17:23:20,557 [  9] INFO  AppManager [(null)] (Home.aspx) - Page Load 
SessionId: wd3p1iiriwaoa1e2vp1jefvd
2017-04-07 17:28:46,799 [  9] INFO  AppManager [(null)] (Home.aspx) - Page Load 
SessionId: wd3p1iiriwaoa1e2vp1jefvd
2017-04-07 17:28:47,958 [  5] INFO  AppManager [(null)] (landingPage.aspx) - Request from http://localhost:1949/SimpleServings/UI/Page/ 
Request Type: LogInOut 
SessionId: wd3p1iiriwaoa1e2vp1jefvd
2017-04-07 17:28:47,958 [  5] INFO  AppManager [(null)] (landingPage.aspx) - Redirecting to Login.aspx 
Request Type: LogInOut 
SessionId: wd3p1iiriwaoa1e2vp1jefvd
2017-04-07 17:28:47,968 [ 10] INFO  AppManager [(null)] (login.aspx) - Request from http://localhost:1949/SimpleServings/UI/Page/ 
SessionId: y0wxijnlltsmy345gws0cx55
2017-04-07 17:28:51,311 [  8] INFO  AppManager [(null)] (landingPage.aspx) - Clearing Session 
Request Type:  
SessionId: kfc1iwjcervg2445euoik13q
2017-04-07 17:28:51,331 [  5] INFO  AppManager [(null)] (landingPage.aspx) - New Session 
Request Type:  
SessionId: r0eutxmtnllt1f55v3tvvm45
2017-04-07 17:28:51,340 [ 10] INFO  AppManager [(null)] (login.aspx) - (cvais7773) - Login successful 
SessionId: o2kp3r55fikpg4ztmm3bsiab
2017-04-07 17:28:51,353 [ 10] INFO  AppManager [(null)] (Home.aspx) - Page Load 
SessionId: r0eutxmtnllt1f55v3tvvm45
2017-04-07 17:29:55,303 [  8] INFO  AppManager [(null)] (landingPage.aspx) - Request from http://localhost:1949/SimpleServings/UI/Page/SimpleServings/Menu/EditMenu.aspx?MenuID=7503 
Request Type: LogInOut 
SessionId: r0eutxmtnllt1f55v3tvvm45
2017-04-07 17:29:55,304 [  8] INFO  AppManager [(null)] (landingPage.aspx) - Redirecting to Login.aspx 
Request Type: LogInOut 
SessionId: r0eutxmtnllt1f55v3tvvm45
2017-04-07 17:29:55,315 [  8] INFO  AppManager [(null)] (login.aspx) - Request from http://localhost:1949/SimpleServings/UI/Page/SimpleServings/Menu/EditMenu.aspx?MenuID=7503 
SessionId: 14hpflrwyxnhhy2m2meokg45
2017-04-07 17:30:52,960 [  1] INFO  AppManager [(null)] SimpleServings started.
2017-04-07 17:30:59,020 [  5] INFO  AppManager [(null)] (landingPage.aspx) - Redirecting to Login.aspx 
Request Type: LogInOut 
SessionId: 
2017-04-07 17:31:07,643 [  8] INFO  AppManager [(null)] (Home.aspx) - Page Load 
SessionId: 5vjbgu55ksvan5fpvixc3jrl
2017-04-07 17:37:44,947 [  1] INFO  AppManager [(null)] SimpleServings started.
2017-04-07 17:37:56,968 [  9] INFO  AppManager [(null)] (landingPage.aspx) - Request from http://localhost:1949/SimpleServings/UI/Page/SimpleServings/Supplier/Contract.aspx 
Request Type: LogInOut 
SessionId: 5vjbgu55ksvan5fpvixc3jrl
2017-04-07 17:37:56,969 [  9] INFO  AppManager [(null)] (landingPage.aspx) - Redirecting to Login.aspx 
Request Type: LogInOut 
SessionId: 5vjbgu55ksvan5fpvixc3jrl
2017-04-07 17:37:56,991 [  9] INFO  AppManager [(null)] (login.aspx) - Request from http://localhost:1949/SimpleServings/UI/Page/SimpleServings/Supplier/Contract.aspx 
SessionId: jylf0i45rp4m0y45wcmlyaaz
2017-04-07 17:37:57,459 [  8] INFO  AppManager [(null)] (landingPage.aspx) - Request from http://localhost:1949/SimpleServings/UI/Page/SimpleServings/Supplier/Contract.aspx 
Request Type: LogInOut 
SessionId: 5vjbgu55ksvan5fpvixc3jrl
2017-04-07 17:37:57,460 [  8] INFO  AppManager [(null)] (landingPage.aspx) - Redirecting to Login.aspx 
Request Type: LogInOut 
SessionId: 5vjbgu55ksvan5fpvixc3jrl
2017-04-07 17:37:57,487 [  9] INFO  AppManager [(null)] (login.aspx) - Request from http://localhost:1949/SimpleServings/UI/Page/SimpleServings/Supplier/Contract.aspx 
SessionId: nt2wzp55llolsf45qekzvo55
2017-04-07 17:38:12,252 [  8] INFO  AppManager [(null)] (Home.aspx) - Page Load 
SessionId: jbd01pyv01zbl2eo0ebqoj55
2017-04-07 17:38:13,866 [  9] INFO  AppManager [(null)] (landingPage.aspx) - Request from http://localhost:1949/SimpleServings/UI/Page/ 
Request Type: LogInOut 
SessionId: erl3jd55qkmtrmuddv5inmfx
2017-04-07 17:38:13,867 [  9] INFO  AppManager [(null)] (landingPage.aspx) - Redirecting to Login.aspx 
Request Type: LogInOut 
SessionId: erl3jd55qkmtrmuddv5inmfx
2017-04-07 17:38:13,873 [  9] INFO  AppManager [(null)] (login.aspx) - Request from http://localhost:1949/SimpleServings/UI/Page/ 
SessionId: k02xcw3c31t1r1bd3lyn4l45
2017-04-07 17:38:16,442 [  9] INFO  AppManager [(null)] (landingPage.aspx) - Clearing Session 
Request Type:  
SessionId: upnm2guya5oxeq45300kqvzd
2017-04-07 17:38:16,461 [  8] INFO  AppManager [(null)] (landingPage.aspx) - New Session 
Request Type:  
SessionId: or2wmz45suedps55zy0gom3p
2017-04-07 17:38:16,492 [  5] INFO  AppManager [(null)] (login.aspx) - (cvais7773) - Login successful 
SessionId: is3uiw55g4imsxqlnlb4ycrt
2017-04-07 17:38:16,498 [  7] INFO  AppManager [(null)] (Home.aspx) - Page Load 
SessionId: or2wmz45suedps55zy0gom3p
2017-04-07 17:39:50,987 [ 11] INFO  AppManager [(null)] SimpleServings started.
2017-04-07 17:39:58,816 [  8] INFO  AppManager [(null)] (Home.aspx) - Page Load 
SessionId: or2wmz45suedps55zy0gom3p
2017-04-07 17:40:00,408 [  9] INFO  AppManager [(null)] (landingPage.aspx) - Request from http://localhost:1949/SimpleServings/UI/Page/Home.aspx 
Request Type: LogInOut 
SessionId: or2wmz45suedps55zy0gom3p
2017-04-07 17:40:00,409 [  9] INFO  AppManager [(null)] (landingPage.aspx) - Redirecting to Login.aspx 
Request Type: LogInOut 
SessionId: or2wmz45suedps55zy0gom3p
2017-04-07 17:40:03,011 [  7] INFO  AppManager [(null)] (Home.aspx) - Page Load 
SessionId: cvwcrgamu42tqv55h41pay55
2017-04-07 17:40:31,483 [  5] INFO  AppManager [(null)] (landingPage.aspx) - Request from http://localhost:1949/SimpleServings/UI/Page/SimpleServings/Menu/EditMenu.aspx?MenuID=7503 
Request Type: LogInOut 
SessionId: cvwcrgamu42tqv55h41pay55
2017-04-07 17:40:31,484 [  5] INFO  AppManager [(null)] (landingPage.aspx) - Redirecting to Login.aspx 
Request Type: LogInOut 
SessionId: cvwcrgamu42tqv55h41pay55
2017-04-07 17:40:31,493 [  5] INFO  AppManager [(null)] (login.aspx) - Request from http://localhost:1949/SimpleServings/UI/Page/SimpleServings/Menu/EditMenu.aspx?MenuID=7503 
SessionId: vc3iduihdzs3zm45ext3vpbj
2017-04-07 17:40:42,661 [  1] INFO  AppManager [(null)] SimpleServings started.
2017-04-07 17:40:50,608 [  5] INFO  AppManager [(null)] (Home.aspx) - Page Load 
SessionId: uzga1u45mvvyegee5q5kecq5
2017-04-07 17:42:36,854 [  9] INFO  AppManager [(null)] (landingPage.aspx) - Request from http://localhost:1949/SimpleServings/UI/Page/SimpleServings/Menu/EditMenu.aspx?MenuID=7503 
Request Type: LogInOut 
SessionId: uzga1u45mvvyegee5q5kecq5
2017-04-07 17:42:36,855 [  9] INFO  AppManager [(null)] (landingPage.aspx) - Redirecting to Login.aspx 
Request Type: LogInOut 
SessionId: uzga1u45mvvyegee5q5kecq5
2017-04-07 17:42:36,863 [  9] INFO  AppManager [(null)] (login.aspx) - Request from http://localhost:1949/SimpleServings/UI/Page/SimpleServings/Menu/EditMenu.aspx?MenuID=7503 
SessionId: lwtkfb55zbfqkkv1kw4yuczy
2017-04-07 17:42:49,892 [  9] INFO  AppManager [(null)] (landingPage.aspx) - Clearing Session 
Request Type:  
SessionId: nlx1wgrmiy4wtp55l3wzldit
2017-04-07 17:42:49,910 [  5] INFO  AppManager [(null)] (landingPage.aspx) - New Session 
Request Type:  
SessionId: ckvvby55wt40dp55jaiwqt55
2017-04-07 17:42:49,924 [  9] INFO  AppManager [(null)] (login.aspx) - (cvais7773) - Login successful 
SessionId: e30uvg45olkbqfmcyx2bkrbn
2017-04-07 17:42:49,931 [  9] INFO  AppManager [(null)] (Home.aspx) - Page Load 
SessionId: ckvvby55wt40dp55jaiwqt55
2017-04-07 17:49:11,157 [  1] INFO  AppManager [(null)] SimpleServings started.
2017-04-07 17:49:18,546 [  8] INFO  AppManager [(null)] (landingPage.aspx) - Request from http://localhost:1949/SimpleServings/UI/Page/SimpleServings/Supplier/Contract.aspx 
Request Type: LogInOut 
SessionId: ckvvby55wt40dp55jaiwqt55
2017-04-07 17:49:18,547 [  8] INFO  AppManager [(null)] (landingPage.aspx) - Redirecting to Login.aspx 
Request Type: LogInOut 
SessionId: ckvvby55wt40dp55jaiwqt55
2017-04-07 17:49:25,862 [  8] INFO  AppManager [(null)] (Home.aspx) - Page Load 
SessionId: mlqildrz5capidiuc5sg0pir
2017-04-07 17:52:03,146 [ 11] INFO  AppManager [(null)] SimpleServings started.
2017-04-07 17:52:10,785 [  5] INFO  AppManager [(null)] (landingPage.aspx) - Request from http://localhost:1949/SimpleServings/UI/Page/SimpleServings/Supplier/Contract.aspx?Action=View&ContractID=310 
Request Type: LogInOut 
SessionId: mlqildrz5capidiuc5sg0pir
2017-04-07 17:52:10,786 [  5] INFO  AppManager [(null)] (landingPage.aspx) - Redirecting to Login.aspx 
Request Type: LogInOut 
SessionId: mlqildrz5capidiuc5sg0pir
2017-04-07 17:52:13,320 [  5] INFO  AppManager [(null)] (Home.aspx) - Page Load 
SessionId: xwowst55kp22kcnqeekagrak
2017-04-07 17:55:03,244 [  9] INFO  AppManager [(null)] (landingPage.aspx) - Request from http://localhost:1949/SimpleServings/UI/Page/SimpleServings/Menu/EditMenu.aspx?MenuID=7503 
Request Type: LogInOut 
SessionId: xwowst55kp22kcnqeekagrak
2017-04-07 17:55:03,245 [  9] INFO  AppManager [(null)] (landingPage.aspx) - Redirecting to Login.aspx 
Request Type: LogInOut 
SessionId: xwowst55kp22kcnqeekagrak
2017-04-07 17:55:03,256 [  5] INFO  AppManager [(null)] (login.aspx) - Request from http://localhost:1949/SimpleServings/UI/Page/SimpleServings/Menu/EditMenu.aspx?MenuID=7503 
SessionId: g0dvfz554mmp3j45a4kwna45
2017-04-07 17:55:11,690 [  7] INFO  AppManager [(null)] (landingPage.aspx) - Clearing Session 
Request Type:  
SessionId: icqx1xfofq2kzi55nbixfqbz
2017-04-07 17:55:11,709 [  8] INFO  AppManager [(null)] (landingPage.aspx) - New Session 
Request Type:  
SessionId: c3ict345w4tbfbans523yqnw
2017-04-07 17:55:11,715 [  7] INFO  AppManager [(null)] (login.aspx) - (CatererOne) - Login successful 
SessionId: otuvkd2t24gqr3qvcdtxnavw
2017-04-07 17:55:11,721 [  7] INFO  AppManager [(null)] (Home.aspx) - Page Load 
SessionId: c3ict345w4tbfbans523yqnw
2017-04-07 17:55:46,506 [  7] INFO  AppManager [(null)] (landingPage.aspx) - Request from http://localhost:1949/SimpleServings/UI/Page/SimpleServings/Menu/MenuList.aspx?MenuType=MyMenus 
Request Type: LogInOut 
SessionId: c3ict345w4tbfbans523yqnw
2017-04-07 17:55:46,507 [  7] INFO  AppManager [(null)] (landingPage.aspx) - Redirecting to Login.aspx 
Request Type: LogInOut 
SessionId: c3ict345w4tbfbans523yqnw
2017-04-07 17:55:46,516 [  7] INFO  AppManager [(null)] (login.aspx) - Request from http://localhost:1949/SimpleServings/UI/Page/SimpleServings/Menu/MenuList.aspx?MenuType=MyMenus 
SessionId: 55n4ltbb0bye24efm3ybbdvp
2017-04-07 17:57:12,009 [  1] INFO  AppManager [(null)] SimpleServings started.
2017-04-07 17:57:19,688 [  8] INFO  AppManager [(null)] (Home.aspx) - Page Load 
SessionId: 34wfkw45sh5gpd55ypf3lcj4
