2021-03-25 08:28:05,989 [ 46] INFO  AppManager [(null)] SimpleServings started.
2021-03-25 08:32:17,491 [295] INFO  AppManager [(null)] (Home.aspx) - Page Load 
SessionId: 1dgzdhn02pqh1jzbjalnzhay
2021-03-25 08:35:25,670 [149] INFO  AppManager [(null)] (landingPage.aspx) - Request from http://localhost:1947/SimpleServings/UI/Page/myzone.aspx?Control=NutritionalAnalysis 
Request Type: LogInOut 
SessionId: 1dgzdhn02pqh1jzbjalnzhay
2021-03-25 08:35:25,670 [149] INFO  AppManager [(null)] (landingPage.aspx) - Redirecting to Login.aspx 
Request Type: LogInOut 
SessionId: 1dgzdhn02pqh1jzbjalnzhay
2021-03-25 08:35:33,710 [149] INFO  AppManager [(null)] (landingPage.aspx) - Clearing Session 
Request Type:  
SessionId: fblqu5sq2tfaix1fajkr2zrz
2021-03-25 08:35:33,721 [150] INFO  AppManager [(null)] (landingPage.aspx) - New Session 
Request Type:  
SessionId: jd212b1yu4fsdcaouz50ynlf
2021-03-25 08:35:33,898 [295] INFO  AppManager [(null)] (login.aspx) - (araj) - Login successful 
SessionId: mn5xuu0tis51lm10sq4llykt
2021-03-25 08:35:33,902 [226] INFO  AppManager [(null)] (Home.aspx) - Page Load 
SessionId: jd212b1yu4fsdcaouz50ynlf
2021-03-25 08:43:14,715 [129] INFO  AppManager [(null)] SimpleServings started.
2021-03-25 08:43:50,245 [166] INFO  AppManager [(null)] (Home.aspx) - Page Load 
SessionId: ugtt1o3b0li10r4fsnnjuq25
2021-03-25 08:44:50,318 [152] INFO  AppManager [(null)] (landingPage.aspx) - Request from http://localhost:1947/SimpleServings/UI/Page/SimpleServings/Menu/AddMenu.aspx?MenuType=AddMenu 
Request Type: LogInOut 
SessionId: ugtt1o3b0li10r4fsnnjuq25
2021-03-25 08:44:50,318 [152] INFO  AppManager [(null)] (landingPage.aspx) - Redirecting to Login.aspx 
Request Type: LogInOut 
SessionId: ugtt1o3b0li10r4fsnnjuq25
2021-03-25 08:44:50,323 [488] INFO  AppManager [(null)] (login.aspx) - Request from http://localhost:1947/SimpleServings/UI/Page/SimpleServings/Menu/AddMenu.aspx?MenuType=AddMenu 
SessionId: at1ctfzcwiisyw2ldpqrpuda
2021-03-25 10:03:35,342 [ 40] INFO  AppManager [(null)] (landingPage.aspx) - Clearing Session 
Request Type:  
SessionId: 4d3ziyomchhycyouwze1qa31
2021-03-25 10:03:35,350 [145] INFO  AppManager [(null)] (landingPage.aspx) - New Session 
Request Type:  
SessionId: 0vq0hytyskn0r4kzqnfm0byh
2021-03-25 10:03:35,594 [170] INFO  AppManager [(null)] (login.aspx) - (araj) - Login successful 
SessionId: kkxyn3dyyzxggqibrlxad1lo
2021-03-25 10:03:35,864 [142] INFO  AppManager [(null)] (Home.aspx) - Page Load 
SessionId: 0vq0hytyskn0r4kzqnfm0byh
2021-03-25 10:09:30,253 [ 40] INFO  AppManager [(null)] (landingPage.aspx) - Clearing Session 
Request Type:  
SessionId: 21y2ilg31gm1riqk5plpacdu
2021-03-25 10:09:30,263 [ 40] INFO  AppManager [(null)] (landingPage.aspx) - New Session 
Request Type:  
SessionId: 4fp4ckrgby5j1pxrbusioiqb
2021-03-25 10:09:30,418 [170] INFO  AppManager [(null)] (login.aspx) - (araj) - Login successful 
SessionId: lcpt0qqbfjtsd1ukiyeeb1tb
2021-03-25 10:09:30,424 [145] INFO  AppManager [(null)] (Home.aspx) - Page Load 
SessionId: 4fp4ckrgby5j1pxrbusioiqb
2021-03-25 10:10:16,181 [129] INFO  AppManager [(null)] SimpleServings started.
2021-03-25 10:10:30,441 [145] INFO  AppManager [(null)] (Home.aspx) - Page Load 
SessionId: ohoksyxeridbrc3ltjzgve2t
2021-03-25 10:11:48,597 [291] INFO  AppManager [(null)] SimpleServings started.
2021-03-25 10:12:01,632 [145] INFO  AppManager [(null)] (Home.aspx) - Page Load 
SessionId: zx2recnry0f4po2uqj1iregj
2021-03-25 10:12:59,377 [ 28] INFO  AppManager [(null)] SimpleServings started.
2021-03-25 10:13:14,413 [145] INFO  AppManager [(null)] (Home.aspx) - Page Load 
SessionId: z025lkoud54rromovnjmjpcr
2021-03-25 10:15:49,971 [ 28] INFO  AppManager [(null)] SimpleServings started.
2021-03-25 10:19:35,095 [153] INFO  AppManager [(null)] (Home.aspx) - Page Load 
SessionId: yjfdurgn0hctirmo20pnupn1
2021-03-25 10:21:45,041 [129] INFO  AppManager [(null)] SimpleServings started.
2021-03-25 10:22:09,238 [153] INFO  AppManager [(null)] (Home.aspx) - Page Load 
SessionId: uu3hkgu5q5pmucnqmq11pqcv
2021-03-25 10:33:51,837 [153] INFO  AppManager [(null)] (landingPage.aspx) - Request from http://localhost:1947/SimpleServings/UI/Page/SimpleServings/Menu/AddMenu.aspx?MenuType=AddMenu 
Request Type: LogInOut 
SessionId: uu3hkgu5q5pmucnqmq11pqcv
2021-03-25 10:33:51,837 [153] INFO  AppManager [(null)] (landingPage.aspx) - Redirecting to Login.aspx 
Request Type: LogInOut 
SessionId: uu3hkgu5q5pmucnqmq11pqcv
2021-03-25 10:33:51,842 [ 16] INFO  AppManager [(null)] (login.aspx) - Request from http://localhost:1947/SimpleServings/UI/Page/SimpleServings/Menu/AddMenu.aspx?MenuType=AddMenu 
SessionId: hug4jmgcwjlhs2gknooyn5lu
2021-03-25 10:34:00,765 [153] INFO  AppManager [(null)] (landingPage.aspx) - Request from http://localhost:1947/SimpleServings/UI/Page/SimpleServings/Menu/AddMenu.aspx?MenuType=AddMenu 
Request Type: LogInOut 
SessionId: icipl0mg3d02dfhymtadozp1
2021-03-25 10:34:00,765 [153] INFO  AppManager [(null)] (landingPage.aspx) - Redirecting to Login.aspx 
Request Type: LogInOut 
SessionId: icipl0mg3d02dfhymtadozp1
2021-03-25 10:34:00,769 [241] INFO  AppManager [(null)] (login.aspx) - Request from http://localhost:1947/SimpleServings/UI/Page/SimpleServings/Menu/AddMenu.aspx?MenuType=AddMenu 
SessionId: b3msnyen3dao0f0mktuhoibf
2021-03-25 10:34:08,162 [138] INFO  AppManager [(null)] (landingPage.aspx) - Request from http://localhost:1947/SimpleServings/UI/Page/SimpleServings/Menu/AddMenu.aspx?MenuType=AddMenu 
Request Type: LogInOut 
SessionId: b1favpl2tzwe5xquioj0mghf
2021-03-25 10:34:08,164 [138] INFO  AppManager [(null)] (landingPage.aspx) - Redirecting to Login.aspx 
Request Type: LogInOut 
SessionId: b1favpl2tzwe5xquioj0mghf
2021-03-25 10:34:08,174 [ 16] INFO  AppManager [(null)] (login.aspx) - Request from http://localhost:1947/SimpleServings/UI/Page/SimpleServings/Menu/AddMenu.aspx?MenuType=AddMenu 
SessionId: 4oy5tha4v41fhttewsth5xka
2021-03-25 10:34:10,405 [138] INFO  AppManager [(null)] (landingPage.aspx) - Clearing Session 
Request Type:  
SessionId: monwxy130snd2erempwehfnq
2021-03-25 10:34:10,414 [153] INFO  AppManager [(null)] (landingPage.aspx) - New Session 
Request Type:  
SessionId: no5guvp4fzaobvhe1bnwykbt
2021-03-25 10:34:10,757 [ 96] INFO  AppManager [(null)] (login.aspx) - (araj) - Login successful 
SessionId: oh3kobxgzgnitgatr34qhahn
2021-03-25 10:34:10,761 [138] INFO  AppManager [(null)] (Home.aspx) - Page Load 
SessionId: no5guvp4fzaobvhe1bnwykbt
2021-03-25 10:34:45,108 [157] INFO  AppManager [(null)] (landingPage.aspx) - Request from http://localhost:1947/SimpleServings/UI/Page/SimpleServings/Menu/MenuList.aspx?MenuType=MyMenus 
Request Type: LogInOut 
SessionId: no5guvp4fzaobvhe1bnwykbt
2021-03-25 10:34:45,111 [157] INFO  AppManager [(null)] (landingPage.aspx) - Redirecting to Login.aspx 
Request Type: LogInOut 
SessionId: no5guvp4fzaobvhe1bnwykbt
2021-03-25 10:34:45,123 [138] INFO  AppManager [(null)] (login.aspx) - Request from http://localhost:1947/SimpleServings/UI/Page/SimpleServings/Menu/MenuList.aspx?MenuType=MyMenus 
SessionId: 05kdknsvzkbiuprb1sgxj3x3
2021-03-25 10:34:59,357 [153] INFO  AppManager [(null)] (landingPage.aspx) - Request from http://localhost:1947/SimpleServings/UI/Page/SimpleServings/Supplier/Caterer.aspx 
Request Type: LogInOut 
SessionId: mdbwj4iezieceflzhokdwgmn
2021-03-25 10:34:59,357 [153] INFO  AppManager [(null)] (landingPage.aspx) - Redirecting to Login.aspx 
Request Type: LogInOut 
SessionId: mdbwj4iezieceflzhokdwgmn
2021-03-25 10:34:59,360 [138] INFO  AppManager [(null)] (login.aspx) - Request from http://localhost:1947/SimpleServings/UI/Page/SimpleServings/Supplier/Caterer.aspx 
SessionId: dze5ujiwdhhlifohlp03nrln
2021-03-25 10:35:19,958 [153] INFO  AppManager [(null)] (landingPage.aspx) - Clearing Session 
Request Type:  
SessionId: jq4fg0d5sepn2ja2tus0xdaj
2021-03-25 10:35:19,967 [ 16] INFO  AppManager [(null)] (landingPage.aspx) - New Session 
Request Type:  
SessionId: gder4u2jn41s123qpldypqhl
2021-03-25 10:35:20,210 [138] INFO  AppManager [(null)] (login.aspx) - (araj) - Login successful 
SessionId: x0ihw0zdmn4cgwfcdllfx4vr
2021-03-25 10:35:20,215 [ 81] INFO  AppManager [(null)] (Home.aspx) - Page Load 
SessionId: gder4u2jn41s123qpldypqhl
2021-03-25 10:45:02,845 [145] INFO  AppManager [(null)] (landingPage.aspx) - Clearing Session 
Request Type:  
SessionId: hilpbtakp2jubpm13pbq1qez
2021-03-25 10:45:02,859 [132] INFO  AppManager [(null)] (landingPage.aspx) - New Session 
Request Type:  
SessionId: jrk0aobggi2t5sfaymzreg4u
2021-03-25 10:45:03,036 [ 40] INFO  AppManager [(null)] (login.aspx) - (araj) - Login successful 
SessionId: e2zsntb31xslkmfvzel2ill4
2021-03-25 10:45:03,042 [157] INFO  AppManager [(null)] (Home.aspx) - Page Load 
SessionId: jrk0aobggi2t5sfaymzreg4u
2021-03-25 10:48:46,944 [ 97] INFO  AppManager [(null)] (landingPage.aspx) - Request from http://localhost:1947/SimpleServings/UI/Page/SimpleServings/Menu/ViewMenu.aspx?MenuID=16261&WeekSelected=1 
Request Type: LogInOut 
SessionId: jrk0aobggi2t5sfaymzreg4u
2021-03-25 10:48:46,944 [ 97] INFO  AppManager [(null)] (landingPage.aspx) - Redirecting to Login.aspx 
Request Type: LogInOut 
SessionId: jrk0aobggi2t5sfaymzreg4u
2021-03-25 10:48:46,948 [ 32] INFO  AppManager [(null)] (login.aspx) - Request from http://localhost:1947/SimpleServings/UI/Page/SimpleServings/Menu/ViewMenu.aspx?MenuID=16261&WeekSelected=1 
SessionId: sy3msvjfepkvoo3mkpzo5a4m
2021-03-25 10:48:49,974 [ 40] INFO  AppManager [(null)] (landingPage.aspx) - Clearing Session 
Request Type:  
SessionId: 2cpqtclopomhvsacfzgmqsmm
2021-03-25 10:48:49,991 [ 97] INFO  AppManager [(null)] (landingPage.aspx) - New Session 
Request Type:  
SessionId: bd1xbsqndvrb3ylgj5b4tqsr
2021-03-25 10:48:50,178 [ 97] INFO  AppManager [(null)] (login.aspx) - (araj) - Login successful 
SessionId: bd1xbsqndvrb3ylgj5b4tqsr
2021-03-25 10:48:50,183 [131] INFO  AppManager [(null)] (Home.aspx) - Page Load 
SessionId: bd1xbsqndvrb3ylgj5b4tqsr
2021-03-25 11:01:59,207 [ 32] INFO  AppManager [(null)] (landingPage.aspx) - Clearing Session 
Request Type:  
SessionId: kioagpaciqyafkyhftvt3d2r
2021-03-25 11:01:59,216 [ 32] INFO  AppManager [(null)] (landingPage.aspx) - New Session 
Request Type:  
SessionId: be1tjmvdqk1zyh5eikbivsj1
2021-03-25 11:01:59,391 [160] INFO  AppManager [(null)] (login.aspx) - (araj) - Login successful 
SessionId: woe1ije505lmt5ccnj0k5ggs
2021-03-25 11:01:59,398 [ 90] INFO  AppManager [(null)] (Home.aspx) - Page Load 
SessionId: be1tjmvdqk1zyh5eikbivsj1
2021-03-25 11:28:25,539 [294] INFO  AppManager [(null)] SimpleServings started.
2021-03-25 11:28:39,373 [ 30] INFO  AppManager [(null)] (Home.aspx) - Page Load 
SessionId: wiciur2bohrf0t2nmwensdoo
2021-03-25 11:42:43,187 [294] INFO  AppManager [(null)] SimpleServings started.
2021-03-25 11:43:12,021 [239] INFO  AppManager [(null)] (Home.aspx) - Page Load 
SessionId: u14ywqtyg0uejv41cqiu2tjh
2021-03-25 11:47:45,918 [294] INFO  AppManager [(null)] SimpleServings started.
2021-03-25 11:48:14,233 [385] INFO  AppManager [(null)] (Home.aspx) - Page Load 
SessionId: dqsxbxmygebbas2n2rqlvngt
2021-03-25 11:48:53,995 [150] ERROR AppManager [(null)] SimpleServings application error: Exception of type 'System.Web.HttpUnhandledException' was thrown.
location: http://localhost:1947/SimpleServings/UI/Page/SimpleServings/Menu/AddMenu.aspx?MenuType=AddMenu

System.Web.HttpUnhandledException (0x80004005): Exception of type 'System.Web.HttpUnhandledException' was thrown. ---> System.NullReferenceException: Object reference not set to an instance of an object.
   at SimpleServings.UI.UDC.SimpleServings.Menu.AddMenu.PopMenuName() in C:\Users\araj\Simple Servings-New 03242021\03242021\NewSimple\SimpleServings\SimpleServings\UI\UDC\SimpleServings\Menu\AddMenu.ascx.cs:line 92
   at SimpleServings.UI.UDC.SimpleServings.Menu.AddMenu.btnSelect_Click(Object sender, EventArgs e) in C:\Users\araj\Simple Servings-New 03242021\03242021\NewSimple\SimpleServings\SimpleServings\UI\UDC\SimpleServings\Menu\AddMenu.ascx.cs:line 630
   at System.Web.UI.WebControls.Button.OnClick(EventArgs e)
   at System.Web.UI.WebControls.Button.RaisePostBackEvent(String eventArgument)
   at System.Web.UI.WebControls.Button.System.Web.UI.IPostBackEventHandler.RaisePostBackEvent(String eventArgument)
   at System.Web.UI.Page.RaisePostBackEvent(IPostBackEventHandler sourceControl, String eventArgument)
   at System.Web.UI.Page.RaisePostBackEvent(NameValueCollection postData)
   at System.Web.UI.Page.ProcessRequestMain(Boolean includeStagesBeforeAsyncPoint, Boolean includeStagesAfterAsyncPoint)
   at System.Web.UI.Page.HandleError(Exception e)
   at System.Web.UI.Page.ProcessRequestMain(Boolean includeStagesBeforeAsyncPoint, Boolean includeStagesAfterAsyncPoint)
   at System.Web.UI.Page.ProcessRequest(Boolean includeStagesBeforeAsyncPoint, Boolean includeStagesAfterAsyncPoint)
   at System.Web.UI.Page.ProcessRequest()
   at System.Web.UI.Page.ProcessRequestWithNoAssert(HttpContext context)
   at System.Web.UI.Page.ProcessRequest(HttpContext context)
   at ASP.ui_page_simpleservings_menu_addmenu_aspx.ProcessRequest(HttpContext context) in c:\Users\araj\AppData\Local\Temp\Temporary ASP.NET Files\simpleservings\2bde0e3d\90264120\App_Web_jx0hwsq2.5.cs:line 0
   at System.Web.HttpApplication.CallHandlerExecutionStep.System.Web.HttpApplication.IExecutionStep.Execute()
   at System.Web.HttpApplication.ExecuteStepImpl(IExecutionStep step)
   at System.Web.HttpApplication.ExecuteStep(IExecutionStep step, Boolean& completedSynchronously)
2021-03-25 11:49:24,902 [ 28] INFO  AppManager [(null)] SimpleServings started.
2021-03-25 11:49:39,003 [385] INFO  AppManager [(null)] (Home.aspx) - Page Load 
SessionId: t00z5una3rogcme3ljwzou3z
2021-03-25 11:55:02,105 [ 28] INFO  AppManager [(null)] SimpleServings started.
2021-03-25 11:55:15,507 [ 66] INFO  AppManager [(null)] (Home.aspx) - Page Load 
SessionId: r5la04ggbovd520tofvdkfm4
2021-03-25 11:56:27,413 [150] ERROR AppManager [(null)] SimpleServings application error: Exception of type 'System.Web.HttpUnhandledException' was thrown.
location: http://localhost:1947/SimpleServings/UI/Page/SimpleServings/Menu/AddMenu.aspx?MenuType=AddMenu

System.Web.HttpUnhandledException (0x80004005): Exception of type 'System.Web.HttpUnhandledException' was thrown. ---> System.ArgumentOutOfRangeException: StartIndex cannot be less than zero.
Parameter name: startIndex
   at System.String.Substring(Int32 startIndex, Int32 length)
   at System.String.Substring(Int32 startIndex)
   at SimpleServings.UI.UDC.SimpleServings.Menu.AddMenu.PopMenuName() in C:\Users\araj\Simple Servings-New 03242021\03242021\NewSimple\SimpleServings\SimpleServings\UI\UDC\SimpleServings\Menu\AddMenu.ascx.cs:line 140
   at SimpleServings.UI.UDC.SimpleServings.Menu.AddMenu.Page_Load(Object sender, EventArgs e) in C:\Users\araj\Simple Servings-New 03242021\03242021\NewSimple\SimpleServings\SimpleServings\UI\UDC\SimpleServings\Menu\AddMenu.ascx.cs:line 26
   at System.Web.Util.CalliEventHandlerDelegateProxy.Callback(Object sender, EventArgs e)
   at System.Web.UI.Control.OnLoad(EventArgs e)
   at System.Web.UI.Control.LoadRecursive()
   at System.Web.UI.Control.LoadRecursive()
   at System.Web.UI.Control.LoadRecursive()
   at System.Web.UI.Control.LoadRecursive()
   at System.Web.UI.Control.LoadRecursive()
   at System.Web.UI.Page.ProcessRequestMain(Boolean includeStagesBeforeAsyncPoint, Boolean includeStagesAfterAsyncPoint)
   at System.Web.UI.Page.HandleError(Exception e)
   at System.Web.UI.Page.ProcessRequestMain(Boolean includeStagesBeforeAsyncPoint, Boolean includeStagesAfterAsyncPoint)
   at System.Web.UI.Page.ProcessRequest(Boolean includeStagesBeforeAsyncPoint, Boolean includeStagesAfterAsyncPoint)
   at System.Web.UI.Page.ProcessRequest()
   at System.Web.UI.Page.ProcessRequestWithNoAssert(HttpContext context)
   at System.Web.UI.Page.ProcessRequest(HttpContext context)
   at ASP.ui_page_simpleservings_menu_addmenu_aspx.ProcessRequest(HttpContext context) in c:\Users\araj\AppData\Local\Temp\Temporary ASP.NET Files\simpleservings\2bde0e3d\90264120\App_Web_ou2lsw5n.6.cs:line 0
   at System.Web.HttpApplication.CallHandlerExecutionStep.System.Web.HttpApplication.IExecutionStep.Execute()
   at System.Web.HttpApplication.ExecuteStepImpl(IExecutionStep step)
   at System.Web.HttpApplication.ExecuteStep(IExecutionStep step, Boolean& completedSynchronously)
2021-03-25 11:56:47,765 [129] INFO  AppManager [(null)] SimpleServings started.
2021-03-25 11:57:02,122 [ 66] INFO  AppManager [(null)] (Home.aspx) - Page Load 
SessionId: fobtonv03nyb4kk3tmawl3zu
2021-03-25 12:03:01,074 [129] INFO  AppManager [(null)] SimpleServings started.
2021-03-25 12:03:22,234 [ 66] ERROR AppManager [(null)] btnLogin_Click failed: Incorrect username and/or password.
2021-03-25 12:03:22,551 [160] INFO  AppManager [(null)] (landingPage.aspx) - Clearing Session 
Request Type:  
SessionId: eff3020loeyjitn5wu0dzxqm
2021-03-25 12:03:22,561 [ 66] INFO  AppManager [(null)] (landingPage.aspx) - New Session 
Request Type:  
SessionId: gtuujrnse4tih1tfbxqjls5m
2021-03-25 12:03:22,752 [108] INFO  AppManager [(null)] (login.aspx) - (araj) - Login successful 
SessionId: gtuujrnse4tih1tfbxqjls5m
2021-03-25 12:03:22,806 [ 90] INFO  AppManager [(null)] (Home.aspx) - Page Load 
SessionId: gtuujrnse4tih1tfbxqjls5m
2021-03-25 12:26:46,298 [170] INFO  AppManager [(null)] SimpleServings started.
2021-03-25 12:27:07,581 [139] INFO  AppManager [(null)] (Home.aspx) - Page Load 
SessionId: kkrgdjumcl1z4mrecuirvh2g
2021-03-25 13:07:24,938 [  1] INFO  AppManager [(null)] SimpleServings started.
2021-03-25 13:07:48,532 [ 79] INFO  AppManager [(null)] (Home.aspx) - Page Load 
SessionId: j3mh32y1j4cw2b5yv5izc1nz
2021-03-25 13:17:58,707 [108] INFO  AppManager [(null)] SimpleServings started.
2021-03-25 13:18:13,646 [ 30] INFO  AppManager [(null)] (Home.aspx) - Page Load 
SessionId: bvviu5oshktkjixa2hjxiehz
2021-03-25 13:27:03,563 [159] INFO  AppManager [(null)] SimpleServings started.
2021-03-25 13:27:17,982 [239] INFO  AppManager [(null)] (Home.aspx) - Page Load 
SessionId: 2q25jci0jajyqb2w5nbqk11r
2021-03-25 14:19:05,184 [ 95] INFO  AppManager [(null)] (landingPage.aspx) - Request from http://localhost:1947/SimpleServings/UI/Page/SimpleServings/Menu/AddMenu.aspx?MenuType=AddMenu 
Request Type: LogInOut 
SessionId: 2q25jci0jajyqb2w5nbqk11r
2021-03-25 14:19:05,184 [ 95] INFO  AppManager [(null)] (landingPage.aspx) - Redirecting to Login.aspx 
Request Type: LogInOut 
SessionId: 2q25jci0jajyqb2w5nbqk11r
2021-03-25 14:19:05,189 [173] INFO  AppManager [(null)] (login.aspx) - Request from http://localhost:1947/SimpleServings/UI/Page/SimpleServings/Menu/AddMenu.aspx?MenuType=AddMenu 
SessionId: hyoeutjxyrntxjys0dgnutye
2021-03-25 14:23:51,209 [ 95] INFO  AppManager [(null)] (landingPage.aspx) - Request from http://localhost:1947/SimpleServings/UI/Page/SimpleServings/Menu/AddMenu.aspx?MenuType=AddMenu 
Request Type: LogInOut 
SessionId: x0ot50quz5gvlpl4ybtnp43o
2021-03-25 14:23:51,209 [ 95] INFO  AppManager [(null)] (landingPage.aspx) - Redirecting to Login.aspx 
Request Type: LogInOut 
SessionId: x0ot50quz5gvlpl4ybtnp43o
2021-03-25 14:23:51,214 [486] INFO  AppManager [(null)] (login.aspx) - Request from http://localhost:1947/SimpleServings/UI/Page/SimpleServings/Menu/AddMenu.aspx?MenuType=AddMenu 
SessionId: 2ntahlbufditkigikq5kdlum
2021-03-25 14:23:56,446 [ 95] INFO  AppManager [(null)] (landingPage.aspx) - Request from http://localhost:1947/SimpleServings/UI/Page/SimpleServings/Menu/AddMenu.aspx?MenuType=AddMenu 
Request Type: LogInOut 
SessionId: 53noqz4uf3juer5tlbrzvkry
2021-03-25 14:23:56,446 [ 95] INFO  AppManager [(null)] (landingPage.aspx) - Redirecting to Login.aspx 
Request Type: LogInOut 
SessionId: 53noqz4uf3juer5tlbrzvkry
2021-03-25 14:23:56,450 [486] INFO  AppManager [(null)] (login.aspx) - Request from http://localhost:1947/SimpleServings/UI/Page/SimpleServings/Menu/AddMenu.aspx?MenuType=AddMenu 
SessionId: rxbn0z5qhcsvlfxppkkixl4s
2021-03-25 14:24:57,842 [ 95] INFO  AppManager [(null)] (landingPage.aspx) - Clearing Session 
Request Type:  
SessionId: qd0lqcm2vnaijw2sd2sm3byw
2021-03-25 14:24:57,852 [ 95] INFO  AppManager [(null)] (landingPage.aspx) - New Session 
Request Type:  
SessionId: lyledk1tfh3vmvpx2jxctttf
2021-03-25 14:24:58,015 [486] INFO  AppManager [(null)] (login.aspx) - (araj) - Login successful 
SessionId: jaeyreyrss024pcjsytbvbsr
2021-03-25 14:24:58,021 [145] INFO  AppManager [(null)] (Home.aspx) - Page Load 
SessionId: lyledk1tfh3vmvpx2jxctttf
2021-03-25 14:37:38,890 [486] INFO  AppManager [(null)] (landingPage.aspx) - Request from http://localhost:1947/SimpleServings/UI/Page/SimpleServings/Menu/ViewMenu.aspx?MenuID=16262&WeekSelected=1 
Request Type: LogInOut 
SessionId: lyledk1tfh3vmvpx2jxctttf
2021-03-25 14:37:38,890 [486] INFO  AppManager [(null)] (landingPage.aspx) - Redirecting to Login.aspx 
Request Type: LogInOut 
SessionId: lyledk1tfh3vmvpx2jxctttf
2021-03-25 14:37:38,895 [131] INFO  AppManager [(null)] (login.aspx) - Request from http://localhost:1947/SimpleServings/UI/Page/SimpleServings/Menu/ViewMenu.aspx?MenuID=16262&WeekSelected=1 
SessionId: g0y4zztogf4aa1ix1drxxzfy
2021-03-25 14:39:53,128 [ 28] INFO  AppManager [(null)] SimpleServings started.
2021-03-25 14:40:09,470 [145] INFO  AppManager [(null)] (Home.aspx) - Page Load 
SessionId: s0amkugmzwzmkikcvgcbhsq0
2021-03-25 14:42:08,397 [ 42] INFO  AppManager [(null)] SimpleServings started.
2021-03-25 14:42:29,022 [145] INFO  AppManager [(null)] (Home.aspx) - Page Load 
SessionId: 1qirla4hwt45w3ynli13uhqz
2021-03-25 14:45:03,070 [157] INFO  AppManager [(null)] (landingPage.aspx) - Request from http://localhost:1947/SimpleServings/UI/Page/SimpleServings/Menu/ViewMenu.aspx?MenuID=16263&WeekSelected=1 
Request Type: LogInOut 
SessionId: 1qirla4hwt45w3ynli13uhqz
2021-03-25 14:45:03,071 [157] INFO  AppManager [(null)] (landingPage.aspx) - Redirecting to Login.aspx 
Request Type: LogInOut 
SessionId: 1qirla4hwt45w3ynli13uhqz
2021-03-25 14:45:03,075 [131] INFO  AppManager [(null)] (login.aspx) - Request from http://localhost:1947/SimpleServings/UI/Page/SimpleServings/Menu/ViewMenu.aspx?MenuID=16263&WeekSelected=1 
SessionId: 5rqnv0ufh5yweorpwx4mce3c
2021-03-25 15:51:50,765 [  1] INFO  AppManager [(null)] SimpleServings started.
2021-03-25 15:52:13,249 [ 14] INFO  AppManager [(null)] (Home.aspx) - Page Load 
SessionId: fsanw1vucvq3xzloiyifewwm
2021-03-25 15:52:44,027 [ 10] INFO  AppManager [(null)] (Recipe.aspx) - Request from http://localhost:1948/SimpleServings/UI/Page/SimpleServings/Menu/ViewMenu.aspx?MenuID=16257 
SessionId: fsanw1vucvq3xzloiyifewwm
2021-03-25 15:52:50,534 [ 14] ERROR AppManager [(null)] SimpleServings application error: Exception of type 'System.Web.HttpUnhandledException' was thrown.
location: http://localhost:1948/SimpleServings/ASPNetSpellInclude/core/Default.aspx?note=&command=CTXSPELL&args=banana&lan=English (International)&sender=0&settingsfile=default-settings

System.Web.HttpUnhandledException (0x80004005): Exception of type 'System.Web.HttpUnhandledException' was thrown. ---> System.Web.HttpException (0x80070057): The remote host closed the connection. The error code is 0x80070057.
   at System.Web.Hosting.IIS7WorkerRequest.RaiseCommunicationError(Int32 result, Boolean throwOnDisconnect)
   at System.Web.Hosting.IIS7WorkerRequest.ExplicitFlush()
   at System.Web.HttpResponse.Flush(Boolean finalFlush, Boolean async)
   at System.Web.HttpResponse.Flush()
   at ASP.aspnetspellinclude_core_default_aspx.Page_Init(Object sndr, EventArgs e) in w:\MIS\Ansu\03022021-Simple\NewSimple\SimpleServings\SimpleServings\ASPNetSpellInclude\core\Default.aspx:line 5
   at System.Web.Util.CalliEventHandlerDelegateProxy.Callback(Object sender, EventArgs e)
   at System.Web.UI.Control.OnInit(EventArgs e)
   at System.Web.UI.Page.OnInit(EventArgs e)
   at System.Web.UI.Control.InitRecursive(Control namingContainer)
   at System.Web.UI.Page.ProcessRequestMain(Boolean includeStagesBeforeAsyncPoint, Boolean includeStagesAfterAsyncPoint)
   at System.Web.UI.Page.HandleError(Exception e)
   at System.Web.UI.Page.ProcessRequestMain(Boolean includeStagesBeforeAsyncPoint, Boolean includeStagesAfterAsyncPoint)
   at System.Web.UI.Page.ProcessRequest(Boolean includeStagesBeforeAsyncPoint, Boolean includeStagesAfterAsyncPoint)
   at System.Web.UI.Page.ProcessRequest()
   at System.Web.UI.Page.ProcessRequestWithNoAssert(HttpContext context)
   at System.Web.UI.Page.ProcessRequest(HttpContext context)
   at ASP.aspnetspellinclude_core_default_aspx.ProcessRequest(HttpContext context) in c:\Users\mali\AppData\Local\Temp\Temporary ASP.NET Files\simpleservings\7f7db56e\b92f9070\App_Web_3myeqqck.0.cs:line 0
   at System.Web.HttpApplication.CallHandlerExecutionStep.System.Web.HttpApplication.IExecutionStep.Execute()
   at System.Web.HttpApplication.ExecuteStepImpl(IExecutionStep step)
   at System.Web.HttpApplication.ExecuteStep(IExecutionStep step, Boolean& completedSynchronously)
2021-03-25 20:55:35,441 [  1] INFO  AppManager [(null)] SimpleServings started.
2021-03-25 20:56:02,061 [ 12] INFO  AppManager [(null)] (Home.aspx) - Page Load 
SessionId: mztk32offbmqckcjrgqekt3y
