2016-12-16 11:12:59,215 [  6] INFO  AppManager [(null)] (Home.aspx) - Page Load 
SessionId: sle2pln5bvdiwyfzgv1boo45
2016-12-16 11:13:02,180 [  7] INFO  AppManager [(null)] (landingPage.aspx) - Request from http://localhost:1949/SimpleServings/UI/page/ 
Request Type: LogInOut 
SessionId: vqwkqy45yeecqf452uzgnznz
2016-12-16 11:13:02,180 [  7] INFO  AppManager [(null)] (landingPage.aspx) - Redirecting to Login.aspx 
Request Type: LogInOut 
SessionId: vqwkqy45yeecqf452uzgnznz
2016-12-16 11:13:02,336 [  7] INFO  AppManager [(null)] (login.aspx) - Request from http://localhost:1949/SimpleServings/UI/page/ 
SessionId: yputgfjz0xhhsjyr1ip0sv45
2016-12-16 11:13:08,644 [  6] INFO  AppManager [(null)] (landingPage.aspx) - Clearing Session 
Request Type:  
SessionId: ppa1xh45g21havugc0jku355
2016-12-16 11:13:08,644 [  6] INFO  AppManager [(null)] (landingPage.aspx) - New Session 
Request Type:  
SessionId: esjj2t55seis5s45jfsi0p45
2016-12-16 11:13:08,941 [  5] INFO  AppManager [(null)] (login.aspx) - (cvais7773) - Login successful 
SessionId: ofky5m55jwe02t55ujhqnzz0
2016-12-16 11:13:08,956 [  8] INFO  AppManager [(null)] (Home.aspx) - Page Load 
SessionId: esjj2t55seis5s45jfsi0p45
2016-12-16 11:44:06,261 [  1] INFO  AppManager [(null)] SimpleServings started.
2016-12-16 11:44:15,119 [  6] INFO  AppManager [(null)] (Home.aspx) - Page Load 
SessionId: esjj2t55seis5s45jfsi0p45
2016-12-16 11:44:20,504 [  5] INFO  AppManager [(null)] (landingPage.aspx) - Request from http://localhost:1949/SimpleServings/UI/Page/ 
Request Type: LogInOut 
SessionId: esjj2t55seis5s45jfsi0p45
2016-12-16 11:44:20,504 [  5] INFO  AppManager [(null)] (landingPage.aspx) - Redirecting to Login.aspx 
Request Type: LogInOut 
SessionId: esjj2t55seis5s45jfsi0p45
2016-12-16 11:44:26,466 [  5] ERROR AppManager [(null)] btnLogin_Click failed: Incorrect username and/or password.
2016-12-16 11:44:30,500 [  8] INFO  AppManager [(null)] (landingPage.aspx) - Clearing Session 
Request Type:  
SessionId: fkqfa2jl0fbi5e551j05fm2o
2016-12-16 11:44:30,515 [  8] INFO  AppManager [(null)] (landingPage.aspx) - New Session 
Request Type:  
SessionId: cdoyw0qtbtlwnbagmiycf355
2016-12-16 11:44:31,050 [  5] INFO  AppManager [(null)] (login.aspx) - (cvais7773) - Login successful 
SessionId: fkqfa2jl0fbi5e551j05fm2o
2016-12-16 11:44:31,065 [  6] INFO  AppManager [(null)] (Home.aspx) - Page Load 
SessionId: cdoyw0qtbtlwnbagmiycf355
2016-12-16 11:45:26,670 [ 10] INFO  AppManager [(null)] SimpleServings started.
2016-12-16 11:45:29,039 [  5] INFO  AppManager [(null)] (landingPage.aspx) - Redirecting to Login.aspx 
Request Type: LogInOut 
SessionId: cdoyw0qtbtlwnbagmiycf355
2016-12-16 11:45:36,792 [  6] INFO  AppManager [(null)] (Home.aspx) - Page Load 
SessionId: xnbruc554sv2h345xr5foeyk
2016-12-16 11:46:09,623 [ 10] INFO  AppManager [(null)] SimpleServings started.
2016-12-16 11:46:13,841 [  6] INFO  AppManager [(null)] (landingPage.aspx) - Redirecting to Login.aspx 
Request Type: LogInOut 
SessionId: xnbruc554sv2h345xr5foeyk
2016-12-16 11:46:20,229 [  8] INFO  AppManager [(null)] (Home.aspx) - Page Load 
SessionId: vsymsgayrwmnu0avbxgr22ut
2016-12-16 11:47:30,528 [ 10] INFO  AppManager [(null)] SimpleServings started.
2016-12-16 11:47:32,913 [  7] INFO  AppManager [(null)] (landingPage.aspx) - Redirecting to Login.aspx 
Request Type: LogInOut 
SessionId: vsymsgayrwmnu0avbxgr22ut
2016-12-16 11:47:38,784 [  7] INFO  AppManager [(null)] (Home.aspx) - Page Load 
SessionId: uxfzqen3gfijn445gvjkdmq2
2016-12-16 11:49:53,311 [  1] INFO  AppManager [(null)] SimpleServings started.
2016-12-16 11:50:01,456 [  7] INFO  AppManager [(null)] (Home.aspx) - Page Load 
SessionId: uxfzqen3gfijn445gvjkdmq2
2016-12-16 11:50:05,974 [  5] INFO  AppManager [(null)] (landingPage.aspx) - Request from http://localhost:1949/SimpleServings/UI/Page/ 
Request Type: LogInOut 
SessionId: uxfzqen3gfijn445gvjkdmq2
2016-12-16 11:50:05,990 [  5] INFO  AppManager [(null)] (landingPage.aspx) - Redirecting to Login.aspx 
Request Type: LogInOut 
SessionId: uxfzqen3gfijn445gvjkdmq2
2016-12-16 11:50:11,675 [  8] INFO  AppManager [(null)] (Home.aspx) - Page Load 
SessionId: p5sbmvj0zhtlijiqzgcf2en5
2016-12-16 12:45:12,832 [  1] INFO  AppManager [(null)] SimpleServings started.
2016-12-16 12:45:13,119 [  7] INFO  AppManager [(null)] (landingPage.aspx) - Request from http://localhost:1949/SimpleServings/UI/Page/SimpleServings/Menu/AddMenuItem.aspx?MenuID=7235&WeekSelected=1 
Request Type: LogInOut 
SessionId: p5sbmvj0zhtlijiqzgcf2en5
2016-12-16 12:45:13,119 [  7] INFO  AppManager [(null)] (landingPage.aspx) - Redirecting to Login.aspx 
Request Type: LogInOut 
SessionId: p5sbmvj0zhtlijiqzgcf2en5
2016-12-16 12:45:19,970 [  8] INFO  AppManager [(null)] (Home.aspx) - Page Load 
SessionId: krffwba4evf0vq45zu22vgad
2016-12-16 12:45:51,411 [  8] INFO  AppManager [(null)] (landingPage.aspx) - Request from http://localhost:1949/SimpleServings/UI/Page/SimpleServings/Menu/ViewMenu.aspx?MenuID=7234 
Request Type: LogInOut 
SessionId: krffwba4evf0vq45zu22vgad
2016-12-16 12:45:51,412 [  8] INFO  AppManager [(null)] (landingPage.aspx) - Redirecting to Login.aspx 
Request Type: LogInOut 
SessionId: krffwba4evf0vq45zu22vgad
2016-12-16 12:45:51,417 [  8] INFO  AppManager [(null)] (login.aspx) - Request from http://localhost:1949/SimpleServings/UI/Page/SimpleServings/Menu/ViewMenu.aspx?MenuID=7234 
SessionId: v1oqjj45s43bmy45pjabdh55
2016-12-16 12:45:57,017 [  6] INFO  AppManager [(null)] (landingPage.aspx) - Clearing Session 
Request Type:  
SessionId: fveareu4tibwei4532ovdrfu
2016-12-16 12:45:57,025 [  6] INFO  AppManager [(null)] (landingPage.aspx) - New Session 
Request Type:  
SessionId: 0yaemibbft1xba3atq14ita4
2016-12-16 12:45:57,031 [  8] INFO  AppManager [(null)] (login.aspx) - (cvais7773) - Login successful 
SessionId: wbbdck55i4zhhwuiyiwihjfh
2016-12-16 12:45:57,035 [  8] INFO  AppManager [(null)] (Home.aspx) - Page Load 
SessionId: 0yaemibbft1xba3atq14ita4
2016-12-16 12:46:35,689 [  1] INFO  AppManager [(null)] SimpleServings started.
2016-12-16 12:46:35,883 [  8] INFO  AppManager [(null)] (landingPage.aspx) - Redirecting to Login.aspx 
Request Type: LogInOut 
SessionId: 0yaemibbft1xba3atq14ita4
2016-12-16 12:46:40,920 [  7] ERROR AppManager [(null)] btnLogin_Click failed: Incorrect username and/or password.
2016-12-16 12:46:44,621 [  6] INFO  AppManager [(null)] (landingPage.aspx) - Clearing Session 
Request Type:  
SessionId: cypxf034cv50su2glqklxk45
2016-12-16 12:46:44,631 [  6] INFO  AppManager [(null)] (landingPage.aspx) - New Session 
Request Type:  
SessionId: imeruceocfcubs45jjjmpzq1
2016-12-16 12:46:45,135 [  8] ERROR AppManager [(null)] btnLogin_Click failed: Incorrect username and/or password.
2016-12-16 12:46:52,493 [  6] INFO  AppManager [(null)] (landingPage.aspx) - Clearing Session 
Request Type:  
SessionId: imeruceocfcubs45jjjmpzq1
2016-12-16 12:46:52,499 [  8] INFO  AppManager [(null)] (landingPage.aspx) - New Session 
Request Type:  
SessionId: vbjtyl554empje55xkrnvhn0
2016-12-16 12:46:53,019 [  6] INFO  AppManager [(null)] (login.aspx) - (cvais7773) - Login successful 
SessionId: imeruceocfcubs45jjjmpzq1
2016-12-16 12:46:53,053 [  5] INFO  AppManager [(null)] (Home.aspx) - Page Load 
SessionId: vbjtyl554empje55xkrnvhn0
2016-12-16 12:56:29,052 [ 11] INFO  AppManager [(null)] SimpleServings started.
2016-12-16 12:56:39,998 [  6] INFO  AppManager [(null)] (landingPage.aspx) - Redirecting to Login.aspx 
Request Type: LogInOut 
SessionId: vbjtyl554empje55xkrnvhn0
2016-12-16 12:56:47,504 [  8] INFO  AppManager [(null)] (Home.aspx) - Page Load 
SessionId: cuzxemy42qczax45qq3vjibp
2016-12-16 12:57:06,865 [ 11] INFO  AppManager [(null)] SimpleServings started.
2016-12-16 12:57:09,163 [  8] INFO  AppManager [(null)] (landingPage.aspx) - Redirecting to Login.aspx 
Request Type: LogInOut 
SessionId: cuzxemy42qczax45qq3vjibp
2016-12-16 12:57:16,009 [  6] INFO  AppManager [(null)] (Home.aspx) - Page Load 
SessionId: tfql35npzyvjvp3h4fdhdd45
2016-12-16 12:58:49,826 [ 13] INFO  AppManager [(null)] SimpleServings started.
2016-12-16 12:58:53,829 [  5] INFO  AppManager [(null)] (landingPage.aspx) - Redirecting to Login.aspx 
Request Type: LogInOut 
SessionId: tfql35npzyvjvp3h4fdhdd45
2016-12-16 12:58:59,602 [  5] INFO  AppManager [(null)] (Home.aspx) - Page Load 
SessionId: m3bhxi45kkmelzv33zpwdw55
2016-12-16 12:59:34,550 [ 11] INFO  AppManager [(null)] SimpleServings started.
2016-12-16 12:59:45,420 [  6] INFO  AppManager [(null)] (landingPage.aspx) - Redirecting to Login.aspx 
Request Type: LogInOut 
SessionId: m3bhxi45kkmelzv33zpwdw55
2016-12-16 12:59:55,198 [  6] INFO  AppManager [(null)] (Home.aspx) - Page Load 
SessionId: ngqsq2ur5bsvzu45du1qllng
2016-12-16 13:00:25,406 [ 13] INFO  AppManager [(null)] SimpleServings started.
2016-12-16 13:00:27,668 [  7] INFO  AppManager [(null)] (landingPage.aspx) - Redirecting to Login.aspx 
Request Type: LogInOut 
SessionId: ngqsq2ur5bsvzu45du1qllng
2016-12-16 13:00:47,648 [  7] INFO  AppManager [(null)] (Home.aspx) - Page Load 
SessionId: 4czkja550vyigjvjjdjdanzp
2016-12-16 13:01:44,695 [ 11] INFO  AppManager [(null)] SimpleServings started.
2016-12-16 13:01:55,708 [  5] INFO  AppManager [(null)] (landingPage.aspx) - Redirecting to Login.aspx 
Request Type: LogInOut 
SessionId: 4czkja550vyigjvjjdjdanzp
2016-12-16 13:02:01,607 [  7] INFO  AppManager [(null)] (Home.aspx) - Page Load 
SessionId: 5qvoay2qmuhyfm555ygk3qyg
2016-12-16 13:04:41,221 [ 11] INFO  AppManager [(null)] SimpleServings started.
2016-12-16 13:04:41,432 [  5] INFO  AppManager [(null)] (landingPage.aspx) - Redirecting to Login.aspx 
Request Type: LogInOut 
SessionId: 5qvoay2qmuhyfm555ygk3qyg
2016-12-16 13:04:51,259 [  6] INFO  AppManager [(null)] (Home.aspx) - Page Load 
SessionId: kr2xzv55vefnem55fna54o45
2016-12-16 14:33:43,287 [  7] INFO  AppManager [(null)] (landingPage.aspx) - Request from http://localhost:1949/SimpleServings/UI/Page/SimpleServings/Menu/ViewMenu.aspx?MenuID=7235 
Request Type: LogInOut 
SessionId: kr2xzv55vefnem55fna54o45
2016-12-16 14:33:43,288 [  7] INFO  AppManager [(null)] (landingPage.aspx) - Redirecting to Login.aspx 
Request Type: LogInOut 
SessionId: kr2xzv55vefnem55fna54o45
2016-12-16 14:33:43,298 [  8] INFO  AppManager [(null)] (login.aspx) - Request from http://localhost:1949/SimpleServings/UI/Page/SimpleServings/Menu/ViewMenu.aspx?MenuID=7235 
SessionId: jhcxaq2rbefjwimix4yz2wio
2016-12-16 14:33:46,511 [  5] INFO  AppManager [(null)] (landingPage.aspx) - Clearing Session 
Request Type:  
SessionId: ey0oz055xtav4nbx2fjqto55
2016-12-16 14:33:46,525 [  6] INFO  AppManager [(null)] (landingPage.aspx) - New Session 
Request Type:  
SessionId: dqpqn4554fnk1hvr03ybf245
2016-12-16 14:33:46,842 [  5] INFO  AppManager [(null)] (login.aspx) - (cvais7773) - Login successful 
SessionId: wnceizrtm1tk0l45c2be5045
2016-12-16 14:33:46,853 [  8] INFO  AppManager [(null)] (Home.aspx) - Page Load 
SessionId: dqpqn4554fnk1hvr03ybf245
2016-12-16 14:38:52,837 [ 13] INFO  AppManager [(null)] SimpleServings started.
2016-12-16 14:39:03,582 [  7] INFO  AppManager [(null)] (login.aspx) - Request from http://localhost:1949/SimpleServings/UI/Page/SimpleServings/Menu/MenuList.aspx?MenuType=MyDrafts 
SessionId: dqpqn4554fnk1hvr03ybf245
2016-12-16 14:39:06,902 [  7] INFO  AppManager [(null)] (landingPage.aspx) - Clearing Session 
Request Type:  
SessionId: dqpqn4554fnk1hvr03ybf245
2016-12-16 14:39:06,990 [  8] INFO  AppManager [(null)] (login.aspx) - (cvais7773) - Login successful 
SessionId: dqpqn4554fnk1hvr03ybf245
2016-12-16 14:39:07,015 [  8] INFO  AppManager [(null)] (Home.aspx) - Page Load 
SessionId: 4p0stj453pkk2l3xu2j0yk45
2016-12-16 14:40:55,886 [  8] INFO  AppManager [(null)] (Home.aspx) - Page Load 
SessionId: 4p0stj453pkk2l3xu2j0yk45
2016-12-16 14:40:57,481 [  6] INFO  AppManager [(null)] (landingPage.aspx) - Request from http://localhost:1949/SimpleServings/ui/page/ 
Request Type: LogInOut 
SessionId: 4p0stj453pkk2l3xu2j0yk45
2016-12-16 14:40:57,482 [  6] INFO  AppManager [(null)] (landingPage.aspx) - Redirecting to Login.aspx 
Request Type: LogInOut 
SessionId: 4p0stj453pkk2l3xu2j0yk45
2016-12-16 14:40:57,489 [  7] INFO  AppManager [(null)] (login.aspx) - Request from http://localhost:1949/SimpleServings/ui/page/ 
SessionId: ytuevwqwslbudcauogsq0ijp
2016-12-16 14:41:00,215 [  7] INFO  AppManager [(null)] (landingPage.aspx) - Clearing Session 
Request Type:  
SessionId: dt4szm32c5j3ij55455dhffb
2016-12-16 14:41:00,230 [  8] INFO  AppManager [(null)] (landingPage.aspx) - New Session 
Request Type:  
SessionId: p3f2vw55kzeg2j55jyrcym55
2016-12-16 14:41:00,242 [  6] INFO  AppManager [(null)] (login.aspx) - (cvais7773) - Login successful 
SessionId: nodg4q554geqadvsyh055m45
2016-12-16 14:41:00,249 [  6] INFO  AppManager [(null)] (Home.aspx) - Page Load 
SessionId: p3f2vw55kzeg2j55jyrcym55
2016-12-16 16:22:46,177 [ 14] INFO  AppManager [(null)] SimpleServings started.
2016-12-16 16:22:56,834 [  7] INFO  AppManager [(null)] (Home.aspx) - Page Load 
SessionId: p3f2vw55kzeg2j55jyrcym55
2016-12-16 16:22:56,874 [  8] INFO  AppManager [(null)] (landingPage.aspx) - Request from http://localhost:1949/SimpleServings/UI/Page/MyZone.aspx?Control=EditUserGroup&UserGroupID=1 
Request Type: LogInOut 
SessionId: p3f2vw55kzeg2j55jyrcym55
2016-12-16 16:22:56,876 [  8] INFO  AppManager [(null)] (landingPage.aspx) - Redirecting to Login.aspx 
Request Type: LogInOut 
SessionId: p3f2vw55kzeg2j55jyrcym55
2016-12-16 16:23:01,227 [  5] INFO  AppManager [(null)] (Home.aspx) - Page Load 
SessionId: rqeccj45i2i3u5zprtqq4l2r
2016-12-16 16:24:42,568 [  5] INFO  AppManager [(null)] (landingPage.aspx) - Request from http://localhost:1949/SimpleServings/UI/Page/myzone.aspx?Control=ManageStaff 
Request Type: LogInOut 
SessionId: rqeccj45i2i3u5zprtqq4l2r
2016-12-16 16:24:42,569 [  5] INFO  AppManager [(null)] (landingPage.aspx) - Redirecting to Login.aspx 
Request Type: LogInOut 
SessionId: rqeccj45i2i3u5zprtqq4l2r
2016-12-16 16:24:42,578 [  8] INFO  AppManager [(null)] (login.aspx) - Request from http://localhost:1949/SimpleServings/UI/Page/myzone.aspx?Control=ManageStaff 
SessionId: 1m3fuf55oggfr1rxcdr5ll55
2016-12-16 16:24:47,506 [  7] INFO  AppManager [(null)] (landingPage.aspx) - Clearing Session 
Request Type:  
SessionId: vwieed45sxndyk45q4ryw52p
2016-12-16 16:24:47,521 [  5] INFO  AppManager [(null)] (landingPage.aspx) - New Session 
Request Type:  
SessionId: jffwbiis254pxe55du2nwjq4
2016-12-16 16:24:47,535 [  6] INFO  AppManager [(null)] (login.aspx) - (BShereshevsky) - Redirecting to ForcePasswordChange.aspx 
SessionId: htc3bpjfd55sjsyxy4ptpd45
2016-12-16 16:24:47,615 [  6] INFO  AppManager [(null)] (landingPage.aspx) - Request from http://localhost:1949/SimpleServings/UI/Page/Login.aspx 
Request Type: ForcePasswordChange 
SessionId: jffwbiis254pxe55du2nwjq4
2016-12-16 16:24:47,616 [  6] INFO  AppManager [(null)] (landingPage.aspx) - Redirecting to ForcePasswordChange.aspx 
Request Type: ForcePasswordChange 
SessionId: jffwbiis254pxe55du2nwjq4
2016-12-16 16:24:48,664 [  6] INFO  AppManager [(null)] (ForcePasswordChange.aspx) - Request from http://localhost:1949/SimpleServings/UI/Page/Login.aspx 
SessionId: 1elymmrdswinlm45qox2n545
2016-12-16 16:24:48,665 [  6] INFO  AppManager [(null)] (ForcePasswordChange.aspx) - http://localhost:1949/SimpleServings/UI/Page/SimpleServings/Staff/ForcePasswordChange.aspx?StaffID=450 
SessionId: 1elymmrdswinlm45qox2n545
2016-12-16 16:24:48,665 [  6] INFO  AppManager [(null)] (ForcePasswordChange.aspx) - Loading staff account info 
SessionId: 1elymmrdswinlm45qox2n545
2016-12-16 16:24:48,670 [  6] INFO  AppManager [(null)] (AddEditAccountInfo.ascx) - Request from http://localhost:1949/SimpleServings/UI/Page/SimpleServings/Staff/ForcePasswordChange.aspx?StaffID=450 
SessionId: 1elymmrdswinlm45qox2n545
2016-12-16 16:24:48,670 [  6] INFO  AppManager [(null)] (AddEditAccountInfo.ascx) - Request from http://localhost:1949/SimpleServings/UI/Page/SimpleServings/Staff/ForcePasswordChange.aspx?StaffID=450 
SessionId: 1elymmrdswinlm45qox2n545
2016-12-16 16:24:55,607 [  8] INFO  AppManager [(null)] (AddEditAccountInfo.ascx) - Saving new password 
SessionId: dsuuqq5541hjlhfknbu4q53g
2016-12-16 16:24:55,614 [  8] INFO  AppManager [(null)] (AddEditAccountInfo.ascx) - Redirecting to Home.aspx 
SessionId: dsuuqq5541hjlhfknbu4q53g
2016-12-16 16:24:55,635 [  6] INFO  AppManager [(null)] (Home.aspx) - Page Load 
SessionId: dsuuqq5541hjlhfknbu4q53g
2016-12-16 16:25:10,800 [  6] ERROR AppManager [(null)] SimpleServings application error: Exception of type 'System.Web.HttpUnhandledException' was thrown.
System.Web.HttpUnhandledException: Exception of type 'System.Web.HttpUnhandledException' was thrown. ---> System.ApplicationException: You are not allowed to access this page
   at SimpleServings.UI.Page.SimpleServings.Menu.AddSampleMenu.ApplyPermissions() in c:\TFS\DFTA\SimpleServings\SimpleServings\SimpleServings\UI\Page\SimpleServings\Menu\AddSampleMenu.aspx.cs:line 34
   at SimpleServings.UI.Page.SimpleServings.Menu.AddSampleMenu.Page_Load(Object sender, EventArgs e) in c:\TFS\DFTA\SimpleServings\SimpleServings\SimpleServings\UI\Page\SimpleServings\Menu\AddSampleMenu.aspx.cs:line 15
   at System.Web.Util.CalliHelper.EventArgFunctionCaller(IntPtr fp, Object o, Object t, EventArgs e)
   at System.Web.Util.CalliEventHandlerDelegateProxy.Callback(Object sender, EventArgs e)
   at System.Web.UI.Control.OnLoad(EventArgs e)
   at System.Web.UI.Control.LoadRecursive()
   at System.Web.UI.Page.ProcessRequestMain(Boolean includeStagesBeforeAsyncPoint, Boolean includeStagesAfterAsyncPoint)
   --- End of inner exception stack trace ---
   at System.Web.UI.Page.HandleError(Exception e)
   at System.Web.UI.Page.ProcessRequestMain(Boolean includeStagesBeforeAsyncPoint, Boolean includeStagesAfterAsyncPoint)
   at System.Web.UI.Page.ProcessRequest(Boolean includeStagesBeforeAsyncPoint, Boolean includeStagesAfterAsyncPoint)
   at System.Web.UI.Page.ProcessRequest()
   at System.Web.UI.Page.ProcessRequestWithNoAssert(HttpContext context)
   at System.Web.UI.Page.ProcessRequest(HttpContext context)
   at ASP.ui_page_simpleservings_menu_addsamplemenu_aspx.ProcessRequest(HttpContext context) in c:\Windows\Microsoft.NET\Framework\v2.0.50727\Temporary ASP.NET Files\simpleservings\50605a42\75e306da\App_Web_40k68sys.2.cs:line 0
   at System.Web.HttpApplication.CallHandlerExecutionStep.System.Web.HttpApplication.IExecutionStep.Execute()
   at System.Web.HttpApplication.ExecuteStep(IExecutionStep step, Boolean& completedSynchronously)
2016-12-16 16:26:28,253 [  7] INFO  AppManager [(null)] (landingPage.aspx) - Request from http://localhost:1949/SimpleServings/UI/Page/SimpleServings/Menu/MenuList.aspx?MenuType=ViewSamples 
Request Type: LogInOut 
SessionId: dsuuqq5541hjlhfknbu4q53g
2016-12-16 16:26:28,254 [  7] INFO  AppManager [(null)] (landingPage.aspx) - Redirecting to Login.aspx 
Request Type: LogInOut 
SessionId: dsuuqq5541hjlhfknbu4q53g
2016-12-16 16:26:28,264 [  6] INFO  AppManager [(null)] (login.aspx) - Request from http://localhost:1949/SimpleServings/UI/Page/SimpleServings/Menu/MenuList.aspx?MenuType=ViewSamples 
SessionId: m4lmg1qpwo54kb3r5xeaqgqa
2016-12-16 16:26:31,007 [  7] INFO  AppManager [(null)] (landingPage.aspx) - Clearing Session 
Request Type:  
SessionId: mtrmga55hke2bcfwa33xhr55
2016-12-16 16:26:31,030 [  8] INFO  AppManager [(null)] (landingPage.aspx) - New Session 
Request Type:  
SessionId: bmj51yye4mpiicqtj23pcs55
2016-12-16 16:26:31,038 [  7] INFO  AppManager [(null)] (login.aspx) - (cvais7773) - Login successful 
SessionId: racily45iubl1355qxatdb3i
2016-12-16 16:26:31,045 [  8] INFO  AppManager [(null)] (Home.aspx) - Page Load 
SessionId: bmj51yye4mpiicqtj23pcs55
2016-12-16 16:36:41,159 [ 10] INFO  AppManager [(null)] SimpleServings started.
2016-12-16 16:36:51,255 [  7] INFO  AppManager [(null)] (landingPage.aspx) - Redirecting to Login.aspx 
Request Type: LogInOut 
SessionId: bmj51yye4mpiicqtj23pcs55
2016-12-16 16:36:54,647 [  7] INFO  AppManager [(null)] (Home.aspx) - Page Load 
SessionId: oywsubidbevyd1rkc2oop155
2016-12-16 16:43:52,240 [  1] INFO  AppManager [(null)] SimpleServings started.
2016-12-16 16:44:08,601 [  7] INFO  AppManager [(null)] (landingPage.aspx) - Redirecting to Login.aspx 
Request Type: LogInOut 
SessionId: 
2016-12-16 16:44:18,340 [  7] INFO  AppManager [(null)] (Home.aspx) - Page Load 
SessionId: qjlhb4zr5ootdq453ko50255
2016-12-16 16:44:24,922 [  8] ERROR AppManager [(null)] SimpleServings application error: Exception of type 'System.Web.HttpUnhandledException' was thrown.
System.Web.HttpUnhandledException: Exception of type 'System.Web.HttpUnhandledException' was thrown. ---> System.Web.HttpException: Control 'cblDays' referenced by the ControlToValidate property of 'rfvDaysofService' cannot be validated.
   at System.Web.UI.WebControls.BaseValidator.CheckControlValidationProperty(String name, String propertyName)
   at System.Web.UI.WebControls.BaseValidator.ControlPropertiesValid()
   at System.Web.UI.WebControls.BaseValidator.get_PropertiesValid()
   at System.Web.UI.WebControls.BaseValidator.OnPreRender(EventArgs e)
   at System.Web.UI.Control.PreRenderRecursiveInternal()
   at System.Web.UI.Control.PreRenderRecursiveInternal()
   at System.Web.UI.Control.PreRenderRecursiveInternal()
   at System.Web.UI.Control.PreRenderRecursiveInternal()
   at System.Web.UI.Control.PreRenderRecursiveInternal()
   at System.Web.UI.Control.PreRenderRecursiveInternal()
   at System.Web.UI.Control.PreRenderRecursiveInternal()
   at System.Web.UI.Page.ProcessRequestMain(Boolean includeStagesBeforeAsyncPoint, Boolean includeStagesAfterAsyncPoint)
   --- End of inner exception stack trace ---
   at System.Web.UI.Page.HandleError(Exception e)
   at System.Web.UI.Page.ProcessRequestMain(Boolean includeStagesBeforeAsyncPoint, Boolean includeStagesAfterAsyncPoint)
   at System.Web.UI.Page.ProcessRequest(Boolean includeStagesBeforeAsyncPoint, Boolean includeStagesAfterAsyncPoint)
   at System.Web.UI.Page.ProcessRequest()
   at System.Web.UI.Page.ProcessRequestWithNoAssert(HttpContext context)
   at System.Web.UI.Page.ProcessRequest(HttpContext context)
   at ASP.ui_page_simpleservings_menu_addmenu_aspx.ProcessRequest(HttpContext context) in c:\Windows\Microsoft.NET\Framework\v2.0.50727\Temporary ASP.NET Files\simpleservings\50605a42\75e306da\App_Web_hjpbz6ez.2.cs:line 0
   at System.Web.HttpApplication.CallHandlerExecutionStep.System.Web.HttpApplication.IExecutionStep.Execute()
   at System.Web.HttpApplication.ExecuteStep(IExecutionStep step, Boolean& completedSynchronously)
2016-12-16 16:48:52,956 [  6] INFO  AppManager [(null)] (landingPage.aspx) - Request from http://localhost:1949/SimpleServings/UI/Page/SimpleServings/Menu/AddSampleMenu.aspx 
Request Type: LogInOut 
SessionId: oywsubidbevyd1rkc2oop155
2016-12-16 16:48:52,956 [  6] INFO  AppManager [(null)] (landingPage.aspx) - Redirecting to Login.aspx 
Request Type: LogInOut 
SessionId: oywsubidbevyd1rkc2oop155
2016-12-16 16:48:52,962 [  7] INFO  AppManager [(null)] (login.aspx) - Request from http://localhost:1949/SimpleServings/UI/Page/SimpleServings/Menu/AddSampleMenu.aspx 
SessionId: q11anyyiyxpax345tlypzj55
2016-12-16 16:48:55,951 [  8] INFO  AppManager [(null)] (landingPage.aspx) - Clearing Session 
Request Type:  
SessionId: zbeqff45j4jciwnjnetkmp55
2016-12-16 16:48:55,968 [  8] INFO  AppManager [(null)] (landingPage.aspx) - New Session 
Request Type:  
SessionId: 5xbcm355huunsbfwfmuu3nib
2016-12-16 16:48:55,975 [  7] INFO  AppManager [(null)] (login.aspx) - (cvais7773) - Login successful 
SessionId: i5nqce2qmo1brr451ygjmnza
2016-12-16 16:48:55,983 [  6] INFO  AppManager [(null)] (Home.aspx) - Page Load 
SessionId: 5xbcm355huunsbfwfmuu3nib
2016-12-16 17:00:03,974 [ 11] INFO  AppManager [(null)] SimpleServings started.
2016-12-16 17:00:11,127 [  5] INFO  AppManager [(null)] (Home.aspx) - Page Load 
SessionId: 5xbcm355huunsbfwfmuu3nib
2016-12-16 17:00:11,129 [  8] INFO  AppManager [(null)] (landingPage.aspx) - Request from http://localhost:1949/SimpleServings/UI/Page/SimpleServings/Menu/MenuList.aspx?MenuType=ViewSamples 
Request Type: LogInOut 
SessionId: 5xbcm355huunsbfwfmuu3nib
2016-12-16 17:00:11,130 [  8] INFO  AppManager [(null)] (landingPage.aspx) - Redirecting to Login.aspx 
Request Type: LogInOut 
SessionId: 5xbcm355huunsbfwfmuu3nib
2016-12-16 17:00:14,203 [  6] INFO  AppManager [(null)] (Home.aspx) - Page Load 
SessionId: cb1yawfat4vyk345gwavnru2
2016-12-16 17:17:26,891 [ 13] INFO  AppManager [(null)] SimpleServings started.
2016-12-16 17:17:34,066 [  5] INFO  AppManager [(null)] (Home.aspx) - Page Load 
SessionId: cb1yawfat4vyk345gwavnru2
2016-12-16 17:17:40,995 [  8] INFO  AppManager [(null)] (landingPage.aspx) - Request from http://localhost:1949/SimpleServings/UI/Page/ 
Request Type: LogInOut 
SessionId: cb1yawfat4vyk345gwavnru2
2016-12-16 17:17:40,996 [  8] INFO  AppManager [(null)] (landingPage.aspx) - Redirecting to Login.aspx 
Request Type: LogInOut 
SessionId: cb1yawfat4vyk345gwavnru2
2016-12-16 17:17:44,168 [  8] INFO  AppManager [(null)] (Home.aspx) - Page Load 
SessionId: htdr2tvy5iqstp55uudizeqw
2016-12-16 17:17:54,709 [  5] ERROR AppManager [(null)] SimpleServings application error: Exception of type 'System.Web.HttpUnhandledException' was thrown.
System.Web.HttpUnhandledException: Exception of type 'System.Web.HttpUnhandledException' was thrown. ---> System.NullReferenceException: Object reference not set to an instance of an object.
   at SimpleServings.UI.UDC.SimpleServings.Menu.AddMenu.WhenAddSampleMenu() in c:\TFS\DFTA\SimpleServings\SimpleServings\SimpleServings\UI\UDC\SimpleServings\Menu\AddMenu.ascx.cs:line 261
   at SimpleServings.UI.Page.SimpleServings.Menu.AddSampleMenu.Page_LoadCompleted(Object sender, EventArgs e) in c:\TFS\DFTA\SimpleServings\SimpleServings\SimpleServings\UI\Page\SimpleServings\Menu\AddSampleMenu.aspx.cs:line 41
   at System.Web.UI.Page.OnLoadComplete(EventArgs e)
   at System.Web.UI.Page.ProcessRequestMain(Boolean includeStagesBeforeAsyncPoint, Boolean includeStagesAfterAsyncPoint)
   --- End of inner exception stack trace ---
   at System.Web.UI.Page.HandleError(Exception e)
   at System.Web.UI.Page.ProcessRequestMain(Boolean includeStagesBeforeAsyncPoint, Boolean includeStagesAfterAsyncPoint)
   at System.Web.UI.Page.ProcessRequest(Boolean includeStagesBeforeAsyncPoint, Boolean includeStagesAfterAsyncPoint)
   at System.Web.UI.Page.ProcessRequest()
   at System.Web.UI.Page.ProcessRequestWithNoAssert(HttpContext context)
   at System.Web.UI.Page.ProcessRequest(HttpContext context)
   at ASP.ui_page_simpleservings_menu_addsamplemenu_aspx.ProcessRequest(HttpContext context) in c:\Windows\Microsoft.NET\Framework\v2.0.50727\Temporary ASP.NET Files\simpleservings\50605a42\75e306da\App_Web_irjqykxj.0.cs:line 0
   at System.Web.HttpApplication.CallHandlerExecutionStep.System.Web.HttpApplication.IExecutionStep.Execute()
   at System.Web.HttpApplication.ExecuteStep(IExecutionStep step, Boolean& completedSynchronously)
2016-12-16 17:18:42,266 [  1] INFO  AppManager [(null)] SimpleServings started.
2016-12-16 17:18:44,849 [  5] INFO  AppManager [(null)] (landingPage.aspx) - Redirecting to Login.aspx 
Request Type: LogInOut 
SessionId: 
2016-12-16 17:18:50,467 [  7] INFO  AppManager [(null)] (Home.aspx) - Page Load 
SessionId: u4ikxji03k1emjfaxbpof2r2
2016-12-16 17:20:54,853 [  5] ERROR AppManager [(null)] SimpleServings application error: Exception of type 'System.Web.HttpUnhandledException' was thrown.
System.Web.HttpUnhandledException: Exception of type 'System.Web.HttpUnhandledException' was thrown. ---> System.NullReferenceException: Object reference not set to an instance of an object.
   at SimpleServings.UI.UDC.SimpleServings.Menu.AddMenu.WhenAddSampleMenu() in c:\TFS\DFTA\SimpleServings\SimpleServings\SimpleServings\UI\UDC\SimpleServings\Menu\AddMenu.ascx.cs:line 261
   at SimpleServings.UI.Page.SimpleServings.Menu.AddSampleMenu.Page_LoadCompleted(Object sender, EventArgs e) in c:\TFS\DFTA\SimpleServings\SimpleServings\SimpleServings\UI\Page\SimpleServings\Menu\AddSampleMenu.aspx.cs:line 41
   at System.Web.UI.Page.OnLoadComplete(EventArgs e)
   at System.Web.UI.Page.ProcessRequestMain(Boolean includeStagesBeforeAsyncPoint, Boolean includeStagesAfterAsyncPoint)
   --- End of inner exception stack trace ---
   at System.Web.UI.Page.HandleError(Exception e)
   at System.Web.UI.Page.ProcessRequestMain(Boolean includeStagesBeforeAsyncPoint, Boolean includeStagesAfterAsyncPoint)
   at System.Web.UI.Page.ProcessRequest(Boolean includeStagesBeforeAsyncPoint, Boolean includeStagesAfterAsyncPoint)
   at System.Web.UI.Page.ProcessRequest()
   at System.Web.UI.Page.ProcessRequestWithNoAssert(HttpContext context)
   at System.Web.UI.Page.ProcessRequest(HttpContext context)
   at ASP.ui_page_simpleservings_menu_addsamplemenu_aspx.ProcessRequest(HttpContext context) in c:\Windows\Microsoft.NET\Framework\v2.0.50727\Temporary ASP.NET Files\simpleservings\50605a42\75e306da\App_Web_irjqykxj.0.cs:line 0
   at System.Web.HttpApplication.CallHandlerExecutionStep.System.Web.HttpApplication.IExecutionStep.Execute()
   at System.Web.HttpApplication.ExecuteStep(IExecutionStep step, Boolean& completedSynchronously)
2016-12-16 17:21:30,101 [  1] INFO  AppManager [(null)] SimpleServings started.
2016-12-16 17:21:37,528 [  5] INFO  AppManager [(null)] (Home.aspx) - Page Load 
SessionId: htdr2tvy5iqstp55uudizeqw
2016-12-16 17:21:41,045 [  8] INFO  AppManager [(null)] (landingPage.aspx) - Request from http://localhost:1949/SimpleServings/ui/page/ 
Request Type: LogInOut 
SessionId: htdr2tvy5iqstp55uudizeqw
2016-12-16 17:21:41,047 [  8] INFO  AppManager [(null)] (landingPage.aspx) - Redirecting to Login.aspx 
Request Type: LogInOut 
SessionId: htdr2tvy5iqstp55uudizeqw
2016-12-16 17:21:44,026 [  8] INFO  AppManager [(null)] (Home.aspx) - Page Load 
SessionId: j55z0t4554dxc445bba2nk45
2016-12-16 17:22:04,260 [  5] ERROR AppManager [(null)] SimpleServings application error: Exception of type 'System.Web.HttpUnhandledException' was thrown.
System.Web.HttpUnhandledException: Exception of type 'System.Web.HttpUnhandledException' was thrown. ---> System.Web.HttpException: Cannot have multiple items selected in a DropDownList.
   at System.Web.UI.WebControls.DropDownList.VerifyMultiSelect()
   at System.Web.UI.WebControls.ListControl.RenderContents(HtmlTextWriter writer)
   at System.Web.UI.WebControls.WebControl.Render(HtmlTextWriter writer)
   at System.Web.UI.Control.RenderControlInternal(HtmlTextWriter writer, ControlAdapter adapter)
   at System.Web.UI.Control.RenderControl(HtmlTextWriter writer, ControlAdapter adapter)
   at System.Web.UI.Control.RenderControl(HtmlTextWriter writer)
   at System.Web.UI.Control.RenderChildrenInternal(HtmlTextWriter writer, ICollection children)
   at System.Web.UI.Control.RenderChildren(HtmlTextWriter writer)
   at System.Web.UI.HtmlControls.HtmlContainerControl.Render(HtmlTextWriter writer)
   at System.Web.UI.Control.RenderControlInternal(HtmlTextWriter writer, ControlAdapter adapter)
   at System.Web.UI.Control.RenderControl(HtmlTextWriter writer, ControlAdapter adapter)
   at System.Web.UI.Control.RenderControl(HtmlTextWriter writer)
   at System.Web.UI.Control.RenderChildrenInternal(HtmlTextWriter writer, ICollection children)
   at System.Web.UI.Control.RenderChildren(HtmlTextWriter writer)
   at System.Web.UI.WebControls.WebControl.RenderContents(HtmlTextWriter writer)
   at System.Web.UI.WebControls.WebControl.Render(HtmlTextWriter writer)
   at System.Web.UI.Control.RenderControlInternal(HtmlTextWriter writer, ControlAdapter adapter)
   at System.Web.UI.Control.RenderControl(HtmlTextWriter writer, ControlAdapter adapter)
   at System.Web.UI.Control.RenderControl(HtmlTextWriter writer)
   at System.Web.UI.Control.RenderChildrenInternal(HtmlTextWriter writer, ICollection children)
   at System.Web.UI.Control.RenderChildren(HtmlTextWriter writer)
   at System.Web.UI.Control.Render(HtmlTextWriter writer)
   at System.Web.UI.Control.RenderControlInternal(HtmlTextWriter writer, ControlAdapter adapter)
   at System.Web.UI.Control.RenderControl(HtmlTextWriter writer, ControlAdapter adapter)
   at System.Web.UI.Control.RenderControl(HtmlTextWriter writer)
   at System.Web.UI.Control.RenderChildrenInternal(HtmlTextWriter writer, ICollection children)
   at System.Web.UI.Control.RenderChildren(HtmlTextWriter writer)
   at System.Web.UI.HtmlControls.HtmlForm.RenderChildren(HtmlTextWriter writer)
   at System.Web.UI.HtmlControls.HtmlContainerControl.Render(HtmlTextWriter writer)
   at System.Web.UI.HtmlControls.HtmlForm.Render(HtmlTextWriter output)
   at System.Web.UI.Control.RenderControlInternal(HtmlTextWriter writer, ControlAdapter adapter)
   at System.Web.UI.Control.RenderControl(HtmlTextWriter writer, ControlAdapter adapter)
   at System.Web.UI.HtmlControls.HtmlForm.RenderControl(HtmlTextWriter writer)
   at System.Web.UI.Control.RenderChildrenInternal(HtmlTextWriter writer, ICollection children)
   at System.Web.UI.Control.RenderChildren(HtmlTextWriter writer)
   at System.Web.UI.Control.Render(HtmlTextWriter writer)
   at System.Web.UI.Control.RenderControlInternal(HtmlTextWriter writer, ControlAdapter adapter)
   at System.Web.UI.Control.RenderControl(HtmlTextWriter writer, ControlAdapter adapter)
   at System.Web.UI.Control.RenderControl(HtmlTextWriter writer)
   at System.Web.UI.Control.RenderChildrenInternal(HtmlTextWriter writer, ICollection children)
   at System.Web.UI.Control.RenderChildren(HtmlTextWriter writer)
   at System.Web.UI.Control.Render(HtmlTextWriter writer)
   at System.Web.UI.Control.RenderControlInternal(HtmlTextWriter writer, ControlAdapter adapter)
   at System.Web.UI.Control.RenderControl(HtmlTextWriter writer, ControlAdapter adapter)
   at System.Web.UI.Control.RenderControl(HtmlTextWriter writer)
   at System.Web.UI.Control.RenderChildrenInternal(HtmlTextWriter writer, ICollection children)
   at System.Web.UI.Control.RenderChildren(HtmlTextWriter writer)
   at System.Web.UI.Page.Render(HtmlTextWriter writer)
   at System.Web.UI.Control.RenderControlInternal(HtmlTextWriter writer, ControlAdapter adapter)
   at System.Web.UI.Control.RenderControl(HtmlTextWriter writer, ControlAdapter adapter)
   at System.Web.UI.Control.RenderControl(HtmlTextWriter writer)
   at System.Web.UI.Page.ProcessRequestMain(Boolean includeStagesBeforeAsyncPoint, Boolean includeStagesAfterAsyncPoint)
   --- End of inner exception stack trace ---
   at System.Web.UI.Page.HandleError(Exception e)
   at System.Web.UI.Page.ProcessRequestMain(Boolean includeStagesBeforeAsyncPoint, Boolean includeStagesAfterAsyncPoint)
   at System.Web.UI.Page.ProcessRequest(Boolean includeStagesBeforeAsyncPoint, Boolean includeStagesAfterAsyncPoint)
   at System.Web.UI.Page.ProcessRequest()
   at System.Web.UI.Page.ProcessRequestWithNoAssert(HttpContext context)
   at System.Web.UI.Page.ProcessRequest(HttpContext context)
   at ASP.ui_page_simpleservings_menu_addsamplemenu_aspx.ProcessRequest(HttpContext context) in c:\Windows\Microsoft.NET\Framework\v2.0.50727\Temporary ASP.NET Files\simpleservings\50605a42\75e306da\App_Web_rstxbrzg.5.cs:line 0
   at System.Web.HttpApplication.CallHandlerExecutionStep.System.Web.HttpApplication.IExecutionStep.Execute()
   at System.Web.HttpApplication.ExecuteStep(IExecutionStep step, Boolean& completedSynchronously)
2016-12-16 17:23:06,213 [  1] INFO  AppManager [(null)] SimpleServings started.
2016-12-16 17:23:14,044 [  5] INFO  AppManager [(null)] (Home.aspx) - Page Load 
SessionId: j55z0t4554dxc445bba2nk45
2016-12-16 17:23:18,873 [  5] INFO  AppManager [(null)] (landingPage.aspx) - Request from http://localhost:1949/SimpleServings/ui/page/ 
Request Type: LogInOut 
SessionId: j55z0t4554dxc445bba2nk45
2016-12-16 17:23:18,874 [  5] INFO  AppManager [(null)] (landingPage.aspx) - Redirecting to Login.aspx 
Request Type: LogInOut 
SessionId: j55z0t4554dxc445bba2nk45
2016-12-16 17:23:21,620 [  8] INFO  AppManager [(null)] (Home.aspx) - Page Load 
SessionId: vui2agnbdridzijyi1bozvbl
2016-12-16 17:23:38,302 [ 10] ERROR AppManager [(null)] SimpleServings application error: Exception of type 'System.Web.HttpUnhandledException' was thrown.
System.Web.HttpUnhandledException: Exception of type 'System.Web.HttpUnhandledException' was thrown. ---> System.Web.HttpException: Cannot have multiple items selected in a DropDownList.
   at System.Web.UI.WebControls.DropDownList.VerifyMultiSelect()
   at System.Web.UI.WebControls.ListControl.RenderContents(HtmlTextWriter writer)
   at System.Web.UI.WebControls.WebControl.Render(HtmlTextWriter writer)
   at System.Web.UI.Control.RenderControlInternal(HtmlTextWriter writer, ControlAdapter adapter)
   at System.Web.UI.Control.RenderControl(HtmlTextWriter writer, ControlAdapter adapter)
   at System.Web.UI.Control.RenderControl(HtmlTextWriter writer)
   at System.Web.UI.Control.RenderChildrenInternal(HtmlTextWriter writer, ICollection children)
   at System.Web.UI.Control.RenderChildren(HtmlTextWriter writer)
   at System.Web.UI.HtmlControls.HtmlContainerControl.Render(HtmlTextWriter writer)
   at System.Web.UI.Control.RenderControlInternal(HtmlTextWriter writer, ControlAdapter adapter)
   at System.Web.UI.Control.RenderControl(HtmlTextWriter writer, ControlAdapter adapter)
   at System.Web.UI.Control.RenderControl(HtmlTextWriter writer)
   at System.Web.UI.Control.RenderChildrenInternal(HtmlTextWriter writer, ICollection children)
   at System.Web.UI.Control.RenderChildren(HtmlTextWriter writer)
   at System.Web.UI.WebControls.WebControl.RenderContents(HtmlTextWriter writer)
   at System.Web.UI.WebControls.WebControl.Render(HtmlTextWriter writer)
   at System.Web.UI.Control.RenderControlInternal(HtmlTextWriter writer, ControlAdapter adapter)
   at System.Web.UI.Control.RenderControl(HtmlTextWriter writer, ControlAdapter adapter)
   at System.Web.UI.Control.RenderControl(HtmlTextWriter writer)
   at System.Web.UI.Control.RenderChildrenInternal(HtmlTextWriter writer, ICollection children)
   at System.Web.UI.Control.RenderChildren(HtmlTextWriter writer)
   at System.Web.UI.Control.Render(HtmlTextWriter writer)
   at System.Web.UI.Control.RenderControlInternal(HtmlTextWriter writer, ControlAdapter adapter)
   at System.Web.UI.Control.RenderControl(HtmlTextWriter writer, ControlAdapter adapter)
   at System.Web.UI.Control.RenderControl(HtmlTextWriter writer)
   at System.Web.UI.Control.RenderChildrenInternal(HtmlTextWriter writer, ICollection children)
   at System.Web.UI.Control.RenderChildren(HtmlTextWriter writer)
   at System.Web.UI.HtmlControls.HtmlForm.RenderChildren(HtmlTextWriter writer)
   at System.Web.UI.HtmlControls.HtmlContainerControl.Render(HtmlTextWriter writer)
   at System.Web.UI.HtmlControls.HtmlForm.Render(HtmlTextWriter output)
   at System.Web.UI.Control.RenderControlInternal(HtmlTextWriter writer, ControlAdapter adapter)
   at System.Web.UI.Control.RenderControl(HtmlTextWriter writer, ControlAdapter adapter)
   at System.Web.UI.HtmlControls.HtmlForm.RenderControl(HtmlTextWriter writer)
   at System.Web.UI.Control.RenderChildrenInternal(HtmlTextWriter writer, ICollection children)
   at System.Web.UI.Control.RenderChildren(HtmlTextWriter writer)
   at System.Web.UI.Control.Render(HtmlTextWriter writer)
   at System.Web.UI.Control.RenderControlInternal(HtmlTextWriter writer, ControlAdapter adapter)
   at System.Web.UI.Control.RenderControl(HtmlTextWriter writer, ControlAdapter adapter)
   at System.Web.UI.Control.RenderControl(HtmlTextWriter writer)
   at System.Web.UI.Control.RenderChildrenInternal(HtmlTextWriter writer, ICollection children)
   at System.Web.UI.Control.RenderChildren(HtmlTextWriter writer)
   at System.Web.UI.Control.Render(HtmlTextWriter writer)
   at System.Web.UI.Control.RenderControlInternal(HtmlTextWriter writer, ControlAdapter adapter)
   at System.Web.UI.Control.RenderControl(HtmlTextWriter writer, ControlAdapter adapter)
   at System.Web.UI.Control.RenderControl(HtmlTextWriter writer)
   at System.Web.UI.Control.RenderChildrenInternal(HtmlTextWriter writer, ICollection children)
   at System.Web.UI.Control.RenderChildren(HtmlTextWriter writer)
   at System.Web.UI.Page.Render(HtmlTextWriter writer)
   at System.Web.UI.Control.RenderControlInternal(HtmlTextWriter writer, ControlAdapter adapter)
   at System.Web.UI.Control.RenderControl(HtmlTextWriter writer, ControlAdapter adapter)
   at System.Web.UI.Control.RenderControl(HtmlTextWriter writer)
   at System.Web.UI.Page.ProcessRequestMain(Boolean includeStagesBeforeAsyncPoint, Boolean includeStagesAfterAsyncPoint)
   --- End of inner exception stack trace ---
   at System.Web.UI.Page.HandleError(Exception e)
   at System.Web.UI.Page.ProcessRequestMain(Boolean includeStagesBeforeAsyncPoint, Boolean includeStagesAfterAsyncPoint)
   at System.Web.UI.Page.ProcessRequest(Boolean includeStagesBeforeAsyncPoint, Boolean includeStagesAfterAsyncPoint)
   at System.Web.UI.Page.ProcessRequest()
   at System.Web.UI.Page.ProcessRequestWithNoAssert(HttpContext context)
   at System.Web.UI.Page.ProcessRequest(HttpContext context)
   at ASP.ui_page_simpleservings_menu_addsamplemenu_aspx.ProcessRequest(HttpContext context) in c:\Windows\Microsoft.NET\Framework\v2.0.50727\Temporary ASP.NET Files\simpleservings\50605a42\75e306da\App_Web_okrmmuyr.4.cs:line 0
   at System.Web.HttpApplication.CallHandlerExecutionStep.System.Web.HttpApplication.IExecutionStep.Execute()
   at System.Web.HttpApplication.ExecuteStep(IExecutionStep step, Boolean& completedSynchronously)
2016-12-16 17:24:44,975 [  1] INFO  AppManager [(null)] SimpleServings started.
2016-12-16 17:24:51,915 [ 10] INFO  AppManager [(null)] (Home.aspx) - Page Load 
SessionId: vui2agnbdridzijyi1bozvbl
2016-12-16 17:24:53,886 [ 10] INFO  AppManager [(null)] (landingPage.aspx) - Request from http://localhost:1949/SimpleServings/ui/page/ 
Request Type: LogInOut 
SessionId: vui2agnbdridzijyi1bozvbl
2016-12-16 17:24:53,887 [ 10] INFO  AppManager [(null)] (landingPage.aspx) - Redirecting to Login.aspx 
Request Type: LogInOut 
SessionId: vui2agnbdridzijyi1bozvbl
2016-12-16 17:24:56,709 [  5] INFO  AppManager [(null)] (Home.aspx) - Page Load 
SessionId: xout2qzjjrtr3q45lgcelq55
2016-12-16 17:25:02,696 [  8] ERROR AppManager [(null)] SimpleServings application error: Exception of type 'System.Web.HttpUnhandledException' was thrown.
System.Web.HttpUnhandledException: Exception of type 'System.Web.HttpUnhandledException' was thrown. ---> System.Web.HttpException: Cannot have multiple items selected in a DropDownList.
   at System.Web.UI.WebControls.DropDownList.VerifyMultiSelect()
   at System.Web.UI.WebControls.ListControl.RenderContents(HtmlTextWriter writer)
   at System.Web.UI.WebControls.WebControl.Render(HtmlTextWriter writer)
   at System.Web.UI.Control.RenderControlInternal(HtmlTextWriter writer, ControlAdapter adapter)
   at System.Web.UI.Control.RenderControl(HtmlTextWriter writer, ControlAdapter adapter)
   at System.Web.UI.Control.RenderControl(HtmlTextWriter writer)
   at System.Web.UI.Control.RenderChildrenInternal(HtmlTextWriter writer, ICollection children)
   at System.Web.UI.Control.RenderChildren(HtmlTextWriter writer)
   at System.Web.UI.HtmlControls.HtmlContainerControl.Render(HtmlTextWriter writer)
   at System.Web.UI.Control.RenderControlInternal(HtmlTextWriter writer, ControlAdapter adapter)
   at System.Web.UI.Control.RenderControl(HtmlTextWriter writer, ControlAdapter adapter)
   at System.Web.UI.Control.RenderControl(HtmlTextWriter writer)
   at System.Web.UI.Control.RenderChildrenInternal(HtmlTextWriter writer, ICollection children)
   at System.Web.UI.Control.RenderChildren(HtmlTextWriter writer)
   at System.Web.UI.WebControls.WebControl.RenderContents(HtmlTextWriter writer)
   at System.Web.UI.WebControls.WebControl.Render(HtmlTextWriter writer)
   at System.Web.UI.Control.RenderControlInternal(HtmlTextWriter writer, ControlAdapter adapter)
   at System.Web.UI.Control.RenderControl(HtmlTextWriter writer, ControlAdapter adapter)
   at System.Web.UI.Control.RenderControl(HtmlTextWriter writer)
   at System.Web.UI.Control.RenderChildrenInternal(HtmlTextWriter writer, ICollection children)
   at System.Web.UI.Control.RenderChildren(HtmlTextWriter writer)
   at System.Web.UI.Control.Render(HtmlTextWriter writer)
   at System.Web.UI.Control.RenderControlInternal(HtmlTextWriter writer, ControlAdapter adapter)
   at System.Web.UI.Control.RenderControl(HtmlTextWriter writer, ControlAdapter adapter)
   at System.Web.UI.Control.RenderControl(HtmlTextWriter writer)
   at System.Web.UI.Control.RenderChildrenInternal(HtmlTextWriter writer, ICollection children)
   at System.Web.UI.Control.RenderChildren(HtmlTextWriter writer)
   at System.Web.UI.HtmlControls.HtmlForm.RenderChildren(HtmlTextWriter writer)
   at System.Web.UI.HtmlControls.HtmlContainerControl.Render(HtmlTextWriter writer)
   at System.Web.UI.HtmlControls.HtmlForm.Render(HtmlTextWriter output)
   at System.Web.UI.Control.RenderControlInternal(HtmlTextWriter writer, ControlAdapter adapter)
   at System.Web.UI.Control.RenderControl(HtmlTextWriter writer, ControlAdapter adapter)
   at System.Web.UI.HtmlControls.HtmlForm.RenderControl(HtmlTextWriter writer)
   at System.Web.UI.Control.RenderChildrenInternal(HtmlTextWriter writer, ICollection children)
   at System.Web.UI.Control.RenderChildren(HtmlTextWriter writer)
   at System.Web.UI.Control.Render(HtmlTextWriter writer)
   at System.Web.UI.Control.RenderControlInternal(HtmlTextWriter writer, ControlAdapter adapter)
   at System.Web.UI.Control.RenderControl(HtmlTextWriter writer, ControlAdapter adapter)
   at System.Web.UI.Control.RenderControl(HtmlTextWriter writer)
   at System.Web.UI.Control.RenderChildrenInternal(HtmlTextWriter writer, ICollection children)
   at System.Web.UI.Control.RenderChildren(HtmlTextWriter writer)
   at System.Web.UI.Control.Render(HtmlTextWriter writer)
   at System.Web.UI.Control.RenderControlInternal(HtmlTextWriter writer, ControlAdapter adapter)
   at System.Web.UI.Control.RenderControl(HtmlTextWriter writer, ControlAdapter adapter)
   at System.Web.UI.Control.RenderControl(HtmlTextWriter writer)
   at System.Web.UI.Control.RenderChildrenInternal(HtmlTextWriter writer, ICollection children)
   at System.Web.UI.Control.RenderChildren(HtmlTextWriter writer)
   at System.Web.UI.Page.Render(HtmlTextWriter writer)
   at System.Web.UI.Control.RenderControlInternal(HtmlTextWriter writer, ControlAdapter adapter)
   at System.Web.UI.Control.RenderControl(HtmlTextWriter writer, ControlAdapter adapter)
   at System.Web.UI.Control.RenderControl(HtmlTextWriter writer)
   at System.Web.UI.Page.ProcessRequestMain(Boolean includeStagesBeforeAsyncPoint, Boolean includeStagesAfterAsyncPoint)
   --- End of inner exception stack trace ---
   at System.Web.UI.Page.HandleError(Exception e)
   at System.Web.UI.Page.ProcessRequestMain(Boolean includeStagesBeforeAsyncPoint, Boolean includeStagesAfterAsyncPoint)
   at System.Web.UI.Page.ProcessRequest(Boolean includeStagesBeforeAsyncPoint, Boolean includeStagesAfterAsyncPoint)
   at System.Web.UI.Page.ProcessRequest()
   at System.Web.UI.Page.ProcessRequestWithNoAssert(HttpContext context)
   at System.Web.UI.Page.ProcessRequest(HttpContext context)
   at ASP.ui_page_simpleservings_menu_addsamplemenu_aspx.ProcessRequest(HttpContext context) in c:\Windows\Microsoft.NET\Framework\v2.0.50727\Temporary ASP.NET Files\simpleservings\50605a42\75e306da\App_Web_1utqsoov.12.cs:line 0
   at System.Web.HttpApplication.CallHandlerExecutionStep.System.Web.HttpApplication.IExecutionStep.Execute()
   at System.Web.HttpApplication.ExecuteStep(IExecutionStep step, Boolean& completedSynchronously)
2016-12-16 17:33:31,299 [  5] INFO  AppManager [(null)] (Home.aspx) - Page Load 
SessionId: xout2qzjjrtr3q45lgcelq55
2016-12-16 17:33:32,608 [  5] INFO  AppManager [(null)] (landingPage.aspx) - Request from http://localhost:1949/SimpleServings/ui/page/ 
Request Type: LogInOut 
SessionId: xout2qzjjrtr3q45lgcelq55
2016-12-16 17:33:32,609 [  5] INFO  AppManager [(null)] (landingPage.aspx) - Redirecting to Login.aspx 
Request Type: LogInOut 
SessionId: xout2qzjjrtr3q45lgcelq55
2016-12-16 17:33:32,619 [  5] INFO  AppManager [(null)] (login.aspx) - Request from http://localhost:1949/SimpleServings/ui/page/ 
SessionId: vzdkwu55i1bivsey0xwmqz55
2016-12-16 17:33:34,950 [  8] INFO  AppManager [(null)] (landingPage.aspx) - Clearing Session 
Request Type:  
SessionId: rkpjumzumukukkbfweuanc45
2016-12-16 17:33:34,966 [  9] INFO  AppManager [(null)] (landingPage.aspx) - New Session 
Request Type:  
SessionId: m5kr0g32digrdxanc0vyvvik
2016-12-16 17:33:34,975 [  8] INFO  AppManager [(null)] (login.aspx) - (cvais7773) - Login successful 
SessionId: ngpgpympecm24d3smqzqyi45
2016-12-16 17:33:34,982 [  8] INFO  AppManager [(null)] (Home.aspx) - Page Load 
SessionId: m5kr0g32digrdxanc0vyvvik
2016-12-16 17:33:44,277 [  8] ERROR AppManager [(null)] SimpleServings application error: Exception of type 'System.Web.HttpUnhandledException' was thrown.
System.Web.HttpUnhandledException: Exception of type 'System.Web.HttpUnhandledException' was thrown. ---> System.Web.HttpException: Cannot have multiple items selected in a DropDownList.
   at System.Web.UI.WebControls.DropDownList.VerifyMultiSelect()
   at System.Web.UI.WebControls.ListControl.RenderContents(HtmlTextWriter writer)
   at System.Web.UI.WebControls.WebControl.Render(HtmlTextWriter writer)
   at System.Web.UI.Control.RenderControlInternal(HtmlTextWriter writer, ControlAdapter adapter)
   at System.Web.UI.Control.RenderControl(HtmlTextWriter writer, ControlAdapter adapter)
   at System.Web.UI.Control.RenderControl(HtmlTextWriter writer)
   at System.Web.UI.Control.RenderChildrenInternal(HtmlTextWriter writer, ICollection children)
   at System.Web.UI.Control.RenderChildren(HtmlTextWriter writer)
   at System.Web.UI.HtmlControls.HtmlContainerControl.Render(HtmlTextWriter writer)
   at System.Web.UI.Control.RenderControlInternal(HtmlTextWriter writer, ControlAdapter adapter)
   at System.Web.UI.Control.RenderControl(HtmlTextWriter writer, ControlAdapter adapter)
   at System.Web.UI.Control.RenderControl(HtmlTextWriter writer)
   at System.Web.UI.Control.RenderChildrenInternal(HtmlTextWriter writer, ICollection children)
   at System.Web.UI.Control.RenderChildren(HtmlTextWriter writer)
   at System.Web.UI.WebControls.WebControl.RenderContents(HtmlTextWriter writer)
   at System.Web.UI.WebControls.WebControl.Render(HtmlTextWriter writer)
   at System.Web.UI.Control.RenderControlInternal(HtmlTextWriter writer, ControlAdapter adapter)
   at System.Web.UI.Control.RenderControl(HtmlTextWriter writer, ControlAdapter adapter)
   at System.Web.UI.Control.RenderControl(HtmlTextWriter writer)
   at System.Web.UI.Control.RenderChildrenInternal(HtmlTextWriter writer, ICollection children)
   at System.Web.UI.Control.RenderChildren(HtmlTextWriter writer)
   at System.Web.UI.Control.Render(HtmlTextWriter writer)
   at System.Web.UI.Control.RenderControlInternal(HtmlTextWriter writer, ControlAdapter adapter)
   at System.Web.UI.Control.RenderControl(HtmlTextWriter writer, ControlAdapter adapter)
   at System.Web.UI.Control.RenderControl(HtmlTextWriter writer)
   at System.Web.UI.Control.RenderChildrenInternal(HtmlTextWriter writer, ICollection children)
   at System.Web.UI.Control.RenderChildren(HtmlTextWriter writer)
   at System.Web.UI.HtmlControls.HtmlForm.RenderChildren(HtmlTextWriter writer)
   at System.Web.UI.HtmlControls.HtmlContainerControl.Render(HtmlTextWriter writer)
   at System.Web.UI.HtmlControls.HtmlForm.Render(HtmlTextWriter output)
   at System.Web.UI.Control.RenderControlInternal(HtmlTextWriter writer, ControlAdapter adapter)
   at System.Web.UI.Control.RenderControl(HtmlTextWriter writer, ControlAdapter adapter)
   at System.Web.UI.HtmlControls.HtmlForm.RenderControl(HtmlTextWriter writer)
   at System.Web.UI.Control.RenderChildrenInternal(HtmlTextWriter writer, ICollection children)
   at System.Web.UI.Control.RenderChildren(HtmlTextWriter writer)
   at System.Web.UI.Control.Render(HtmlTextWriter writer)
   at System.Web.UI.Control.RenderControlInternal(HtmlTextWriter writer, ControlAdapter adapter)
   at System.Web.UI.Control.RenderControl(HtmlTextWriter writer, ControlAdapter adapter)
   at System.Web.UI.Control.RenderControl(HtmlTextWriter writer)
   at System.Web.UI.Control.RenderChildrenInternal(HtmlTextWriter writer, ICollection children)
   at System.Web.UI.Control.RenderChildren(HtmlTextWriter writer)
   at System.Web.UI.Control.Render(HtmlTextWriter writer)
   at System.Web.UI.Control.RenderControlInternal(HtmlTextWriter writer, ControlAdapter adapter)
   at System.Web.UI.Control.RenderControl(HtmlTextWriter writer, ControlAdapter adapter)
   at System.Web.UI.Control.RenderControl(HtmlTextWriter writer)
   at System.Web.UI.Control.RenderChildrenInternal(HtmlTextWriter writer, ICollection children)
   at System.Web.UI.Control.RenderChildren(HtmlTextWriter writer)
   at System.Web.UI.Page.Render(HtmlTextWriter writer)
   at System.Web.UI.Control.RenderControlInternal(HtmlTextWriter writer, ControlAdapter adapter)
   at System.Web.UI.Control.RenderControl(HtmlTextWriter writer, ControlAdapter adapter)
   at System.Web.UI.Control.RenderControl(HtmlTextWriter writer)
   at System.Web.UI.Page.ProcessRequestMain(Boolean includeStagesBeforeAsyncPoint, Boolean includeStagesAfterAsyncPoint)
   --- End of inner exception stack trace ---
   at System.Web.UI.Page.HandleError(Exception e)
   at System.Web.UI.Page.ProcessRequestMain(Boolean includeStagesBeforeAsyncPoint, Boolean includeStagesAfterAsyncPoint)
   at System.Web.UI.Page.ProcessRequest(Boolean includeStagesBeforeAsyncPoint, Boolean includeStagesAfterAsyncPoint)
   at System.Web.UI.Page.ProcessRequest()
   at System.Web.UI.Page.ProcessRequestWithNoAssert(HttpContext context)
   at System.Web.UI.Page.ProcessRequest(HttpContext context)
   at ASP.ui_page_simpleservings_menu_addsamplemenu_aspx.ProcessRequest(HttpContext context) in c:\Windows\Microsoft.NET\Framework\v2.0.50727\Temporary ASP.NET Files\simpleservings\50605a42\75e306da\App_Web_1utqsoov.12.cs:line 0
   at System.Web.HttpApplication.CallHandlerExecutionStep.System.Web.HttpApplication.IExecutionStep.Execute()
   at System.Web.HttpApplication.ExecuteStep(IExecutionStep step, Boolean& completedSynchronously)
2016-12-16 17:37:28,356 [  1] INFO  AppManager [(null)] SimpleServings started.
2016-12-16 17:37:35,916 [  5] INFO  AppManager [(null)] (Home.aspx) - Page Load 
SessionId: m5kr0g32digrdxanc0vyvvik
2016-12-16 17:37:40,249 [  7] INFO  AppManager [(null)] (landingPage.aspx) - Request from http://localhost:1949/SimpleServings/ui/page/ 
Request Type: LogInOut 
SessionId: m5kr0g32digrdxanc0vyvvik
2016-12-16 17:37:40,250 [  7] INFO  AppManager [(null)] (landingPage.aspx) - Redirecting to Login.aspx 
Request Type: LogInOut 
SessionId: m5kr0g32digrdxanc0vyvvik
2016-12-16 17:37:43,066 [  5] INFO  AppManager [(null)] (Home.aspx) - Page Load 
SessionId: nan4wu45lkwggqmn4e4upm55
2016-12-16 17:42:05,108 [  1] INFO  AppManager [(null)] SimpleServings started.
2016-12-16 17:42:12,632 [  5] INFO  AppManager [(null)] (Home.aspx) - Page Load 
SessionId: nan4wu45lkwggqmn4e4upm55
2016-12-16 17:42:16,113 [  5] INFO  AppManager [(null)] (landingPage.aspx) - Request from http://localhost:1949/SimpleServings/ui/page/ 
Request Type: LogInOut 
SessionId: nan4wu45lkwggqmn4e4upm55
2016-12-16 17:42:16,114 [  5] INFO  AppManager [(null)] (landingPage.aspx) - Redirecting to Login.aspx 
Request Type: LogInOut 
SessionId: nan4wu45lkwggqmn4e4upm55
2016-12-16 17:42:18,683 [  8] INFO  AppManager [(null)] (Home.aspx) - Page Load 
SessionId: shubelq25tmshoaqotwfn3iz
2016-12-16 17:44:14,776 [  1] INFO  AppManager [(null)] SimpleServings started.
2016-12-16 17:44:22,494 [  5] INFO  AppManager [(null)] (Home.aspx) - Page Load 
SessionId: shubelq25tmshoaqotwfn3iz
2016-12-16 17:44:24,327 [  7] INFO  AppManager [(null)] (landingPage.aspx) - Request from http://localhost:1949/SimpleServings/ui/page/ 
Request Type: LogInOut 
SessionId: shubelq25tmshoaqotwfn3iz
2016-12-16 17:44:24,329 [  7] INFO  AppManager [(null)] (landingPage.aspx) - Redirecting to Login.aspx 
Request Type: LogInOut 
SessionId: shubelq25tmshoaqotwfn3iz
2016-12-16 17:44:26,858 [  6] INFO  AppManager [(null)] (Home.aspx) - Page Load 
SessionId: h1lz3z55hglgge451xim1mn2
2016-12-16 17:44:48,664 [  6] ERROR AppManager [(null)] SimpleServings application error: Exception of type 'System.Web.HttpUnhandledException' was thrown.
System.Web.HttpUnhandledException: Exception of type 'System.Web.HttpUnhandledException' was thrown. ---> System.Web.HttpException: Cannot have multiple items selected in a DropDownList.
   at System.Web.UI.WebControls.DropDownList.VerifyMultiSelect()
   at System.Web.UI.WebControls.ListControl.RenderContents(HtmlTextWriter writer)
   at System.Web.UI.WebControls.WebControl.Render(HtmlTextWriter writer)
   at System.Web.UI.Control.RenderControlInternal(HtmlTextWriter writer, ControlAdapter adapter)
   at System.Web.UI.Control.RenderControl(HtmlTextWriter writer, ControlAdapter adapter)
   at System.Web.UI.Control.RenderControl(HtmlTextWriter writer)
   at System.Web.UI.Control.RenderChildrenInternal(HtmlTextWriter writer, ICollection children)
   at System.Web.UI.Control.RenderChildren(HtmlTextWriter writer)
   at System.Web.UI.HtmlControls.HtmlContainerControl.Render(HtmlTextWriter writer)
   at System.Web.UI.Control.RenderControlInternal(HtmlTextWriter writer, ControlAdapter adapter)
   at System.Web.UI.Control.RenderControl(HtmlTextWriter writer, ControlAdapter adapter)
   at System.Web.UI.Control.RenderControl(HtmlTextWriter writer)
   at System.Web.UI.Control.RenderChildrenInternal(HtmlTextWriter writer, ICollection children)
   at System.Web.UI.Control.RenderChildren(HtmlTextWriter writer)
   at System.Web.UI.WebControls.WebControl.RenderContents(HtmlTextWriter writer)
   at System.Web.UI.WebControls.WebControl.Render(HtmlTextWriter writer)
   at System.Web.UI.Control.RenderControlInternal(HtmlTextWriter writer, ControlAdapter adapter)
   at System.Web.UI.Control.RenderControl(HtmlTextWriter writer, ControlAdapter adapter)
   at System.Web.UI.Control.RenderControl(HtmlTextWriter writer)
   at System.Web.UI.Control.RenderChildrenInternal(HtmlTextWriter writer, ICollection children)
   at System.Web.UI.Control.RenderChildren(HtmlTextWriter writer)
   at System.Web.UI.Control.Render(HtmlTextWriter writer)
   at System.Web.UI.Control.RenderControlInternal(HtmlTextWriter writer, ControlAdapter adapter)
   at System.Web.UI.Control.RenderControl(HtmlTextWriter writer, ControlAdapter adapter)
   at System.Web.UI.Control.RenderControl(HtmlTextWriter writer)
   at System.Web.UI.Control.RenderChildrenInternal(HtmlTextWriter writer, ICollection children)
   at System.Web.UI.Control.RenderChildren(HtmlTextWriter writer)
   at System.Web.UI.HtmlControls.HtmlForm.RenderChildren(HtmlTextWriter writer)
   at System.Web.UI.HtmlControls.HtmlContainerControl.Render(HtmlTextWriter writer)
   at System.Web.UI.HtmlControls.HtmlForm.Render(HtmlTextWriter output)
   at System.Web.UI.Control.RenderControlInternal(HtmlTextWriter writer, ControlAdapter adapter)
   at System.Web.UI.Control.RenderControl(HtmlTextWriter writer, ControlAdapter adapter)
   at System.Web.UI.HtmlControls.HtmlForm.RenderControl(HtmlTextWriter writer)
   at System.Web.UI.Control.RenderChildrenInternal(HtmlTextWriter writer, ICollection children)
   at System.Web.UI.Control.RenderChildren(HtmlTextWriter writer)
   at System.Web.UI.Control.Render(HtmlTextWriter writer)
   at System.Web.UI.Control.RenderControlInternal(HtmlTextWriter writer, ControlAdapter adapter)
   at System.Web.UI.Control.RenderControl(HtmlTextWriter writer, ControlAdapter adapter)
   at System.Web.UI.Control.RenderControl(HtmlTextWriter writer)
   at System.Web.UI.Control.RenderChildrenInternal(HtmlTextWriter writer, ICollection children)
   at System.Web.UI.Control.RenderChildren(HtmlTextWriter writer)
   at System.Web.UI.Control.Render(HtmlTextWriter writer)
   at System.Web.UI.Control.RenderControlInternal(HtmlTextWriter writer, ControlAdapter adapter)
   at System.Web.UI.Control.RenderControl(HtmlTextWriter writer, ControlAdapter adapter)
   at System.Web.UI.Control.RenderControl(HtmlTextWriter writer)
   at System.Web.UI.Control.RenderChildrenInternal(HtmlTextWriter writer, ICollection children)
   at System.Web.UI.Control.RenderChildren(HtmlTextWriter writer)
   at System.Web.UI.Page.Render(HtmlTextWriter writer)
   at System.Web.UI.Control.RenderControlInternal(HtmlTextWriter writer, ControlAdapter adapter)
   at System.Web.UI.Control.RenderControl(HtmlTextWriter writer, ControlAdapter adapter)
   at System.Web.UI.Control.RenderControl(HtmlTextWriter writer)
   at System.Web.UI.Page.ProcessRequestMain(Boolean includeStagesBeforeAsyncPoint, Boolean includeStagesAfterAsyncPoint)
   --- End of inner exception stack trace ---
   at System.Web.UI.Page.HandleError(Exception e)
   at System.Web.UI.Page.ProcessRequestMain(Boolean includeStagesBeforeAsyncPoint, Boolean includeStagesAfterAsyncPoint)
   at System.Web.UI.Page.ProcessRequest(Boolean includeStagesBeforeAsyncPoint, Boolean includeStagesAfterAsyncPoint)
   at System.Web.UI.Page.ProcessRequest()
   at System.Web.UI.Page.ProcessRequestWithNoAssert(HttpContext context)
   at System.Web.UI.Page.ProcessRequest(HttpContext context)
   at ASP.ui_page_simpleservings_menu_addsamplemenu_aspx.ProcessRequest(HttpContext context) in c:\Windows\Microsoft.NET\Framework\v2.0.50727\Temporary ASP.NET Files\simpleservings\50605a42\75e306da\App_Web_ej00_4qu.8.cs:line 0
   at System.Web.HttpApplication.CallHandlerExecutionStep.System.Web.HttpApplication.IExecutionStep.Execute()
   at System.Web.HttpApplication.ExecuteStep(IExecutionStep step, Boolean& completedSynchronously)
2016-12-16 17:47:36,913 [  1] INFO  AppManager [(null)] SimpleServings started.
2016-12-16 17:47:43,939 [  6] INFO  AppManager [(null)] (Home.aspx) - Page Load 
SessionId: h1lz3z55hglgge451xim1mn2
2016-12-16 17:47:45,335 [  7] INFO  AppManager [(null)] (landingPage.aspx) - Request from http://localhost:1949/SimpleServings/UI/Page/ 
Request Type: LogInOut 
SessionId: h1lz3z55hglgge451xim1mn2
2016-12-16 17:47:45,337 [  7] INFO  AppManager [(null)] (landingPage.aspx) - Redirecting to Login.aspx 
Request Type: LogInOut 
SessionId: h1lz3z55hglgge451xim1mn2
2016-12-16 17:47:47,616 [  5] INFO  AppManager [(null)] (Home.aspx) - Page Load 
SessionId: ag5glwasmfznmkq4vl053tb1
