2017-06-27 10:42:08,542 [  5] INFO  AppManager [(null)] (Home.aspx) - Page Load 
SessionId: 2bkn4a453y45hlydb5gddli2
2017-06-27 10:42:11,360 [  8] INFO  AppManager [(null)] (landingPage.aspx) - Request from http://localhost:1949/SimpleServings/UI/Page/ 
Request Type: LogInOut 
SessionId: wjlspg45cmx2kgflze2yfceq
2017-06-27 10:42:11,361 [  8] INFO  AppManager [(null)] (landingPage.aspx) - Redirecting to Login.aspx 
Request Type: LogInOut 
SessionId: wjlspg45cmx2kgflze2yfceq
2017-06-27 10:42:11,371 [  8] INFO  AppManager [(null)] (login.aspx) - Request from http://localhost:1949/SimpleServings/UI/Page/ 
SessionId: 4an0qi45sng535455qotmi45
2017-06-27 10:42:14,323 [  8] INFO  AppManager [(null)] (landingPage.aspx) - Clearing Session 
Request Type:  
SessionId: 4kvz2pu45oyeq145y4zotgjg
2017-06-27 10:42:14,345 [  7] INFO  AppManager [(null)] (landingPage.aspx) - New Session 
Request Type:  
SessionId: 5t1jejqydhmvk4ekecewphe3
2017-06-27 10:42:14,445 [  8] INFO  AppManager [(null)] (login.aspx) - (cvais7773) - Login successful 
SessionId: qqfhsu45h31hxy55wcu04245
2017-06-27 10:42:14,455 [  7] INFO  AppManager [(null)] (Home.aspx) - Page Load 
SessionId: 5t1jejqydhmvk4ekecewphe3
2017-06-27 15:25:01,802 [  1] INFO  AppManager [(null)] SimpleServings started.
2017-06-27 15:25:28,793 [  8] INFO  AppManager [(null)] (landingPage.aspx) - Redirecting to Login.aspx 
Request Type: LogInOut 
SessionId: 
2017-06-27 15:25:33,216 [  5] INFO  AppManager [(null)] (Home.aspx) - Page Load 
SessionId: yghyuq555uiffmm3mntqnv45
2017-06-27 16:09:25,466 [  1] INFO  AppManager [(null)] SimpleServings started.
2017-06-27 16:09:46,751 [  5] INFO  AppManager [(null)] (Home.aspx) - Page Load 
SessionId: yghyuq555uiffmm3mntqnv45
2017-06-27 16:09:52,633 [  8] INFO  AppManager [(null)] (landingPage.aspx) - Request from http://localhost:1949/SimpleServings/ui/page/ 
Request Type: LogInOut 
SessionId: yghyuq555uiffmm3mntqnv45
2017-06-27 16:09:52,634 [  8] INFO  AppManager [(null)] (landingPage.aspx) - Redirecting to Login.aspx 
Request Type: LogInOut 
SessionId: yghyuq555uiffmm3mntqnv45
2017-06-27 16:09:55,350 [  6] INFO  AppManager [(null)] (Home.aspx) - Page Load 
SessionId: qp0bwv45j0vrt425h0xtxr45
2017-06-27 16:19:04,599 [  1] INFO  AppManager [(null)] SimpleServings started.
2017-06-27 16:19:06,758 [  6] INFO  AppManager [(null)] (landingPage.aspx) - Redirecting to Login.aspx 
Request Type: LogInOut 
SessionId: qp0bwv45j0vrt425h0xtxr45
2017-06-27 16:19:09,753 [  9] INFO  AppManager [(null)] (Home.aspx) - Page Load 
SessionId: hr4n0tad4uty2w55a0blm533
2017-06-27 16:24:11,506 [  1] INFO  AppManager [(null)] SimpleServings started.
2017-06-27 16:24:22,716 [  9] INFO  AppManager [(null)] (landingPage.aspx) - Request from http://localhost:1949/SimpleServings/UI/Page/SimpleServings/Reports/ViewReport.aspx?reportID=6 
Request Type: LogInOut 
SessionId: hr4n0tad4uty2w55a0blm533
2017-06-27 16:24:22,717 [  9] INFO  AppManager [(null)] (landingPage.aspx) - Redirecting to Login.aspx 
Request Type: LogInOut 
SessionId: hr4n0tad4uty2w55a0blm533
2017-06-27 16:24:26,515 [  9] INFO  AppManager [(null)] (Home.aspx) - Page Load 
SessionId: ekw1e255rwopzey2guq3a245
2017-06-27 16:27:07,720 [  5] INFO  AppManager [(null)] (Recipe.aspx) - Request from http://localhost:1949/SimpleServings/UI/Page/SimpleServings/Reports/ViewReport.aspx?reportID=6 
SessionId: ekw1e255rwopzey2guq3a245
2017-06-27 16:33:36,556 [  1] INFO  AppManager [(null)] SimpleServings started.
2017-06-27 16:33:59,701 [  5] INFO  AppManager [(null)] (Home.aspx) - Page Load 
SessionId: ekw1e255rwopzey2guq3a245
2017-06-27 16:34:02,271 [  8] INFO  AppManager [(null)] (landingPage.aspx) - Request from http://localhost:1949/SimpleServings/ui/page/ 
Request Type: LogInOut 
SessionId: ekw1e255rwopzey2guq3a245
2017-06-27 16:34:02,272 [  8] INFO  AppManager [(null)] (landingPage.aspx) - Redirecting to Login.aspx 
Request Type: LogInOut 
SessionId: ekw1e255rwopzey2guq3a245
2017-06-27 16:34:05,087 [  7] INFO  AppManager [(null)] (Home.aspx) - Page Load 
SessionId: 1ow0wcqqv0job545xkauzjvx
2017-06-27 16:34:39,727 [  6] ERROR AppManager [(null)] SimpleServings application error: Exception of type 'System.Web.HttpUnhandledException' was thrown.
location: http://localhost:1949/SimpleServings/UI/Page/SimpleServings/Reports/ViewReport.aspx?reportID=6

System.Web.HttpUnhandledException: Exception of type 'System.Web.HttpUnhandledException' was thrown. ---> System.IndexOutOfRangeException: Index was outside the bounds of the array.
   at SimpleServings.UI.UDC.SimpleServings.Reports.ReportParametersGrid.cbMenuList_SelectedIndexChanged(Object sender, EventArgs e) in c:\TFS\DFTA\SimpleServings\SimpleServings\SimpleServings\UI\UDC\SimpleServings\Reports\ReportParametersGrid.ascx.cs:line 141
   at System.Web.UI.WebControls.ListControl.OnSelectedIndexChanged(EventArgs e)
   at System.Web.UI.WebControls.CheckBoxList.RaisePostDataChangedEvent()
   at System.Web.UI.WebControls.CheckBoxList.System.Web.UI.IPostBackDataHandler.RaisePostDataChangedEvent()
   at System.Web.UI.Page.RaiseChangedEvents()
   at System.Web.UI.Page.ProcessRequestMain(Boolean includeStagesBeforeAsyncPoint, Boolean includeStagesAfterAsyncPoint)
   --- End of inner exception stack trace ---
   at System.Web.UI.Page.HandleError(Exception e)
   at System.Web.UI.Page.ProcessRequestMain(Boolean includeStagesBeforeAsyncPoint, Boolean includeStagesAfterAsyncPoint)
   at System.Web.UI.Page.ProcessRequest(Boolean includeStagesBeforeAsyncPoint, Boolean includeStagesAfterAsyncPoint)
   at System.Web.UI.Page.ProcessRequest()
   at System.Web.UI.Page.ProcessRequestWithNoAssert(HttpContext context)
   at System.Web.UI.Page.ProcessRequest(HttpContext context)
   at ASP.ui_page_simpleservings_reports_viewreport_aspx.ProcessRequest(HttpContext context) in c:\Windows\Microsoft.NET\Framework\v2.0.50727\Temporary ASP.NET Files\simpleservings\50605a42\75e306da\App_Web_kcvf8mm2.0.cs:line 0
   at System.Web.HttpApplication.CallHandlerExecutionStep.System.Web.HttpApplication.IExecutionStep.Execute()
   at System.Web.HttpApplication.ExecuteStep(IExecutionStep step, Boolean& completedSynchronously)
2017-06-27 16:35:09,413 [  1] INFO  AppManager [(null)] SimpleServings started.
2017-06-27 16:35:20,620 [  5] INFO  AppManager [(null)] (Home.aspx) - Page Load 
SessionId: 1ow0wcqqv0job545xkauzjvx
2017-06-27 16:35:32,972 [  6] INFO  AppManager [(null)] (landingPage.aspx) - Request from http://localhost:1949/SimpleServings/ui/page/ 
Request Type: LogInOut 
SessionId: 1ow0wcqqv0job545xkauzjvx
2017-06-27 16:35:32,973 [  6] INFO  AppManager [(null)] (landingPage.aspx) - Redirecting to Login.aspx 
Request Type: LogInOut 
SessionId: 1ow0wcqqv0job545xkauzjvx
2017-06-27 16:35:35,950 [  7] INFO  AppManager [(null)] (Home.aspx) - Page Load 
SessionId: elztxs45k1sxltvzfu3yy345
2017-06-27 16:39:41,179 [  1] INFO  AppManager [(null)] SimpleServings started.
2017-06-27 16:39:52,651 [  5] INFO  AppManager [(null)] (Home.aspx) - Page Load 
SessionId: elztxs45k1sxltvzfu3yy345
2017-06-27 16:39:54,997 [  6] INFO  AppManager [(null)] (landingPage.aspx) - Request from http://localhost:1949/SimpleServings/ui/page/ 
Request Type: LogInOut 
SessionId: elztxs45k1sxltvzfu3yy345
2017-06-27 16:39:54,998 [  6] INFO  AppManager [(null)] (landingPage.aspx) - Redirecting to Login.aspx 
Request Type: LogInOut 
SessionId: elztxs45k1sxltvzfu3yy345
2017-06-27 16:39:57,753 [  7] INFO  AppManager [(null)] (Home.aspx) - Page Load 
SessionId: c4ty3e45othd5mb2p14cwyzr
2017-06-27 16:49:00,301 [  1] INFO  AppManager [(null)] SimpleServings started.
2017-06-27 16:49:01,911 [  7] INFO  AppManager [(null)] (landingPage.aspx) - Request from http://localhost:1949/SimpleServings/UI/Page/SimpleServings/Reports/ViewReport.aspx?reportID=6 
Request Type: LogInOut 
SessionId: c4ty3e45othd5mb2p14cwyzr
2017-06-27 16:49:01,912 [  7] INFO  AppManager [(null)] (landingPage.aspx) - Redirecting to Login.aspx 
Request Type: LogInOut 
SessionId: c4ty3e45othd5mb2p14cwyzr
2017-06-27 16:49:09,738 [  5] INFO  AppManager [(null)] (Home.aspx) - Page Load 
SessionId: 4ihyk445bnlud445hulf0b45
2017-06-27 16:58:37,427 [  1] INFO  AppManager [(null)] SimpleServings started.
2017-06-27 16:58:59,213 [  5] INFO  AppManager [(null)] (Home.aspx) - Page Load 
SessionId: 4ihyk445bnlud445hulf0b45
2017-06-27 16:59:01,382 [  6] INFO  AppManager [(null)] (landingPage.aspx) - Request from http://localhost:1949/SimpleServings/ui/page/ 
Request Type: LogInOut 
SessionId: 4ihyk445bnlud445hulf0b45
2017-06-27 16:59:01,383 [  6] INFO  AppManager [(null)] (landingPage.aspx) - Redirecting to Login.aspx 
Request Type: LogInOut 
SessionId: 4ihyk445bnlud445hulf0b45
2017-06-27 16:59:04,360 [  6] INFO  AppManager [(null)] (Home.aspx) - Page Load 
SessionId: wom4mdi5avevczajfdddilav
2017-06-27 17:05:28,805 [  1] INFO  AppManager [(null)] SimpleServings started.
2017-06-27 17:05:39,042 [  5] INFO  AppManager [(null)] (landingPage.aspx) - Request from http://localhost:1949/SimpleServings/UI/Page/SimpleServings/Reports/ViewReport.aspx?reportID=6 
Request Type: LogInOut 
SessionId: wom4mdi5avevczajfdddilav
2017-06-27 17:05:39,043 [  5] INFO  AppManager [(null)] (landingPage.aspx) - Redirecting to Login.aspx 
Request Type: LogInOut 
SessionId: wom4mdi5avevczajfdddilav
2017-06-27 17:05:42,801 [  5] INFO  AppManager [(null)] (Home.aspx) - Page Load 
SessionId: ljtv0v45c2z1ynng31ftpqnd
2017-06-27 17:26:57,353 [  1] INFO  AppManager [(null)] SimpleServings started.
2017-06-27 17:27:08,196 [  5] INFO  AppManager [(null)] (Home.aspx) - Page Load 
SessionId: ljtv0v45c2z1ynng31ftpqnd
2017-06-27 17:27:12,977 [  7] INFO  AppManager [(null)] (landingPage.aspx) - Request from http://localhost:1949/SimpleServings/ui/page/ 
Request Type: LogInOut 
SessionId: ljtv0v45c2z1ynng31ftpqnd
2017-06-27 17:27:12,978 [  7] INFO  AppManager [(null)] (landingPage.aspx) - Redirecting to Login.aspx 
Request Type: LogInOut 
SessionId: ljtv0v45c2z1ynng31ftpqnd
2017-06-27 17:27:15,662 [  7] INFO  AppManager [(null)] (login.aspx) - (cvais7773) - Login successful 
SessionId: vva3mg45fuzn4uu3nnyh42yb
2017-06-27 17:27:15,669 [  7] INFO  AppManager [(null)] (Home.aspx) - Page Load 
SessionId: jn15qs55x12rxe55zgclf545
2017-06-27 17:27:30,838 [  5] ERROR AppManager [(null)] SimpleServings application error: Exception of type 'System.Web.HttpUnhandledException' was thrown.
location: http://localhost:1949/SimpleServings/UI/Page/SimpleServings/Reports/ViewReport.aspx?reportID=6

System.Web.HttpUnhandledException: Exception of type 'System.Web.HttpUnhandledException' was thrown. ---> System.IndexOutOfRangeException: Index was outside the bounds of the array.
   at SimpleServings.UI.UDC.SimpleServings.Reports.ReportParametersGrid.cbMenuList_SelectedIndexChanged(Object sender, EventArgs e) in c:\TFS\DFTA\SimpleServings\SimpleServings\SimpleServings\UI\UDC\SimpleServings\Reports\ReportParametersGrid.ascx.cs:line 160
   at System.Web.UI.WebControls.ListControl.OnSelectedIndexChanged(EventArgs e)
   at System.Web.UI.WebControls.CheckBoxList.RaisePostDataChangedEvent()
   at System.Web.UI.WebControls.CheckBoxList.System.Web.UI.IPostBackDataHandler.RaisePostDataChangedEvent()
   at System.Web.UI.Page.RaiseChangedEvents()
   at System.Web.UI.Page.ProcessRequestMain(Boolean includeStagesBeforeAsyncPoint, Boolean includeStagesAfterAsyncPoint)
   --- End of inner exception stack trace ---
   at System.Web.UI.Page.HandleError(Exception e)
   at System.Web.UI.Page.ProcessRequestMain(Boolean includeStagesBeforeAsyncPoint, Boolean includeStagesAfterAsyncPoint)
   at System.Web.UI.Page.ProcessRequest(Boolean includeStagesBeforeAsyncPoint, Boolean includeStagesAfterAsyncPoint)
   at System.Web.UI.Page.ProcessRequest()
   at System.Web.UI.Page.ProcessRequestWithNoAssert(HttpContext context)
   at System.Web.UI.Page.ProcessRequest(HttpContext context)
   at ASP.ui_page_simpleservings_reports_viewreport_aspx.ProcessRequest(HttpContext context) in c:\Windows\Microsoft.NET\Framework\v2.0.50727\Temporary ASP.NET Files\simpleservings\50605a42\75e306da\App_Web_vi6jttgt.0.cs:line 0
   at System.Web.HttpApplication.CallHandlerExecutionStep.System.Web.HttpApplication.IExecutionStep.Execute()
   at System.Web.HttpApplication.ExecuteStep(IExecutionStep step, Boolean& completedSynchronously)
2017-06-27 17:29:13,161 [ 11] INFO  AppManager [(null)] SimpleServings started.
2017-06-27 17:29:24,293 [  7] INFO  AppManager [(null)] (landingPage.aspx) - Request from http://localhost:1949/SimpleServings/UI/Page/SimpleServings/Reports/ViewReport.aspx?reportID=6 
Request Type: LogInOut 
SessionId: jn15qs55x12rxe55zgclf545
2017-06-27 17:29:24,294 [  7] INFO  AppManager [(null)] (landingPage.aspx) - Redirecting to Login.aspx 
Request Type: LogInOut 
SessionId: jn15qs55x12rxe55zgclf545
2017-06-27 17:29:27,510 [  5] INFO  AppManager [(null)] (Home.aspx) - Page Load 
SessionId: 4af52d454gkxd045abcj3w45
2017-06-27 17:31:05,036 [  1] INFO  AppManager [(null)] SimpleServings started.
2017-06-27 17:31:15,295 [  7] INFO  AppManager [(null)] (landingPage.aspx) - Request from http://localhost:1949/SimpleServings/UI/Page/SimpleServings/Reports/ViewReport.aspx?reportID=6 
Request Type: LogInOut 
SessionId: 4af52d454gkxd045abcj3w45
2017-06-27 17:31:15,297 [  7] INFO  AppManager [(null)] (landingPage.aspx) - Redirecting to Login.aspx 
Request Type: LogInOut 
SessionId: 4af52d454gkxd045abcj3w45
2017-06-27 17:31:18,309 [  8] INFO  AppManager [(null)] (login.aspx) - (cvais7773) - Login successful 
SessionId: t0ckiz5545mfpr45mveezse4
2017-06-27 17:31:18,338 [  5] INFO  AppManager [(null)] (Home.aspx) - Page Load 
SessionId: 0mnqd1zbxqc2cv45onexso45
2017-06-27 17:32:02,505 [  7] ERROR AppManager [(null)] SimpleServings application error: Exception of type 'System.Web.HttpUnhandledException' was thrown.
location: http://localhost:1949/SimpleServings/UI/Page/SimpleServings/Reports/ViewReport.aspx?reportID=6

System.Web.HttpUnhandledException: Exception of type 'System.Web.HttpUnhandledException' was thrown. ---> System.IndexOutOfRangeException: Index was outside the bounds of the array.
   at SimpleServings.UI.UDC.SimpleServings.Reports.ReportParametersGrid.cbMenuList_SelectedIndexChanged(Object sender, EventArgs e) in c:\TFS\DFTA\SimpleServings\SimpleServings\SimpleServings\UI\UDC\SimpleServings\Reports\ReportParametersGrid.ascx.cs:line 160
   at System.Web.UI.WebControls.ListControl.OnSelectedIndexChanged(EventArgs e)
   at System.Web.UI.WebControls.CheckBoxList.RaisePostDataChangedEvent()
   at System.Web.UI.WebControls.CheckBoxList.System.Web.UI.IPostBackDataHandler.RaisePostDataChangedEvent()
   at System.Web.UI.Page.RaiseChangedEvents()
   at System.Web.UI.Page.ProcessRequestMain(Boolean includeStagesBeforeAsyncPoint, Boolean includeStagesAfterAsyncPoint)
   --- End of inner exception stack trace ---
   at System.Web.UI.Page.HandleError(Exception e)
   at System.Web.UI.Page.ProcessRequestMain(Boolean includeStagesBeforeAsyncPoint, Boolean includeStagesAfterAsyncPoint)
   at System.Web.UI.Page.ProcessRequest(Boolean includeStagesBeforeAsyncPoint, Boolean includeStagesAfterAsyncPoint)
   at System.Web.UI.Page.ProcessRequest()
   at System.Web.UI.Page.ProcessRequestWithNoAssert(HttpContext context)
   at System.Web.UI.Page.ProcessRequest(HttpContext context)
   at ASP.ui_page_simpleservings_reports_viewreport_aspx.ProcessRequest(HttpContext context) in c:\Windows\Microsoft.NET\Framework\v2.0.50727\Temporary ASP.NET Files\simpleservings\50605a42\75e306da\App_Web_hiogbnmi.1.cs:line 0
   at System.Web.HttpApplication.CallHandlerExecutionStep.System.Web.HttpApplication.IExecutionStep.Execute()
   at System.Web.HttpApplication.ExecuteStep(IExecutionStep step, Boolean& completedSynchronously)
