2017-07-18 10:11:34,545 [  8] INFO  AppManager [(null)] (landingPage.aspx) - Request from http://localhost:1949/SimpleServings/UI/Page/SimpleServings/Menu/MenuList.aspx?MenuType=MyMenus 
Request Type: LogInOut 
SessionId: qyetfi45d50uhumbxlv43c45
2017-07-18 10:11:34,572 [  8] INFO  AppManager [(null)] (landingPage.aspx) - Redirecting to Login.aspx 
Request Type: LogInOut 
SessionId: qyetfi45d50uhumbxlv43c45
2017-07-18 10:11:34,588 [  7] INFO  AppManager [(null)] (login.aspx) - Request from http://localhost:1949/SimpleServings/UI/Page/SimpleServings/Menu/MenuList.aspx?MenuType=MyMenus 
SessionId: lh4kqj55bydrjv45eznzzc45
2017-07-18 10:14:54,070 [  5] INFO  AppManager [(null)] (landingPage.aspx) - Clearing Session 
Request Type:  
SessionId: ksooflqq4atwx3airtgxq455
2017-07-18 10:14:54,095 [  7] INFO  AppManager [(null)] (landingPage.aspx) - New Session 
Request Type:  
SessionId: 1fof5v45hqqihsradabllhmp
2017-07-18 10:14:54,126 [  8] INFO  AppManager [(null)] (login.aspx) - (cvais7773) - Login successful 
SessionId: 0a5smr2t41xprh2q1jmsdo45
2017-07-18 10:14:54,136 [  8] INFO  AppManager [(null)] (Home.aspx) - Page Load 
SessionId: 1fof5v45hqqihsradabllhmp
2017-07-18 10:33:22,272 [  8] ERROR AppManager [(null)] SimpleServings application error: Exception of type 'System.Web.HttpUnhandledException' was thrown.
location: http://localhost:1949/SimpleServings/UI/Page/SimpleServings/Reports/ViewReport.aspx?reportID=13

System.Web.HttpUnhandledException: Exception of type 'System.Web.HttpUnhandledException' was thrown. ---> System.Exception: Sp_Get_MyMenus_by_UserID_contractID_menustatus did not return a record!
   at SimpleServingsLibrary.Menu.MenuDB.GetMyMenusByUserIDContractIDpeMenuStatus(Int32 staffID, Int32 contractID, Int32 menuStatus, Int32 currentMenus) in c:\TFS\DFTA\SimpleServingsLibrary\SimpleServings.Menu\DAL\MenuDB.cs:line 418
   at SimpleServingsLibrary.Menu.Menu.GetMyMenusByUserIDContractIDpeMenuStatus(Int32 staffID, Int32 contractID, Int32 menuStatus, Int32 currentMenus) in c:\TFS\DFTA\SimpleServingsLibrary\SimpleServings.Menu\BLL\Menu.cs:line 461
   at SimpleServings.UI.UDC.SimpleServings.Reports.ucDailyMenuParameter.ddlContractID_SelectedIndexChanged(Object sender, EventArgs e) in c:\TFS\DFTA\SimpleServings\SimpleServings\SimpleServings\UI\UDC\SimpleServings\Reports\ucDailyMenuParameter.ascx.cs:line 64
   at System.Web.UI.WebControls.ListControl.OnSelectedIndexChanged(EventArgs e)
   at System.Web.UI.WebControls.DropDownList.RaisePostDataChangedEvent()
   at System.Web.UI.WebControls.DropDownList.System.Web.UI.IPostBackDataHandler.RaisePostDataChangedEvent()
   at System.Web.UI.Page.RaiseChangedEvents()
   at System.Web.UI.Page.ProcessRequestMain(Boolean includeStagesBeforeAsyncPoint, Boolean includeStagesAfterAsyncPoint)
   --- End of inner exception stack trace ---
   at System.Web.UI.Page.HandleError(Exception e)
   at System.Web.UI.Page.ProcessRequestMain(Boolean includeStagesBeforeAsyncPoint, Boolean includeStagesAfterAsyncPoint)
   at System.Web.UI.Page.ProcessRequest(Boolean includeStagesBeforeAsyncPoint, Boolean includeStagesAfterAsyncPoint)
   at System.Web.UI.Page.ProcessRequest()
   at System.Web.UI.Page.ProcessRequestWithNoAssert(HttpContext context)
   at System.Web.UI.Page.ProcessRequest(HttpContext context)
   at ASP.ui_page_simpleservings_reports_viewreport_aspx.ProcessRequest(HttpContext context) in c:\Windows\Microsoft.NET\Framework\v2.0.50727\Temporary ASP.NET Files\simpleservings\50605a42\75e306da\App_Web_7hiicafi.1.cs:line 0
   at System.Web.HttpApplication.CallHandlerExecutionStep.System.Web.HttpApplication.IExecutionStep.Execute()
   at System.Web.HttpApplication.ExecuteStep(IExecutionStep step, Boolean& completedSynchronously)
2017-07-18 10:33:36,250 [  8] ERROR AppManager [(null)] SimpleServings application error: Exception of type 'System.Web.HttpUnhandledException' was thrown.
location: http://localhost:1949/SimpleServings/UI/Page/SimpleServings/Reports/ViewReport.aspx?reportID=13

System.Web.HttpUnhandledException: Exception of type 'System.Web.HttpUnhandledException' was thrown. ---> System.Exception: Sp_Get_MyMenus_by_UserID_contractID_menustatus did not return a record!
   at SimpleServingsLibrary.Menu.MenuDB.GetMyMenusByUserIDContractIDpeMenuStatus(Int32 staffID, Int32 contractID, Int32 menuStatus, Int32 currentMenus) in c:\TFS\DFTA\SimpleServingsLibrary\SimpleServings.Menu\DAL\MenuDB.cs:line 418
   at SimpleServingsLibrary.Menu.Menu.GetMyMenusByUserIDContractIDpeMenuStatus(Int32 staffID, Int32 contractID, Int32 menuStatus, Int32 currentMenus) in c:\TFS\DFTA\SimpleServingsLibrary\SimpleServings.Menu\BLL\Menu.cs:line 461
   at SimpleServings.UI.UDC.SimpleServings.Reports.ucDailyMenuParameter.ddlContractID_SelectedIndexChanged(Object sender, EventArgs e) in c:\TFS\DFTA\SimpleServings\SimpleServings\SimpleServings\UI\UDC\SimpleServings\Reports\ucDailyMenuParameter.ascx.cs:line 64
   at System.Web.UI.WebControls.ListControl.OnSelectedIndexChanged(EventArgs e)
   at System.Web.UI.WebControls.DropDownList.RaisePostDataChangedEvent()
   at System.Web.UI.WebControls.DropDownList.System.Web.UI.IPostBackDataHandler.RaisePostDataChangedEvent()
   at System.Web.UI.Page.RaiseChangedEvents()
   at System.Web.UI.Page.ProcessRequestMain(Boolean includeStagesBeforeAsyncPoint, Boolean includeStagesAfterAsyncPoint)
   --- End of inner exception stack trace ---
   at System.Web.UI.Page.HandleError(Exception e)
   at System.Web.UI.Page.ProcessRequestMain(Boolean includeStagesBeforeAsyncPoint, Boolean includeStagesAfterAsyncPoint)
   at System.Web.UI.Page.ProcessRequest(Boolean includeStagesBeforeAsyncPoint, Boolean includeStagesAfterAsyncPoint)
   at System.Web.UI.Page.ProcessRequest()
   at System.Web.UI.Page.ProcessRequestWithNoAssert(HttpContext context)
   at System.Web.UI.Page.ProcessRequest(HttpContext context)
   at ASP.ui_page_simpleservings_reports_viewreport_aspx.ProcessRequest(HttpContext context) in c:\Windows\Microsoft.NET\Framework\v2.0.50727\Temporary ASP.NET Files\simpleservings\50605a42\75e306da\App_Web_7hiicafi.1.cs:line 0
   at System.Web.HttpApplication.CallHandlerExecutionStep.System.Web.HttpApplication.IExecutionStep.Execute()
   at System.Web.HttpApplication.ExecuteStep(IExecutionStep step, Boolean& completedSynchronously)
2017-07-18 15:44:11,530 [  7] INFO  AppManager [(null)] (landingPage.aspx) - Request from http://localhost:1949/SimpleServings/UI/Page/SimpleServings/Menu/ViewMenu.aspx?MenuID=7471 
Request Type: LogInOut 
SessionId: 1fof5v45hqqihsradabllhmp
2017-07-18 15:44:11,538 [  7] INFO  AppManager [(null)] (landingPage.aspx) - Redirecting to Login.aspx 
Request Type: LogInOut 
SessionId: 1fof5v45hqqihsradabllhmp
2017-07-18 15:44:11,571 [  8] INFO  AppManager [(null)] (login.aspx) - Request from http://localhost:1949/SimpleServings/UI/Page/SimpleServings/Menu/ViewMenu.aspx?MenuID=7471 
SessionId: fjbpt2mpcrdwqy45vpa5s545
2017-07-18 15:44:15,966 [  8] INFO  AppManager [(null)] (landingPage.aspx) - Clearing Session 
Request Type:  
SessionId: krwai145ilcjzm45obqhhv55
2017-07-18 15:44:15,983 [  9] INFO  AppManager [(null)] (landingPage.aspx) - New Session 
Request Type:  
SessionId: v2zrjl450b5uv1m02d120w55
2017-07-18 15:44:16,280 [  7] INFO  AppManager [(null)] (login.aspx) - (cvais7773) - Login successful 
SessionId: vmsx0e55fgtfi345yn4wtbjv
2017-07-18 15:44:16,290 [  7] INFO  AppManager [(null)] (Home.aspx) - Page Load 
SessionId: v2zrjl450b5uv1m02d120w55
2017-07-18 15:44:45,865 [  8] ERROR AppManager [(null)] SimpleServings application error: Exception of type 'System.Web.HttpUnhandledException' was thrown.
location: http://localhost:1949/SimpleServings/UI/Page/SimpleServings/Reports/ViewReport.aspx?reportID=13

System.Web.HttpUnhandledException: Exception of type 'System.Web.HttpUnhandledException' was thrown. ---> System.Exception: Sp_Get_MyMenus_by_UserID_contractID_menustatus did not return a record!
   at SimpleServingsLibrary.Menu.MenuDB.GetMyMenusByUserIDContractIDpeMenuStatus(Int32 staffID, Int32 contractID, Int32 menuStatus, Int32 currentMenus) in c:\TFS\DFTA\SimpleServingsLibrary\SimpleServings.Menu\DAL\MenuDB.cs:line 418
   at SimpleServingsLibrary.Menu.Menu.GetMyMenusByUserIDContractIDpeMenuStatus(Int32 staffID, Int32 contractID, Int32 menuStatus, Int32 currentMenus) in c:\TFS\DFTA\SimpleServingsLibrary\SimpleServings.Menu\BLL\Menu.cs:line 461
   at SimpleServings.UI.UDC.SimpleServings.Reports.ucDailyMenuParameter.ddlContractID_SelectedIndexChanged(Object sender, EventArgs e) in c:\TFS\DFTA\SimpleServings\SimpleServings\SimpleServings\UI\UDC\SimpleServings\Reports\ucDailyMenuParameter.ascx.cs:line 64
   at System.Web.UI.WebControls.ListControl.OnSelectedIndexChanged(EventArgs e)
   at System.Web.UI.WebControls.DropDownList.RaisePostDataChangedEvent()
   at System.Web.UI.WebControls.DropDownList.System.Web.UI.IPostBackDataHandler.RaisePostDataChangedEvent()
   at System.Web.UI.Page.RaiseChangedEvents()
   at System.Web.UI.Page.ProcessRequestMain(Boolean includeStagesBeforeAsyncPoint, Boolean includeStagesAfterAsyncPoint)
   --- End of inner exception stack trace ---
   at System.Web.UI.Page.HandleError(Exception e)
   at System.Web.UI.Page.ProcessRequestMain(Boolean includeStagesBeforeAsyncPoint, Boolean includeStagesAfterAsyncPoint)
   at System.Web.UI.Page.ProcessRequest(Boolean includeStagesBeforeAsyncPoint, Boolean includeStagesAfterAsyncPoint)
   at System.Web.UI.Page.ProcessRequest()
   at System.Web.UI.Page.ProcessRequestWithNoAssert(HttpContext context)
   at System.Web.UI.Page.ProcessRequest(HttpContext context)
   at ASP.ui_page_simpleservings_reports_viewreport_aspx.ProcessRequest(HttpContext context) in c:\Windows\Microsoft.NET\Framework\v2.0.50727\Temporary ASP.NET Files\simpleservings\50605a42\75e306da\App_Web_7hiicafi.1.cs:line 0
   at System.Web.HttpApplication.CallHandlerExecutionStep.System.Web.HttpApplication.IExecutionStep.Execute()
   at System.Web.HttpApplication.ExecuteStep(IExecutionStep step, Boolean& completedSynchronously)
2017-07-18 15:48:53,429 [  1] INFO  AppManager [(null)] SimpleServings started.
2017-07-18 15:49:12,295 [  5] INFO  AppManager [(null)] (Home.aspx) - Page Load 
SessionId: v2zrjl450b5uv1m02d120w55
2017-07-18 15:50:36,819 [  5] ERROR AppManager [(null)] SimpleServings application error: ASP.NET session has expired or could not be found
location: http://localhost:1949/SimpleServings/Reserved.ReportViewerWebControl.axd?OpType=SessionKeepAlive&ControlID=0a4ad125736e4d70bdb81ae02cbd175a

Microsoft.Reporting.WebForms.AspNetSessionExpiredException: ASP.NET session has expired or could not be found
   at Microsoft.Reporting.WebForms.ViewerDataOperation..ctor()
   at Microsoft.Reporting.WebForms.HttpHandler.GetHandler(String operationType)
   at Microsoft.Reporting.WebForms.HttpHandler.ProcessRequest(HttpContext context)
   at System.Web.HttpApplication.CallHandlerExecutionStep.System.Web.HttpApplication.IExecutionStep.Execute()
   at System.Web.HttpApplication.ExecuteStep(IExecutionStep step, Boolean& completedSynchronously)
2017-07-18 15:50:51,315 [  7] INFO  AppManager [(null)] (landingPage.aspx) - Request from http://localhost:1949/SimpleServings/ui/page/ 
Request Type: LogInOut 
SessionId: v2zrjl450b5uv1m02d120w55
2017-07-18 15:50:51,316 [  7] INFO  AppManager [(null)] (landingPage.aspx) - Redirecting to Login.aspx 
Request Type: LogInOut 
SessionId: v2zrjl450b5uv1m02d120w55
2017-07-18 15:51:48,389 [  7] ERROR AppManager [(null)] SimpleServings application error: Exception of type 'System.Web.HttpUnhandledException' was thrown.
location: http://localhost:1949/SimpleServings/UI/Page/SimpleServings/Reports/ViewReport.aspx?reportID=13

System.Web.HttpUnhandledException: Exception of type 'System.Web.HttpUnhandledException' was thrown. ---> System.Exception: Sp_Get_MyMenus_by_UserID_contractID_menustatus did not return a record!
   at SimpleServingsLibrary.Menu.MenuDB.GetMyMenusByUserIDContractIDpeMenuStatus(Int32 staffID, Int32 contractID, Int32 menuStatus, Int32 currentMenus) in c:\TFS\DFTA\SimpleServingsLibrary\SimpleServings.Menu\DAL\MenuDB.cs:line 418
   at SimpleServingsLibrary.Menu.Menu.GetMyMenusByUserIDContractIDpeMenuStatus(Int32 staffID, Int32 contractID, Int32 menuStatus, Int32 currentMenus) in c:\TFS\DFTA\SimpleServingsLibrary\SimpleServings.Menu\BLL\Menu.cs:line 461
   at SimpleServings.UI.UDC.SimpleServings.Reports.ucDailyMenuParameter.ddlContractID_SelectedIndexChanged(Object sender, EventArgs e) in c:\TFS\DFTA\SimpleServings\SimpleServings\SimpleServings\UI\UDC\SimpleServings\Reports\ucDailyMenuParameter.ascx.cs:line 64
   at System.Web.UI.WebControls.ListControl.OnSelectedIndexChanged(EventArgs e)
   at System.Web.UI.WebControls.DropDownList.RaisePostDataChangedEvent()
   at System.Web.UI.WebControls.DropDownList.System.Web.UI.IPostBackDataHandler.RaisePostDataChangedEvent()
   at System.Web.UI.Page.RaiseChangedEvents()
   at System.Web.UI.Page.ProcessRequestMain(Boolean includeStagesBeforeAsyncPoint, Boolean includeStagesAfterAsyncPoint)
   --- End of inner exception stack trace ---
   at System.Web.UI.Page.HandleError(Exception e)
   at System.Web.UI.Page.ProcessRequestMain(Boolean includeStagesBeforeAsyncPoint, Boolean includeStagesAfterAsyncPoint)
   at System.Web.UI.Page.ProcessRequest(Boolean includeStagesBeforeAsyncPoint, Boolean includeStagesAfterAsyncPoint)
   at System.Web.UI.Page.ProcessRequest()
   at System.Web.UI.Page.ProcessRequestWithNoAssert(HttpContext context)
   at System.Web.UI.Page.ProcessRequest(HttpContext context)
   at ASP.ui_page_simpleservings_reports_viewreport_aspx.ProcessRequest(HttpContext context) in c:\Windows\Microsoft.NET\Framework\v2.0.50727\Temporary ASP.NET Files\simpleservings\50605a42\75e306da\App_Web_h6_8mjbx.1.cs:line 0
   at System.Web.HttpApplication.CallHandlerExecutionStep.System.Web.HttpApplication.IExecutionStep.Execute()
   at System.Web.HttpApplication.ExecuteStep(IExecutionStep step, Boolean& completedSynchronously)
2017-07-18 15:54:08,121 [  1] INFO  AppManager [(null)] SimpleServings started.
2017-07-18 15:54:21,086 [ 10] INFO  AppManager [(null)] (landingPage.aspx) - Request from http://localhost:1949/SimpleServings/UI/Page/SimpleServings/Menu/MenuList.aspx?MenuType=MyDrafts 
Request Type: LogInOut 
SessionId: u5ejp345wmiuck45vgwchj3c
2017-07-18 15:54:21,087 [ 10] INFO  AppManager [(null)] (landingPage.aspx) - Redirecting to Login.aspx 
Request Type: LogInOut 
SessionId: u5ejp345wmiuck45vgwchj3c
2017-07-18 15:54:33,519 [  5] INFO  AppManager [(null)] (login.aspx) - (cvais7773) - Login successful 
SessionId: ba4whluqds4oaq55jbvslwad
2017-07-18 15:54:33,547 [  5] INFO  AppManager [(null)] (Home.aspx) - Page Load 
SessionId: enxll355bke4li55qzmnaaim
