2016-12-19 10:44:38,374 [  5] INFO  AppManager [(null)] (Home.aspx) - Page Load 
SessionId: 5fm2qg55o0n1mi55bumgsenu
2016-12-19 10:44:42,474 [  7] INFO  AppManager [(null)] (landingPage.aspx) - Request from http://localhost:1949/SimpleServings/UI/page/ 
Request Type: LogInOut 
SessionId: wi3z1unfsdwzwv3p5jeujzjd
2016-12-19 10:44:42,475 [  7] INFO  AppManager [(null)] (landingPage.aspx) - Redirecting to Login.aspx 
Request Type: LogInOut 
SessionId: wi3z1unfsdwzwv3p5jeujzjd
2016-12-19 10:44:42,506 [  7] INFO  AppManager [(null)] (login.aspx) - Request from http://localhost:1949/SimpleServings/UI/page/ 
SessionId: 3fytvs5522bmsvrus4nbrw55
2016-12-19 10:44:50,789 [  5] INFO  AppManager [(null)] (landingPage.aspx) - Clearing Session 
Request Type:  
SessionId: 5pyak2jl3u5qsyrfnqbl14al
2016-12-19 10:44:50,799 [  7] INFO  AppManager [(null)] (landingPage.aspx) - New Session 
Request Type:  
SessionId: x0kprcrk1yu5trfhuaq2faf5
2016-12-19 10:44:50,913 [  6] INFO  AppManager [(null)] (login.aspx) - (cvais7773) - Login successful 
SessionId: xtqiav55kyzbij55rx3o0j45
2016-12-19 10:44:50,918 [  6] INFO  AppManager [(null)] (Home.aspx) - Page Load 
SessionId: x0kprcrk1yu5trfhuaq2faf5
2016-12-19 10:59:26,837 [  1] INFO  AppManager [(null)] SimpleServings started.
2016-12-19 10:59:27,309 [  5] INFO  AppManager [(null)] (Home.aspx) - Page Load 
SessionId: ag5glwasmfznmkq4vl053tb1
2016-12-19 10:59:31,492 [  5] INFO  AppManager [(null)] (landingPage.aspx) - Request from http://localhost:1949/SimpleServings/ui/page/ 
Request Type: LogInOut 
SessionId: ag5glwasmfznmkq4vl053tb1
2016-12-19 10:59:31,493 [  5] INFO  AppManager [(null)] (landingPage.aspx) - Redirecting to Login.aspx 
Request Type: LogInOut 
SessionId: ag5glwasmfznmkq4vl053tb1
2016-12-19 10:59:35,859 [  8] INFO  AppManager [(null)] (Home.aspx) - Page Load 
SessionId: tgghz245fjz5qffsbbr0cjrd
2016-12-19 11:11:33,483 [ 10] INFO  AppManager [(null)] (landingPage.aspx) - Request from http://localhost:1949/SimpleServings/UI/Page/SimpleServings/Menu/MenuList.aspx?MenuType=ViewSamples 
Request Type: LogInOut 
SessionId: x0kprcrk1yu5trfhuaq2faf5
2016-12-19 11:11:33,484 [ 10] INFO  AppManager [(null)] (landingPage.aspx) - Redirecting to Login.aspx 
Request Type: LogInOut 
SessionId: x0kprcrk1yu5trfhuaq2faf5
2016-12-19 11:11:33,487 [ 10] INFO  AppManager [(null)] (login.aspx) - Request from http://localhost:1949/SimpleServings/UI/Page/SimpleServings/Menu/MenuList.aspx?MenuType=ViewSamples 
SessionId: t1hmwcn2tmdpxd451ky5ep45
2016-12-19 11:11:39,711 [  5] INFO  AppManager [(null)] (landingPage.aspx) - Clearing Session 
Request Type:  
SessionId: 2a0xttujvrc2xg45adl2ke45
2016-12-19 11:11:39,716 [  7] ERROR AppManager [(null)] btnLogin_Click failed: Incorrect username and/or password.
2016-12-19 11:11:39,718 [  5] INFO  AppManager [(null)] (landingPage.aspx) - New Session 
Request Type:  
SessionId: ps3kaj55gktskz45klpdq5zw
2016-12-19 11:11:42,810 [  8] INFO  AppManager [(null)] (landingPage.aspx) - Clearing Session 
Request Type:  
SessionId: ps3kaj55gktskz45klpdq5zw
2016-12-19 11:11:42,821 [  8] INFO  AppManager [(null)] (landingPage.aspx) - New Session 
Request Type:  
SessionId: fbx3lf45gfsf3n452xigmsyh
2016-12-19 11:11:43,334 [  7] INFO  AppManager [(null)] (login.aspx) - (cvais7773) - Login successful 
SessionId: ps3kaj55gktskz45klpdq5zw
2016-12-19 11:11:43,340 [  8] INFO  AppManager [(null)] (Home.aspx) - Page Load 
SessionId: fbx3lf45gfsf3n452xigmsyh
2016-12-19 11:39:55,974 [  1] INFO  AppManager [(null)] SimpleServings started.
2016-12-19 11:40:06,091 [  5] INFO  AppManager [(null)] (Home.aspx) - Page Load 
SessionId: tgghz245fjz5qffsbbr0cjrd
2016-12-19 11:40:07,733 [  8] INFO  AppManager [(null)] (landingPage.aspx) - Request from http://localhost:1949/SimpleServings/ui/page/ 
Request Type: LogInOut 
SessionId: tgghz245fjz5qffsbbr0cjrd
2016-12-19 11:40:07,734 [  8] INFO  AppManager [(null)] (landingPage.aspx) - Redirecting to Login.aspx 
Request Type: LogInOut 
SessionId: tgghz245fjz5qffsbbr0cjrd
2016-12-19 11:40:10,130 [  8] INFO  AppManager [(null)] (Home.aspx) - Page Load 
SessionId: hhimjw55zbdbcf45hvdtyw45
2016-12-19 11:42:19,624 [  1] INFO  AppManager [(null)] SimpleServings started.
2016-12-19 11:42:27,593 [  5] INFO  AppManager [(null)] (Home.aspx) - Page Load 
SessionId: hhimjw55zbdbcf45hvdtyw45
2016-12-19 11:42:33,986 [  8] INFO  AppManager [(null)] (landingPage.aspx) - Request from http://localhost:1949/SimpleServings/ui/page/ 
Request Type: LogInOut 
SessionId: hhimjw55zbdbcf45hvdtyw45
2016-12-19 11:42:33,988 [  8] INFO  AppManager [(null)] (landingPage.aspx) - Redirecting to Login.aspx 
Request Type: LogInOut 
SessionId: hhimjw55zbdbcf45hvdtyw45
2016-12-19 11:42:37,081 [  6] INFO  AppManager [(null)] (Home.aspx) - Page Load 
SessionId: jouonl45a4u1an55kfhogb55
2016-12-19 11:44:37,996 [  8] INFO  AppManager [(null)] (landingPage.aspx) - Request from http://localhost:1949/SimpleServings/UI/Page/SimpleServings/Menu/MenuList.aspx?MenuType=ViewSamples 
Request Type: LogInOut 
SessionId: fbx3lf45gfsf3n452xigmsyh
2016-12-19 11:44:37,997 [  8] INFO  AppManager [(null)] (landingPage.aspx) - Redirecting to Login.aspx 
Request Type: LogInOut 
SessionId: fbx3lf45gfsf3n452xigmsyh
2016-12-19 11:44:38,029 [  6] INFO  AppManager [(null)] (login.aspx) - Request from http://localhost:1949/SimpleServings/UI/Page/SimpleServings/Menu/MenuList.aspx?MenuType=ViewSamples 
SessionId: hv4v1bft30012j451ebe30ff
2016-12-19 11:44:45,670 [  5] INFO  AppManager [(null)] (landingPage.aspx) - Clearing Session 
Request Type:  
SessionId: 1hbva155b4bv3kuxl3nz1c55
2016-12-19 11:44:45,679 [  5] INFO  AppManager [(null)] (landingPage.aspx) - New Session 
Request Type:  
SessionId: qmszjdziubpznbqr5vznfsy3
2016-12-19 11:44:45,686 [  6] INFO  AppManager [(null)] (login.aspx) - (cvais7773) - Login successful 
SessionId: jocpf545r0d0o2aojuihun45
2016-12-19 11:44:45,690 [  6] INFO  AppManager [(null)] (Home.aspx) - Page Load 
SessionId: qmszjdziubpznbqr5vznfsy3
2016-12-19 11:45:47,909 [  1] INFO  AppManager [(null)] SimpleServings started.
2016-12-19 11:45:55,550 [  5] INFO  AppManager [(null)] (Home.aspx) - Page Load 
SessionId: jouonl45a4u1an55kfhogb55
2016-12-19 11:45:57,767 [  5] INFO  AppManager [(null)] (landingPage.aspx) - Request from http://localhost:1949/SimpleServings/ui/page/ 
Request Type: LogInOut 
SessionId: jouonl45a4u1an55kfhogb55
2016-12-19 11:45:57,768 [  5] INFO  AppManager [(null)] (landingPage.aspx) - Redirecting to Login.aspx 
Request Type: LogInOut 
SessionId: jouonl45a4u1an55kfhogb55
2016-12-19 11:46:00,582 [  5] INFO  AppManager [(null)] (Home.aspx) - Page Load 
SessionId: dx3d00epyafrfkme2hi2w3fi
2016-12-19 11:46:16,048 [  5] ERROR AppManager [(null)] SimpleServings application error: Exception of type 'System.Web.HttpUnhandledException' was thrown.
System.Web.HttpUnhandledException: Exception of type 'System.Web.HttpUnhandledException' was thrown. ---> System.Web.HttpException: Cannot have multiple items selected in a DropDownList.
   at System.Web.UI.WebControls.DropDownList.VerifyMultiSelect()
   at System.Web.UI.WebControls.ListControl.RenderContents(HtmlTextWriter writer)
   at System.Web.UI.WebControls.WebControl.Render(HtmlTextWriter writer)
   at System.Web.UI.Control.RenderControlInternal(HtmlTextWriter writer, ControlAdapter adapter)
   at System.Web.UI.Control.RenderControl(HtmlTextWriter writer, ControlAdapter adapter)
   at System.Web.UI.Control.RenderControl(HtmlTextWriter writer)
   at System.Web.UI.Control.RenderChildrenInternal(HtmlTextWriter writer, ICollection children)
   at System.Web.UI.Control.RenderChildren(HtmlTextWriter writer)
   at System.Web.UI.HtmlControls.HtmlContainerControl.Render(HtmlTextWriter writer)
   at System.Web.UI.Control.RenderControlInternal(HtmlTextWriter writer, ControlAdapter adapter)
   at System.Web.UI.Control.RenderControl(HtmlTextWriter writer, ControlAdapter adapter)
   at System.Web.UI.Control.RenderControl(HtmlTextWriter writer)
   at System.Web.UI.Control.RenderChildrenInternal(HtmlTextWriter writer, ICollection children)
   at System.Web.UI.Control.RenderChildren(HtmlTextWriter writer)
   at System.Web.UI.WebControls.WebControl.RenderContents(HtmlTextWriter writer)
   at System.Web.UI.WebControls.WebControl.Render(HtmlTextWriter writer)
   at System.Web.UI.Control.RenderControlInternal(HtmlTextWriter writer, ControlAdapter adapter)
   at System.Web.UI.Control.RenderControl(HtmlTextWriter writer, ControlAdapter adapter)
   at System.Web.UI.Control.RenderControl(HtmlTextWriter writer)
   at System.Web.UI.Control.RenderChildrenInternal(HtmlTextWriter writer, ICollection children)
   at System.Web.UI.Control.RenderChildren(HtmlTextWriter writer)
   at System.Web.UI.Control.Render(HtmlTextWriter writer)
   at System.Web.UI.Control.RenderControlInternal(HtmlTextWriter writer, ControlAdapter adapter)
   at System.Web.UI.Control.RenderControl(HtmlTextWriter writer, ControlAdapter adapter)
   at System.Web.UI.Control.RenderControl(HtmlTextWriter writer)
   at System.Web.UI.Control.RenderChildrenInternal(HtmlTextWriter writer, ICollection children)
   at System.Web.UI.Control.RenderChildren(HtmlTextWriter writer)
   at System.Web.UI.HtmlControls.HtmlForm.RenderChildren(HtmlTextWriter writer)
   at System.Web.UI.HtmlControls.HtmlContainerControl.Render(HtmlTextWriter writer)
   at System.Web.UI.HtmlControls.HtmlForm.Render(HtmlTextWriter output)
   at System.Web.UI.Control.RenderControlInternal(HtmlTextWriter writer, ControlAdapter adapter)
   at System.Web.UI.Control.RenderControl(HtmlTextWriter writer, ControlAdapter adapter)
   at System.Web.UI.HtmlControls.HtmlForm.RenderControl(HtmlTextWriter writer)
   at System.Web.UI.Control.RenderChildrenInternal(HtmlTextWriter writer, ICollection children)
   at System.Web.UI.Control.RenderChildren(HtmlTextWriter writer)
   at System.Web.UI.Control.Render(HtmlTextWriter writer)
   at System.Web.UI.Control.RenderControlInternal(HtmlTextWriter writer, ControlAdapter adapter)
   at System.Web.UI.Control.RenderControl(HtmlTextWriter writer, ControlAdapter adapter)
   at System.Web.UI.Control.RenderControl(HtmlTextWriter writer)
   at System.Web.UI.Control.RenderChildrenInternal(HtmlTextWriter writer, ICollection children)
   at System.Web.UI.Control.RenderChildren(HtmlTextWriter writer)
   at System.Web.UI.Control.Render(HtmlTextWriter writer)
   at System.Web.UI.Control.RenderControlInternal(HtmlTextWriter writer, ControlAdapter adapter)
   at System.Web.UI.Control.RenderControl(HtmlTextWriter writer, ControlAdapter adapter)
   at System.Web.UI.Control.RenderControl(HtmlTextWriter writer)
   at System.Web.UI.Control.RenderChildrenInternal(HtmlTextWriter writer, ICollection children)
   at System.Web.UI.Control.RenderChildren(HtmlTextWriter writer)
   at System.Web.UI.Page.Render(HtmlTextWriter writer)
   at System.Web.UI.Control.RenderControlInternal(HtmlTextWriter writer, ControlAdapter adapter)
   at System.Web.UI.Control.RenderControl(HtmlTextWriter writer, ControlAdapter adapter)
   at System.Web.UI.Control.RenderControl(HtmlTextWriter writer)
   at System.Web.UI.Page.ProcessRequestMain(Boolean includeStagesBeforeAsyncPoint, Boolean includeStagesAfterAsyncPoint)
   --- End of inner exception stack trace ---
   at System.Web.UI.Page.HandleError(Exception e)
   at System.Web.UI.Page.ProcessRequestMain(Boolean includeStagesBeforeAsyncPoint, Boolean includeStagesAfterAsyncPoint)
   at System.Web.UI.Page.ProcessRequest(Boolean includeStagesBeforeAsyncPoint, Boolean includeStagesAfterAsyncPoint)
   at System.Web.UI.Page.ProcessRequest()
   at System.Web.UI.Page.ProcessRequestWithNoAssert(HttpContext context)
   at System.Web.UI.Page.ProcessRequest(HttpContext context)
   at ASP.ui_page_simpleservings_menu_addmenu_aspx.ProcessRequest(HttpContext context) in c:\Windows\Microsoft.NET\Framework\v2.0.50727\Temporary ASP.NET Files\simpleservings\50605a42\75e306da\App_Web_itzdb9__.16.cs:line 0
   at System.Web.HttpApplication.CallHandlerExecutionStep.System.Web.HttpApplication.IExecutionStep.Execute()
   at System.Web.HttpApplication.ExecuteStep(IExecutionStep step, Boolean& completedSynchronously)
2016-12-19 11:47:07,186 [  1] INFO  AppManager [(null)] SimpleServings started.
2016-12-19 11:47:15,372 [  5] INFO  AppManager [(null)] (Home.aspx) - Page Load 
SessionId: dx3d00epyafrfkme2hi2w3fi
2016-12-19 11:47:17,066 [  7] INFO  AppManager [(null)] (landingPage.aspx) - Request from http://localhost:1949/SimpleServings/ui/page/ 
Request Type: LogInOut 
SessionId: dx3d00epyafrfkme2hi2w3fi
2016-12-19 11:47:17,067 [  7] INFO  AppManager [(null)] (landingPage.aspx) - Redirecting to Login.aspx 
Request Type: LogInOut 
SessionId: dx3d00epyafrfkme2hi2w3fi
2016-12-19 11:47:20,368 [  7] INFO  AppManager [(null)] (Home.aspx) - Page Load 
SessionId: tyixkn3ndajb2sed00rzeu45
2016-12-19 11:48:21,555 [  1] INFO  AppManager [(null)] SimpleServings started.
2016-12-19 11:48:32,673 [  7] INFO  AppManager [(null)] (landingPage.aspx) - Redirecting to Login.aspx 
Request Type: LogInOut 
SessionId: tyixkn3ndajb2sed00rzeu45
2016-12-19 11:48:36,242 [  7] INFO  AppManager [(null)] (Home.aspx) - Page Load 
SessionId: fh5y0l452vfchm55x5z5vk55
2016-12-19 11:49:01,726 [  1] INFO  AppManager [(null)] SimpleServings started.
2016-12-19 11:49:12,466 [  5] INFO  AppManager [(null)] (landingPage.aspx) - Redirecting to Login.aspx 
Request Type: LogInOut 
SessionId: fh5y0l452vfchm55x5z5vk55
2016-12-19 11:49:16,370 [  9] INFO  AppManager [(null)] (Home.aspx) - Page Load 
SessionId: r0rgsp35xwvc3vav0rqvax45
2016-12-19 11:53:15,378 [  1] INFO  AppManager [(null)] SimpleServings started.
2016-12-19 11:53:22,795 [  9] INFO  AppManager [(null)] (Home.aspx) - Page Load 
SessionId: r0rgsp35xwvc3vav0rqvax45
2016-12-19 11:53:24,677 [  7] INFO  AppManager [(null)] (landingPage.aspx) - Request from http://localhost:1949/SimpleServings/ui/page/ 
Request Type: LogInOut 
SessionId: r0rgsp35xwvc3vav0rqvax45
2016-12-19 11:53:24,679 [  7] INFO  AppManager [(null)] (landingPage.aspx) - Redirecting to Login.aspx 
Request Type: LogInOut 
SessionId: r0rgsp35xwvc3vav0rqvax45
2016-12-19 11:53:27,403 [  9] INFO  AppManager [(null)] (Home.aspx) - Page Load 
SessionId: vt2z0e31xwgj0145cklkm455
2016-12-19 11:57:53,716 [  1] INFO  AppManager [(null)] SimpleServings started.
2016-12-19 11:58:03,932 [  9] INFO  AppManager [(null)] (landingPage.aspx) - Redirecting to Login.aspx 
Request Type: LogInOut 
SessionId: vt2z0e31xwgj0145cklkm455
2016-12-19 11:58:08,869 [  5] INFO  AppManager [(null)] (Home.aspx) - Page Load 
SessionId: bvr4ji45yppogbq0rllb5yyi
2016-12-19 12:31:51,702 [  7] INFO  AppManager [(null)] (landingPage.aspx) - Request from http://localhost:1949/SimpleServings/UI/Page/SimpleServings/Menu/MenuList.aspx?MenuType=MyDrafts 
Request Type: LogInOut 
SessionId: qmszjdziubpznbqr5vznfsy3
2016-12-19 12:31:51,703 [  7] INFO  AppManager [(null)] (landingPage.aspx) - Redirecting to Login.aspx 
Request Type: LogInOut 
SessionId: qmszjdziubpznbqr5vznfsy3
2016-12-19 12:31:51,709 [  5] INFO  AppManager [(null)] (login.aspx) - Request from http://localhost:1949/SimpleServings/UI/Page/SimpleServings/Menu/MenuList.aspx?MenuType=MyDrafts 
SessionId: 4vw4ir55mfv32d55cxzfzyuk
2016-12-19 12:31:57,261 [  7] INFO  AppManager [(null)] (landingPage.aspx) - Clearing Session 
Request Type:  
SessionId: 4esyim45u2wpmx45lfgkvn45
2016-12-19 12:31:57,271 [  7] INFO  AppManager [(null)] (landingPage.aspx) - New Session 
Request Type:  
SessionId: rqutl2bhgboodhrwod0xsrfx
2016-12-19 12:31:57,619 [  9] INFO  AppManager [(null)] (login.aspx) - (cvais7773) - Login successful 
SessionId: ife4ky45kko1wm552o20kq55
2016-12-19 12:31:57,626 [  8] INFO  AppManager [(null)] (Home.aspx) - Page Load 
SessionId: rqutl2bhgboodhrwod0xsrfx
2016-12-19 13:11:39,360 [  1] INFO  AppManager [(null)] SimpleServings started.
2016-12-19 13:11:47,087 [  5] INFO  AppManager [(null)] (Home.aspx) - Page Load 
SessionId: bvr4ji45yppogbq0rllb5yyi
2016-12-19 13:11:53,569 [  8] INFO  AppManager [(null)] (landingPage.aspx) - Request from http://localhost:1949/SimpleServings/ui/page/ 
Request Type: LogInOut 
SessionId: bvr4ji45yppogbq0rllb5yyi
2016-12-19 13:11:53,570 [  8] INFO  AppManager [(null)] (landingPage.aspx) - Redirecting to Login.aspx 
Request Type: LogInOut 
SessionId: bvr4ji45yppogbq0rllb5yyi
2016-12-19 13:11:56,815 [  8] INFO  AppManager [(null)] (login.aspx) - (cvais7773) - Login successful 
SessionId: wc0qex2eau0k43454bidrlvz
2016-12-19 13:11:56,839 [  6] INFO  AppManager [(null)] (Home.aspx) - Page Load 
SessionId: wiefqe453qi3e2n3wmxc1f55
2016-12-19 14:40:09,383 [ 11] INFO  AppManager [(null)] SimpleServings started.
2016-12-19 14:40:09,630 [  8] INFO  AppManager [(null)] (landingPage.aspx) - Request from http://localhost:1949/SimpleServings/UI/Page/SimpleServings/Menu/ViewMenu.aspx?MenuID=7237 
Request Type: LogInOut 
SessionId: wiefqe453qi3e2n3wmxc1f55
2016-12-19 14:40:09,631 [  8] INFO  AppManager [(null)] (landingPage.aspx) - Redirecting to Login.aspx 
Request Type: LogInOut 
SessionId: wiefqe453qi3e2n3wmxc1f55
2016-12-19 14:40:12,517 [  6] INFO  AppManager [(null)] (Home.aspx) - Page Load 
SessionId: 2rwuix553jedc2fiwev1j355
2016-12-19 14:58:52,421 [  1] INFO  AppManager [(null)] SimpleServings started.
2016-12-19 14:59:00,413 [  5] INFO  AppManager [(null)] (Home.aspx) - Page Load 
SessionId: 2rwuix553jedc2fiwev1j355
2016-12-19 14:59:02,157 [  6] INFO  AppManager [(null)] (landingPage.aspx) - Request from http://localhost:1949/SimpleServings/ui/page/ 
Request Type: LogInOut 
SessionId: 2rwuix553jedc2fiwev1j355
2016-12-19 14:59:02,158 [  6] INFO  AppManager [(null)] (landingPage.aspx) - Redirecting to Login.aspx 
Request Type: LogInOut 
SessionId: 2rwuix553jedc2fiwev1j355
2016-12-19 14:59:05,176 [  6] INFO  AppManager [(null)] (Home.aspx) - Page Load 
SessionId: jueqyv55nn005d45xmvoxya0
2016-12-19 15:32:46,924 [  8] INFO  AppManager [(null)] (Home.aspx) - Page Load 
SessionId: updgtsq2azlknq550wnrbsex
2016-12-19 15:33:19,167 [  7] INFO  AppManager [(null)] (Home.aspx) - Page Load 
SessionId: whizeb45iv3blg45xpkmp155
2016-12-19 15:33:38,963 [ 11] INFO  AppManager [(null)] (Home.aspx) - Page Load 
SessionId: jueqyv55nn005d45xmvoxya0
2016-12-19 15:34:56,326 [  1] INFO  AppManager [(null)] SimpleServings started.
2016-12-19 15:34:56,430 [  5] INFO  AppManager [(null)] (Home.aspx) - Page Load 
SessionId: jueqyv55nn005d45xmvoxya0
2016-12-19 15:34:58,895 [  5] INFO  AppManager [(null)] (landingPage.aspx) - Request from http://localhost:1949/SimpleServings/ui/page/ 
Request Type: LogInOut 
SessionId: jueqyv55nn005d45xmvoxya0
2016-12-19 15:34:58,897 [  5] INFO  AppManager [(null)] (landingPage.aspx) - Redirecting to Login.aspx 
Request Type: LogInOut 
SessionId: jueqyv55nn005d45xmvoxya0
2016-12-19 15:35:02,281 [  5] INFO  AppManager [(null)] (Home.aspx) - Page Load 
SessionId: 3jer0rjpm0jl2g55gld0faq5
2016-12-19 16:51:40,708 [  8] INFO  AppManager [(null)] (landingPage.aspx) - Request from http://localhost:1949/SimpleServings/UI/Page/myzone.aspx?Control=NutritionalAnalysis 
Request Type: LogInOut 
SessionId: 3jer0rjpm0jl2g55gld0faq5
2016-12-19 16:51:40,710 [  8] INFO  AppManager [(null)] (landingPage.aspx) - Redirecting to Login.aspx 
Request Type: LogInOut 
SessionId: 3jer0rjpm0jl2g55gld0faq5
2016-12-19 16:51:40,720 [  5] INFO  AppManager [(null)] (login.aspx) - Request from http://localhost:1949/SimpleServings/UI/Page/myzone.aspx?Control=NutritionalAnalysis 
SessionId: ps42a1vttwhr4jidq4c1lem2
2016-12-19 16:51:43,688 [  7] INFO  AppManager [(null)] (landingPage.aspx) - Clearing Session 
Request Type:  
SessionId: i3c2wc55eybomi45120eohaz
2016-12-19 16:51:43,703 [  5] INFO  AppManager [(null)] (landingPage.aspx) - New Session 
Request Type:  
SessionId: x52mlv2pbk0oha55lprnml55
2016-12-19 16:51:43,719 [  8] INFO  AppManager [(null)] (login.aspx) - (cvais7773) - Login successful 
SessionId: 30iako45fnpnzsezomialerk
2016-12-19 16:51:43,727 [  8] INFO  AppManager [(null)] (Home.aspx) - Page Load 
SessionId: x52mlv2pbk0oha55lprnml55
2016-12-19 16:58:33,232 [  1] INFO  AppManager [(null)] SimpleServings started.
2016-12-19 16:58:33,439 [  8] INFO  AppManager [(null)] (landingPage.aspx) - Request from http://localhost:1949/SimpleServings/UI/Page/myzone.aspx?Control=NutritionalAnalysis 
Request Type: LogInOut 
SessionId: x52mlv2pbk0oha55lprnml55
2016-12-19 16:58:33,440 [  8] INFO  AppManager [(null)] (landingPage.aspx) - Redirecting to Login.aspx 
Request Type: LogInOut 
SessionId: x52mlv2pbk0oha55lprnml55
2016-12-19 16:58:36,742 [  7] INFO  AppManager [(null)] (Home.aspx) - Page Load 
SessionId: 000quq45kw5m1k55sqaxotam
2016-12-19 17:02:45,797 [ 13] INFO  AppManager [(null)] SimpleServings started.
2016-12-19 17:02:53,025 [  8] INFO  AppManager [(null)] (landingPage.aspx) - Redirecting to Login.aspx 
Request Type: LogInOut 
SessionId: 000quq45kw5m1k55sqaxotam
2016-12-19 17:02:56,136 [  8] INFO  AppManager [(null)] (Home.aspx) - Page Load 
SessionId: hqifjd55m0djl4mihriuwyzf
2016-12-19 17:05:15,420 [ 13] INFO  AppManager [(null)] SimpleServings started.
2016-12-19 17:05:22,488 [  5] INFO  AppManager [(null)] (landingPage.aspx) - Redirecting to Login.aspx 
Request Type: LogInOut 
SessionId: hqifjd55m0djl4mihriuwyzf
2016-12-19 17:05:24,941 [  7] INFO  AppManager [(null)] (Home.aspx) - Page Load 
SessionId: t0l3nb55s0hqrj55rlm2upmw
2016-12-19 17:19:14,731 [ 13] INFO  AppManager [(null)] SimpleServings started.
2016-12-19 17:19:21,667 [  8] INFO  AppManager [(null)] (landingPage.aspx) - Redirecting to Login.aspx 
Request Type: LogInOut 
SessionId: t0l3nb55s0hqrj55rlm2upmw
2016-12-19 17:19:24,707 [  7] INFO  AppManager [(null)] (Home.aspx) - Page Load 
SessionId: pwuwncfmi3vsl155xkc2dk45
