2017-02-02 10:29:15,839 [  9] INFO  AppManager [(null)] (Home.aspx) - Page Load 
SessionId: zbncssakek5qxsusfcrw0f45
2017-02-02 10:37:01,687 [  7] INFO  AppManager [(null)] (landingPage.aspx) - Request from http://localhost:1949/SimpleServings/UI/Page/ 
Request Type: LogInOut 
SessionId: dxjcbe5543o0pnv52mpz3i45
2017-02-02 10:37:01,688 [  7] INFO  AppManager [(null)] (landingPage.aspx) - Redirecting to Login.aspx 
Request Type: LogInOut 
SessionId: dxjcbe5543o0pnv52mpz3i45
2017-02-02 10:37:01,697 [  7] INFO  AppManager [(null)] (login.aspx) - Request from http://localhost:1949/SimpleServings/UI/Page/ 
SessionId: tiohz1454qdvueypdulugc45
2017-02-02 10:37:05,327 [  7] INFO  AppManager [(null)] (landingPage.aspx) - Clearing Session 
Request Type:  
SessionId: kmspio55yq515mjdzcip1grl
2017-02-02 10:37:05,343 [  9] INFO  AppManager [(null)] (landingPage.aspx) - New Session 
Request Type:  
SessionId: wpcsngr0fqkwx455kvp2w5uo
2017-02-02 10:37:05,451 [  7] INFO  AppManager [(null)] (login.aspx) - (cvais7773) - Login successful 
SessionId: 34pdvs55tzvasu55lpiib545
2017-02-02 10:37:05,460 [  9] INFO  AppManager [(null)] (Home.aspx) - Page Load 
SessionId: wpcsngr0fqkwx455kvp2w5uo
2017-02-02 11:47:37,444 [  1] INFO  AppManager [(null)] SimpleServings started.
2017-02-02 11:47:52,674 [  8] INFO  AppManager [(null)] (landingPage.aspx) - Redirecting to Login.aspx 
Request Type: LogInOut 
SessionId: 
2017-02-02 12:00:49,154 [  6] INFO  AppManager [(null)] (Home.aspx) - Page Load 
SessionId: hkexrh451wyacn55csai2f45
2017-02-02 12:51:10,558 [  1] INFO  AppManager [(null)] SimpleServings started.
2017-02-02 12:51:11,924 [  5] INFO  AppManager [(null)] (landingPage.aspx) - Redirecting to Login.aspx 
Request Type: LogInOut 
SessionId: 
2017-02-02 12:51:20,245 [  6] INFO  AppManager [(null)] (Home.aspx) - Page Load 
SessionId: okwsbp55iqxby2j1trkhe42z
2017-02-02 12:51:46,860 [  8] ERROR AppManager [(null)] SimpleServings application error: Exception of type 'System.Web.HttpUnhandledException' was thrown.
location: http://localhost:1949/SimpleServings/UI/Page/SimpleServings/Menu/ViewMenu.aspx?MenuID=7358

System.Web.HttpUnhandledException: Exception of type 'System.Web.HttpUnhandledException' was thrown. ---> System.Data.SqlClient.SqlException: Could not find stored procedure 'Sp_Get_MenuItemGridHistoryByMenuID'.
   at System.Data.SqlClient.SqlConnection.OnError(SqlException exception, Boolean breakConnection)
   at System.Data.SqlClient.SqlInternalConnection.OnError(SqlException exception, Boolean breakConnection)
   at System.Data.SqlClient.TdsParser.ThrowExceptionAndWarning(TdsParserStateObject stateObj)
   at System.Data.SqlClient.TdsParser.Run(RunBehavior runBehavior, SqlCommand cmdHandler, SqlDataReader dataStream, BulkCopySimpleResultSet bulkCopyHandler, TdsParserStateObject stateObj)
   at System.Data.SqlClient.SqlDataReader.ConsumeMetaData()
   at System.Data.SqlClient.SqlDataReader.get_MetaData()
   at System.Data.SqlClient.SqlCommand.FinishExecuteReader(SqlDataReader ds, RunBehavior runBehavior, String resetOptionsString)
   at System.Data.SqlClient.SqlCommand.RunExecuteReaderTds(CommandBehavior cmdBehavior, RunBehavior runBehavior, Boolean returnStream, Boolean async)
   at System.Data.SqlClient.SqlCommand.RunExecuteReader(CommandBehavior cmdBehavior, RunBehavior runBehavior, Boolean returnStream, String method, DbAsyncResult result)
   at System.Data.SqlClient.SqlCommand.RunExecuteReader(CommandBehavior cmdBehavior, RunBehavior runBehavior, Boolean returnStream, String method)
   at System.Data.SqlClient.SqlCommand.ExecuteReader(CommandBehavior behavior, String method)
   at System.Data.SqlClient.SqlCommand.ExecuteDbDataReader(CommandBehavior behavior)
   at System.Data.Common.DbCommand.ExecuteReader(CommandBehavior behavior)
   at Microsoft.Practices.EnterpriseLibrary.Data.Database.DoExecuteReader(DbCommand command, CommandBehavior cmdBehavior)
   at Microsoft.Practices.EnterpriseLibrary.Data.Database.ExecuteReader(DbCommand command)
   at SimpleServingsLibrary.Menu.MenuItemGridChangeHistoryDB.GetMenuItemGridChangeHistorysByMenuID(Int32 menuID) in c:\TFS\DFTA\SimpleServingsLibrary\SimpleServings.Menu\DAL\MenuItemGridChangeHistoryDB.cs:line 22
   at SimpleServingsLibrary.Menu.MenuItemGridChangeHistory.GetMenuItemGridChangeHistorysByMenuID(Int32 menuID) in c:\TFS\DFTA\SimpleServingsLibrary\SimpleServings.Menu\BLL\MenuItemGridChangeHistory.cs:line 56
   at SimpleServings.UI.UDC.SimpleServings.Menu.MenuItemGridChangeHistory.PopMenuItemHistory(Int32 menuID) in c:\TFS\DFTA\SimpleServings\SimpleServings\SimpleServings\UI\UDC\SimpleServings\Menu\MenuItemGridChangeHistory.ascx.cs:line 21
   at SimpleServings.UI.UDC.SimpleServings.Menu.ViewMenu.PopMenuItemGirdHistory(Int32 menuID) in c:\TFS\DFTA\SimpleServings\SimpleServings\SimpleServings\UI\UDC\SimpleServings\Menu\ViewMenu.ascx.cs:line 244
   at SimpleServings.UI.UDC.SimpleServings.Menu.ViewMenu.Page_Load(Object sender, EventArgs e) in c:\TFS\DFTA\SimpleServings\SimpleServings\SimpleServings\UI\UDC\SimpleServings\Menu\ViewMenu.ascx.cs:line 57
   at System.Web.Util.CalliHelper.EventArgFunctionCaller(IntPtr fp, Object o, Object t, EventArgs e)
   at System.Web.Util.CalliEventHandlerDelegateProxy.Callback(Object sender, EventArgs e)
   at System.Web.UI.Control.OnLoad(EventArgs e)
   at System.Web.UI.Control.LoadRecursive()
   at System.Web.UI.Control.LoadRecursive()
   at System.Web.UI.Control.LoadRecursive()
   at System.Web.UI.Control.LoadRecursive()
   at System.Web.UI.Control.LoadRecursive()
   at System.Web.UI.Page.ProcessRequestMain(Boolean includeStagesBeforeAsyncPoint, Boolean includeStagesAfterAsyncPoint)
   --- End of inner exception stack trace ---
   at System.Web.UI.Page.HandleError(Exception e)
   at System.Web.UI.Page.ProcessRequestMain(Boolean includeStagesBeforeAsyncPoint, Boolean includeStagesAfterAsyncPoint)
   at System.Web.UI.Page.ProcessRequest(Boolean includeStagesBeforeAsyncPoint, Boolean includeStagesAfterAsyncPoint)
   at System.Web.UI.Page.ProcessRequest()
   at System.Web.UI.Page.ProcessRequestWithNoAssert(HttpContext context)
   at System.Web.UI.Page.ProcessRequest(HttpContext context)
   at ASP.ui_page_simpleservings_menu_viewmenu_aspx.ProcessRequest(HttpContext context) in c:\Windows\Microsoft.NET\Framework\v2.0.50727\Temporary ASP.NET Files\simpleservings\50605a42\75e306da\App_Web_xkiai8n1.11.cs:line 0
   at System.Web.HttpApplication.CallHandlerExecutionStep.System.Web.HttpApplication.IExecutionStep.Execute()
   at System.Web.HttpApplication.ExecuteStep(IExecutionStep step, Boolean& completedSynchronously)
2017-02-02 12:55:14,473 [  5] ERROR AppManager [(null)] SimpleServings application error: Exception of type 'System.Web.HttpUnhandledException' was thrown.
location: http://localhost:1949/SimpleServings/UI/Page/SimpleServings/Menu/ViewMenu.aspx?MenuID=7358

System.Web.HttpUnhandledException: Exception of type 'System.Web.HttpUnhandledException' was thrown. ---> System.Exception: Sp_Get_MenuItemGridHistoryByMenuID did not return any record!
   at SimpleServingsLibrary.Menu.MenuItemGridChangeHistoryDB.GetMenuItemGridChangeHistorysByMenuID(Int32 menuID) in c:\TFS\DFTA\SimpleServingsLibrary\SimpleServings.Menu\DAL\MenuItemGridChangeHistoryDB.cs:line 29
   at SimpleServingsLibrary.Menu.MenuItemGridChangeHistory.GetMenuItemGridChangeHistorysByMenuID(Int32 menuID) in c:\TFS\DFTA\SimpleServingsLibrary\SimpleServings.Menu\BLL\MenuItemGridChangeHistory.cs:line 56
   at SimpleServings.UI.UDC.SimpleServings.Menu.MenuItemGridChangeHistory.PopMenuItemHistory(Int32 menuID) in c:\TFS\DFTA\SimpleServings\SimpleServings\SimpleServings\UI\UDC\SimpleServings\Menu\MenuItemGridChangeHistory.ascx.cs:line 21
   at SimpleServings.UI.UDC.SimpleServings.Menu.ViewMenu.PopMenuItemGirdHistory(Int32 menuID) in c:\TFS\DFTA\SimpleServings\SimpleServings\SimpleServings\UI\UDC\SimpleServings\Menu\ViewMenu.ascx.cs:line 244
   at SimpleServings.UI.UDC.SimpleServings.Menu.ViewMenu.Page_Load(Object sender, EventArgs e) in c:\TFS\DFTA\SimpleServings\SimpleServings\SimpleServings\UI\UDC\SimpleServings\Menu\ViewMenu.ascx.cs:line 57
   at System.Web.Util.CalliHelper.EventArgFunctionCaller(IntPtr fp, Object o, Object t, EventArgs e)
   at System.Web.Util.CalliEventHandlerDelegateProxy.Callback(Object sender, EventArgs e)
   at System.Web.UI.Control.OnLoad(EventArgs e)
   at System.Web.UI.Control.LoadRecursive()
   at System.Web.UI.Control.LoadRecursive()
   at System.Web.UI.Control.LoadRecursive()
   at System.Web.UI.Control.LoadRecursive()
   at System.Web.UI.Control.LoadRecursive()
   at System.Web.UI.Page.ProcessRequestMain(Boolean includeStagesBeforeAsyncPoint, Boolean includeStagesAfterAsyncPoint)
   --- End of inner exception stack trace ---
   at System.Web.UI.Page.HandleError(Exception e)
   at System.Web.UI.Page.ProcessRequestMain(Boolean includeStagesBeforeAsyncPoint, Boolean includeStagesAfterAsyncPoint)
   at System.Web.UI.Page.ProcessRequest(Boolean includeStagesBeforeAsyncPoint, Boolean includeStagesAfterAsyncPoint)
   at System.Web.UI.Page.ProcessRequest()
   at System.Web.UI.Page.ProcessRequestWithNoAssert(HttpContext context)
   at System.Web.UI.Page.ProcessRequest(HttpContext context)
   at ASP.ui_page_simpleservings_menu_viewmenu_aspx.ProcessRequest(HttpContext context) in c:\Windows\Microsoft.NET\Framework\v2.0.50727\Temporary ASP.NET Files\simpleservings\50605a42\75e306da\App_Web_xkiai8n1.11.cs:line 0
   at System.Web.HttpApplication.CallHandlerExecutionStep.System.Web.HttpApplication.IExecutionStep.Execute()
   at System.Web.HttpApplication.ExecuteStep(IExecutionStep step, Boolean& completedSynchronously)
2017-02-02 12:58:29,517 [  1] INFO  AppManager [(null)] SimpleServings started.
2017-02-02 12:58:42,196 [  8] INFO  AppManager [(null)] (landingPage.aspx) - Redirecting to Login.aspx 
Request Type: LogInOut 
SessionId: 
2017-02-02 12:58:47,847 [  8] INFO  AppManager [(null)] (Home.aspx) - Page Load 
SessionId: 3j1jognjy3umwv55j002uzub
2017-02-02 14:08:27,755 [ 11] INFO  AppManager [(null)] SimpleServings started.
2017-02-02 14:08:36,020 [  8] INFO  AppManager [(null)] (Home.aspx) - Page Load 
SessionId: wpcsngr0fqkwx455kvp2w5uo
2017-02-02 14:08:38,302 [  9] INFO  AppManager [(null)] (landingPage.aspx) - Request from http://localhost:1949/SimpleServings/UI/Page/ 
Request Type: LogInOut 
SessionId: wpcsngr0fqkwx455kvp2w5uo
2017-02-02 14:08:38,303 [  9] INFO  AppManager [(null)] (landingPage.aspx) - Redirecting to Login.aspx 
Request Type: LogInOut 
SessionId: wpcsngr0fqkwx455kvp2w5uo
2017-02-02 14:08:42,993 [  8] INFO  AppManager [(null)] (Home.aspx) - Page Load 
SessionId: 3e3zwm55prr4ek55gbohet45
2017-02-02 14:16:08,084 [  5] INFO  AppManager [(null)] (landingPage.aspx) - Request from http://localhost:1949/SimpleServings/UI/Page/SimpleServings/Menu/MenuList.aspx?MenuType=ViewSamples 
Request Type: LogInOut 
SessionId: 3e3zwm55prr4ek55gbohet45
2017-02-02 14:16:08,085 [  5] INFO  AppManager [(null)] (landingPage.aspx) - Redirecting to Login.aspx 
Request Type: LogInOut 
SessionId: 3e3zwm55prr4ek55gbohet45
2017-02-02 14:16:08,096 [  5] INFO  AppManager [(null)] (login.aspx) - Request from http://localhost:1949/SimpleServings/UI/Page/SimpleServings/Menu/MenuList.aspx?MenuType=ViewSamples 
SessionId: duqutuqcp3g4xq45he31qzfr
2017-02-02 14:16:12,285 [  9] INFO  AppManager [(null)] (landingPage.aspx) - Clearing Session 
Request Type:  
SessionId: fx2j4455dta42b45jz4huiq5
2017-02-02 14:16:12,304 [  9] INFO  AppManager [(null)] (landingPage.aspx) - New Session 
Request Type:  
SessionId: pchyge45uxi2rmia4bttby2s
2017-02-02 14:16:12,311 [  5] INFO  AppManager [(null)] (login.aspx) - (BStone) - Login successful 
SessionId: p324k0ew5uy0fgblyfv51i55
2017-02-02 14:16:12,324 [  5] INFO  AppManager [(null)] (Home.aspx) - Page Load 
SessionId: pchyge45uxi2rmia4bttby2s
2017-02-02 14:47:08,781 [  1] INFO  AppManager [(null)] SimpleServings started.
2017-02-02 14:47:21,414 [  8] INFO  AppManager [(null)] (landingPage.aspx) - Redirecting to Login.aspx 
Request Type: LogInOut 
SessionId: 
2017-02-02 14:47:29,872 [  7] INFO  AppManager [(null)] (Home.aspx) - Page Load 
SessionId: sbcjvdacpf0sqjq2b3pge1ag
2017-02-02 15:20:07,314 [  1] INFO  AppManager [(null)] SimpleServings started.
2017-02-02 15:20:19,543 [  6] INFO  AppManager [(null)] (landingPage.aspx) - Redirecting to Login.aspx 
Request Type: LogInOut 
SessionId: 
2017-02-02 15:20:47,068 [  6] INFO  AppManager [(null)] (Home.aspx) - Page Load 
SessionId: yuvpeh45obzfaa45dellonqp
2017-02-02 15:50:40,468 [  1] INFO  AppManager [(null)] SimpleServings started.
2017-02-02 15:50:52,324 [  8] INFO  AppManager [(null)] (landingPage.aspx) - Redirecting to Login.aspx 
Request Type: LogInOut 
SessionId: 
2017-02-02 15:50:59,755 [  6] INFO  AppManager [(null)] (Home.aspx) - Page Load 
SessionId: l55nmc55355mv2555bapvkme
2017-02-02 17:13:01,774 [  1] INFO  AppManager [(null)] SimpleServings started.
2017-02-02 17:13:16,292 [  1] INFO  AppManager [(null)] SimpleServings started.
2017-02-02 17:13:30,745 [  7] INFO  AppManager [(null)] (landingPage.aspx) - Redirecting to Login.aspx 
Request Type: LogInOut 
SessionId: 
2017-02-02 17:13:36,163 [  8] INFO  AppManager [(null)] (Home.aspx) - Page Load 
SessionId: ifzreift13o45z552ynfuln4
2017-02-02 17:16:48,762 [  8] ERROR AppManager [(null)] SimpleServings application error: Exception of type 'System.Web.HttpUnhandledException' was thrown.
location: http://localhost:1949/SimpleServings/UI/Page/SimpleServings/Menu/ViewMenu.aspx?MenuID=7352

System.Web.HttpUnhandledException: Exception of type 'System.Web.HttpUnhandledException' was thrown. ---> System.Exception: Invalid attempt to call MetaData when reader is closed.
   at SimpleServings.UI.UDC.SimpleServings.Menu.MenuItemGridChangeHistory.PopMenuItemHistory(Int32 menuID) in c:\TFS\DFTA\SimpleServings\SimpleServings\SimpleServings\UI\UDC\SimpleServings\Menu\MenuItemGridChangeHistory.ascx.cs:line 30
   at SimpleServings.UI.UDC.SimpleServings.Menu.ViewMenu.PopMenuItemGirdHistory(Int32 menuID) in c:\TFS\DFTA\SimpleServings\SimpleServings\SimpleServings\UI\UDC\SimpleServings\Menu\ViewMenu.ascx.cs:line 244
   at SimpleServings.UI.UDC.SimpleServings.Menu.ViewMenu.Page_Load(Object sender, EventArgs e) in c:\TFS\DFTA\SimpleServings\SimpleServings\SimpleServings\UI\UDC\SimpleServings\Menu\ViewMenu.ascx.cs:line 57
   at System.Web.Util.CalliHelper.EventArgFunctionCaller(IntPtr fp, Object o, Object t, EventArgs e)
   at System.Web.Util.CalliEventHandlerDelegateProxy.Callback(Object sender, EventArgs e)
   at System.Web.UI.Control.OnLoad(EventArgs e)
   at System.Web.UI.Control.LoadRecursive()
   at System.Web.UI.Control.LoadRecursive()
   at System.Web.UI.Control.LoadRecursive()
   at System.Web.UI.Control.LoadRecursive()
   at System.Web.UI.Control.LoadRecursive()
   at System.Web.UI.Page.ProcessRequestMain(Boolean includeStagesBeforeAsyncPoint, Boolean includeStagesAfterAsyncPoint)
   --- End of inner exception stack trace ---
   at System.Web.UI.Page.HandleError(Exception e)
   at System.Web.UI.Page.ProcessRequestMain(Boolean includeStagesBeforeAsyncPoint, Boolean includeStagesAfterAsyncPoint)
   at System.Web.UI.Page.ProcessRequest(Boolean includeStagesBeforeAsyncPoint, Boolean includeStagesAfterAsyncPoint)
   at System.Web.UI.Page.ProcessRequest()
   at System.Web.UI.Page.ProcessRequestWithNoAssert(HttpContext context)
   at System.Web.UI.Page.ProcessRequest(HttpContext context)
   at ASP.ui_page_simpleservings_menu_viewmenu_aspx.ProcessRequest(HttpContext context) in c:\Windows\Microsoft.NET\Framework\v2.0.50727\Temporary ASP.NET Files\simpleservings\50605a42\75e306da\App_Web_tsmgefux.0.cs:line 0
   at System.Web.HttpApplication.CallHandlerExecutionStep.System.Web.HttpApplication.IExecutionStep.Execute()
   at System.Web.HttpApplication.ExecuteStep(IExecutionStep step, Boolean& completedSynchronously)
2017-02-02 17:17:38,606 [  9] ERROR AppManager [(null)] SimpleServings application error: Exception of type 'System.Web.HttpUnhandledException' was thrown.
location: http://localhost:1949/SimpleServings/UI/Page/SimpleServings/Menu/ViewMenu.aspx?MenuID=7352

System.Web.HttpUnhandledException: Exception of type 'System.Web.HttpUnhandledException' was thrown. ---> System.Exception: LogID
   at SimpleServings.UI.UDC.SimpleServings.Menu.MenuItemGridChangeHistory.PopMenuItemHistory(Int32 menuID) in c:\TFS\DFTA\SimpleServings\SimpleServings\SimpleServings\UI\UDC\SimpleServings\Menu\MenuItemGridChangeHistory.ascx.cs:line 30
   at SimpleServings.UI.UDC.SimpleServings.Menu.ViewMenu.PopMenuItemGirdHistory(Int32 menuID) in c:\TFS\DFTA\SimpleServings\SimpleServings\SimpleServings\UI\UDC\SimpleServings\Menu\ViewMenu.ascx.cs:line 244
   at SimpleServings.UI.UDC.SimpleServings.Menu.ViewMenu.Page_Load(Object sender, EventArgs e) in c:\TFS\DFTA\SimpleServings\SimpleServings\SimpleServings\UI\UDC\SimpleServings\Menu\ViewMenu.ascx.cs:line 57
   at System.Web.Util.CalliHelper.EventArgFunctionCaller(IntPtr fp, Object o, Object t, EventArgs e)
   at System.Web.Util.CalliEventHandlerDelegateProxy.Callback(Object sender, EventArgs e)
   at System.Web.UI.Control.OnLoad(EventArgs e)
   at System.Web.UI.Control.LoadRecursive()
   at System.Web.UI.Control.LoadRecursive()
   at System.Web.UI.Control.LoadRecursive()
   at System.Web.UI.Control.LoadRecursive()
   at System.Web.UI.Control.LoadRecursive()
   at System.Web.UI.Page.ProcessRequestMain(Boolean includeStagesBeforeAsyncPoint, Boolean includeStagesAfterAsyncPoint)
   --- End of inner exception stack trace ---
   at System.Web.UI.Page.HandleError(Exception e)
   at System.Web.UI.Page.ProcessRequestMain(Boolean includeStagesBeforeAsyncPoint, Boolean includeStagesAfterAsyncPoint)
   at System.Web.UI.Page.ProcessRequest(Boolean includeStagesBeforeAsyncPoint, Boolean includeStagesAfterAsyncPoint)
   at System.Web.UI.Page.ProcessRequest()
   at System.Web.UI.Page.ProcessRequestWithNoAssert(HttpContext context)
   at System.Web.UI.Page.ProcessRequest(HttpContext context)
   at ASP.ui_page_simpleservings_menu_viewmenu_aspx.ProcessRequest(HttpContext context) in c:\Windows\Microsoft.NET\Framework\v2.0.50727\Temporary ASP.NET Files\simpleservings\50605a42\75e306da\App_Web_tsmgefux.0.cs:line 0
   at System.Web.HttpApplication.CallHandlerExecutionStep.System.Web.HttpApplication.IExecutionStep.Execute()
   at System.Web.HttpApplication.ExecuteStep(IExecutionStep step, Boolean& completedSynchronously)
2017-02-02 17:21:09,317 [  7] ERROR AppManager [(null)] SimpleServings application error: Exception of type 'System.Web.HttpUnhandledException' was thrown.
location: http://localhost:1949/SimpleServings/UI/Page/SimpleServings/Menu/ViewMenu.aspx?MenuID=7358

System.Web.HttpUnhandledException: Exception of type 'System.Web.HttpUnhandledException' was thrown. ---> System.Exception: Sp_Get_MenuItemGridHistoryByMenuID did not return any record!
   at SimpleServings.UI.UDC.SimpleServings.Menu.MenuItemGridChangeHistory.PopMenuItemHistory(Int32 menuID) in c:\TFS\DFTA\SimpleServings\SimpleServings\SimpleServings\UI\UDC\SimpleServings\Menu\MenuItemGridChangeHistory.ascx.cs:line 30
   at SimpleServings.UI.UDC.SimpleServings.Menu.ViewMenu.PopMenuItemGirdHistory(Int32 menuID) in c:\TFS\DFTA\SimpleServings\SimpleServings\SimpleServings\UI\UDC\SimpleServings\Menu\ViewMenu.ascx.cs:line 244
   at SimpleServings.UI.UDC.SimpleServings.Menu.ViewMenu.Page_Load(Object sender, EventArgs e) in c:\TFS\DFTA\SimpleServings\SimpleServings\SimpleServings\UI\UDC\SimpleServings\Menu\ViewMenu.ascx.cs:line 57
   at System.Web.Util.CalliHelper.EventArgFunctionCaller(IntPtr fp, Object o, Object t, EventArgs e)
   at System.Web.Util.CalliEventHandlerDelegateProxy.Callback(Object sender, EventArgs e)
   at System.Web.UI.Control.OnLoad(EventArgs e)
   at System.Web.UI.Control.LoadRecursive()
   at System.Web.UI.Control.LoadRecursive()
   at System.Web.UI.Control.LoadRecursive()
   at System.Web.UI.Control.LoadRecursive()
   at System.Web.UI.Control.LoadRecursive()
   at System.Web.UI.Page.ProcessRequestMain(Boolean includeStagesBeforeAsyncPoint, Boolean includeStagesAfterAsyncPoint)
   --- End of inner exception stack trace ---
   at System.Web.UI.Page.HandleError(Exception e)
   at System.Web.UI.Page.ProcessRequestMain(Boolean includeStagesBeforeAsyncPoint, Boolean includeStagesAfterAsyncPoint)
   at System.Web.UI.Page.ProcessRequest(Boolean includeStagesBeforeAsyncPoint, Boolean includeStagesAfterAsyncPoint)
   at System.Web.UI.Page.ProcessRequest()
   at System.Web.UI.Page.ProcessRequestWithNoAssert(HttpContext context)
   at System.Web.UI.Page.ProcessRequest(HttpContext context)
   at ASP.ui_page_simpleservings_menu_viewmenu_aspx.ProcessRequest(HttpContext context) in c:\Windows\Microsoft.NET\Framework\v2.0.50727\Temporary ASP.NET Files\simpleservings\50605a42\75e306da\App_Web_dmo6beaj.6.cs:line 0
   at System.Web.HttpApplication.CallHandlerExecutionStep.System.Web.HttpApplication.IExecutionStep.Execute()
   at System.Web.HttpApplication.ExecuteStep(IExecutionStep step, Boolean& completedSynchronously)
2017-02-02 17:24:33,195 [  6] INFO  AppManager [(null)] SimpleServings started.
2017-02-02 17:24:43,626 [  7] INFO  AppManager [(null)] (landingPage.aspx) - Redirecting to Login.aspx 
Request Type: LogInOut 
SessionId: 
2017-02-02 17:24:47,511 [  7] INFO  AppManager [(null)] (Home.aspx) - Page Load 
SessionId: aq0xhk55igg5gmed5vlpuk45
2017-02-02 17:28:12,798 [  9] INFO  AppManager [(null)] (login.aspx) - Request from http://localhost:1949/SimpleServings/UI/Page/SimpleServings/Menu/AddMenuItem.aspx?MenuID=7351&WeekSelected=1 
SessionId: aq0xhk55igg5gmed5vlpuk45
2017-02-02 17:28:17,227 [  5] INFO  AppManager [(null)] (landingPage.aspx) - Request from http://localhost:1949/SimpleServings/UI/Page/SimpleServings/Menu/MenuList.aspx?MenuType=MyMenus 
Request Type: LogInOut 
SessionId: aq0xhk55igg5gmed5vlpuk45
2017-02-02 17:28:17,228 [  5] INFO  AppManager [(null)] (landingPage.aspx) - Redirecting to Login.aspx 
Request Type: LogInOut 
SessionId: aq0xhk55igg5gmed5vlpuk45
2017-02-02 17:28:17,238 [  5] INFO  AppManager [(null)] (login.aspx) - Request from http://localhost:1949/SimpleServings/UI/Page/SimpleServings/Menu/MenuList.aspx?MenuType=MyMenus 
SessionId: bn04zb453jyl2l450vzh4g55
2017-02-02 17:28:19,922 [  5] INFO  AppManager [(null)] (landingPage.aspx) - Clearing Session 
Request Type:  
SessionId: vvsicraclq5xfey3kxzndhyq
2017-02-02 17:28:19,941 [  7] INFO  AppManager [(null)] (landingPage.aspx) - New Session 
Request Type:  
SessionId: v4mgik55zm1m1ennmpdf5ymv
2017-02-02 17:28:19,948 [  8] INFO  AppManager [(null)] (login.aspx) - (cvais7773) - Login successful 
SessionId: fhw53uqpuuu5f3uiltzwnn45
2017-02-02 17:28:19,955 [  8] INFO  AppManager [(null)] (Home.aspx) - Page Load 
SessionId: v4mgik55zm1m1ennmpdf5ymv
2017-02-02 17:28:49,544 [  8] INFO  AppManager [(null)] (login.aspx) - Request from http://localhost:1949/SimpleServings/UI/Page/SimpleServings/Menu/AddMenuItem.aspx?MenuID=7351&WeekSelected=1 
SessionId: v4mgik55zm1m1ennmpdf5ymv
2017-02-02 17:29:20,549 [ 12] INFO  AppManager [(null)] SimpleServings started.
2017-02-02 17:29:28,204 [  9] INFO  AppManager [(null)] (landingPage.aspx) - Request from http://localhost:1949/SimpleServings/UI/Page/SimpleServings/Menu/MenuList.aspx?MenuType=MyMenus 
Request Type: LogInOut 
SessionId: v4mgik55zm1m1ennmpdf5ymv
2017-02-02 17:29:28,204 [  8] INFO  AppManager [(null)] (landingPage.aspx) - Request from http://localhost:1949/SimpleServings/UI/Page/SimpleServings/Menu/MenuList.aspx?MenuType=MyMenus 
Request Type: LogInOut 
SessionId: v4mgik55zm1m1ennmpdf5ymv
2017-02-02 17:29:28,206 [  8] INFO  AppManager [(null)] (landingPage.aspx) - Redirecting to Login.aspx 
Request Type: LogInOut 
SessionId: v4mgik55zm1m1ennmpdf5ymv
2017-02-02 17:29:28,206 [  9] INFO  AppManager [(null)] (landingPage.aspx) - Redirecting to Login.aspx 
Request Type: LogInOut 
SessionId: v4mgik55zm1m1ennmpdf5ymv
2017-02-02 17:29:32,527 [  9] INFO  AppManager [(null)] (Home.aspx) - Page Load 
SessionId: r1pqscmlpf25zy45wkiiki55
2017-02-02 17:29:54,281 [  8] INFO  AppManager [(null)] (login.aspx) - Request from http://localhost:1949/SimpleServings/UI/Page/SimpleServings/Menu/AddMenuItem.aspx?MenuID=7351&WeekSelected=1 
SessionId: r1pqscmlpf25zy45wkiiki55
2017-02-02 17:30:49,815 [  1] INFO  AppManager [(null)] SimpleServings started.
2017-02-02 17:30:50,945 [  5] INFO  AppManager [(null)] (landingPage.aspx) - Redirecting to Login.aspx 
Request Type: LogInOut 
SessionId: 
2017-02-02 17:30:57,702 [  6] INFO  AppManager [(null)] (Home.aspx) - Page Load 
SessionId: noyj45mzu5zugfupbcvecaik
2017-02-02 17:32:50,500 [  9] INFO  AppManager [(null)] (login.aspx) - Request from http://localhost:1949/SimpleServings/UI/Page/SimpleServings/Menu/AddMenuItem.aspx?MenuID=7352&WeekSelected=1 
SessionId: noyj45mzu5zugfupbcvecaik
2017-02-02 17:33:24,687 [  1] INFO  AppManager [(null)] SimpleServings started.
2017-02-02 17:34:12,985 [  5] INFO  AppManager [(null)] (landingPage.aspx) - Redirecting to Login.aspx 
Request Type: LogInOut 
SessionId: 
2017-02-02 17:34:16,137 [  8] INFO  AppManager [(null)] (Home.aspx) - Page Load 
SessionId: awzxe1zyi250o455c5okcjvu
2017-02-02 17:41:49,655 [  1] INFO  AppManager [(null)] SimpleServings started.
2017-02-02 17:41:57,355 [  5] INFO  AppManager [(null)] (landingPage.aspx) - Request from http://localhost:1949/SimpleServings/UI/Page/SimpleServings/Menu/MenuList.aspx?MenuType=MyMenus 
Request Type: LogInOut 
SessionId: awzxe1zyi250o455c5okcjvu
2017-02-02 17:41:57,356 [  5] INFO  AppManager [(null)] (landingPage.aspx) - Redirecting to Login.aspx 
Request Type: LogInOut 
SessionId: awzxe1zyi250o455c5okcjvu
2017-02-02 17:42:02,819 [  9] INFO  AppManager [(null)] (Home.aspx) - Page Load 
SessionId: kq4bka55wd1zai45p5ujs445
2017-02-02 17:42:14,863 [  6] ERROR AppManager [(null)] SimpleServings application error: Exception of type 'System.Web.HttpUnhandledException' was thrown.
location: http://localhost:1949/SimpleServings/UI/Page/SimpleServings/Menu/ViewMenu.aspx?MenuID=7352

System.Web.HttpUnhandledException: Exception of type 'System.Web.HttpUnhandledException' was thrown. ---> System.NullReferenceException: Object reference not set to an instance of an object.
   at ASP.ui_udc_simpleservings_menu_menuitemgridchangehistory_ascx.__DataBinding__control20(Object sender, EventArgs e) in c:\TFS\DFTA\SimpleServings\SimpleServings\SimpleServings\UI\UDC\SimpleServings\Menu\MenuItemGridChangeHistory.ascx:line 41
   at System.Web.UI.Control.OnDataBinding(EventArgs e)
   at System.Web.UI.Control.DataBind(Boolean raiseOnDataBinding)
   at System.Web.UI.Control.DataBind()
   at System.Web.UI.Control.DataBindChildren()
   at System.Web.UI.Control.DataBind(Boolean raiseOnDataBinding)
   at System.Web.UI.Control.DataBind()
   at System.Web.UI.Control.DataBindChildren()
   at System.Web.UI.Control.DataBind(Boolean raiseOnDataBinding)
   at System.Web.UI.Control.DataBind()
   at System.Web.UI.WebControls.GridView.CreateRow(Int32 rowIndex, Int32 dataSourceIndex, DataControlRowType rowType, DataControlRowState rowState, Boolean dataBind, Object dataItem, DataControlField[] fields, TableRowCollection rows, PagedDataSource pagedDataSource)
   at System.Web.UI.WebControls.GridView.CreateChildControls(IEnumerable dataSource, Boolean dataBinding)
   at System.Web.UI.WebControls.CompositeDataBoundControl.PerformDataBinding(IEnumerable data)
   at System.Web.UI.WebControls.GridView.PerformDataBinding(IEnumerable data)
   at System.Web.UI.WebControls.DataBoundControl.OnDataSourceViewSelectCallback(IEnumerable data)
   at System.Web.UI.DataSourceView.Select(DataSourceSelectArguments arguments, DataSourceViewSelectCallback callback)
   at System.Web.UI.WebControls.DataBoundControl.PerformSelect()
   at System.Web.UI.WebControls.BaseDataBoundControl.DataBind()
   at System.Web.UI.WebControls.GridView.DataBind()
   at SimpleServings.UI.UDC.SimpleServings.Menu.MenuItemGridChangeHistory.PopMenuItemHistory(Int32 menuID) in c:\TFS\DFTA\SimpleServings\SimpleServings\SimpleServings\UI\UDC\SimpleServings\Menu\MenuItemGridChangeHistory.ascx.cs:line 33
   at SimpleServings.UI.UDC.SimpleServings.Menu.ViewMenu.PopMenuItemGirdHistory(Int32 menuID) in c:\TFS\DFTA\SimpleServings\SimpleServings\SimpleServings\UI\UDC\SimpleServings\Menu\ViewMenu.ascx.cs:line 244
   at SimpleServings.UI.UDC.SimpleServings.Menu.ViewMenu.Page_Load(Object sender, EventArgs e) in c:\TFS\DFTA\SimpleServings\SimpleServings\SimpleServings\UI\UDC\SimpleServings\Menu\ViewMenu.ascx.cs:line 57
   at System.Web.Util.CalliHelper.EventArgFunctionCaller(IntPtr fp, Object o, Object t, EventArgs e)
   at System.Web.Util.CalliEventHandlerDelegateProxy.Callback(Object sender, EventArgs e)
   at System.Web.UI.Control.OnLoad(EventArgs e)
   at System.Web.UI.Control.LoadRecursive()
   at System.Web.UI.Control.LoadRecursive()
   at System.Web.UI.Control.LoadRecursive()
   at System.Web.UI.Control.LoadRecursive()
   at System.Web.UI.Control.LoadRecursive()
   at System.Web.UI.Page.ProcessRequestMain(Boolean includeStagesBeforeAsyncPoint, Boolean includeStagesAfterAsyncPoint)
   --- End of inner exception stack trace ---
   at System.Web.UI.Page.HandleError(Exception e)
   at System.Web.UI.Page.ProcessRequestMain(Boolean includeStagesBeforeAsyncPoint, Boolean includeStagesAfterAsyncPoint)
   at System.Web.UI.Page.ProcessRequest(Boolean includeStagesBeforeAsyncPoint, Boolean includeStagesAfterAsyncPoint)
   at System.Web.UI.Page.ProcessRequest()
   at System.Web.UI.Page.ProcessRequestWithNoAssert(HttpContext context)
   at System.Web.UI.Page.ProcessRequest(HttpContext context)
   at ASP.ui_page_simpleservings_menu_viewmenu_aspx.ProcessRequest(HttpContext context) in c:\Windows\Microsoft.NET\Framework\v2.0.50727\Temporary ASP.NET Files\simpleservings\50605a42\75e306da\App_Web_kl9gljxu.9.cs:line 0
   at System.Web.HttpApplication.CallHandlerExecutionStep.System.Web.HttpApplication.IExecutionStep.Execute()
   at System.Web.HttpApplication.ExecuteStep(IExecutionStep step, Boolean& completedSynchronously)
2017-02-02 17:43:01,850 [  6] ERROR AppManager [(null)] SimpleServings application error: Exception of type 'System.Web.HttpUnhandledException' was thrown.
location: http://localhost:1949/SimpleServings/UI/Page/SimpleServings/Menu/ViewMenu.aspx?MenuID=7351

System.Web.HttpUnhandledException: Exception of type 'System.Web.HttpUnhandledException' was thrown. ---> System.NullReferenceException: Object reference not set to an instance of an object.
   at ASP.ui_udc_simpleservings_menu_menuitemgridchangehistory_ascx.__DataBinding__control20(Object sender, EventArgs e) in c:\TFS\DFTA\SimpleServings\SimpleServings\SimpleServings\UI\UDC\SimpleServings\Menu\MenuItemGridChangeHistory.ascx:line 41
   at System.Web.UI.Control.OnDataBinding(EventArgs e)
   at System.Web.UI.Control.DataBind(Boolean raiseOnDataBinding)
   at System.Web.UI.Control.DataBind()
   at System.Web.UI.Control.DataBindChildren()
   at System.Web.UI.Control.DataBind(Boolean raiseOnDataBinding)
   at System.Web.UI.Control.DataBind()
   at System.Web.UI.Control.DataBindChildren()
   at System.Web.UI.Control.DataBind(Boolean raiseOnDataBinding)
   at System.Web.UI.Control.DataBind()
   at System.Web.UI.WebControls.GridView.CreateRow(Int32 rowIndex, Int32 dataSourceIndex, DataControlRowType rowType, DataControlRowState rowState, Boolean dataBind, Object dataItem, DataControlField[] fields, TableRowCollection rows, PagedDataSource pagedDataSource)
   at System.Web.UI.WebControls.GridView.CreateChildControls(IEnumerable dataSource, Boolean dataBinding)
   at System.Web.UI.WebControls.CompositeDataBoundControl.PerformDataBinding(IEnumerable data)
   at System.Web.UI.WebControls.GridView.PerformDataBinding(IEnumerable data)
   at System.Web.UI.WebControls.DataBoundControl.OnDataSourceViewSelectCallback(IEnumerable data)
   at System.Web.UI.DataSourceView.Select(DataSourceSelectArguments arguments, DataSourceViewSelectCallback callback)
   at System.Web.UI.WebControls.DataBoundControl.PerformSelect()
   at System.Web.UI.WebControls.BaseDataBoundControl.DataBind()
   at System.Web.UI.WebControls.GridView.DataBind()
   at SimpleServings.UI.UDC.SimpleServings.Menu.MenuItemGridChangeHistory.PopMenuItemHistory(Int32 menuID) in c:\TFS\DFTA\SimpleServings\SimpleServings\SimpleServings\UI\UDC\SimpleServings\Menu\MenuItemGridChangeHistory.ascx.cs:line 33
   at SimpleServings.UI.UDC.SimpleServings.Menu.ViewMenu.PopMenuItemGirdHistory(Int32 menuID) in c:\TFS\DFTA\SimpleServings\SimpleServings\SimpleServings\UI\UDC\SimpleServings\Menu\ViewMenu.ascx.cs:line 244
   at SimpleServings.UI.UDC.SimpleServings.Menu.ViewMenu.Page_Load(Object sender, EventArgs e) in c:\TFS\DFTA\SimpleServings\SimpleServings\SimpleServings\UI\UDC\SimpleServings\Menu\ViewMenu.ascx.cs:line 57
   at System.Web.Util.CalliHelper.EventArgFunctionCaller(IntPtr fp, Object o, Object t, EventArgs e)
   at System.Web.Util.CalliEventHandlerDelegateProxy.Callback(Object sender, EventArgs e)
   at System.Web.UI.Control.OnLoad(EventArgs e)
   at System.Web.UI.Control.LoadRecursive()
   at System.Web.UI.Control.LoadRecursive()
   at System.Web.UI.Control.LoadRecursive()
   at System.Web.UI.Control.LoadRecursive()
   at System.Web.UI.Control.LoadRecursive()
   at System.Web.UI.Page.ProcessRequestMain(Boolean includeStagesBeforeAsyncPoint, Boolean includeStagesAfterAsyncPoint)
   --- End of inner exception stack trace ---
   at System.Web.UI.Page.HandleError(Exception e)
   at System.Web.UI.Page.ProcessRequestMain(Boolean includeStagesBeforeAsyncPoint, Boolean includeStagesAfterAsyncPoint)
   at System.Web.UI.Page.ProcessRequest(Boolean includeStagesBeforeAsyncPoint, Boolean includeStagesAfterAsyncPoint)
   at System.Web.UI.Page.ProcessRequest()
   at System.Web.UI.Page.ProcessRequestWithNoAssert(HttpContext context)
   at System.Web.UI.Page.ProcessRequest(HttpContext context)
   at ASP.ui_page_simpleservings_menu_viewmenu_aspx.ProcessRequest(HttpContext context) in c:\Windows\Microsoft.NET\Framework\v2.0.50727\Temporary ASP.NET Files\simpleservings\50605a42\75e306da\App_Web_kl9gljxu.9.cs:line 0
   at System.Web.HttpApplication.CallHandlerExecutionStep.System.Web.HttpApplication.IExecutionStep.Execute()
   at System.Web.HttpApplication.ExecuteStep(IExecutionStep step, Boolean& completedSynchronously)
2017-02-02 17:44:36,924 [  1] INFO  AppManager [(null)] SimpleServings started.
2017-02-02 17:44:44,156 [  5] INFO  AppManager [(null)] (Home.aspx) - Page Load 
SessionId: kq4bka55wd1zai45p5ujs445
2017-02-02 17:44:46,766 [  5] INFO  AppManager [(null)] (landingPage.aspx) - Request from http://localhost:1949/SimpleServings/UI/Page/ 
Request Type: LogInOut 
SessionId: kq4bka55wd1zai45p5ujs445
2017-02-02 17:44:46,767 [  5] INFO  AppManager [(null)] (landingPage.aspx) - Redirecting to Login.aspx 
Request Type: LogInOut 
SessionId: kq4bka55wd1zai45p5ujs445
2017-02-02 17:44:49,387 [  8] INFO  AppManager [(null)] (Home.aspx) - Page Load 
SessionId: smqpzkzonhbfle45zddfoqjr
2017-02-02 17:49:39,949 [  9] INFO  AppManager [(null)] (Home.aspx) - Page Load 
SessionId: 25gspg45dt3izgijv3ayfg55
2017-02-02 17:49:41,266 [  5] INFO  AppManager [(null)] (landingPage.aspx) - Request from http://localhost:1949/SimpleServings/UI/Page/ 
Request Type: LogInOut 
SessionId: mw3yxq55tdhingmilsumonu5
2017-02-02 17:49:41,266 [  5] INFO  AppManager [(null)] (landingPage.aspx) - Redirecting to Login.aspx 
Request Type: LogInOut 
SessionId: mw3yxq55tdhingmilsumonu5
2017-02-02 17:49:41,273 [  5] INFO  AppManager [(null)] (login.aspx) - Request from http://localhost:1949/SimpleServings/UI/Page/ 
SessionId: wpge5d45305bdk553swmup45
2017-02-02 17:49:43,904 [  8] INFO  AppManager [(null)] (landingPage.aspx) - Clearing Session 
Request Type:  
SessionId: brytwo45owyjnr55cwlrn3qg
2017-02-02 17:49:43,920 [  5] INFO  AppManager [(null)] (landingPage.aspx) - New Session 
Request Type:  
SessionId: ojg0im55bflnha45oj3s3f55
2017-02-02 17:49:43,929 [  8] INFO  AppManager [(null)] (login.aspx) - (cvais7773) - Login successful 
SessionId: vwfnwx45i5ovqz55romnvl45
2017-02-02 17:49:43,940 [  9] INFO  AppManager [(null)] (Home.aspx) - Page Load 
SessionId: ojg0im55bflnha45oj3s3f55
